[0.581s] DEBUG:colcon:Command line arguments: ['/usr/bin/colcon', 'build', '--symlink-install']
[0.582s] DEBUG:colcon:Parsed command line arguments: Namespace(log_base=None, log_level=None, verb_name='build', build_base='build', install_base='install', merge_install=False, symlink_install=True, test_result_base=None, continue_on_error=False, executor='parallel', parallel_workers=4, event_handlers=None, ignore_user_meta=False, metas=['./colcon.meta'], base_paths=['.'], packages_ignore=None, packages_ignore_regex=None, paths=None, packages_up_to=None, packages_up_to_regex=None, packages_above=None, packages_above_and_dependencies=None, packages_above_depth=None, packages_select_by_dep=None, packages_skip_by_dep=None, packages_skip_up_to=None, packages_select_build_failed=False, packages_skip_build_finished=False, packages_select_test_failures=False, packages_skip_test_passed=False, packages_select=None, packages_skip=None, packages_select_regex=None, packages_skip_regex=None, packages_start=None, packages_end=None, allow_overriding=[], cmake_args=None, cmake_target=None, cmake_target_skip_unavailable=False, cmake_clean_cache=False, cmake_clean_first=False, cmake_force_configure=False, ament_cmake_args=None, catkin_cmake_args=None, catkin_skip_building_tests=False, verb_parser=<colcon_defaults.argument_parser.defaults.DefaultArgumentsDecorator object at 0xffff93e456f0>, verb_extension=<colcon_core.verb.build.BuildVerb object at 0xffff93e44640>, main=<bound method BuildVerb.main of <colcon_core.verb.build.BuildVerb object at 0xffff93e44640>>)
[1.829s] Level 1:colcon.colcon_core.package_discovery:discover_packages(colcon_meta) check parameters
[1.830s] Level 1:colcon.colcon_core.package_discovery:discover_packages(recursive) check parameters
[1.830s] Level 1:colcon.colcon_core.package_discovery:discover_packages(ignore) check parameters
[1.830s] Level 1:colcon.colcon_core.package_discovery:discover_packages(path) check parameters
[1.831s] Level 1:colcon.colcon_core.package_discovery:discover_packages(colcon_meta) discover
[1.831s] Level 1:colcon.colcon_core.package_discovery:discover_packages(recursive) discover
[1.831s] INFO:colcon.colcon_core.package_discovery:Crawling recursively for packages in '/home/winicon/smilebot_ws'
[1.832s] Level 1:colcon.colcon_core.package_identification:_identify(.) by extensions ['ignore', 'ignore_ament_install']
[1.832s] Level 1:colcon.colcon_core.package_identification:_identify(.) by extension 'ignore'
[1.833s] Level 1:colcon.colcon_core.package_identification:_identify(.) by extension 'ignore_ament_install'
[1.833s] Level 1:colcon.colcon_core.package_identification:_identify(.) by extensions ['colcon_pkg']
[1.833s] Level 1:colcon.colcon_core.package_identification:_identify(.) by extension 'colcon_pkg'
[1.833s] Level 1:colcon.colcon_core.package_identification:_identify(.) by extensions ['colcon_meta']
[1.833s] Level 1:colcon.colcon_core.package_identification:_identify(.) by extension 'colcon_meta'
[1.834s] Level 1:colcon.colcon_core.package_identification:_identify(.) by extensions ['ros']
[1.834s] Level 1:colcon.colcon_core.package_identification:_identify(.) by extension 'ros'
[1.902s] Level 1:colcon.colcon_core.package_identification:_identify(.) by extensions ['cmake', 'python']
[1.902s] Level 1:colcon.colcon_core.package_identification:_identify(.) by extension 'cmake'
[1.902s] Level 1:colcon.colcon_core.package_identification:_identify(.) by extension 'python'
[1.902s] Level 1:colcon.colcon_core.package_identification:_identify(.) by extensions ['python_setup_py']
[1.903s] Level 1:colcon.colcon_core.package_identification:_identify(.) by extension 'python_setup_py'
[1.903s] Level 1:colcon.colcon_core.package_identification:_identify(build) by extensions ['ignore', 'ignore_ament_install']
[1.904s] Level 1:colcon.colcon_core.package_identification:_identify(build) by extension 'ignore'
[1.904s] Level 1:colcon.colcon_core.package_identification:_identify(build) ignored
[1.905s] Level 1:colcon.colcon_core.package_identification:_identify(install) by extensions ['ignore', 'ignore_ament_install']
[1.905s] Level 1:colcon.colcon_core.package_identification:_identify(install) by extension 'ignore'
[1.905s] Level 1:colcon.colcon_core.package_identification:_identify(install) ignored
[1.906s] Level 1:colcon.colcon_core.package_identification:_identify(log) by extensions ['ignore', 'ignore_ament_install']
[1.907s] Level 1:colcon.colcon_core.package_identification:_identify(log) by extension 'ignore'
[1.907s] Level 1:colcon.colcon_core.package_identification:_identify(log) ignored
[1.907s] Level 1:colcon.colcon_core.package_identification:_identify(pictures) by extensions ['ignore', 'ignore_ament_install']
[1.908s] Level 1:colcon.colcon_core.package_identification:_identify(pictures) by extension 'ignore'
[1.908s] Level 1:colcon.colcon_core.package_identification:_identify(pictures) by extension 'ignore_ament_install'
[1.909s] Level 1:colcon.colcon_core.package_identification:_identify(pictures) by extensions ['colcon_pkg']
[1.909s] Level 1:colcon.colcon_core.package_identification:_identify(pictures) by extension 'colcon_pkg'
[1.909s] Level 1:colcon.colcon_core.package_identification:_identify(pictures) by extensions ['colcon_meta']
[1.909s] Level 1:colcon.colcon_core.package_identification:_identify(pictures) by extension 'colcon_meta'
[1.909s] Level 1:colcon.colcon_core.package_identification:_identify(pictures) by extensions ['ros']
[1.910s] Level 1:colcon.colcon_core.package_identification:_identify(pictures) by extension 'ros'
[1.910s] Level 1:colcon.colcon_core.package_identification:_identify(pictures) by extensions ['cmake', 'python']
[1.910s] Level 1:colcon.colcon_core.package_identification:_identify(pictures) by extension 'cmake'
[1.910s] Level 1:colcon.colcon_core.package_identification:_identify(pictures) by extension 'python'
[1.910s] Level 1:colcon.colcon_core.package_identification:_identify(pictures) by extensions ['python_setup_py']
[1.911s] Level 1:colcon.colcon_core.package_identification:_identify(pictures) by extension 'python_setup_py'
[1.911s] Level 1:colcon.colcon_core.package_identification:_identify(src) by extensions ['ignore', 'ignore_ament_install']
[1.911s] Level 1:colcon.colcon_core.package_identification:_identify(src) by extension 'ignore'
[1.912s] Level 1:colcon.colcon_core.package_identification:_identify(src) by extension 'ignore_ament_install'
[1.912s] Level 1:colcon.colcon_core.package_identification:_identify(src) by extensions ['colcon_pkg']
[1.912s] Level 1:colcon.colcon_core.package_identification:_identify(src) by extension 'colcon_pkg'
[1.912s] Level 1:colcon.colcon_core.package_identification:_identify(src) by extensions ['colcon_meta']
[1.912s] Level 1:colcon.colcon_core.package_identification:_identify(src) by extension 'colcon_meta'
[1.913s] Level 1:colcon.colcon_core.package_identification:_identify(src) by extensions ['ros']
[1.913s] Level 1:colcon.colcon_core.package_identification:_identify(src) by extension 'ros'
[1.913s] Level 1:colcon.colcon_core.package_identification:_identify(src) by extensions ['cmake', 'python']
[1.913s] Level 1:colcon.colcon_core.package_identification:_identify(src) by extension 'cmake'
[1.913s] Level 1:colcon.colcon_core.package_identification:_identify(src) by extension 'python'
[1.914s] Level 1:colcon.colcon_core.package_identification:_identify(src) by extensions ['python_setup_py']
[1.914s] Level 1:colcon.colcon_core.package_identification:_identify(src) by extension 'python_setup_py'
[1.914s] Level 1:colcon.colcon_core.package_identification:_identify(src/diffdrive_arduino) by extensions ['ignore', 'ignore_ament_install']
[1.915s] Level 1:colcon.colcon_core.package_identification:_identify(src/diffdrive_arduino) by extension 'ignore'
[1.915s] Level 1:colcon.colcon_core.package_identification:_identify(src/diffdrive_arduino) by extension 'ignore_ament_install'
[1.915s] Level 1:colcon.colcon_core.package_identification:_identify(src/diffdrive_arduino) by extensions ['colcon_pkg']
[1.915s] Level 1:colcon.colcon_core.package_identification:_identify(src/diffdrive_arduino) by extension 'colcon_pkg'
[1.916s] Level 1:colcon.colcon_core.package_identification:_identify(src/diffdrive_arduino) by extensions ['colcon_meta']
[1.916s] Level 1:colcon.colcon_core.package_identification:_identify(src/diffdrive_arduino) by extension 'colcon_meta'
[1.917s] Level 1:colcon.colcon_core.package_identification:_identify(src/diffdrive_arduino) by extensions ['ros']
[1.917s] Level 1:colcon.colcon_core.package_identification:_identify(src/diffdrive_arduino) by extension 'ros'
[1.929s] DEBUG:colcon.colcon_core.package_identification:Package 'src/diffdrive_arduino' with type 'ros.ament_cmake' and name 'diffdrive_arduino'
[1.930s] Level 1:colcon.colcon_core.package_identification:_identify(src/my_bot) by extensions ['ignore', 'ignore_ament_install']
[1.930s] Level 1:colcon.colcon_core.package_identification:_identify(src/my_bot) by extension 'ignore'
[1.930s] Level 1:colcon.colcon_core.package_identification:_identify(src/my_bot) by extension 'ignore_ament_install'
[1.931s] Level 1:colcon.colcon_core.package_identification:_identify(src/my_bot) by extensions ['colcon_pkg']
[1.931s] Level 1:colcon.colcon_core.package_identification:_identify(src/my_bot) by extension 'colcon_pkg'
[1.931s] Level 1:colcon.colcon_core.package_identification:_identify(src/my_bot) by extensions ['colcon_meta']
[1.931s] Level 1:colcon.colcon_core.package_identification:_identify(src/my_bot) by extension 'colcon_meta'
[1.931s] Level 1:colcon.colcon_core.package_identification:_identify(src/my_bot) by extensions ['ros']
[1.932s] Level 1:colcon.colcon_core.package_identification:_identify(src/my_bot) by extension 'ros'
[1.934s] DEBUG:colcon.colcon_core.package_identification:Package 'src/my_bot' with type 'ros.ament_cmake' and name 'my_bot'
[1.935s] Level 1:colcon.colcon_core.package_identification:_identify(src/ros_arduino_bridge) by extensions ['ignore', 'ignore_ament_install']
[1.935s] Level 1:colcon.colcon_core.package_identification:_identify(src/ros_arduino_bridge) by extension 'ignore'
[1.935s] Level 1:colcon.colcon_core.package_identification:_identify(src/ros_arduino_bridge) by extension 'ignore_ament_install'
[1.936s] Level 1:colcon.colcon_core.package_identification:_identify(src/ros_arduino_bridge) by extensions ['colcon_pkg']
[1.936s] Level 1:colcon.colcon_core.package_identification:_identify(src/ros_arduino_bridge) by extension 'colcon_pkg'
[1.936s] Level 1:colcon.colcon_core.package_identification:_identify(src/ros_arduino_bridge) by extensions ['colcon_meta']
[1.936s] Level 1:colcon.colcon_core.package_identification:_identify(src/ros_arduino_bridge) by extension 'colcon_meta'
[1.937s] Level 1:colcon.colcon_core.package_identification:_identify(src/ros_arduino_bridge) by extensions ['ros']
[1.937s] Level 1:colcon.colcon_core.package_identification:_identify(src/ros_arduino_bridge) by extension 'ros'
[1.937s] Level 1:colcon.colcon_core.package_identification:_identify(src/ros_arduino_bridge) by extensions ['cmake', 'python']
[1.937s] Level 1:colcon.colcon_core.package_identification:_identify(src/ros_arduino_bridge) by extension 'cmake'
[1.937s] Level 1:colcon.colcon_core.package_identification:_identify(src/ros_arduino_bridge) by extension 'python'
[1.938s] Level 1:colcon.colcon_core.package_identification:_identify(src/ros_arduino_bridge) by extensions ['python_setup_py']
[1.938s] Level 1:colcon.colcon_core.package_identification:_identify(src/ros_arduino_bridge) by extension 'python_setup_py'
[1.938s] Level 1:colcon.colcon_core.package_identification:_identify(src/ros_arduino_bridge/ROSArduinoBridge) by extensions ['ignore', 'ignore_ament_install']
[1.939s] Level 1:colcon.colcon_core.package_identification:_identify(src/ros_arduino_bridge/ROSArduinoBridge) by extension 'ignore'
[1.939s] Level 1:colcon.colcon_core.package_identification:_identify(src/ros_arduino_bridge/ROSArduinoBridge) by extension 'ignore_ament_install'
[1.939s] Level 1:colcon.colcon_core.package_identification:_identify(src/ros_arduino_bridge/ROSArduinoBridge) by extensions ['colcon_pkg']
[1.939s] Level 1:colcon.colcon_core.package_identification:_identify(src/ros_arduino_bridge/ROSArduinoBridge) by extension 'colcon_pkg'
[1.940s] Level 1:colcon.colcon_core.package_identification:_identify(src/ros_arduino_bridge/ROSArduinoBridge) by extensions ['colcon_meta']
[1.940s] Level 1:colcon.colcon_core.package_identification:_identify(src/ros_arduino_bridge/ROSArduinoBridge) by extension 'colcon_meta'
[1.940s] Level 1:colcon.colcon_core.package_identification:_identify(src/ros_arduino_bridge/ROSArduinoBridge) by extensions ['ros']
[1.940s] Level 1:colcon.colcon_core.package_identification:_identify(src/ros_arduino_bridge/ROSArduinoBridge) by extension 'ros'
[1.941s] Level 1:colcon.colcon_core.package_identification:_identify(src/ros_arduino_bridge/ROSArduinoBridge) by extensions ['cmake', 'python']
[1.941s] Level 1:colcon.colcon_core.package_identification:_identify(src/ros_arduino_bridge/ROSArduinoBridge) by extension 'cmake'
[1.941s] Level 1:colcon.colcon_core.package_identification:_identify(src/ros_arduino_bridge/ROSArduinoBridge) by extension 'python'
[1.941s] Level 1:colcon.colcon_core.package_identification:_identify(src/ros_arduino_bridge/ROSArduinoBridge) by extensions ['python_setup_py']
[1.941s] Level 1:colcon.colcon_core.package_identification:_identify(src/ros_arduino_bridge/ROSArduinoBridge) by extension 'python_setup_py'
[1.942s] Level 1:colcon.colcon_core.package_identification:_identify(src/ros_arduino_bridge_1) by extensions ['ignore', 'ignore_ament_install']
[1.942s] Level 1:colcon.colcon_core.package_identification:_identify(src/ros_arduino_bridge_1) by extension 'ignore'
[1.942s] Level 1:colcon.colcon_core.package_identification:_identify(src/ros_arduino_bridge_1) by extension 'ignore_ament_install'
[1.943s] Level 1:colcon.colcon_core.package_identification:_identify(src/ros_arduino_bridge_1) by extensions ['colcon_pkg']
[1.943s] Level 1:colcon.colcon_core.package_identification:_identify(src/ros_arduino_bridge_1) by extension 'colcon_pkg'
[1.943s] Level 1:colcon.colcon_core.package_identification:_identify(src/ros_arduino_bridge_1) by extensions ['colcon_meta']
[1.943s] Level 1:colcon.colcon_core.package_identification:_identify(src/ros_arduino_bridge_1) by extension 'colcon_meta'
[1.943s] Level 1:colcon.colcon_core.package_identification:_identify(src/ros_arduino_bridge_1) by extensions ['ros']
[1.943s] Level 1:colcon.colcon_core.package_identification:_identify(src/ros_arduino_bridge_1) by extension 'ros'
[1.944s] Level 1:colcon.colcon_core.package_identification:_identify(src/ros_arduino_bridge_1) by extensions ['cmake', 'python']
[1.944s] Level 1:colcon.colcon_core.package_identification:_identify(src/ros_arduino_bridge_1) by extension 'cmake'
[1.944s] Level 1:colcon.colcon_core.package_identification:_identify(src/ros_arduino_bridge_1) by extension 'python'
[1.944s] Level 1:colcon.colcon_core.package_identification:_identify(src/ros_arduino_bridge_1) by extensions ['python_setup_py']
[1.944s] Level 1:colcon.colcon_core.package_identification:_identify(src/ros_arduino_bridge_1) by extension 'python_setup_py'
[1.945s] Level 1:colcon.colcon_core.package_identification:_identify(src/ros_arduino_bridge_1/ROSArduinoBridge) by extensions ['ignore', 'ignore_ament_install']
[1.945s] Level 1:colcon.colcon_core.package_identification:_identify(src/ros_arduino_bridge_1/ROSArduinoBridge) by extension 'ignore'
[1.946s] Level 1:colcon.colcon_core.package_identification:_identify(src/ros_arduino_bridge_1/ROSArduinoBridge) by extension 'ignore_ament_install'
[1.946s] Level 1:colcon.colcon_core.package_identification:_identify(src/ros_arduino_bridge_1/ROSArduinoBridge) by extensions ['colcon_pkg']
[1.946s] Level 1:colcon.colcon_core.package_identification:_identify(src/ros_arduino_bridge_1/ROSArduinoBridge) by extension 'colcon_pkg'
[1.946s] Level 1:colcon.colcon_core.package_identification:_identify(src/ros_arduino_bridge_1/ROSArduinoBridge) by extensions ['colcon_meta']
[1.946s] Level 1:colcon.colcon_core.package_identification:_identify(src/ros_arduino_bridge_1/ROSArduinoBridge) by extension 'colcon_meta'
[1.947s] Level 1:colcon.colcon_core.package_identification:_identify(src/ros_arduino_bridge_1/ROSArduinoBridge) by extensions ['ros']
[1.947s] Level 1:colcon.colcon_core.package_identification:_identify(src/ros_arduino_bridge_1/ROSArduinoBridge) by extension 'ros'
[1.947s] Level 1:colcon.colcon_core.package_identification:_identify(src/ros_arduino_bridge_1/ROSArduinoBridge) by extensions ['cmake', 'python']
[1.947s] Level 1:colcon.colcon_core.package_identification:_identify(src/ros_arduino_bridge_1/ROSArduinoBridge) by extension 'cmake'
[1.947s] Level 1:colcon.colcon_core.package_identification:_identify(src/ros_arduino_bridge_1/ROSArduinoBridge) by extension 'python'
[1.948s] Level 1:colcon.colcon_core.package_identification:_identify(src/ros_arduino_bridge_1/ROSArduinoBridge) by extensions ['python_setup_py']
[1.948s] Level 1:colcon.colcon_core.package_identification:_identify(src/ros_arduino_bridge_1/ROSArduinoBridge) by extension 'python_setup_py'
[1.948s] Level 1:colcon.colcon_core.package_identification:_identify(src/serial) by extensions ['ignore', 'ignore_ament_install']
[1.949s] Level 1:colcon.colcon_core.package_identification:_identify(src/serial) by extension 'ignore'
[1.949s] Level 1:colcon.colcon_core.package_identification:_identify(src/serial) by extension 'ignore_ament_install'
[1.949s] Level 1:colcon.colcon_core.package_identification:_identify(src/serial) by extensions ['colcon_pkg']
[1.949s] Level 1:colcon.colcon_core.package_identification:_identify(src/serial) by extension 'colcon_pkg'
[1.950s] Level 1:colcon.colcon_core.package_identification:_identify(src/serial) by extensions ['colcon_meta']
[1.950s] Level 1:colcon.colcon_core.package_identification:_identify(src/serial) by extension 'colcon_meta'
[1.950s] Level 1:colcon.colcon_core.package_identification:_identify(src/serial) by extensions ['ros']
[1.950s] Level 1:colcon.colcon_core.package_identification:_identify(src/serial) by extension 'ros'
[1.953s] DEBUG:colcon.colcon_core.package_identification:Package 'src/serial' with type 'ros.ament_cmake' and name 'serial'
[1.954s] Level 1:colcon.colcon_core.package_identification:_identify(src/serial_motor_demo) by extensions ['ignore', 'ignore_ament_install']
[1.954s] Level 1:colcon.colcon_core.package_identification:_identify(src/serial_motor_demo) by extension 'ignore'
[1.954s] Level 1:colcon.colcon_core.package_identification:_identify(src/serial_motor_demo) by extension 'ignore_ament_install'
[1.955s] Level 1:colcon.colcon_core.package_identification:_identify(src/serial_motor_demo) by extensions ['colcon_pkg']
[1.955s] Level 1:colcon.colcon_core.package_identification:_identify(src/serial_motor_demo) by extension 'colcon_pkg'
[1.955s] Level 1:colcon.colcon_core.package_identification:_identify(src/serial_motor_demo) by extensions ['colcon_meta']
[1.955s] Level 1:colcon.colcon_core.package_identification:_identify(src/serial_motor_demo) by extension 'colcon_meta'
[1.955s] Level 1:colcon.colcon_core.package_identification:_identify(src/serial_motor_demo) by extensions ['ros']
[1.956s] Level 1:colcon.colcon_core.package_identification:_identify(src/serial_motor_demo) by extension 'ros'
[1.956s] Level 1:colcon.colcon_core.package_identification:_identify(src/serial_motor_demo) by extensions ['cmake', 'python']
[1.956s] Level 1:colcon.colcon_core.package_identification:_identify(src/serial_motor_demo) by extension 'cmake'
[1.956s] Level 1:colcon.colcon_core.package_identification:_identify(src/serial_motor_demo) by extension 'python'
[1.956s] Level 1:colcon.colcon_core.package_identification:_identify(src/serial_motor_demo) by extensions ['python_setup_py']
[1.957s] Level 1:colcon.colcon_core.package_identification:_identify(src/serial_motor_demo) by extension 'python_setup_py'
[1.957s] Level 1:colcon.colcon_core.package_identification:_identify(src/serial_motor_demo/serial_motor_demo) by extensions ['ignore', 'ignore_ament_install']
[1.957s] Level 1:colcon.colcon_core.package_identification:_identify(src/serial_motor_demo/serial_motor_demo) by extension 'ignore'
[1.958s] Level 1:colcon.colcon_core.package_identification:_identify(src/serial_motor_demo/serial_motor_demo) by extension 'ignore_ament_install'
[1.958s] Level 1:colcon.colcon_core.package_identification:_identify(src/serial_motor_demo/serial_motor_demo) by extensions ['colcon_pkg']
[1.958s] Level 1:colcon.colcon_core.package_identification:_identify(src/serial_motor_demo/serial_motor_demo) by extension 'colcon_pkg'
[1.958s] Level 1:colcon.colcon_core.package_identification:_identify(src/serial_motor_demo/serial_motor_demo) by extensions ['colcon_meta']
[1.958s] Level 1:colcon.colcon_core.package_identification:_identify(src/serial_motor_demo/serial_motor_demo) by extension 'colcon_meta'
[1.959s] Level 1:colcon.colcon_core.package_identification:_identify(src/serial_motor_demo/serial_motor_demo) by extensions ['ros']
[1.959s] Level 1:colcon.colcon_core.package_identification:_identify(src/serial_motor_demo/serial_motor_demo) by extension 'ros'
[1.962s] DEBUG:colcon.colcon_core.package_identification:Package 'src/serial_motor_demo/serial_motor_demo' with type 'ros.ament_python' and name 'serial_motor_demo'
[1.962s] Level 1:colcon.colcon_core.package_identification:_identify(src/serial_motor_demo/serial_motor_demo_msgs) by extensions ['ignore', 'ignore_ament_install']
[1.963s] Level 1:colcon.colcon_core.package_identification:_identify(src/serial_motor_demo/serial_motor_demo_msgs) by extension 'ignore'
[1.963s] Level 1:colcon.colcon_core.package_identification:_identify(src/serial_motor_demo/serial_motor_demo_msgs) by extension 'ignore_ament_install'
[1.963s] Level 1:colcon.colcon_core.package_identification:_identify(src/serial_motor_demo/serial_motor_demo_msgs) by extensions ['colcon_pkg']
[1.964s] Level 1:colcon.colcon_core.package_identification:_identify(src/serial_motor_demo/serial_motor_demo_msgs) by extension 'colcon_pkg'
[1.964s] Level 1:colcon.colcon_core.package_identification:_identify(src/serial_motor_demo/serial_motor_demo_msgs) by extensions ['colcon_meta']
[1.964s] Level 1:colcon.colcon_core.package_identification:_identify(src/serial_motor_demo/serial_motor_demo_msgs) by extension 'colcon_meta'
[1.964s] Level 1:colcon.colcon_core.package_identification:_identify(src/serial_motor_demo/serial_motor_demo_msgs) by extensions ['ros']
[1.964s] Level 1:colcon.colcon_core.package_identification:_identify(src/serial_motor_demo/serial_motor_demo_msgs) by extension 'ros'
[1.967s] DEBUG:colcon.colcon_core.package_identification:Package 'src/serial_motor_demo/serial_motor_demo_msgs' with type 'ros.ament_cmake' and name 'serial_motor_demo_msgs'
[1.967s] Level 1:colcon.colcon_core.package_discovery:discover_packages(recursive) using defaults
[1.967s] Level 1:colcon.colcon_core.package_discovery:discover_packages(ignore) discover
[1.968s] Level 1:colcon.colcon_core.package_discovery:discover_packages(ignore) using defaults
[1.968s] Level 1:colcon.colcon_core.package_discovery:discover_packages(path) discover
[1.968s] Level 1:colcon.colcon_core.package_discovery:discover_packages(path) using defaults
[2.106s] Level 1:colcon.colcon_core.package_discovery:discover_packages(prefix_path) check parameters
[2.106s] Level 1:colcon.colcon_core.package_discovery:discover_packages(prefix_path) discover
[2.120s] DEBUG:colcon.colcon_installed_package_information.package_discovery:Found 6 installed packages in /home/winicon/smilebot_ws/install
[2.132s] DEBUG:colcon.colcon_installed_package_information.package_discovery:Found 317 installed packages in /opt/ros/humble
[2.139s] Level 1:colcon.colcon_core.package_discovery:discover_packages(prefix_path) using defaults
[2.328s] Level 5:colcon.colcon_core.verb:set package 'diffdrive_arduino' build argument 'cmake_args' from command line to 'None'
[2.328s] Level 5:colcon.colcon_core.verb:set package 'diffdrive_arduino' build argument 'cmake_target' from command line to 'None'
[2.328s] Level 5:colcon.colcon_core.verb:set package 'diffdrive_arduino' build argument 'cmake_target_skip_unavailable' from command line to 'False'
[2.328s] Level 5:colcon.colcon_core.verb:set package 'diffdrive_arduino' build argument 'cmake_clean_cache' from command line to 'False'
[2.328s] Level 5:colcon.colcon_core.verb:set package 'diffdrive_arduino' build argument 'cmake_clean_first' from command line to 'False'
[2.328s] Level 5:colcon.colcon_core.verb:set package 'diffdrive_arduino' build argument 'cmake_force_configure' from command line to 'False'
[2.329s] Level 5:colcon.colcon_core.verb:set package 'diffdrive_arduino' build argument 'ament_cmake_args' from command line to 'None'
[2.329s] Level 5:colcon.colcon_core.verb:set package 'diffdrive_arduino' build argument 'catkin_cmake_args' from command line to 'None'
[2.329s] Level 5:colcon.colcon_core.verb:set package 'diffdrive_arduino' build argument 'catkin_skip_building_tests' from command line to 'False'
[2.329s] DEBUG:colcon.colcon_core.verb:Building package 'diffdrive_arduino' with the following arguments: {'ament_cmake_args': None, 'build_base': '/home/winicon/smilebot_ws/build/diffdrive_arduino', 'catkin_cmake_args': None, 'catkin_skip_building_tests': False, 'cmake_args': None, 'cmake_clean_cache': False, 'cmake_clean_first': False, 'cmake_force_configure': False, 'cmake_target': None, 'cmake_target_skip_unavailable': False, 'install_base': '/home/winicon/smilebot_ws/install/diffdrive_arduino', 'merge_install': False, 'path': '/home/winicon/smilebot_ws/src/diffdrive_arduino', 'symlink_install': True, 'test_result_base': None}
[2.330s] Level 5:colcon.colcon_core.verb:set package 'my_bot' build argument 'cmake_args' from command line to 'None'
[2.331s] Level 5:colcon.colcon_core.verb:set package 'my_bot' build argument 'cmake_target' from command line to 'None'
[2.331s] Level 5:colcon.colcon_core.verb:set package 'my_bot' build argument 'cmake_target_skip_unavailable' from command line to 'False'
[2.331s] Level 5:colcon.colcon_core.verb:set package 'my_bot' build argument 'cmake_clean_cache' from command line to 'False'
[2.331s] Level 5:colcon.colcon_core.verb:set package 'my_bot' build argument 'cmake_clean_first' from command line to 'False'
[2.331s] Level 5:colcon.colcon_core.verb:set package 'my_bot' build argument 'cmake_force_configure' from command line to 'False'
[2.331s] Level 5:colcon.colcon_core.verb:set package 'my_bot' build argument 'ament_cmake_args' from command line to 'None'
[2.331s] Level 5:colcon.colcon_core.verb:set package 'my_bot' build argument 'catkin_cmake_args' from command line to 'None'
[2.331s] Level 5:colcon.colcon_core.verb:set package 'my_bot' build argument 'catkin_skip_building_tests' from command line to 'False'
[2.331s] DEBUG:colcon.colcon_core.verb:Building package 'my_bot' with the following arguments: {'ament_cmake_args': None, 'build_base': '/home/winicon/smilebot_ws/build/my_bot', 'catkin_cmake_args': None, 'catkin_skip_building_tests': False, 'cmake_args': None, 'cmake_clean_cache': False, 'cmake_clean_first': False, 'cmake_force_configure': False, 'cmake_target': None, 'cmake_target_skip_unavailable': False, 'install_base': '/home/winicon/smilebot_ws/install/my_bot', 'merge_install': False, 'path': '/home/winicon/smilebot_ws/src/my_bot', 'symlink_install': True, 'test_result_base': None}
[2.333s] Level 5:colcon.colcon_core.verb:set package 'serial' build argument 'cmake_args' from command line to 'None'
[2.333s] Level 5:colcon.colcon_core.verb:set package 'serial' build argument 'cmake_target' from command line to 'None'
[2.333s] Level 5:colcon.colcon_core.verb:set package 'serial' build argument 'cmake_target_skip_unavailable' from command line to 'False'
[2.333s] Level 5:colcon.colcon_core.verb:set package 'serial' build argument 'cmake_clean_cache' from command line to 'False'
[2.333s] Level 5:colcon.colcon_core.verb:set package 'serial' build argument 'cmake_clean_first' from command line to 'False'
[2.334s] Level 5:colcon.colcon_core.verb:set package 'serial' build argument 'cmake_force_configure' from command line to 'False'
[2.334s] Level 5:colcon.colcon_core.verb:set package 'serial' build argument 'ament_cmake_args' from command line to 'None'
[2.334s] Level 5:colcon.colcon_core.verb:set package 'serial' build argument 'catkin_cmake_args' from command line to 'None'
[2.334s] Level 5:colcon.colcon_core.verb:set package 'serial' build argument 'catkin_skip_building_tests' from command line to 'False'
[2.334s] DEBUG:colcon.colcon_core.verb:Building package 'serial' with the following arguments: {'ament_cmake_args': None, 'build_base': '/home/winicon/smilebot_ws/build/serial', 'catkin_cmake_args': None, 'catkin_skip_building_tests': False, 'cmake_args': None, 'cmake_clean_cache': False, 'cmake_clean_first': False, 'cmake_force_configure': False, 'cmake_target': None, 'cmake_target_skip_unavailable': False, 'install_base': '/home/winicon/smilebot_ws/install/serial', 'merge_install': False, 'path': '/home/winicon/smilebot_ws/src/serial', 'symlink_install': True, 'test_result_base': None}
[2.335s] Level 5:colcon.colcon_core.verb:set package 'serial_motor_demo_msgs' build argument 'cmake_args' from command line to 'None'
[2.336s] Level 5:colcon.colcon_core.verb:set package 'serial_motor_demo_msgs' build argument 'cmake_target' from command line to 'None'
[2.336s] Level 5:colcon.colcon_core.verb:set package 'serial_motor_demo_msgs' build argument 'cmake_target_skip_unavailable' from command line to 'False'
[2.336s] Level 5:colcon.colcon_core.verb:set package 'serial_motor_demo_msgs' build argument 'cmake_clean_cache' from command line to 'False'
[2.336s] Level 5:colcon.colcon_core.verb:set package 'serial_motor_demo_msgs' build argument 'cmake_clean_first' from command line to 'False'
[2.336s] Level 5:colcon.colcon_core.verb:set package 'serial_motor_demo_msgs' build argument 'cmake_force_configure' from command line to 'False'
[2.336s] Level 5:colcon.colcon_core.verb:set package 'serial_motor_demo_msgs' build argument 'ament_cmake_args' from command line to 'None'
[2.336s] Level 5:colcon.colcon_core.verb:set package 'serial_motor_demo_msgs' build argument 'catkin_cmake_args' from command line to 'None'
[2.336s] Level 5:colcon.colcon_core.verb:set package 'serial_motor_demo_msgs' build argument 'catkin_skip_building_tests' from command line to 'False'
[2.336s] DEBUG:colcon.colcon_core.verb:Building package 'serial_motor_demo_msgs' with the following arguments: {'ament_cmake_args': None, 'build_base': '/home/winicon/smilebot_ws/build/serial_motor_demo_msgs', 'catkin_cmake_args': None, 'catkin_skip_building_tests': False, 'cmake_args': None, 'cmake_clean_cache': False, 'cmake_clean_first': False, 'cmake_force_configure': False, 'cmake_target': None, 'cmake_target_skip_unavailable': False, 'install_base': '/home/winicon/smilebot_ws/install/serial_motor_demo_msgs', 'merge_install': False, 'path': '/home/winicon/smilebot_ws/src/serial_motor_demo/serial_motor_demo_msgs', 'symlink_install': True, 'test_result_base': None}
[2.338s] Level 5:colcon.colcon_core.verb:set package 'serial_motor_demo' build argument 'cmake_args' from command line to 'None'
[2.338s] Level 5:colcon.colcon_core.verb:set package 'serial_motor_demo' build argument 'cmake_target' from command line to 'None'
[2.338s] Level 5:colcon.colcon_core.verb:set package 'serial_motor_demo' build argument 'cmake_target_skip_unavailable' from command line to 'False'
[2.338s] Level 5:colcon.colcon_core.verb:set package 'serial_motor_demo' build argument 'cmake_clean_cache' from command line to 'False'
[2.338s] Level 5:colcon.colcon_core.verb:set package 'serial_motor_demo' build argument 'cmake_clean_first' from command line to 'False'
[2.338s] Level 5:colcon.colcon_core.verb:set package 'serial_motor_demo' build argument 'cmake_force_configure' from command line to 'False'
[2.339s] Level 5:colcon.colcon_core.verb:set package 'serial_motor_demo' build argument 'ament_cmake_args' from command line to 'None'
[2.339s] Level 5:colcon.colcon_core.verb:set package 'serial_motor_demo' build argument 'catkin_cmake_args' from command line to 'None'
[2.339s] Level 5:colcon.colcon_core.verb:set package 'serial_motor_demo' build argument 'catkin_skip_building_tests' from command line to 'False'
[2.339s] DEBUG:colcon.colcon_core.verb:Building package 'serial_motor_demo' with the following arguments: {'ament_cmake_args': None, 'build_base': '/home/winicon/smilebot_ws/build/serial_motor_demo', 'catkin_cmake_args': None, 'catkin_skip_building_tests': False, 'cmake_args': None, 'cmake_clean_cache': False, 'cmake_clean_first': False, 'cmake_force_configure': False, 'cmake_target': None, 'cmake_target_skip_unavailable': False, 'install_base': '/home/winicon/smilebot_ws/install/serial_motor_demo', 'merge_install': False, 'path': '/home/winicon/smilebot_ws/src/serial_motor_demo/serial_motor_demo', 'symlink_install': True, 'test_result_base': None}
[2.339s] INFO:colcon.colcon_core.executor:Executing jobs using 'parallel' executor
[2.343s] DEBUG:colcon.colcon_parallel_executor.executor.parallel:run_until_complete
[2.344s] INFO:colcon.colcon_ros.task.ament_cmake.build:Building ROS package in '/home/winicon/smilebot_ws/src/serial_motor_demo/serial_motor_demo_msgs' with build type 'ament_cmake'
[2.345s] INFO:colcon.colcon_cmake.task.cmake.build:Building CMake package in '/home/winicon/smilebot_ws/src/serial_motor_demo/serial_motor_demo_msgs'
[2.359s] INFO:colcon.colcon_core.plugin_system:Skipping extension 'colcon_core.shell.bat': Not used on non-Windows systems
[2.360s] INFO:colcon.colcon_core.shell:Skip shell extension 'powershell' for command environment: Not usable outside of PowerShell
[2.361s] DEBUG:colcon.colcon_core.shell:Skip shell extension 'dsv' for command environment
[2.384s] INFO:colcon.colcon_ros.task.ament_cmake.build:Building ROS package in '/home/winicon/smilebot_ws/src/diffdrive_arduino' with build type 'ament_cmake'
[2.384s] INFO:colcon.colcon_cmake.task.cmake.build:Building CMake package in '/home/winicon/smilebot_ws/src/diffdrive_arduino'
[2.386s] INFO:colcon.colcon_core.shell:Skip shell extension 'powershell' for command environment: Not usable outside of PowerShell
[2.386s] DEBUG:colcon.colcon_core.shell:Skip shell extension 'dsv' for command environment
[2.408s] INFO:colcon.colcon_ros.task.ament_cmake.build:Building ROS package in '/home/winicon/smilebot_ws/src/my_bot' with build type 'ament_cmake'
[2.409s] INFO:colcon.colcon_cmake.task.cmake.build:Building CMake package in '/home/winicon/smilebot_ws/src/my_bot'
[2.410s] INFO:colcon.colcon_core.shell:Skip shell extension 'powershell' for command environment: Not usable outside of PowerShell
[2.411s] DEBUG:colcon.colcon_core.shell:Skip shell extension 'dsv' for command environment
[2.433s] INFO:colcon.colcon_ros.task.ament_cmake.build:Building ROS package in '/home/winicon/smilebot_ws/src/serial' with build type 'ament_cmake'
[2.434s] INFO:colcon.colcon_cmake.task.cmake.build:Building CMake package in '/home/winicon/smilebot_ws/src/serial'
[2.435s] INFO:colcon.colcon_core.shell:Skip shell extension 'powershell' for command environment: Not usable outside of PowerShell
[2.436s] DEBUG:colcon.colcon_core.shell:Skip shell extension 'dsv' for command environment
[2.480s] DEBUG:colcon.colcon_core.event_handler.log_command:Invoking command in '/home/winicon/smilebot_ws/build/serial_motor_demo_msgs': CMAKE_PREFIX_PATH=${CMAKE_PREFIX_PATH}:/home/winicon/smilebot_ws/install/serial_motor_demo:/opt/ros/humble /usr/bin/cmake --build /home/winicon/smilebot_ws/build/serial_motor_demo_msgs -- -j4 -l4
[2.508s] DEBUG:colcon.colcon_core.event_handler.log_command:Invoking command in '/home/winicon/smilebot_ws/build/diffdrive_arduino': CMAKE_PREFIX_PATH=${CMAKE_PREFIX_PATH}:/home/winicon/smilebot_ws/install/serial_motor_demo:/opt/ros/humble /usr/bin/cmake --build /home/winicon/smilebot_ws/build/diffdrive_arduino -- -j4 -l4
[2.528s] DEBUG:colcon.colcon_core.event_handler.log_command:Invoking command in '/home/winicon/smilebot_ws/build/my_bot': CMAKE_PREFIX_PATH=${CMAKE_PREFIX_PATH}:/home/winicon/smilebot_ws/install/serial_motor_demo:/opt/ros/humble /usr/bin/cmake --build /home/winicon/smilebot_ws/build/my_bot -- -j4 -l4
[2.565s] DEBUG:colcon.colcon_core.event_handler.log_command:Invoking command in '/home/winicon/smilebot_ws/build/serial': CMAKE_PREFIX_PATH=${CMAKE_PREFIX_PATH}:/home/winicon/smilebot_ws/install/serial_motor_demo:/opt/ros/humble /usr/bin/cmake --build /home/winicon/smilebot_ws/build/serial -- -j4 -l4
[2.756s] DEBUG:colcon.colcon_core.event_handler.log_command:Invoked command in '/home/winicon/smilebot_ws/build/my_bot' returned '0': CMAKE_PREFIX_PATH=${CMAKE_PREFIX_PATH}:/home/winicon/smilebot_ws/install/serial_motor_demo:/opt/ros/humble /usr/bin/cmake --build /home/winicon/smilebot_ws/build/my_bot -- -j4 -l4
[3.186s] DEBUG:colcon.colcon_core.event_handler.log_command:Invoking command in '/home/winicon/smilebot_ws/build/my_bot': CMAKE_PREFIX_PATH=${CMAKE_PREFIX_PATH}:/home/winicon/smilebot_ws/install/serial_motor_demo:/opt/ros/humble /usr/bin/cmake --install /home/winicon/smilebot_ws/build/my_bot
[3.462s] Level 1:colcon.colcon_core.environment:create_environment_scripts_only(my_bot)
[3.466s] DEBUG:colcon.colcon_core.event_handler.log_command:Invoked command in '/home/winicon/smilebot_ws/build/my_bot' returned '0': CMAKE_PREFIX_PATH=${CMAKE_PREFIX_PATH}:/home/winicon/smilebot_ws/install/serial_motor_demo:/opt/ros/humble /usr/bin/cmake --install /home/winicon/smilebot_ws/build/my_bot
[3.501s] Level 1:colcon.colcon_core.environment:checking '/home/winicon/smilebot_ws/install/my_bot' for CMake module files
[3.504s] Level 1:colcon.colcon_core.environment:checking '/home/winicon/smilebot_ws/install/my_bot' for CMake config files
[3.513s] Level 1:colcon.colcon_core.shell:create_environment_hook('my_bot', 'cmake_prefix_path')
[3.516s] INFO:colcon.colcon_core.shell:Creating environment hook '/home/winicon/smilebot_ws/install/my_bot/share/my_bot/hook/cmake_prefix_path.ps1'
[3.523s] INFO:colcon.colcon_core.shell:Creating environment descriptor '/home/winicon/smilebot_ws/install/my_bot/share/my_bot/hook/cmake_prefix_path.dsv'
[3.539s] INFO:colcon.colcon_core.shell:Creating environment hook '/home/winicon/smilebot_ws/install/my_bot/share/my_bot/hook/cmake_prefix_path.sh'
[3.547s] Level 1:colcon.colcon_core.environment:checking '/home/winicon/smilebot_ws/install/my_bot/bin'
[3.548s] Level 1:colcon.colcon_core.environment:checking '/home/winicon/smilebot_ws/install/my_bot/lib/pkgconfig/my_bot.pc'
[3.553s] Level 1:colcon.colcon_core.environment:checking '/home/winicon/smilebot_ws/install/my_bot/lib/python3.10/site-packages'
[3.555s] Level 1:colcon.colcon_core.environment:checking '/home/winicon/smilebot_ws/install/my_bot/bin'
[3.566s] INFO:colcon.colcon_core.shell:Creating package script '/home/winicon/smilebot_ws/install/my_bot/share/my_bot/package.ps1'
[3.602s] INFO:colcon.colcon_core.shell:Creating package descriptor '/home/winicon/smilebot_ws/install/my_bot/share/my_bot/package.dsv'
[3.607s] INFO:colcon.colcon_core.shell:Creating package script '/home/winicon/smilebot_ws/install/my_bot/share/my_bot/package.sh'
[3.614s] INFO:colcon.colcon_core.shell:Creating package script '/home/winicon/smilebot_ws/install/my_bot/share/my_bot/package.bash'
[3.619s] INFO:colcon.colcon_core.shell:Creating package script '/home/winicon/smilebot_ws/install/my_bot/share/my_bot/package.zsh'
[3.625s] Level 1:colcon.colcon_core.environment:create_file_with_runtime_dependencies(/home/winicon/smilebot_ws/install/my_bot/share/colcon-core/packages/my_bot)
[3.658s] DEBUG:colcon.colcon_core.event_handler.log_command:Invoked command in '/home/winicon/smilebot_ws/build/serial' returned '0': CMAKE_PREFIX_PATH=${CMAKE_PREFIX_PATH}:/home/winicon/smilebot_ws/install/serial_motor_demo:/opt/ros/humble /usr/bin/cmake --build /home/winicon/smilebot_ws/build/serial -- -j4 -l4
[3.914s] Level 1:colcon.colcon_core.environment:create_environment_scripts_only(my_bot)
[3.915s] Level 1:colcon.colcon_core.environment:checking '/home/winicon/smilebot_ws/install/my_bot' for CMake module files
[3.918s] Level 1:colcon.colcon_core.environment:checking '/home/winicon/smilebot_ws/install/my_bot' for CMake config files
[3.942s] Level 1:colcon.colcon_core.shell:create_environment_hook('my_bot', 'cmake_prefix_path')
[3.943s] INFO:colcon.colcon_core.shell:Creating environment hook '/home/winicon/smilebot_ws/install/my_bot/share/my_bot/hook/cmake_prefix_path.ps1'
[3.946s] INFO:colcon.colcon_core.shell:Creating environment descriptor '/home/winicon/smilebot_ws/install/my_bot/share/my_bot/hook/cmake_prefix_path.dsv'
[3.950s] INFO:colcon.colcon_core.shell:Creating environment hook '/home/winicon/smilebot_ws/install/my_bot/share/my_bot/hook/cmake_prefix_path.sh'
[3.966s] Level 1:colcon.colcon_core.environment:checking '/home/winicon/smilebot_ws/install/my_bot/bin'
[3.967s] Level 1:colcon.colcon_core.environment:checking '/home/winicon/smilebot_ws/install/my_bot/lib/pkgconfig/my_bot.pc'
[3.969s] Level 1:colcon.colcon_core.environment:checking '/home/winicon/smilebot_ws/install/my_bot/lib/python3.10/site-packages'
[3.970s] Level 1:colcon.colcon_core.environment:checking '/home/winicon/smilebot_ws/install/my_bot/bin'
[3.971s] INFO:colcon.colcon_core.shell:Creating package script '/home/winicon/smilebot_ws/install/my_bot/share/my_bot/package.ps1'
[3.978s] INFO:colcon.colcon_core.shell:Creating package descriptor '/home/winicon/smilebot_ws/install/my_bot/share/my_bot/package.dsv'
[3.995s] INFO:colcon.colcon_core.shell:Creating package script '/home/winicon/smilebot_ws/install/my_bot/share/my_bot/package.sh'
[3.999s] INFO:colcon.colcon_core.shell:Creating package script '/home/winicon/smilebot_ws/install/my_bot/share/my_bot/package.bash'
[4.003s] INFO:colcon.colcon_core.shell:Creating package script '/home/winicon/smilebot_ws/install/my_bot/share/my_bot/package.zsh'
[4.007s] Level 1:colcon.colcon_core.environment:create_file_with_runtime_dependencies(/home/winicon/smilebot_ws/install/my_bot/share/colcon-core/packages/my_bot)
[4.067s] DEBUG:colcon.colcon_core.event_handler.log_command:Invoking command in '/home/winicon/smilebot_ws/build/serial': CMAKE_PREFIX_PATH=${CMAKE_PREFIX_PATH}:/home/winicon/smilebot_ws/install/serial_motor_demo:/opt/ros/humble /usr/bin/cmake --install /home/winicon/smilebot_ws/build/serial
[4.325s] Level 1:colcon.colcon_core.environment:create_environment_scripts_only(serial)
[4.330s] Level 1:colcon.colcon_core.environment:checking '/home/winicon/smilebot_ws/install/serial' for CMake module files
[4.327s] DEBUG:colcon.colcon_core.event_handler.log_command:Invoked command in '/home/winicon/smilebot_ws/build/serial' returned '0': CMAKE_PREFIX_PATH=${CMAKE_PREFIX_PATH}:/home/winicon/smilebot_ws/install/serial_motor_demo:/opt/ros/humble /usr/bin/cmake --install /home/winicon/smilebot_ws/build/serial
[4.334s] Level 1:colcon.colcon_core.environment:checking '/home/winicon/smilebot_ws/install/serial' for CMake config files
[4.339s] Level 1:colcon.colcon_core.shell:create_environment_hook('serial', 'cmake_prefix_path')
[4.341s] INFO:colcon.colcon_core.shell:Creating environment hook '/home/winicon/smilebot_ws/install/serial/share/serial/hook/cmake_prefix_path.ps1'
[4.345s] INFO:colcon.colcon_core.shell:Creating environment descriptor '/home/winicon/smilebot_ws/install/serial/share/serial/hook/cmake_prefix_path.dsv'
[4.352s] INFO:colcon.colcon_core.shell:Creating environment hook '/home/winicon/smilebot_ws/install/serial/share/serial/hook/cmake_prefix_path.sh'
[4.360s] Level 1:colcon.colcon_core.environment:checking '/home/winicon/smilebot_ws/install/serial/lib'
[4.365s] Level 1:colcon.colcon_core.environment:checking '/home/winicon/smilebot_ws/install/serial/bin'
[4.366s] Level 1:colcon.colcon_core.environment:checking '/home/winicon/smilebot_ws/install/serial/lib/pkgconfig/serial.pc'
[4.373s] Level 1:colcon.colcon_core.environment:checking '/home/winicon/smilebot_ws/install/serial/lib/python3.10/site-packages'
[4.379s] Level 1:colcon.colcon_core.environment:checking '/home/winicon/smilebot_ws/install/serial/bin'
[4.382s] INFO:colcon.colcon_core.shell:Creating package script '/home/winicon/smilebot_ws/install/serial/share/serial/package.ps1'
[4.396s] INFO:colcon.colcon_core.shell:Creating package descriptor '/home/winicon/smilebot_ws/install/serial/share/serial/package.dsv'
[4.401s] INFO:colcon.colcon_core.shell:Creating package script '/home/winicon/smilebot_ws/install/serial/share/serial/package.sh'
[4.405s] INFO:colcon.colcon_core.shell:Creating package script '/home/winicon/smilebot_ws/install/serial/share/serial/package.bash'
[4.412s] INFO:colcon.colcon_core.shell:Creating package script '/home/winicon/smilebot_ws/install/serial/share/serial/package.zsh'
[4.426s] Level 1:colcon.colcon_core.environment:create_file_with_runtime_dependencies(/home/winicon/smilebot_ws/install/serial/share/colcon-core/packages/serial)
[4.820s] Level 1:colcon.colcon_core.environment:create_environment_scripts_only(serial)
[4.821s] Level 1:colcon.colcon_core.environment:checking '/home/winicon/smilebot_ws/install/serial' for CMake module files
[4.825s] Level 1:colcon.colcon_core.environment:checking '/home/winicon/smilebot_ws/install/serial' for CMake config files
[4.839s] Level 1:colcon.colcon_core.shell:create_environment_hook('serial', 'cmake_prefix_path')
[4.842s] INFO:colcon.colcon_core.shell:Creating environment hook '/home/winicon/smilebot_ws/install/serial/share/serial/hook/cmake_prefix_path.ps1'
[4.846s] INFO:colcon.colcon_core.shell:Creating environment descriptor '/home/winicon/smilebot_ws/install/serial/share/serial/hook/cmake_prefix_path.dsv'
[4.850s] INFO:colcon.colcon_core.shell:Creating environment hook '/home/winicon/smilebot_ws/install/serial/share/serial/hook/cmake_prefix_path.sh'
[4.859s] Level 1:colcon.colcon_core.environment:checking '/home/winicon/smilebot_ws/install/serial/lib'
[4.860s] Level 1:colcon.colcon_core.environment:checking '/home/winicon/smilebot_ws/install/serial/bin'
[4.861s] Level 1:colcon.colcon_core.environment:checking '/home/winicon/smilebot_ws/install/serial/lib/pkgconfig/serial.pc'
[4.863s] Level 1:colcon.colcon_core.environment:checking '/home/winicon/smilebot_ws/install/serial/lib/python3.10/site-packages'
[4.865s] Level 1:colcon.colcon_core.environment:checking '/home/winicon/smilebot_ws/install/serial/bin'
[4.867s] INFO:colcon.colcon_core.shell:Creating package script '/home/winicon/smilebot_ws/install/serial/share/serial/package.ps1'
[4.871s] INFO:colcon.colcon_core.shell:Creating package descriptor '/home/winicon/smilebot_ws/install/serial/share/serial/package.dsv'
[4.877s] INFO:colcon.colcon_core.shell:Creating package script '/home/winicon/smilebot_ws/install/serial/share/serial/package.sh'
[4.886s] INFO:colcon.colcon_core.shell:Creating package script '/home/winicon/smilebot_ws/install/serial/share/serial/package.bash'
[4.896s] INFO:colcon.colcon_core.shell:Creating package script '/home/winicon/smilebot_ws/install/serial/share/serial/package.zsh'
[4.902s] Level 1:colcon.colcon_core.environment:create_file_with_runtime_dependencies(/home/winicon/smilebot_ws/install/serial/share/colcon-core/packages/serial)
[6.128s] DEBUG:colcon.colcon_core.event_handler.log_command:Invoked command in '/home/winicon/smilebot_ws/build/serial_motor_demo_msgs' returned '0': CMAKE_PREFIX_PATH=${CMAKE_PREFIX_PATH}:/home/winicon/smilebot_ws/install/serial_motor_demo:/opt/ros/humble /usr/bin/cmake --build /home/winicon/smilebot_ws/build/serial_motor_demo_msgs -- -j4 -l4
[7.078s] DEBUG:colcon.colcon_core.event_handler.log_command:Invoking command in '/home/winicon/smilebot_ws/build/serial_motor_demo_msgs': CMAKE_PREFIX_PATH=${CMAKE_PREFIX_PATH}:/home/winicon/smilebot_ws/install/serial_motor_demo:/opt/ros/humble /usr/bin/cmake --install /home/winicon/smilebot_ws/build/serial_motor_demo_msgs
[7.919s] Level 1:colcon.colcon_core.environment:create_environment_scripts_only(serial_motor_demo_msgs)
[7.920s] Level 1:colcon.colcon_core.environment:checking '/home/winicon/smilebot_ws/install/serial_motor_demo_msgs' for CMake module files
[7.925s] Level 1:colcon.colcon_core.environment:checking '/home/winicon/smilebot_ws/install/serial_motor_demo_msgs' for CMake config files
[7.934s] DEBUG:colcon.colcon_core.event_handler.log_command:Invoked command in '/home/winicon/smilebot_ws/build/serial_motor_demo_msgs' returned '0': CMAKE_PREFIX_PATH=${CMAKE_PREFIX_PATH}:/home/winicon/smilebot_ws/install/serial_motor_demo:/opt/ros/humble /usr/bin/cmake --install /home/winicon/smilebot_ws/build/serial_motor_demo_msgs
[7.941s] Level 1:colcon.colcon_core.shell:create_environment_hook('serial_motor_demo_msgs', 'cmake_prefix_path')
[7.943s] INFO:colcon.colcon_core.shell:Creating environment hook '/home/winicon/smilebot_ws/install/serial_motor_demo_msgs/share/serial_motor_demo_msgs/hook/cmake_prefix_path.ps1'
[7.947s] INFO:colcon.colcon_core.shell:Creating environment descriptor '/home/winicon/smilebot_ws/install/serial_motor_demo_msgs/share/serial_motor_demo_msgs/hook/cmake_prefix_path.dsv'
[7.951s] INFO:colcon.colcon_core.shell:Creating environment hook '/home/winicon/smilebot_ws/install/serial_motor_demo_msgs/share/serial_motor_demo_msgs/hook/cmake_prefix_path.sh'
[7.955s] Level 1:colcon.colcon_core.environment:checking '/home/winicon/smilebot_ws/install/serial_motor_demo_msgs/lib'
[7.956s] Level 1:colcon.colcon_core.shell:create_environment_hook('serial_motor_demo_msgs', 'ld_library_path_lib')
[7.958s] INFO:colcon.colcon_core.shell:Creating environment hook '/home/winicon/smilebot_ws/install/serial_motor_demo_msgs/share/serial_motor_demo_msgs/hook/ld_library_path_lib.ps1'
[7.962s] INFO:colcon.colcon_core.shell:Creating environment descriptor '/home/winicon/smilebot_ws/install/serial_motor_demo_msgs/share/serial_motor_demo_msgs/hook/ld_library_path_lib.dsv'
[7.966s] INFO:colcon.colcon_core.shell:Creating environment hook '/home/winicon/smilebot_ws/install/serial_motor_demo_msgs/share/serial_motor_demo_msgs/hook/ld_library_path_lib.sh'
[7.971s] Level 1:colcon.colcon_core.environment:checking '/home/winicon/smilebot_ws/install/serial_motor_demo_msgs/bin'
[7.972s] Level 1:colcon.colcon_core.environment:checking '/home/winicon/smilebot_ws/install/serial_motor_demo_msgs/lib/pkgconfig/serial_motor_demo_msgs.pc'
[7.975s] Level 1:colcon.colcon_core.environment:checking '/home/winicon/smilebot_ws/install/serial_motor_demo_msgs/lib/python3.10/site-packages'
[7.977s] Level 1:colcon.colcon_core.environment:checking '/home/winicon/smilebot_ws/install/serial_motor_demo_msgs/bin'
[7.980s] INFO:colcon.colcon_core.shell:Creating package script '/home/winicon/smilebot_ws/install/serial_motor_demo_msgs/share/serial_motor_demo_msgs/package.ps1'
[7.985s] INFO:colcon.colcon_core.shell:Creating package descriptor '/home/winicon/smilebot_ws/install/serial_motor_demo_msgs/share/serial_motor_demo_msgs/package.dsv'
[7.990s] INFO:colcon.colcon_core.shell:Creating package script '/home/winicon/smilebot_ws/install/serial_motor_demo_msgs/share/serial_motor_demo_msgs/package.sh'
[7.995s] INFO:colcon.colcon_core.shell:Creating package script '/home/winicon/smilebot_ws/install/serial_motor_demo_msgs/share/serial_motor_demo_msgs/package.bash'
[8.000s] INFO:colcon.colcon_core.shell:Creating package script '/home/winicon/smilebot_ws/install/serial_motor_demo_msgs/share/serial_motor_demo_msgs/package.zsh'
[8.004s] Level 1:colcon.colcon_core.environment:create_file_with_runtime_dependencies(/home/winicon/smilebot_ws/install/serial_motor_demo_msgs/share/colcon-core/packages/serial_motor_demo_msgs)
[8.885s] Level 1:colcon.colcon_core.environment:create_environment_scripts_only(serial_motor_demo_msgs)
[8.887s] Level 1:colcon.colcon_core.environment:checking '/home/winicon/smilebot_ws/install/serial_motor_demo_msgs' for CMake module files
[8.897s] Level 1:colcon.colcon_core.environment:checking '/home/winicon/smilebot_ws/install/serial_motor_demo_msgs' for CMake config files
[8.918s] Level 1:colcon.colcon_core.shell:create_environment_hook('serial_motor_demo_msgs', 'cmake_prefix_path')
[8.925s] INFO:colcon.colcon_core.shell:Creating environment hook '/home/winicon/smilebot_ws/install/serial_motor_demo_msgs/share/serial_motor_demo_msgs/hook/cmake_prefix_path.ps1'
[8.929s] INFO:colcon.colcon_core.shell:Creating environment descriptor '/home/winicon/smilebot_ws/install/serial_motor_demo_msgs/share/serial_motor_demo_msgs/hook/cmake_prefix_path.dsv'
[8.931s] INFO:colcon.colcon_core.shell:Creating environment hook '/home/winicon/smilebot_ws/install/serial_motor_demo_msgs/share/serial_motor_demo_msgs/hook/cmake_prefix_path.sh'
[8.940s] Level 1:colcon.colcon_core.environment:checking '/home/winicon/smilebot_ws/install/serial_motor_demo_msgs/lib'
[8.941s] Level 1:colcon.colcon_core.shell:create_environment_hook('serial_motor_demo_msgs', 'ld_library_path_lib')
[8.942s] INFO:colcon.colcon_core.shell:Creating environment hook '/home/winicon/smilebot_ws/install/serial_motor_demo_msgs/share/serial_motor_demo_msgs/hook/ld_library_path_lib.ps1'
[8.951s] INFO:colcon.colcon_core.shell:Creating environment descriptor '/home/winicon/smilebot_ws/install/serial_motor_demo_msgs/share/serial_motor_demo_msgs/hook/ld_library_path_lib.dsv'
[8.954s] INFO:colcon.colcon_core.shell:Creating environment hook '/home/winicon/smilebot_ws/install/serial_motor_demo_msgs/share/serial_motor_demo_msgs/hook/ld_library_path_lib.sh'
[8.961s] Level 1:colcon.colcon_core.environment:checking '/home/winicon/smilebot_ws/install/serial_motor_demo_msgs/bin'
[8.961s] Level 1:colcon.colcon_core.environment:checking '/home/winicon/smilebot_ws/install/serial_motor_demo_msgs/lib/pkgconfig/serial_motor_demo_msgs.pc'
[8.964s] Level 1:colcon.colcon_core.environment:checking '/home/winicon/smilebot_ws/install/serial_motor_demo_msgs/lib/python3.10/site-packages'
[8.965s] Level 1:colcon.colcon_core.environment:checking '/home/winicon/smilebot_ws/install/serial_motor_demo_msgs/bin'
[8.967s] INFO:colcon.colcon_core.shell:Creating package script '/home/winicon/smilebot_ws/install/serial_motor_demo_msgs/share/serial_motor_demo_msgs/package.ps1'
[8.971s] INFO:colcon.colcon_core.shell:Creating package descriptor '/home/winicon/smilebot_ws/install/serial_motor_demo_msgs/share/serial_motor_demo_msgs/package.dsv'
[8.974s] INFO:colcon.colcon_core.shell:Creating package script '/home/winicon/smilebot_ws/install/serial_motor_demo_msgs/share/serial_motor_demo_msgs/package.sh'
[8.977s] INFO:colcon.colcon_core.shell:Creating package script '/home/winicon/smilebot_ws/install/serial_motor_demo_msgs/share/serial_motor_demo_msgs/package.bash'
[8.981s] INFO:colcon.colcon_core.shell:Creating package script '/home/winicon/smilebot_ws/install/serial_motor_demo_msgs/share/serial_motor_demo_msgs/package.zsh'
[8.984s] Level 1:colcon.colcon_core.environment:create_file_with_runtime_dependencies(/home/winicon/smilebot_ws/install/serial_motor_demo_msgs/share/colcon-core/packages/serial_motor_demo_msgs)
[8.987s] INFO:colcon.colcon_ros.task.ament_python.build:Building ROS package in '/home/winicon/smilebot_ws/src/serial_motor_demo/serial_motor_demo' with build type 'ament_python'
[8.989s] Level 1:colcon.colcon_core.shell:create_environment_hook('serial_motor_demo', 'ament_prefix_path')
[8.991s] INFO:colcon.colcon_core.shell:Creating environment hook '/home/winicon/smilebot_ws/install/serial_motor_demo/share/serial_motor_demo/hook/ament_prefix_path.ps1'
[9.001s] INFO:colcon.colcon_core.shell:Creating environment descriptor '/home/winicon/smilebot_ws/install/serial_motor_demo/share/serial_motor_demo/hook/ament_prefix_path.dsv'
[9.012s] INFO:colcon.colcon_core.shell:Creating environment hook '/home/winicon/smilebot_ws/install/serial_motor_demo/share/serial_motor_demo/hook/ament_prefix_path.sh'
[9.021s] INFO:colcon.colcon_core.shell:Skip shell extension 'powershell' for command environment: Not usable outside of PowerShell
[9.021s] DEBUG:colcon.colcon_core.shell:Skip shell extension 'dsv' for command environment
[11.020s] INFO:colcon.colcon_core.task.python.build:Building Python package in '/home/winicon/smilebot_ws/src/serial_motor_demo/serial_motor_demo'
[11.022s] INFO:colcon.colcon_core.shell:Skip shell extension 'powershell' for command environment: Not usable outside of PowerShell
[11.022s] DEBUG:colcon.colcon_core.shell:Skip shell extension 'dsv' for command environment
[11.747s] DEBUG:colcon.colcon_core.event_handler.log_command:Invoked command in '/home/winicon/smilebot_ws/build/diffdrive_arduino' returned '0': CMAKE_PREFIX_PATH=${CMAKE_PREFIX_PATH}:/home/winicon/smilebot_ws/install/serial_motor_demo:/opt/ros/humble /usr/bin/cmake --build /home/winicon/smilebot_ws/build/diffdrive_arduino -- -j4 -l4
[11.896s] DEBUG:colcon.colcon_core.event_handler.log_command:Invoking command in '/home/winicon/smilebot_ws/build/diffdrive_arduino': CMAKE_PREFIX_PATH=${CMAKE_PREFIX_PATH}:/home/winicon/smilebot_ws/install/serial_motor_demo:/opt/ros/humble /usr/bin/cmake --install /home/winicon/smilebot_ws/build/diffdrive_arduino
[12.023s] Level 1:colcon.colcon_core.environment:create_environment_scripts_only(diffdrive_arduino)
[12.024s] Level 1:colcon.colcon_core.environment:checking '/home/winicon/smilebot_ws/install/diffdrive_arduino' for CMake module files
[12.028s] Level 1:colcon.colcon_core.environment:checking '/home/winicon/smilebot_ws/install/diffdrive_arduino' for CMake config files
[12.033s] DEBUG:colcon.colcon_core.event_handler.log_command:Invoked command in '/home/winicon/smilebot_ws/build/diffdrive_arduino' returned '0': CMAKE_PREFIX_PATH=${CMAKE_PREFIX_PATH}:/home/winicon/smilebot_ws/install/serial_motor_demo:/opt/ros/humble /usr/bin/cmake --install /home/winicon/smilebot_ws/build/diffdrive_arduino
[12.034s] Level 1:colcon.colcon_core.shell:create_environment_hook('diffdrive_arduino', 'cmake_prefix_path')
[12.035s] INFO:colcon.colcon_core.shell:Creating environment hook '/home/winicon/smilebot_ws/install/diffdrive_arduino/share/diffdrive_arduino/hook/cmake_prefix_path.ps1'
[12.037s] INFO:colcon.colcon_core.shell:Creating environment descriptor '/home/winicon/smilebot_ws/install/diffdrive_arduino/share/diffdrive_arduino/hook/cmake_prefix_path.dsv'
[12.040s] INFO:colcon.colcon_core.shell:Creating environment hook '/home/winicon/smilebot_ws/install/diffdrive_arduino/share/diffdrive_arduino/hook/cmake_prefix_path.sh'
[12.042s] Level 1:colcon.colcon_core.environment:checking '/home/winicon/smilebot_ws/install/diffdrive_arduino/lib'
[12.043s] Level 1:colcon.colcon_core.shell:create_environment_hook('diffdrive_arduino', 'ld_library_path_lib')
[12.044s] INFO:colcon.colcon_core.shell:Creating environment hook '/home/winicon/smilebot_ws/install/diffdrive_arduino/share/diffdrive_arduino/hook/ld_library_path_lib.ps1'
[12.046s] INFO:colcon.colcon_core.shell:Creating environment descriptor '/home/winicon/smilebot_ws/install/diffdrive_arduino/share/diffdrive_arduino/hook/ld_library_path_lib.dsv'
[12.048s] INFO:colcon.colcon_core.shell:Creating environment hook '/home/winicon/smilebot_ws/install/diffdrive_arduino/share/diffdrive_arduino/hook/ld_library_path_lib.sh'
[12.050s] Level 1:colcon.colcon_core.environment:checking '/home/winicon/smilebot_ws/install/diffdrive_arduino/bin'
[12.050s] Level 1:colcon.colcon_core.environment:checking '/home/winicon/smilebot_ws/install/diffdrive_arduino/lib/pkgconfig/diffdrive_arduino.pc'
[12.051s] Level 1:colcon.colcon_core.environment:checking '/home/winicon/smilebot_ws/install/diffdrive_arduino/lib/python3.10/site-packages'
[12.052s] Level 1:colcon.colcon_core.environment:checking '/home/winicon/smilebot_ws/install/diffdrive_arduino/bin'
[12.054s] INFO:colcon.colcon_core.shell:Creating package script '/home/winicon/smilebot_ws/install/diffdrive_arduino/share/diffdrive_arduino/package.ps1'
[12.056s] INFO:colcon.colcon_core.shell:Creating package descriptor '/home/winicon/smilebot_ws/install/diffdrive_arduino/share/diffdrive_arduino/package.dsv'
[12.058s] INFO:colcon.colcon_core.shell:Creating package script '/home/winicon/smilebot_ws/install/diffdrive_arduino/share/diffdrive_arduino/package.sh'
[12.061s] INFO:colcon.colcon_core.shell:Creating package script '/home/winicon/smilebot_ws/install/diffdrive_arduino/share/diffdrive_arduino/package.bash'
[12.063s] INFO:colcon.colcon_core.shell:Creating package script '/home/winicon/smilebot_ws/install/diffdrive_arduino/share/diffdrive_arduino/package.zsh'
[12.065s] Level 1:colcon.colcon_core.environment:create_file_with_runtime_dependencies(/home/winicon/smilebot_ws/install/diffdrive_arduino/share/colcon-core/packages/diffdrive_arduino)
[12.215s] Level 1:colcon.colcon_core.environment:create_environment_scripts_only(diffdrive_arduino)
[12.216s] Level 1:colcon.colcon_core.environment:checking '/home/winicon/smilebot_ws/install/diffdrive_arduino' for CMake module files
[12.221s] Level 1:colcon.colcon_core.environment:checking '/home/winicon/smilebot_ws/install/diffdrive_arduino' for CMake config files
[12.226s] Level 1:colcon.colcon_core.shell:create_environment_hook('diffdrive_arduino', 'cmake_prefix_path')
[12.229s] INFO:colcon.colcon_core.shell:Creating environment hook '/home/winicon/smilebot_ws/install/diffdrive_arduino/share/diffdrive_arduino/hook/cmake_prefix_path.ps1'
[12.232s] INFO:colcon.colcon_core.shell:Creating environment descriptor '/home/winicon/smilebot_ws/install/diffdrive_arduino/share/diffdrive_arduino/hook/cmake_prefix_path.dsv'
[12.235s] INFO:colcon.colcon_core.shell:Creating environment hook '/home/winicon/smilebot_ws/install/diffdrive_arduino/share/diffdrive_arduino/hook/cmake_prefix_path.sh'
[12.239s] Level 1:colcon.colcon_core.environment:checking '/home/winicon/smilebot_ws/install/diffdrive_arduino/lib'
[12.239s] Level 1:colcon.colcon_core.shell:create_environment_hook('diffdrive_arduino', 'ld_library_path_lib')
[12.241s] INFO:colcon.colcon_core.shell:Creating environment hook '/home/winicon/smilebot_ws/install/diffdrive_arduino/share/diffdrive_arduino/hook/ld_library_path_lib.ps1'
[12.243s] INFO:colcon.colcon_core.shell:Creating environment descriptor '/home/winicon/smilebot_ws/install/diffdrive_arduino/share/diffdrive_arduino/hook/ld_library_path_lib.dsv'
[12.246s] INFO:colcon.colcon_core.shell:Creating environment hook '/home/winicon/smilebot_ws/install/diffdrive_arduino/share/diffdrive_arduino/hook/ld_library_path_lib.sh'
[12.249s] Level 1:colcon.colcon_core.environment:checking '/home/winicon/smilebot_ws/install/diffdrive_arduino/bin'
[12.249s] Level 1:colcon.colcon_core.environment:checking '/home/winicon/smilebot_ws/install/diffdrive_arduino/lib/pkgconfig/diffdrive_arduino.pc'
[12.251s] Level 1:colcon.colcon_core.environment:checking '/home/winicon/smilebot_ws/install/diffdrive_arduino/lib/python3.10/site-packages'
[12.252s] Level 1:colcon.colcon_core.environment:checking '/home/winicon/smilebot_ws/install/diffdrive_arduino/bin'
[12.254s] INFO:colcon.colcon_core.shell:Creating package script '/home/winicon/smilebot_ws/install/diffdrive_arduino/share/diffdrive_arduino/package.ps1'
[12.258s] INFO:colcon.colcon_core.shell:Creating package descriptor '/home/winicon/smilebot_ws/install/diffdrive_arduino/share/diffdrive_arduino/package.dsv'
[12.262s] INFO:colcon.colcon_core.shell:Creating package script '/home/winicon/smilebot_ws/install/diffdrive_arduino/share/diffdrive_arduino/package.sh'
[12.265s] INFO:colcon.colcon_core.shell:Creating package script '/home/winicon/smilebot_ws/install/diffdrive_arduino/share/diffdrive_arduino/package.bash'
[12.267s] INFO:colcon.colcon_core.shell:Creating package script '/home/winicon/smilebot_ws/install/diffdrive_arduino/share/diffdrive_arduino/package.zsh'
[12.270s] Level 1:colcon.colcon_core.environment:create_file_with_runtime_dependencies(/home/winicon/smilebot_ws/install/diffdrive_arduino/share/colcon-core/packages/diffdrive_arduino)
[13.493s] DEBUG:colcon.colcon_core.event_handler.log_command:Invoking command in '/home/winicon/smilebot_ws/build/serial_motor_demo': PYTHONPATH=/home/winicon/smilebot_ws/build/serial_motor_demo/prefix_override:/usr/lib/python3/dist-packages/colcon_core/task/python/colcon_distutils_commands:/home/winicon/smilebot_ws/install/serial_motor_demo/lib/python3.10/site-packages:${PYTHONPATH} /usr/bin/python3 -W ignore:setup.py install is deprecated setup.py develop --editable --build-directory /home/winicon/smilebot_ws/build/serial_motor_demo/build --no-deps symlink_data
[15.937s] Level 1:colcon.colcon_core.shell:create_environment_hook('serial_motor_demo', 'pythonpath_develop')
[15.938s] INFO:colcon.colcon_core.shell:Creating environment hook '/home/winicon/smilebot_ws/build/serial_motor_demo/share/serial_motor_demo/hook/pythonpath_develop.ps1'
[15.939s] DEBUG:colcon.colcon_core.event_handler.log_command:Invoked command in '/home/winicon/smilebot_ws/build/serial_motor_demo' returned '0': PYTHONPATH=/home/winicon/smilebot_ws/build/serial_motor_demo/prefix_override:/usr/lib/python3/dist-packages/colcon_core/task/python/colcon_distutils_commands:/home/winicon/smilebot_ws/install/serial_motor_demo/lib/python3.10/site-packages:${PYTHONPATH} /usr/bin/python3 -W ignore:setup.py install is deprecated setup.py develop --editable --build-directory /home/winicon/smilebot_ws/build/serial_motor_demo/build --no-deps symlink_data
[15.941s] INFO:colcon.colcon_core.shell:Creating environment descriptor '/home/winicon/smilebot_ws/build/serial_motor_demo/share/serial_motor_demo/hook/pythonpath_develop.dsv'
[15.943s] INFO:colcon.colcon_core.shell:Creating environment hook '/home/winicon/smilebot_ws/build/serial_motor_demo/share/serial_motor_demo/hook/pythonpath_develop.sh'
[15.946s] Level 1:colcon.colcon_core.environment:checking '/home/winicon/smilebot_ws/install/serial_motor_demo' for CMake module files
[15.950s] Level 1:colcon.colcon_core.environment:checking '/home/winicon/smilebot_ws/install/serial_motor_demo' for CMake config files
[15.953s] Level 1:colcon.colcon_core.environment:checking '/home/winicon/smilebot_ws/install/serial_motor_demo/lib'
[15.954s] Level 1:colcon.colcon_core.environment:checking '/home/winicon/smilebot_ws/install/serial_motor_demo/bin'
[15.954s] Level 1:colcon.colcon_core.environment:checking '/home/winicon/smilebot_ws/install/serial_motor_demo/lib/pkgconfig/serial_motor_demo.pc'
[15.955s] Level 1:colcon.colcon_core.environment:checking '/home/winicon/smilebot_ws/install/serial_motor_demo/lib/python3.10/site-packages'
[15.955s] Level 1:colcon.colcon_core.shell:create_environment_hook('serial_motor_demo', 'pythonpath')
[15.956s] INFO:colcon.colcon_core.shell:Creating environment hook '/home/winicon/smilebot_ws/install/serial_motor_demo/share/serial_motor_demo/hook/pythonpath.ps1'
[15.958s] INFO:colcon.colcon_core.shell:Creating environment descriptor '/home/winicon/smilebot_ws/install/serial_motor_demo/share/serial_motor_demo/hook/pythonpath.dsv'
[15.960s] INFO:colcon.colcon_core.shell:Creating environment hook '/home/winicon/smilebot_ws/install/serial_motor_demo/share/serial_motor_demo/hook/pythonpath.sh'
[15.962s] Level 1:colcon.colcon_core.environment:checking '/home/winicon/smilebot_ws/install/serial_motor_demo/bin'
[15.962s] Level 1:colcon.colcon_core.environment:create_environment_scripts_only(serial_motor_demo)
[15.964s] INFO:colcon.colcon_core.shell:Creating package script '/home/winicon/smilebot_ws/install/serial_motor_demo/share/serial_motor_demo/package.ps1'
[15.966s] INFO:colcon.colcon_core.shell:Creating package descriptor '/home/winicon/smilebot_ws/install/serial_motor_demo/share/serial_motor_demo/package.dsv'
[15.968s] INFO:colcon.colcon_core.shell:Creating package script '/home/winicon/smilebot_ws/install/serial_motor_demo/share/serial_motor_demo/package.sh'
[15.971s] INFO:colcon.colcon_core.shell:Creating package script '/home/winicon/smilebot_ws/install/serial_motor_demo/share/serial_motor_demo/package.bash'
[15.973s] INFO:colcon.colcon_core.shell:Creating package script '/home/winicon/smilebot_ws/install/serial_motor_demo/share/serial_motor_demo/package.zsh'
[15.974s] Level 1:colcon.colcon_core.environment:create_file_with_runtime_dependencies(/home/winicon/smilebot_ws/install/serial_motor_demo/share/colcon-core/packages/serial_motor_demo)
[15.976s] DEBUG:colcon.colcon_parallel_executor.executor.parallel:closing loop
[15.977s] DEBUG:colcon.colcon_parallel_executor.executor.parallel:loop closed
[15.977s] DEBUG:colcon.colcon_parallel_executor.executor.parallel:run_until_complete finished with '0'
[15.978s] DEBUG:colcon.colcon_core.event_reactor:joining thread
[16.008s] INFO:colcon.colcon_core.plugin_system:Skipping extension 'colcon_notification.desktop_notification.terminal_notifier': Not used on non-Darwin systems
[16.008s] INFO:colcon.colcon_core.plugin_system:Skipping extension 'colcon_notification.desktop_notification.win32': Not used on non-Windows systems
[16.009s] INFO:colcon.colcon_notification.desktop_notification:Sending desktop notification using 'notify2'
[16.106s] DEBUG:colcon.colcon_notification.desktop_notification.notify2:Failed to initialize notify2: org.freedesktop.DBus.Error.Spawn.ChildExited: Process org.freedesktop.Notifications exited with status 1
[16.106s] DEBUG:colcon.colcon_core.event_reactor:joined thread
[16.108s] INFO:colcon.colcon_core.shell:Creating prefix script '/home/winicon/smilebot_ws/install/local_setup.ps1'
[16.112s] INFO:colcon.colcon_core.shell:Creating prefix util module '/home/winicon/smilebot_ws/install/_local_setup_util_ps1.py'
[16.121s] INFO:colcon.colcon_core.shell:Creating prefix chain script '/home/winicon/smilebot_ws/install/setup.ps1'
[16.130s] INFO:colcon.colcon_core.shell:Creating prefix script '/home/winicon/smilebot_ws/install/local_setup.sh'
[16.134s] INFO:colcon.colcon_core.shell:Creating prefix util module '/home/winicon/smilebot_ws/install/_local_setup_util_sh.py'
[16.137s] INFO:colcon.colcon_core.shell:Creating prefix chain script '/home/winicon/smilebot_ws/install/setup.sh'
[16.144s] INFO:colcon.colcon_core.shell:Creating prefix script '/home/winicon/smilebot_ws/install/local_setup.bash'
[16.148s] INFO:colcon.colcon_core.shell:Creating prefix chain script '/home/winicon/smilebot_ws/install/setup.bash'
[16.154s] INFO:colcon.colcon_core.shell:Creating prefix script '/home/winicon/smilebot_ws/install/local_setup.zsh'
[16.158s] INFO:colcon.colcon_core.shell:Creating prefix chain script '/home/winicon/smilebot_ws/install/setup.zsh'
