running develop
running egg_info
creating robots_nav_contr.egg-info
writing robots_nav_contr.egg-info/PKG-INFO
writing dependency_links to robots_nav_contr.egg-info/dependency_links.txt
writing entry points to robots_nav_contr.egg-info/entry_points.txt
writing requirements to robots_nav_contr.egg-info/requires.txt
writing top-level names to robots_nav_contr.egg-info/top_level.txt
writing manifest file 'robots_nav_contr.egg-info/SOURCES.txt'
reading manifest file 'robots_nav_contr.egg-info/SOURCES.txt'
writing manifest file 'robots_nav_contr.egg-info/SOURCES.txt'
running build_ext
Creating /home/winicon/smilebot_ws/install/robots_nav_contr/lib/python3.10/site-packages/robots-nav-contr.egg-link (link to .)
Installing robot_command_receiver script to /home/winicon/smilebot_ws/install/robots_nav_contr/lib/robots_nav_contr
Installing robots_nav_controller script to /home/winicon/smilebot_ws/install/robots_nav_contr/lib/robots_nav_contr
Installing robots_serial_commands script to /home/winicon/smilebot_ws/install/robots_nav_contr/lib/robots_nav_contr

Installed /home/winicon/smilebot_ws/build/robots_nav_contr
running symlink_data
creating /home/winicon/smilebot_ws/install/robots_nav_contr/share/ament_index
creating /home/winicon/smilebot_ws/install/robots_nav_contr/share/ament_index/resource_index
creating /home/winicon/smilebot_ws/install/robots_nav_contr/share/ament_index/resource_index/packages
symbolically linking /home/winicon/smilebot_ws/build/robots_nav_contr/resource/robots_nav_contr -> /home/winicon/smilebot_ws/install/robots_nav_contr/share/ament_index/resource_index/packages
symbolically linking /home/winicon/smilebot_ws/build/robots_nav_contr/package.xml -> /home/winicon/smilebot_ws/install/robots_nav_contr/share/robots_nav_contr
