[3.857s] Invoking command in '/home/winicon/smilebot_ws/build/serial_motor_demo': PYTHONPATH=/home/winicon/smilebot_ws/build/serial_motor_demo/prefix_override:/usr/lib/python3/dist-packages/colcon_core/task/python/colcon_distutils_commands:/home/winicon/smilebot_ws/install/serial_motor_demo/lib/python3.10/site-packages:${PYTHONPATH} /usr/bin/python3 -W ignore:setup.py install is deprecated setup.py develop --editable --build-directory /home/winicon/smilebot_ws/build/serial_motor_demo/build --no-deps symlink_data
[5.256s] /usr/lib/python3/dist-packages/setuptools/dist.py:723: UserWarning: Usage of dash-separated 'script-dir' will not be supported in future versions. Please use the underscore name 'script_dir' instead
[5.257s]   warnings.warn(
[5.394s] running develop
[5.396s] /usr/lib/python3/dist-packages/setuptools/command/easy_install.py:158: EasyInstallDeprecationWarning: easy_install command is deprecated. Use build and pip and other standards-based tools.
[5.397s]   warnings.warn(
[6.605s] running egg_info
[6.606s] writing serial_motor_demo.egg-info/PKG-INFO
[6.607s] writing dependency_links to serial_motor_demo.egg-info/dependency_links.txt
[6.608s] writing entry points to serial_motor_demo.egg-info/entry_points.txt
[6.610s] writing requirements to serial_motor_demo.egg-info/requires.txt
[6.611s] writing top-level names to serial_motor_demo.egg-info/top_level.txt
[6.624s] reading manifest file 'serial_motor_demo.egg-info/SOURCES.txt'
[6.628s] writing manifest file 'serial_motor_demo.egg-info/SOURCES.txt'
[6.634s] running build_ext
[6.634s] Creating /home/winicon/smilebot_ws/install/serial_motor_demo/lib/python3.10/site-packages/serial-motor-demo.egg-link (link to .)
[6.643s] Installing driver script to /home/winicon/smilebot_ws/install/serial_motor_demo/lib/serial_motor_demo
[6.644s] Installing gui script to /home/winicon/smilebot_ws/install/serial_motor_demo/lib/serial_motor_demo
[6.645s] 
[6.646s] Installed /home/winicon/smilebot_ws/build/serial_motor_demo
[6.646s] running symlink_data
[6.811s] Invoked command in '/home/winicon/smilebot_ws/build/serial_motor_demo' returned '0': PYTHONPATH=/home/winicon/smilebot_ws/build/serial_motor_demo/prefix_override:/usr/lib/python3/dist-packages/colcon_core/task/python/colcon_distutils_commands:/home/winicon/smilebot_ws/install/serial_motor_demo/lib/python3.10/site-packages:${PYTHONPATH} /usr/bin/python3 -W ignore:setup.py install is deprecated setup.py develop --editable --build-directory /home/winicon/smilebot_ws/build/serial_motor_demo/build --no-deps symlink_data
