[3.656s] Invoking command in '/home/winicon/smilebot_ws/build/serial_motor_demo': PYTHONPATH=/home/winicon/smilebot_ws/build/serial_motor_demo/prefix_override:/usr/lib/python3/dist-packages/colcon_core/task/python/colcon_distutils_commands:/home/winicon/smilebot_ws/install/serial_motor_demo/lib/python3.10/site-packages:${PYTHONPATH} /usr/bin/python3 -W ignore:setup.py install is deprecated setup.py develop --editable --build-directory /home/winicon/smilebot_ws/build/serial_motor_demo/build --no-deps symlink_data
[4.838s] /usr/lib/python3/dist-packages/setuptools/dist.py:723: UserWarning: Usage of dash-separated 'script-dir' will not be supported in future versions. Please use the underscore name 'script_dir' instead
[4.838s]   warnings.warn(
[4.955s] running develop
[4.959s] /usr/lib/python3/dist-packages/setuptools/command/easy_install.py:158: EasyInstallDeprecationWarning: easy_install command is deprecated. Use build and pip and other standards-based tools.
[4.959s]   warnings.warn(
[5.943s] running egg_info
[5.944s] writing serial_motor_demo.egg-info/PKG-INFO
[5.945s] writing dependency_links to serial_motor_demo.egg-info/dependency_links.txt
[5.946s] writing entry points to serial_motor_demo.egg-info/entry_points.txt
[5.947s] writing requirements to serial_motor_demo.egg-info/requires.txt
[5.948s] writing top-level names to serial_motor_demo.egg-info/top_level.txt
[5.961s] reading manifest file 'serial_motor_demo.egg-info/SOURCES.txt'
[5.965s] writing manifest file 'serial_motor_demo.egg-info/SOURCES.txt'
[5.972s] running build_ext
[5.973s] Creating /home/winicon/smilebot_ws/install/serial_motor_demo/lib/python3.10/site-packages/serial-motor-demo.egg-link (link to .)
[5.978s] Installing driver script to /home/winicon/smilebot_ws/install/serial_motor_demo/lib/serial_motor_demo
[5.979s] Installing gui script to /home/winicon/smilebot_ws/install/serial_motor_demo/lib/serial_motor_demo
[5.981s] 
[5.981s] Installed /home/winicon/smilebot_ws/build/serial_motor_demo
[5.982s] running symlink_data
[6.121s] Invoked command in '/home/winicon/smilebot_ws/build/serial_motor_demo' returned '0': PYTHONPATH=/home/winicon/smilebot_ws/build/serial_motor_demo/prefix_override:/usr/lib/python3/dist-packages/colcon_core/task/python/colcon_distutils_commands:/home/winicon/smilebot_ws/install/serial_motor_demo/lib/python3.10/site-packages:${PYTHONPATH} /usr/bin/python3 -W ignore:setup.py install is deprecated setup.py develop --editable --build-directory /home/winicon/smilebot_ws/build/serial_motor_demo/build --no-deps symlink_data
