[0.127s] Invoking command in '/home/winicon/smilebot_ws/build/serial_motor_demo_msgs': CMAKE_PREFIX_PATH=${CMAKE_PREFIX_PATH}:/home/winicon/smilebot_ws/install/serial_motor_demo:/opt/ros/humble /usr/bin/cmake --build /home/winicon/smilebot_ws/build/serial_motor_demo_msgs -- -j4 -l4
[0.441s] [  2%] Built target serial_motor_demo_msgs__cpp
[0.493s] [ 12%] Built target serial_motor_demo_msgs__rosidl_generator_c
[0.612s] [ 12%] Built target ament_cmake_python_symlink_serial_motor_demo_msgs
[0.736s] [ 23%] Built target serial_motor_demo_msgs__rosidl_typesupport_introspection_cpp
[0.745s] [ 34%] Built target serial_motor_demo_msgs__rosidl_typesupport_fastrtps_cpp
[0.798s] [ 44%] Built target serial_motor_demo_msgs__rosidl_typesupport_cpp
[0.879s] [ 55%] Built target serial_motor_demo_msgs__rosidl_typesupport_fastrtps_c
[0.969s] [ 65%] Built target serial_motor_demo_msgs__rosidl_typesupport_introspection_c
[1.041s] [ 76%] Built target serial_motor_demo_msgs__rosidl_typesupport_c
[1.336s] [ 76%] Built target serial_motor_demo_msgs
[1.606s] [ 78%] Built target serial_motor_demo_msgs__py
[1.846s] [ 87%] Built target serial_motor_demo_msgs__rosidl_generator_py
[2.070s] [ 91%] Built target serial_motor_demo_msgs__rosidl_typesupport_fastrtps_c__pyext
[2.119s] [ 95%] Built target serial_motor_demo_msgs__rosidl_typesupport_c__pyext
[2.133s] [100%] Built target serial_motor_demo_msgs__rosidl_typesupport_introspection_c__pyext
[3.010s] running egg_info
[3.014s] writing serial_motor_demo_msgs.egg-info/PKG-INFO
[3.015s] writing dependency_links to serial_motor_demo_msgs.egg-info/dependency_links.txt
[3.017s] writing top-level names to serial_motor_demo_msgs.egg-info/top_level.txt
[3.035s] reading manifest file 'serial_motor_demo_msgs.egg-info/SOURCES.txt'
[3.039s] writing manifest file 'serial_motor_demo_msgs.egg-info/SOURCES.txt'
[3.176s] [100%] Built target ament_cmake_python_build_serial_motor_demo_msgs_egg
[3.223s] Invoked command in '/home/winicon/smilebot_ws/build/serial_motor_demo_msgs' returned '0': CMAKE_PREFIX_PATH=${CMAKE_PREFIX_PATH}:/home/winicon/smilebot_ws/install/serial_motor_demo:/opt/ros/humble /usr/bin/cmake --build /home/winicon/smilebot_ws/build/serial_motor_demo_msgs -- -j4 -l4
[3.879s] Invoking command in '/home/winicon/smilebot_ws/build/serial_motor_demo_msgs': CMAKE_PREFIX_PATH=${CMAKE_PREFIX_PATH}:/home/winicon/smilebot_ws/install/serial_motor_demo:/opt/ros/humble /usr/bin/cmake --install /home/winicon/smilebot_ws/build/serial_motor_demo_msgs
[3.911s] -- Install configuration: ""
[3.913s] -- Execute custom install script
[3.915s] -- Up-to-date symlink: /home/winicon/smilebot_ws/install/serial_motor_demo_msgs/share/ament_index/resource_index/rosidl_interfaces/serial_motor_demo_msgs
[3.918s] -- Up-to-date symlink: /home/winicon/smilebot_ws/install/serial_motor_demo_msgs/include/serial_motor_demo_msgs/serial_motor_demo_msgs/msg/detail/encoder_vals__functions.h
[3.919s] -- Up-to-date symlink: /home/winicon/smilebot_ws/install/serial_motor_demo_msgs/include/serial_motor_demo_msgs/serial_motor_demo_msgs/msg/detail/encoder_vals__struct.h
[3.920s] -- Up-to-date symlink: /home/winicon/smilebot_ws/install/serial_motor_demo_msgs/include/serial_motor_demo_msgs/serial_motor_demo_msgs/msg/detail/encoder_vals__type_support.h
[3.921s] -- Up-to-date symlink: /home/winicon/smilebot_ws/install/serial_motor_demo_msgs/include/serial_motor_demo_msgs/serial_motor_demo_msgs/msg/detail/motor_command__functions.h
[3.922s] -- Up-to-date symlink: /home/winicon/smilebot_ws/install/serial_motor_demo_msgs/include/serial_motor_demo_msgs/serial_motor_demo_msgs/msg/detail/motor_command__struct.h
[3.923s] -- Up-to-date symlink: /home/winicon/smilebot_ws/install/serial_motor_demo_msgs/include/serial_motor_demo_msgs/serial_motor_demo_msgs/msg/detail/motor_command__type_support.h
[3.924s] -- Up-to-date symlink: /home/winicon/smilebot_ws/install/serial_motor_demo_msgs/include/serial_motor_demo_msgs/serial_motor_demo_msgs/msg/detail/motor_vels__functions.h
[3.925s] -- Up-to-date symlink: /home/winicon/smilebot_ws/install/serial_motor_demo_msgs/include/serial_motor_demo_msgs/serial_motor_demo_msgs/msg/detail/motor_vels__struct.h
[3.926s] -- Up-to-date symlink: /home/winicon/smilebot_ws/install/serial_motor_demo_msgs/include/serial_motor_demo_msgs/serial_motor_demo_msgs/msg/detail/motor_vels__type_support.h
[3.927s] -- Up-to-date symlink: /home/winicon/smilebot_ws/install/serial_motor_demo_msgs/include/serial_motor_demo_msgs/serial_motor_demo_msgs/msg/encoder_vals.h
[3.928s] -- Up-to-date symlink: /home/winicon/smilebot_ws/install/serial_motor_demo_msgs/include/serial_motor_demo_msgs/serial_motor_demo_msgs/msg/motor_command.h
[3.929s] -- Up-to-date symlink: /home/winicon/smilebot_ws/install/serial_motor_demo_msgs/include/serial_motor_demo_msgs/serial_motor_demo_msgs/msg/motor_vels.h
[3.930s] -- Up-to-date symlink: /home/winicon/smilebot_ws/install/serial_motor_demo_msgs/include/serial_motor_demo_msgs/serial_motor_demo_msgs/msg/rosidl_generator_c__visibility_control.h
[3.931s] -- Up-to-date symlink: /home/winicon/smilebot_ws/install/serial_motor_demo_msgs/share/serial_motor_demo_msgs/environment/library_path.sh
[3.932s] -- Up-to-date symlink: /home/winicon/smilebot_ws/install/serial_motor_demo_msgs/share/serial_motor_demo_msgs/environment/library_path.dsv
[3.935s] -- Up-to-date symlink: /home/winicon/smilebot_ws/install/serial_motor_demo_msgs/include/serial_motor_demo_msgs/serial_motor_demo_msgs/msg/detail/encoder_vals__rosidl_typesupport_fastrtps_c.h
[3.936s] -- Up-to-date symlink: /home/winicon/smilebot_ws/install/serial_motor_demo_msgs/include/serial_motor_demo_msgs/serial_motor_demo_msgs/msg/detail/motor_command__rosidl_typesupport_fastrtps_c.h
[3.937s] -- Up-to-date symlink: /home/winicon/smilebot_ws/install/serial_motor_demo_msgs/include/serial_motor_demo_msgs/serial_motor_demo_msgs/msg/detail/motor_vels__rosidl_typesupport_fastrtps_c.h
[3.938s] -- Up-to-date symlink: /home/winicon/smilebot_ws/install/serial_motor_demo_msgs/include/serial_motor_demo_msgs/serial_motor_demo_msgs/msg/rosidl_typesupport_fastrtps_c__visibility_control.h
[3.941s] -- Up-to-date symlink: /home/winicon/smilebot_ws/install/serial_motor_demo_msgs/include/serial_motor_demo_msgs/serial_motor_demo_msgs/msg/detail/encoder_vals__rosidl_typesupport_introspection_c.h
[3.942s] -- Up-to-date symlink: /home/winicon/smilebot_ws/install/serial_motor_demo_msgs/include/serial_motor_demo_msgs/serial_motor_demo_msgs/msg/detail/motor_command__rosidl_typesupport_introspection_c.h
[3.943s] -- Up-to-date symlink: /home/winicon/smilebot_ws/install/serial_motor_demo_msgs/include/serial_motor_demo_msgs/serial_motor_demo_msgs/msg/detail/motor_vels__rosidl_typesupport_introspection_c.h
[3.944s] -- Up-to-date symlink: /home/winicon/smilebot_ws/install/serial_motor_demo_msgs/include/serial_motor_demo_msgs/serial_motor_demo_msgs/msg/rosidl_typesupport_introspection_c__visibility_control.h
[3.947s] -- Up-to-date symlink: /home/winicon/smilebot_ws/install/serial_motor_demo_msgs/include/serial_motor_demo_msgs/serial_motor_demo_msgs/msg/detail/encoder_vals__builder.hpp
[3.948s] -- Up-to-date symlink: /home/winicon/smilebot_ws/install/serial_motor_demo_msgs/include/serial_motor_demo_msgs/serial_motor_demo_msgs/msg/detail/encoder_vals__struct.hpp
[3.949s] -- Up-to-date symlink: /home/winicon/smilebot_ws/install/serial_motor_demo_msgs/include/serial_motor_demo_msgs/serial_motor_demo_msgs/msg/detail/encoder_vals__traits.hpp
[3.950s] -- Up-to-date symlink: /home/winicon/smilebot_ws/install/serial_motor_demo_msgs/include/serial_motor_demo_msgs/serial_motor_demo_msgs/msg/detail/motor_command__builder.hpp
[3.951s] -- Up-to-date symlink: /home/winicon/smilebot_ws/install/serial_motor_demo_msgs/include/serial_motor_demo_msgs/serial_motor_demo_msgs/msg/detail/motor_command__struct.hpp
[3.952s] -- Up-to-date symlink: /home/winicon/smilebot_ws/install/serial_motor_demo_msgs/include/serial_motor_demo_msgs/serial_motor_demo_msgs/msg/detail/motor_command__traits.hpp
[3.953s] -- Up-to-date symlink: /home/winicon/smilebot_ws/install/serial_motor_demo_msgs/include/serial_motor_demo_msgs/serial_motor_demo_msgs/msg/detail/motor_vels__builder.hpp
[3.954s] -- Up-to-date symlink: /home/winicon/smilebot_ws/install/serial_motor_demo_msgs/include/serial_motor_demo_msgs/serial_motor_demo_msgs/msg/detail/motor_vels__struct.hpp
[3.955s] -- Up-to-date symlink: /home/winicon/smilebot_ws/install/serial_motor_demo_msgs/include/serial_motor_demo_msgs/serial_motor_demo_msgs/msg/detail/motor_vels__traits.hpp
[3.956s] -- Up-to-date symlink: /home/winicon/smilebot_ws/install/serial_motor_demo_msgs/include/serial_motor_demo_msgs/serial_motor_demo_msgs/msg/encoder_vals.hpp
[3.957s] -- Up-to-date symlink: /home/winicon/smilebot_ws/install/serial_motor_demo_msgs/include/serial_motor_demo_msgs/serial_motor_demo_msgs/msg/motor_command.hpp
[3.958s] -- Up-to-date symlink: /home/winicon/smilebot_ws/install/serial_motor_demo_msgs/include/serial_motor_demo_msgs/serial_motor_demo_msgs/msg/motor_vels.hpp
[3.962s] -- Up-to-date symlink: /home/winicon/smilebot_ws/install/serial_motor_demo_msgs/include/serial_motor_demo_msgs/serial_motor_demo_msgs/msg/detail/encoder_vals__rosidl_typesupport_fastrtps_cpp.hpp
[3.963s] -- Up-to-date symlink: /home/winicon/smilebot_ws/install/serial_motor_demo_msgs/include/serial_motor_demo_msgs/serial_motor_demo_msgs/msg/detail/motor_command__rosidl_typesupport_fastrtps_cpp.hpp
[3.964s] -- Up-to-date symlink: /home/winicon/smilebot_ws/install/serial_motor_demo_msgs/include/serial_motor_demo_msgs/serial_motor_demo_msgs/msg/detail/motor_vels__rosidl_typesupport_fastrtps_cpp.hpp
[3.965s] -- Up-to-date symlink: /home/winicon/smilebot_ws/install/serial_motor_demo_msgs/include/serial_motor_demo_msgs/serial_motor_demo_msgs/msg/rosidl_typesupport_fastrtps_cpp__visibility_control.h
[3.967s] -- Up-to-date symlink: /home/winicon/smilebot_ws/install/serial_motor_demo_msgs/include/serial_motor_demo_msgs/serial_motor_demo_msgs/msg/detail/encoder_vals__rosidl_typesupport_introspection_cpp.hpp
[3.968s] -- Up-to-date symlink: /home/winicon/smilebot_ws/install/serial_motor_demo_msgs/include/serial_motor_demo_msgs/serial_motor_demo_msgs/msg/detail/motor_command__rosidl_typesupport_introspection_cpp.hpp
[3.969s] -- Up-to-date symlink: /home/winicon/smilebot_ws/install/serial_motor_demo_msgs/include/serial_motor_demo_msgs/serial_motor_demo_msgs/msg/detail/motor_vels__rosidl_typesupport_introspection_cpp.hpp
[3.970s] -- Up-to-date symlink: /home/winicon/smilebot_ws/install/serial_motor_demo_msgs/share/serial_motor_demo_msgs/environment/pythonpath.sh
[3.971s] -- Up-to-date symlink: /home/winicon/smilebot_ws/install/serial_motor_demo_msgs/share/serial_motor_demo_msgs/environment/pythonpath.dsv
[3.973s] -- Up-to-date symlink: /home/winicon/smilebot_ws/install/serial_motor_demo_msgs/local/lib/python3.10/dist-packages/serial_motor_demo_msgs-0.0.0-py3.10.egg-info/PKG-INFO
[3.974s] -- Up-to-date symlink: /home/winicon/smilebot_ws/install/serial_motor_demo_msgs/local/lib/python3.10/dist-packages/serial_motor_demo_msgs-0.0.0-py3.10.egg-info/SOURCES.txt
[3.975s] -- Up-to-date symlink: /home/winicon/smilebot_ws/install/serial_motor_demo_msgs/local/lib/python3.10/dist-packages/serial_motor_demo_msgs-0.0.0-py3.10.egg-info/dependency_links.txt
[3.976s] -- Up-to-date symlink: /home/winicon/smilebot_ws/install/serial_motor_demo_msgs/local/lib/python3.10/dist-packages/serial_motor_demo_msgs-0.0.0-py3.10.egg-info/top_level.txt
[3.981s] -- Up-to-date symlink: /home/winicon/smilebot_ws/install/serial_motor_demo_msgs/local/lib/python3.10/dist-packages/serial_motor_demo_msgs/__init__.py
[3.982s] -- Up-to-date symlink: /home/winicon/smilebot_ws/install/serial_motor_demo_msgs/local/lib/python3.10/dist-packages/serial_motor_demo_msgs/_serial_motor_demo_msgs_s.ep.rosidl_typesupport_c.c
[3.983s] -- Up-to-date symlink: /home/winicon/smilebot_ws/install/serial_motor_demo_msgs/local/lib/python3.10/dist-packages/serial_motor_demo_msgs/_serial_motor_demo_msgs_s.ep.rosidl_typesupport_fastrtps_c.c
[3.984s] -- Up-to-date symlink: /home/winicon/smilebot_ws/install/serial_motor_demo_msgs/local/lib/python3.10/dist-packages/serial_motor_demo_msgs/_serial_motor_demo_msgs_s.ep.rosidl_typesupport_introspection_c.c
[3.985s] -- Up-to-date symlink: /home/winicon/smilebot_ws/install/serial_motor_demo_msgs/local/lib/python3.10/dist-packages/serial_motor_demo_msgs/libserial_motor_demo_msgs__rosidl_generator_py.so
[3.986s] -- Up-to-date symlink: /home/winicon/smilebot_ws/install/serial_motor_demo_msgs/local/lib/python3.10/dist-packages/serial_motor_demo_msgs/msg/__init__.py
[3.987s] -- Up-to-date symlink: /home/winicon/smilebot_ws/install/serial_motor_demo_msgs/local/lib/python3.10/dist-packages/serial_motor_demo_msgs/msg/_encoder_vals.py
[3.987s] -- Up-to-date symlink: /home/winicon/smilebot_ws/install/serial_motor_demo_msgs/local/lib/python3.10/dist-packages/serial_motor_demo_msgs/msg/_encoder_vals_s.c
[3.988s] -- Up-to-date symlink: /home/winicon/smilebot_ws/install/serial_motor_demo_msgs/local/lib/python3.10/dist-packages/serial_motor_demo_msgs/msg/_motor_command.py
[3.989s] -- Up-to-date symlink: /home/winicon/smilebot_ws/install/serial_motor_demo_msgs/local/lib/python3.10/dist-packages/serial_motor_demo_msgs/msg/_motor_command_s.c
[3.990s] -- Up-to-date symlink: /home/winicon/smilebot_ws/install/serial_motor_demo_msgs/local/lib/python3.10/dist-packages/serial_motor_demo_msgs/msg/_motor_vels.py
[3.991s] -- Up-to-date symlink: /home/winicon/smilebot_ws/install/serial_motor_demo_msgs/local/lib/python3.10/dist-packages/serial_motor_demo_msgs/msg/_motor_vels_s.c
[3.992s] -- Up-to-date symlink: /home/winicon/smilebot_ws/install/serial_motor_demo_msgs/local/lib/python3.10/dist-packages/serial_motor_demo_msgs/serial_motor_demo_msgs_s__rosidl_typesupport_c.cpython-310-aarch64-linux-gnu.so
[3.993s] -- Up-to-date symlink: /home/winicon/smilebot_ws/install/serial_motor_demo_msgs/local/lib/python3.10/dist-packages/serial_motor_demo_msgs/serial_motor_demo_msgs_s__rosidl_typesupport_fastrtps_c.cpython-310-aarch64-linux-gnu.so
[3.994s] -- Up-to-date symlink: /home/winicon/smilebot_ws/install/serial_motor_demo_msgs/local/lib/python3.10/dist-packages/serial_motor_demo_msgs/serial_motor_demo_msgs_s__rosidl_typesupport_introspection_c.cpython-310-aarch64-linux-gnu.so
[3.996s] -- Up-to-date symlink: /home/winicon/smilebot_ws/install/serial_motor_demo_msgs/local/lib/python3.10/dist-packages/serial_motor_demo_msgs/serial_motor_demo_msgs_s__rosidl_typesupport_fastrtps_c.cpython-310-aarch64-linux-gnu.so
[3.997s] -- Up-to-date symlink: /home/winicon/smilebot_ws/install/serial_motor_demo_msgs/local/lib/python3.10/dist-packages/serial_motor_demo_msgs/serial_motor_demo_msgs_s__rosidl_typesupport_introspection_c.cpython-310-aarch64-linux-gnu.so
[3.999s] -- Up-to-date symlink: /home/winicon/smilebot_ws/install/serial_motor_demo_msgs/local/lib/python3.10/dist-packages/serial_motor_demo_msgs/serial_motor_demo_msgs_s__rosidl_typesupport_c.cpython-310-aarch64-linux-gnu.so
[4.000s] -- Up-to-date symlink: /home/winicon/smilebot_ws/install/serial_motor_demo_msgs/share/serial_motor_demo_msgs/msg/MotorCommand.idl
[4.002s] -- Up-to-date symlink: /home/winicon/smilebot_ws/install/serial_motor_demo_msgs/share/serial_motor_demo_msgs/msg/MotorVels.idl
[4.003s] -- Up-to-date symlink: /home/winicon/smilebot_ws/install/serial_motor_demo_msgs/share/serial_motor_demo_msgs/msg/EncoderVals.idl
[4.003s] -- Up-to-date symlink: /home/winicon/smilebot_ws/install/serial_motor_demo_msgs/share/serial_motor_demo_msgs/msg/MotorCommand.msg
[4.004s] -- Up-to-date symlink: /home/winicon/smilebot_ws/install/serial_motor_demo_msgs/share/serial_motor_demo_msgs/msg/MotorVels.msg
[4.005s] -- Up-to-date symlink: /home/winicon/smilebot_ws/install/serial_motor_demo_msgs/share/serial_motor_demo_msgs/msg/EncoderVals.msg
[4.006s] -- Up-to-date symlink: /home/winicon/smilebot_ws/install/serial_motor_demo_msgs/share/ament_index/resource_index/package_run_dependencies/serial_motor_demo_msgs
[4.008s] -- Up-to-date symlink: /home/winicon/smilebot_ws/install/serial_motor_demo_msgs/share/ament_index/resource_index/parent_prefix_path/serial_motor_demo_msgs
[4.008s] -- Up-to-date symlink: /home/winicon/smilebot_ws/install/serial_motor_demo_msgs/share/serial_motor_demo_msgs/environment/ament_prefix_path.sh
[4.009s] -- Up-to-date symlink: /home/winicon/smilebot_ws/install/serial_motor_demo_msgs/share/serial_motor_demo_msgs/environment/ament_prefix_path.dsv
[4.010s] -- Up-to-date symlink: /home/winicon/smilebot_ws/install/serial_motor_demo_msgs/share/serial_motor_demo_msgs/environment/path.sh
[4.011s] -- Up-to-date symlink: /home/winicon/smilebot_ws/install/serial_motor_demo_msgs/share/serial_motor_demo_msgs/environment/path.dsv
[4.012s] -- Up-to-date symlink: /home/winicon/smilebot_ws/install/serial_motor_demo_msgs/share/serial_motor_demo_msgs/local_setup.bash
[4.013s] -- Up-to-date symlink: /home/winicon/smilebot_ws/install/serial_motor_demo_msgs/share/serial_motor_demo_msgs/local_setup.sh
[4.014s] -- Up-to-date symlink: /home/winicon/smilebot_ws/install/serial_motor_demo_msgs/share/serial_motor_demo_msgs/local_setup.zsh
[4.015s] -- Up-to-date symlink: /home/winicon/smilebot_ws/install/serial_motor_demo_msgs/share/serial_motor_demo_msgs/local_setup.dsv
[4.015s] -- Symlinking: /home/winicon/smilebot_ws/install/serial_motor_demo_msgs/share/serial_motor_demo_msgs/package.dsv
[4.050s] -- Up-to-date symlink: /home/winicon/smilebot_ws/install/serial_motor_demo_msgs/share/ament_index/resource_index/packages/serial_motor_demo_msgs
[4.051s] -- Up-to-date symlink: /home/winicon/smilebot_ws/install/serial_motor_demo_msgs/share/serial_motor_demo_msgs/cmake/rosidl_cmake-extras.cmake
[4.052s] -- Up-to-date symlink: /home/winicon/smilebot_ws/install/serial_motor_demo_msgs/share/serial_motor_demo_msgs/cmake/ament_cmake_export_include_directories-extras.cmake
[4.053s] -- Up-to-date symlink: /home/winicon/smilebot_ws/install/serial_motor_demo_msgs/share/serial_motor_demo_msgs/cmake/ament_cmake_export_libraries-extras.cmake
[4.054s] -- Up-to-date symlink: /home/winicon/smilebot_ws/install/serial_motor_demo_msgs/share/serial_motor_demo_msgs/cmake/ament_cmake_export_targets-extras.cmake
[4.055s] -- Up-to-date symlink: /home/winicon/smilebot_ws/install/serial_motor_demo_msgs/share/serial_motor_demo_msgs/cmake/rosidl_cmake_export_typesupport_targets-extras.cmake
[4.057s] -- Up-to-date symlink: /home/winicon/smilebot_ws/install/serial_motor_demo_msgs/share/serial_motor_demo_msgs/cmake/ament_cmake_export_dependencies-extras.cmake
[4.059s] -- Up-to-date symlink: /home/winicon/smilebot_ws/install/serial_motor_demo_msgs/share/serial_motor_demo_msgs/cmake/rosidl_cmake_export_typesupport_libraries-extras.cmake
[4.060s] -- Up-to-date symlink: /home/winicon/smilebot_ws/install/serial_motor_demo_msgs/share/serial_motor_demo_msgs/cmake/serial_motor_demo_msgsConfig.cmake
[4.061s] -- Up-to-date symlink: /home/winicon/smilebot_ws/install/serial_motor_demo_msgs/share/serial_motor_demo_msgs/cmake/serial_motor_demo_msgsConfig-version.cmake
[4.062s] -- Up-to-date symlink: /home/winicon/smilebot_ws/install/serial_motor_demo_msgs/share/serial_motor_demo_msgs/package.xml
[4.064s] -- Up-to-date: /home/winicon/smilebot_ws/install/serial_motor_demo_msgs/lib/libserial_motor_demo_msgs__rosidl_generator_c.so
[4.066s] -- Up-to-date: /home/winicon/smilebot_ws/install/serial_motor_demo_msgs/lib/libserial_motor_demo_msgs__rosidl_typesupport_fastrtps_c.so
[4.068s] -- Up-to-date: /home/winicon/smilebot_ws/install/serial_motor_demo_msgs/lib/libserial_motor_demo_msgs__rosidl_typesupport_introspection_c.so
[4.071s] -- Up-to-date: /home/winicon/smilebot_ws/install/serial_motor_demo_msgs/lib/libserial_motor_demo_msgs__rosidl_typesupport_c.so
[4.073s] -- Up-to-date: /home/winicon/smilebot_ws/install/serial_motor_demo_msgs/lib/libserial_motor_demo_msgs__rosidl_typesupport_fastrtps_cpp.so
[4.075s] -- Up-to-date: /home/winicon/smilebot_ws/install/serial_motor_demo_msgs/lib/libserial_motor_demo_msgs__rosidl_typesupport_introspection_cpp.so
[4.077s] -- Up-to-date: /home/winicon/smilebot_ws/install/serial_motor_demo_msgs/lib/libserial_motor_demo_msgs__rosidl_typesupport_cpp.so
[4.249s] Listing '/home/winicon/smilebot_ws/install/serial_motor_demo_msgs/local/lib/python3.10/dist-packages/serial_motor_demo_msgs'...
[4.251s] Listing '/home/winicon/smilebot_ws/install/serial_motor_demo_msgs/local/lib/python3.10/dist-packages/serial_motor_demo_msgs/msg'...
[4.272s] -- Up-to-date: /home/winicon/smilebot_ws/install/serial_motor_demo_msgs/lib/libserial_motor_demo_msgs__rosidl_generator_py.so
[4.273s] -- Up-to-date: /home/winicon/smilebot_ws/install/serial_motor_demo_msgs/share/serial_motor_demo_msgs/cmake/export_serial_motor_demo_msgs__rosidl_generator_cExport.cmake
[4.274s] -- Up-to-date: /home/winicon/smilebot_ws/install/serial_motor_demo_msgs/share/serial_motor_demo_msgs/cmake/export_serial_motor_demo_msgs__rosidl_generator_cExport-noconfig.cmake
[4.275s] -- Up-to-date: /home/winicon/smilebot_ws/install/serial_motor_demo_msgs/share/serial_motor_demo_msgs/cmake/export_serial_motor_demo_msgs__rosidl_typesupport_fastrtps_cExport.cmake
[4.275s] -- Up-to-date: /home/winicon/smilebot_ws/install/serial_motor_demo_msgs/share/serial_motor_demo_msgs/cmake/export_serial_motor_demo_msgs__rosidl_typesupport_fastrtps_cExport-noconfig.cmake
[4.277s] -- Up-to-date: /home/winicon/smilebot_ws/install/serial_motor_demo_msgs/share/serial_motor_demo_msgs/cmake/serial_motor_demo_msgs__rosidl_typesupport_introspection_cExport.cmake
[4.277s] -- Up-to-date: /home/winicon/smilebot_ws/install/serial_motor_demo_msgs/share/serial_motor_demo_msgs/cmake/serial_motor_demo_msgs__rosidl_typesupport_introspection_cExport-noconfig.cmake
[4.278s] -- Up-to-date: /home/winicon/smilebot_ws/install/serial_motor_demo_msgs/share/serial_motor_demo_msgs/cmake/serial_motor_demo_msgs__rosidl_typesupport_cExport.cmake
[4.279s] -- Up-to-date: /home/winicon/smilebot_ws/install/serial_motor_demo_msgs/share/serial_motor_demo_msgs/cmake/serial_motor_demo_msgs__rosidl_typesupport_cExport-noconfig.cmake
[4.280s] -- Up-to-date: /home/winicon/smilebot_ws/install/serial_motor_demo_msgs/share/serial_motor_demo_msgs/cmake/export_serial_motor_demo_msgs__rosidl_generator_cppExport.cmake
[4.281s] -- Up-to-date: /home/winicon/smilebot_ws/install/serial_motor_demo_msgs/share/serial_motor_demo_msgs/cmake/export_serial_motor_demo_msgs__rosidl_typesupport_fastrtps_cppExport.cmake
[4.281s] -- Up-to-date: /home/winicon/smilebot_ws/install/serial_motor_demo_msgs/share/serial_motor_demo_msgs/cmake/export_serial_motor_demo_msgs__rosidl_typesupport_fastrtps_cppExport-noconfig.cmake
[4.283s] -- Up-to-date: /home/winicon/smilebot_ws/install/serial_motor_demo_msgs/share/serial_motor_demo_msgs/cmake/serial_motor_demo_msgs__rosidl_typesupport_introspection_cppExport.cmake
[4.283s] -- Up-to-date: /home/winicon/smilebot_ws/install/serial_motor_demo_msgs/share/serial_motor_demo_msgs/cmake/serial_motor_demo_msgs__rosidl_typesupport_introspection_cppExport-noconfig.cmake
[4.284s] -- Up-to-date: /home/winicon/smilebot_ws/install/serial_motor_demo_msgs/share/serial_motor_demo_msgs/cmake/serial_motor_demo_msgs__rosidl_typesupport_cppExport.cmake
[4.285s] -- Up-to-date: /home/winicon/smilebot_ws/install/serial_motor_demo_msgs/share/serial_motor_demo_msgs/cmake/serial_motor_demo_msgs__rosidl_typesupport_cppExport-noconfig.cmake
[4.285s] -- Up-to-date: /home/winicon/smilebot_ws/install/serial_motor_demo_msgs/share/serial_motor_demo_msgs/cmake/export_serial_motor_demo_msgs__rosidl_generator_pyExport.cmake
[4.286s] -- Up-to-date: /home/winicon/smilebot_ws/install/serial_motor_demo_msgs/share/serial_motor_demo_msgs/cmake/export_serial_motor_demo_msgs__rosidl_generator_pyExport-noconfig.cmake
[4.294s] Invoked command in '/home/winicon/smilebot_ws/build/serial_motor_demo_msgs' returned '0': CMAKE_PREFIX_PATH=${CMAKE_PREFIX_PATH}:/home/winicon/smilebot_ws/install/serial_motor_demo:/opt/ros/humble /usr/bin/cmake --install /home/winicon/smilebot_ws/build/serial_motor_demo_msgs
