[0.150s] Invoking command in '/home/winicon/smilebot_ws/build/serial': CMAKE_PREFIX_PATH=${CMAKE_PREFIX_PATH}:/home/winicon/smilebot_ws/install/serial_motor_demo:/opt/ros/humble /usr/bin/cmake --build /home/winicon/smilebot_ws/build/serial -- -j4 -l4
[0.660s] [ 28%] Built target serial
[0.692s] [ 42%] Built target gtest_main
[0.746s] [ 57%] Built target gtest
[0.976s] [ 71%] Built target serial_example
[1.114s] [ 85%] Built target serial-test-timer
[1.133s] [100%] Built target serial-test
[1.253s] Invoked command in '/home/winicon/smilebot_ws/build/serial' returned '0': CMAKE_PREFIX_PATH=${CMAKE_PREFIX_PATH}:/home/winicon/smilebot_ws/install/serial_motor_demo:/opt/ros/humble /usr/bin/cmake --build /home/winicon/smilebot_ws/build/serial -- -j4 -l4
[2.036s] Invoking command in '/home/winicon/smilebot_ws/build/serial': CMAKE_PREFIX_PATH=${CMAKE_PREFIX_PATH}:/home/winicon/smilebot_ws/install/serial_motor_demo:/opt/ros/humble /usr/bin/cmake --install /home/winicon/smilebot_ws/build/serial
[2.106s] -- Install configuration: ""
[2.113s] -- Execute custom install script
[2.119s] -- Up-to-date symlink: /home/winicon/smilebot_ws/install/serial/lib/libserial.a
[2.126s] -- Up-to-date symlink: /home/winicon/smilebot_ws/install/serial/include/serial/serial.h
[2.131s] -- Up-to-date symlink: /home/winicon/smilebot_ws/install/serial/include/serial/v8stdint.h
[2.135s] -- Up-to-date symlink: /home/winicon/smilebot_ws/install/serial/share/serial/environment/library_path.sh
[2.138s] -- Up-to-date symlink: /home/winicon/smilebot_ws/install/serial/share/serial/environment/library_path.dsv
[2.141s] -- Up-to-date symlink: /home/winicon/smilebot_ws/install/serial/share/ament_index/resource_index/package_run_dependencies/serial
[2.144s] -- Up-to-date symlink: /home/winicon/smilebot_ws/install/serial/share/ament_index/resource_index/parent_prefix_path/serial
[2.147s] -- Up-to-date symlink: /home/winicon/smilebot_ws/install/serial/share/serial/environment/ament_prefix_path.sh
[2.154s] -- Up-to-date symlink: /home/winicon/smilebot_ws/install/serial/share/serial/environment/ament_prefix_path.dsv
[2.160s] -- Up-to-date symlink: /home/winicon/smilebot_ws/install/serial/share/serial/environment/path.sh
[2.161s] -- Up-to-date symlink: /home/winicon/smilebot_ws/install/serial/share/serial/environment/path.dsv
[2.162s] -- Up-to-date symlink: /home/winicon/smilebot_ws/install/serial/share/serial/local_setup.bash
[2.163s] -- Up-to-date symlink: /home/winicon/smilebot_ws/install/serial/share/serial/local_setup.sh
[2.163s] -- Up-to-date symlink: /home/winicon/smilebot_ws/install/serial/share/serial/local_setup.zsh
[2.166s] -- Up-to-date symlink: /home/winicon/smilebot_ws/install/serial/share/serial/local_setup.dsv
[2.166s] -- Symlinking: /home/winicon/smilebot_ws/install/serial/share/serial/package.dsv
[2.196s] -- Up-to-date symlink: /home/winicon/smilebot_ws/install/serial/share/ament_index/resource_index/packages/serial
[2.198s] -- Up-to-date symlink: /home/winicon/smilebot_ws/install/serial/share/serial/cmake/ament_cmake_export_include_directories-extras.cmake
[2.200s] -- Up-to-date symlink: /home/winicon/smilebot_ws/install/serial/share/serial/cmake/ament_cmake_export_libraries-extras.cmake
[2.202s] -- Up-to-date symlink: /home/winicon/smilebot_ws/install/serial/share/serial/cmake/serialConfig.cmake
[2.203s] -- Up-to-date symlink: /home/winicon/smilebot_ws/install/serial/share/serial/cmake/serialConfig-version.cmake
[2.207s] -- Up-to-date symlink: /home/winicon/smilebot_ws/install/serial/share/serial/package.xml
[2.276s] Invoked command in '/home/winicon/smilebot_ws/build/serial' returned '0': CMAKE_PREFIX_PATH=${CMAKE_PREFIX_PATH}:/home/winicon/smilebot_ws/install/serial_motor_demo:/opt/ros/humble /usr/bin/cmake --install /home/winicon/smilebot_ws/build/serial
