[0.451s] DEBUG:colcon:Command line arguments: ['/usr/bin/colcon', 'build', '--symlink-install']
[0.452s] DEBUG:colcon:Parsed command line arguments: Namespace(log_base=None, log_level=None, verb_name='build', build_base='build', install_base='install', merge_install=False, symlink_install=True, test_result_base=None, continue_on_error=False, executor='parallel', parallel_workers=4, event_handlers=None, ignore_user_meta=False, metas=['./colcon.meta'], base_paths=['.'], packages_ignore=None, packages_ignore_regex=None, paths=None, packages_up_to=None, packages_up_to_regex=None, packages_above=None, packages_above_and_dependencies=None, packages_above_depth=None, packages_select_by_dep=None, packages_skip_by_dep=None, packages_skip_up_to=None, packages_select_build_failed=False, packages_skip_build_finished=False, packages_select_test_failures=False, packages_skip_test_passed=False, packages_select=None, packages_skip=None, packages_select_regex=None, packages_skip_regex=None, packages_start=None, packages_end=None, allow_overriding=[], cmake_args=None, cmake_target=None, cmake_target_skip_unavailable=False, cmake_clean_cache=False, cmake_clean_first=False, cmake_force_configure=False, ament_cmake_args=None, catkin_cmake_args=None, catkin_skip_building_tests=False, verb_parser=<colcon_defaults.argument_parser.defaults.DefaultArgumentsDecorator object at 0xffff97bc5750>, verb_extension=<colcon_core.verb.build.BuildVerb object at 0xffff97bc46a0>, main=<bound method BuildVerb.main of <colcon_core.verb.build.BuildVerb object at 0xffff97bc46a0>>)
[1.350s] Level 1:colcon.colcon_core.package_discovery:discover_packages(colcon_meta) check parameters
[1.351s] Level 1:colcon.colcon_core.package_discovery:discover_packages(recursive) check parameters
[1.351s] Level 1:colcon.colcon_core.package_discovery:discover_packages(ignore) check parameters
[1.351s] Level 1:colcon.colcon_core.package_discovery:discover_packages(path) check parameters
[1.352s] Level 1:colcon.colcon_core.package_discovery:discover_packages(colcon_meta) discover
[1.352s] Level 1:colcon.colcon_core.package_discovery:discover_packages(recursive) discover
[1.352s] INFO:colcon.colcon_core.package_discovery:Crawling recursively for packages in '/home/winicon/smilebot_ws'
[1.353s] Level 1:colcon.colcon_core.package_identification:_identify(.) by extensions ['ignore', 'ignore_ament_install']
[1.353s] Level 1:colcon.colcon_core.package_identification:_identify(.) by extension 'ignore'
[1.353s] Level 1:colcon.colcon_core.package_identification:_identify(.) by extension 'ignore_ament_install'
[1.354s] Level 1:colcon.colcon_core.package_identification:_identify(.) by extensions ['colcon_pkg']
[1.354s] Level 1:colcon.colcon_core.package_identification:_identify(.) by extension 'colcon_pkg'
[1.354s] Level 1:colcon.colcon_core.package_identification:_identify(.) by extensions ['colcon_meta']
[1.354s] Level 1:colcon.colcon_core.package_identification:_identify(.) by extension 'colcon_meta'
[1.354s] Level 1:colcon.colcon_core.package_identification:_identify(.) by extensions ['ros']
[1.354s] Level 1:colcon.colcon_core.package_identification:_identify(.) by extension 'ros'
[1.401s] Level 1:colcon.colcon_core.package_identification:_identify(.) by extensions ['cmake', 'python']
[1.401s] Level 1:colcon.colcon_core.package_identification:_identify(.) by extension 'cmake'
[1.401s] Level 1:colcon.colcon_core.package_identification:_identify(.) by extension 'python'
[1.401s] Level 1:colcon.colcon_core.package_identification:_identify(.) by extensions ['python_setup_py']
[1.402s] Level 1:colcon.colcon_core.package_identification:_identify(.) by extension 'python_setup_py'
[1.402s] Level 1:colcon.colcon_core.package_identification:_identify(build) by extensions ['ignore', 'ignore_ament_install']
[1.403s] Level 1:colcon.colcon_core.package_identification:_identify(build) by extension 'ignore'
[1.403s] Level 1:colcon.colcon_core.package_identification:_identify(build) ignored
[1.404s] Level 1:colcon.colcon_core.package_identification:_identify(install) by extensions ['ignore', 'ignore_ament_install']
[1.404s] Level 1:colcon.colcon_core.package_identification:_identify(install) by extension 'ignore'
[1.404s] Level 1:colcon.colcon_core.package_identification:_identify(install) ignored
[1.405s] Level 1:colcon.colcon_core.package_identification:_identify(log) by extensions ['ignore', 'ignore_ament_install']
[1.405s] Level 1:colcon.colcon_core.package_identification:_identify(log) by extension 'ignore'
[1.406s] Level 1:colcon.colcon_core.package_identification:_identify(log) ignored
[1.406s] Level 1:colcon.colcon_core.package_identification:_identify(pictures) by extensions ['ignore', 'ignore_ament_install']
[1.406s] Level 1:colcon.colcon_core.package_identification:_identify(pictures) by extension 'ignore'
[1.407s] Level 1:colcon.colcon_core.package_identification:_identify(pictures) by extension 'ignore_ament_install'
[1.407s] Level 1:colcon.colcon_core.package_identification:_identify(pictures) by extensions ['colcon_pkg']
[1.407s] Level 1:colcon.colcon_core.package_identification:_identify(pictures) by extension 'colcon_pkg'
[1.407s] Level 1:colcon.colcon_core.package_identification:_identify(pictures) by extensions ['colcon_meta']
[1.408s] Level 1:colcon.colcon_core.package_identification:_identify(pictures) by extension 'colcon_meta'
[1.408s] Level 1:colcon.colcon_core.package_identification:_identify(pictures) by extensions ['ros']
[1.408s] Level 1:colcon.colcon_core.package_identification:_identify(pictures) by extension 'ros'
[1.408s] Level 1:colcon.colcon_core.package_identification:_identify(pictures) by extensions ['cmake', 'python']
[1.409s] Level 1:colcon.colcon_core.package_identification:_identify(pictures) by extension 'cmake'
[1.409s] Level 1:colcon.colcon_core.package_identification:_identify(pictures) by extension 'python'
[1.409s] Level 1:colcon.colcon_core.package_identification:_identify(pictures) by extensions ['python_setup_py']
[1.409s] Level 1:colcon.colcon_core.package_identification:_identify(pictures) by extension 'python_setup_py'
[1.410s] Level 1:colcon.colcon_core.package_identification:_identify(src) by extensions ['ignore', 'ignore_ament_install']
[1.410s] Level 1:colcon.colcon_core.package_identification:_identify(src) by extension 'ignore'
[1.410s] Level 1:colcon.colcon_core.package_identification:_identify(src) by extension 'ignore_ament_install'
[1.411s] Level 1:colcon.colcon_core.package_identification:_identify(src) by extensions ['colcon_pkg']
[1.411s] Level 1:colcon.colcon_core.package_identification:_identify(src) by extension 'colcon_pkg'
[1.411s] Level 1:colcon.colcon_core.package_identification:_identify(src) by extensions ['colcon_meta']
[1.411s] Level 1:colcon.colcon_core.package_identification:_identify(src) by extension 'colcon_meta'
[1.411s] Level 1:colcon.colcon_core.package_identification:_identify(src) by extensions ['ros']
[1.412s] Level 1:colcon.colcon_core.package_identification:_identify(src) by extension 'ros'
[1.412s] Level 1:colcon.colcon_core.package_identification:_identify(src) by extensions ['cmake', 'python']
[1.412s] Level 1:colcon.colcon_core.package_identification:_identify(src) by extension 'cmake'
[1.412s] Level 1:colcon.colcon_core.package_identification:_identify(src) by extension 'python'
[1.413s] Level 1:colcon.colcon_core.package_identification:_identify(src) by extensions ['python_setup_py']
[1.413s] Level 1:colcon.colcon_core.package_identification:_identify(src) by extension 'python_setup_py'
[1.413s] Level 1:colcon.colcon_core.package_identification:_identify(src/diffdrive_arduino) by extensions ['ignore', 'ignore_ament_install']
[1.414s] Level 1:colcon.colcon_core.package_identification:_identify(src/diffdrive_arduino) by extension 'ignore'
[1.414s] Level 1:colcon.colcon_core.package_identification:_identify(src/diffdrive_arduino) by extension 'ignore_ament_install'
[1.414s] Level 1:colcon.colcon_core.package_identification:_identify(src/diffdrive_arduino) by extensions ['colcon_pkg']
[1.414s] Level 1:colcon.colcon_core.package_identification:_identify(src/diffdrive_arduino) by extension 'colcon_pkg'
[1.415s] Level 1:colcon.colcon_core.package_identification:_identify(src/diffdrive_arduino) by extensions ['colcon_meta']
[1.415s] Level 1:colcon.colcon_core.package_identification:_identify(src/diffdrive_arduino) by extension 'colcon_meta'
[1.415s] Level 1:colcon.colcon_core.package_identification:_identify(src/diffdrive_arduino) by extensions ['ros']
[1.415s] Level 1:colcon.colcon_core.package_identification:_identify(src/diffdrive_arduino) by extension 'ros'
[1.426s] DEBUG:colcon.colcon_core.package_identification:Package 'src/diffdrive_arduino' with type 'ros.ament_cmake' and name 'diffdrive_arduino'
[1.427s] Level 1:colcon.colcon_core.package_identification:_identify(src/my_bot) by extensions ['ignore', 'ignore_ament_install']
[1.428s] Level 1:colcon.colcon_core.package_identification:_identify(src/my_bot) by extension 'ignore'
[1.428s] Level 1:colcon.colcon_core.package_identification:_identify(src/my_bot) by extension 'ignore_ament_install'
[1.428s] Level 1:colcon.colcon_core.package_identification:_identify(src/my_bot) by extensions ['colcon_pkg']
[1.429s] Level 1:colcon.colcon_core.package_identification:_identify(src/my_bot) by extension 'colcon_pkg'
[1.429s] Level 1:colcon.colcon_core.package_identification:_identify(src/my_bot) by extensions ['colcon_meta']
[1.429s] Level 1:colcon.colcon_core.package_identification:_identify(src/my_bot) by extension 'colcon_meta'
[1.429s] Level 1:colcon.colcon_core.package_identification:_identify(src/my_bot) by extensions ['ros']
[1.429s] Level 1:colcon.colcon_core.package_identification:_identify(src/my_bot) by extension 'ros'
[1.431s] DEBUG:colcon.colcon_core.package_identification:Package 'src/my_bot' with type 'ros.ament_cmake' and name 'my_bot'
[1.432s] Level 1:colcon.colcon_core.package_identification:_identify(src/ros_arduino_bridge) by extensions ['ignore', 'ignore_ament_install']
[1.433s] Level 1:colcon.colcon_core.package_identification:_identify(src/ros_arduino_bridge) by extension 'ignore'
[1.433s] Level 1:colcon.colcon_core.package_identification:_identify(src/ros_arduino_bridge) by extension 'ignore_ament_install'
[1.433s] Level 1:colcon.colcon_core.package_identification:_identify(src/ros_arduino_bridge) by extensions ['colcon_pkg']
[1.433s] Level 1:colcon.colcon_core.package_identification:_identify(src/ros_arduino_bridge) by extension 'colcon_pkg'
[1.434s] Level 1:colcon.colcon_core.package_identification:_identify(src/ros_arduino_bridge) by extensions ['colcon_meta']
[1.434s] Level 1:colcon.colcon_core.package_identification:_identify(src/ros_arduino_bridge) by extension 'colcon_meta'
[1.434s] Level 1:colcon.colcon_core.package_identification:_identify(src/ros_arduino_bridge) by extensions ['ros']
[1.434s] Level 1:colcon.colcon_core.package_identification:_identify(src/ros_arduino_bridge) by extension 'ros'
[1.434s] Level 1:colcon.colcon_core.package_identification:_identify(src/ros_arduino_bridge) by extensions ['cmake', 'python']
[1.435s] Level 1:colcon.colcon_core.package_identification:_identify(src/ros_arduino_bridge) by extension 'cmake'
[1.435s] Level 1:colcon.colcon_core.package_identification:_identify(src/ros_arduino_bridge) by extension 'python'
[1.435s] Level 1:colcon.colcon_core.package_identification:_identify(src/ros_arduino_bridge) by extensions ['python_setup_py']
[1.435s] Level 1:colcon.colcon_core.package_identification:_identify(src/ros_arduino_bridge) by extension 'python_setup_py'
[1.436s] Level 1:colcon.colcon_core.package_identification:_identify(src/ros_arduino_bridge/ROSArduinoBridge) by extensions ['ignore', 'ignore_ament_install']
[1.436s] Level 1:colcon.colcon_core.package_identification:_identify(src/ros_arduino_bridge/ROSArduinoBridge) by extension 'ignore'
[1.437s] Level 1:colcon.colcon_core.package_identification:_identify(src/ros_arduino_bridge/ROSArduinoBridge) by extension 'ignore_ament_install'
[1.437s] Level 1:colcon.colcon_core.package_identification:_identify(src/ros_arduino_bridge/ROSArduinoBridge) by extensions ['colcon_pkg']
[1.437s] Level 1:colcon.colcon_core.package_identification:_identify(src/ros_arduino_bridge/ROSArduinoBridge) by extension 'colcon_pkg'
[1.437s] Level 1:colcon.colcon_core.package_identification:_identify(src/ros_arduino_bridge/ROSArduinoBridge) by extensions ['colcon_meta']
[1.438s] Level 1:colcon.colcon_core.package_identification:_identify(src/ros_arduino_bridge/ROSArduinoBridge) by extension 'colcon_meta'
[1.438s] Level 1:colcon.colcon_core.package_identification:_identify(src/ros_arduino_bridge/ROSArduinoBridge) by extensions ['ros']
[1.438s] Level 1:colcon.colcon_core.package_identification:_identify(src/ros_arduino_bridge/ROSArduinoBridge) by extension 'ros'
[1.438s] Level 1:colcon.colcon_core.package_identification:_identify(src/ros_arduino_bridge/ROSArduinoBridge) by extensions ['cmake', 'python']
[1.439s] Level 1:colcon.colcon_core.package_identification:_identify(src/ros_arduino_bridge/ROSArduinoBridge) by extension 'cmake'
[1.439s] Level 1:colcon.colcon_core.package_identification:_identify(src/ros_arduino_bridge/ROSArduinoBridge) by extension 'python'
[1.439s] Level 1:colcon.colcon_core.package_identification:_identify(src/ros_arduino_bridge/ROSArduinoBridge) by extensions ['python_setup_py']
[1.439s] Level 1:colcon.colcon_core.package_identification:_identify(src/ros_arduino_bridge/ROSArduinoBridge) by extension 'python_setup_py'
[1.440s] Level 1:colcon.colcon_core.package_identification:_identify(src/ros_arduino_bridge_1) by extensions ['ignore', 'ignore_ament_install']
[1.440s] Level 1:colcon.colcon_core.package_identification:_identify(src/ros_arduino_bridge_1) by extension 'ignore'
[1.440s] Level 1:colcon.colcon_core.package_identification:_identify(src/ros_arduino_bridge_1) by extension 'ignore_ament_install'
[1.441s] Level 1:colcon.colcon_core.package_identification:_identify(src/ros_arduino_bridge_1) by extensions ['colcon_pkg']
[1.441s] Level 1:colcon.colcon_core.package_identification:_identify(src/ros_arduino_bridge_1) by extension 'colcon_pkg'
[1.441s] Level 1:colcon.colcon_core.package_identification:_identify(src/ros_arduino_bridge_1) by extensions ['colcon_meta']
[1.441s] Level 1:colcon.colcon_core.package_identification:_identify(src/ros_arduino_bridge_1) by extension 'colcon_meta'
[1.441s] Level 1:colcon.colcon_core.package_identification:_identify(src/ros_arduino_bridge_1) by extensions ['ros']
[1.442s] Level 1:colcon.colcon_core.package_identification:_identify(src/ros_arduino_bridge_1) by extension 'ros'
[1.442s] Level 1:colcon.colcon_core.package_identification:_identify(src/ros_arduino_bridge_1) by extensions ['cmake', 'python']
[1.442s] Level 1:colcon.colcon_core.package_identification:_identify(src/ros_arduino_bridge_1) by extension 'cmake'
[1.442s] Level 1:colcon.colcon_core.package_identification:_identify(src/ros_arduino_bridge_1) by extension 'python'
[1.443s] Level 1:colcon.colcon_core.package_identification:_identify(src/ros_arduino_bridge_1) by extensions ['python_setup_py']
[1.443s] Level 1:colcon.colcon_core.package_identification:_identify(src/ros_arduino_bridge_1) by extension 'python_setup_py'
[1.443s] Level 1:colcon.colcon_core.package_identification:_identify(src/ros_arduino_bridge_1/ROSArduinoBridge) by extensions ['ignore', 'ignore_ament_install']
[1.444s] Level 1:colcon.colcon_core.package_identification:_identify(src/ros_arduino_bridge_1/ROSArduinoBridge) by extension 'ignore'
[1.444s] Level 1:colcon.colcon_core.package_identification:_identify(src/ros_arduino_bridge_1/ROSArduinoBridge) by extension 'ignore_ament_install'
[1.444s] Level 1:colcon.colcon_core.package_identification:_identify(src/ros_arduino_bridge_1/ROSArduinoBridge) by extensions ['colcon_pkg']
[1.444s] Level 1:colcon.colcon_core.package_identification:_identify(src/ros_arduino_bridge_1/ROSArduinoBridge) by extension 'colcon_pkg'
[1.445s] Level 1:colcon.colcon_core.package_identification:_identify(src/ros_arduino_bridge_1/ROSArduinoBridge) by extensions ['colcon_meta']
[1.445s] Level 1:colcon.colcon_core.package_identification:_identify(src/ros_arduino_bridge_1/ROSArduinoBridge) by extension 'colcon_meta'
[1.445s] Level 1:colcon.colcon_core.package_identification:_identify(src/ros_arduino_bridge_1/ROSArduinoBridge) by extensions ['ros']
[1.445s] Level 1:colcon.colcon_core.package_identification:_identify(src/ros_arduino_bridge_1/ROSArduinoBridge) by extension 'ros'
[1.446s] Level 1:colcon.colcon_core.package_identification:_identify(src/ros_arduino_bridge_1/ROSArduinoBridge) by extensions ['cmake', 'python']
[1.446s] Level 1:colcon.colcon_core.package_identification:_identify(src/ros_arduino_bridge_1/ROSArduinoBridge) by extension 'cmake'
[1.446s] Level 1:colcon.colcon_core.package_identification:_identify(src/ros_arduino_bridge_1/ROSArduinoBridge) by extension 'python'
[1.446s] Level 1:colcon.colcon_core.package_identification:_identify(src/ros_arduino_bridge_1/ROSArduinoBridge) by extensions ['python_setup_py']
[1.447s] Level 1:colcon.colcon_core.package_identification:_identify(src/ros_arduino_bridge_1/ROSArduinoBridge) by extension 'python_setup_py'
[1.447s] Level 1:colcon.colcon_core.package_identification:_identify(src/serial) by extensions ['ignore', 'ignore_ament_install']
[1.448s] Level 1:colcon.colcon_core.package_identification:_identify(src/serial) by extension 'ignore'
[1.448s] Level 1:colcon.colcon_core.package_identification:_identify(src/serial) by extension 'ignore_ament_install'
[1.448s] Level 1:colcon.colcon_core.package_identification:_identify(src/serial) by extensions ['colcon_pkg']
[1.448s] Level 1:colcon.colcon_core.package_identification:_identify(src/serial) by extension 'colcon_pkg'
[1.449s] Level 1:colcon.colcon_core.package_identification:_identify(src/serial) by extensions ['colcon_meta']
[1.449s] Level 1:colcon.colcon_core.package_identification:_identify(src/serial) by extension 'colcon_meta'
[1.449s] Level 1:colcon.colcon_core.package_identification:_identify(src/serial) by extensions ['ros']
[1.449s] Level 1:colcon.colcon_core.package_identification:_identify(src/serial) by extension 'ros'
[1.452s] DEBUG:colcon.colcon_core.package_identification:Package 'src/serial' with type 'ros.ament_cmake' and name 'serial'
[1.452s] Level 1:colcon.colcon_core.package_identification:_identify(src/serial_motor_demo) by extensions ['ignore', 'ignore_ament_install']
[1.453s] Level 1:colcon.colcon_core.package_identification:_identify(src/serial_motor_demo) by extension 'ignore'
[1.453s] Level 1:colcon.colcon_core.package_identification:_identify(src/serial_motor_demo) by extension 'ignore_ament_install'
[1.453s] Level 1:colcon.colcon_core.package_identification:_identify(src/serial_motor_demo) by extensions ['colcon_pkg']
[1.454s] Level 1:colcon.colcon_core.package_identification:_identify(src/serial_motor_demo) by extension 'colcon_pkg'
[1.454s] Level 1:colcon.colcon_core.package_identification:_identify(src/serial_motor_demo) by extensions ['colcon_meta']
[1.454s] Level 1:colcon.colcon_core.package_identification:_identify(src/serial_motor_demo) by extension 'colcon_meta'
[1.454s] Level 1:colcon.colcon_core.package_identification:_identify(src/serial_motor_demo) by extensions ['ros']
[1.454s] Level 1:colcon.colcon_core.package_identification:_identify(src/serial_motor_demo) by extension 'ros'
[1.455s] Level 1:colcon.colcon_core.package_identification:_identify(src/serial_motor_demo) by extensions ['cmake', 'python']
[1.455s] Level 1:colcon.colcon_core.package_identification:_identify(src/serial_motor_demo) by extension 'cmake'
[1.455s] Level 1:colcon.colcon_core.package_identification:_identify(src/serial_motor_demo) by extension 'python'
[1.455s] Level 1:colcon.colcon_core.package_identification:_identify(src/serial_motor_demo) by extensions ['python_setup_py']
[1.455s] Level 1:colcon.colcon_core.package_identification:_identify(src/serial_motor_demo) by extension 'python_setup_py'
[1.456s] Level 1:colcon.colcon_core.package_identification:_identify(src/serial_motor_demo/serial_motor_demo) by extensions ['ignore', 'ignore_ament_install']
[1.456s] Level 1:colcon.colcon_core.package_identification:_identify(src/serial_motor_demo/serial_motor_demo) by extension 'ignore'
[1.457s] Level 1:colcon.colcon_core.package_identification:_identify(src/serial_motor_demo/serial_motor_demo) by extension 'ignore_ament_install'
[1.457s] Level 1:colcon.colcon_core.package_identification:_identify(src/serial_motor_demo/serial_motor_demo) by extensions ['colcon_pkg']
[1.457s] Level 1:colcon.colcon_core.package_identification:_identify(src/serial_motor_demo/serial_motor_demo) by extension 'colcon_pkg'
[1.458s] Level 1:colcon.colcon_core.package_identification:_identify(src/serial_motor_demo/serial_motor_demo) by extensions ['colcon_meta']
[1.458s] Level 1:colcon.colcon_core.package_identification:_identify(src/serial_motor_demo/serial_motor_demo) by extension 'colcon_meta'
[1.458s] Level 1:colcon.colcon_core.package_identification:_identify(src/serial_motor_demo/serial_motor_demo) by extensions ['ros']
[1.458s] Level 1:colcon.colcon_core.package_identification:_identify(src/serial_motor_demo/serial_motor_demo) by extension 'ros'
[1.461s] DEBUG:colcon.colcon_core.package_identification:Package 'src/serial_motor_demo/serial_motor_demo' with type 'ros.ament_python' and name 'serial_motor_demo'
[1.462s] Level 1:colcon.colcon_core.package_identification:_identify(src/serial_motor_demo/serial_motor_demo_msgs) by extensions ['ignore', 'ignore_ament_install']
[1.462s] Level 1:colcon.colcon_core.package_identification:_identify(src/serial_motor_demo/serial_motor_demo_msgs) by extension 'ignore'
[1.463s] Level 1:colcon.colcon_core.package_identification:_identify(src/serial_motor_demo/serial_motor_demo_msgs) by extension 'ignore_ament_install'
[1.463s] Level 1:colcon.colcon_core.package_identification:_identify(src/serial_motor_demo/serial_motor_demo_msgs) by extensions ['colcon_pkg']
[1.463s] Level 1:colcon.colcon_core.package_identification:_identify(src/serial_motor_demo/serial_motor_demo_msgs) by extension 'colcon_pkg'
[1.463s] Level 1:colcon.colcon_core.package_identification:_identify(src/serial_motor_demo/serial_motor_demo_msgs) by extensions ['colcon_meta']
[1.463s] Level 1:colcon.colcon_core.package_identification:_identify(src/serial_motor_demo/serial_motor_demo_msgs) by extension 'colcon_meta'
[1.464s] Level 1:colcon.colcon_core.package_identification:_identify(src/serial_motor_demo/serial_motor_demo_msgs) by extensions ['ros']
[1.464s] Level 1:colcon.colcon_core.package_identification:_identify(src/serial_motor_demo/serial_motor_demo_msgs) by extension 'ros'
[1.466s] DEBUG:colcon.colcon_core.package_identification:Package 'src/serial_motor_demo/serial_motor_demo_msgs' with type 'ros.ament_cmake' and name 'serial_motor_demo_msgs'
[1.466s] Level 1:colcon.colcon_core.package_discovery:discover_packages(recursive) using defaults
[1.467s] Level 1:colcon.colcon_core.package_discovery:discover_packages(ignore) discover
[1.467s] Level 1:colcon.colcon_core.package_discovery:discover_packages(ignore) using defaults
[1.467s] Level 1:colcon.colcon_core.package_discovery:discover_packages(path) discover
[1.467s] Level 1:colcon.colcon_core.package_discovery:discover_packages(path) using defaults
[1.582s] Level 1:colcon.colcon_core.package_discovery:discover_packages(prefix_path) check parameters
[1.582s] Level 1:colcon.colcon_core.package_discovery:discover_packages(prefix_path) discover
[1.592s] DEBUG:colcon.colcon_installed_package_information.package_discovery:Found 6 installed packages in /home/winicon/smilebot_ws/install
[1.602s] DEBUG:colcon.colcon_installed_package_information.package_discovery:Found 317 installed packages in /opt/ros/humble
[1.609s] Level 1:colcon.colcon_core.package_discovery:discover_packages(prefix_path) using defaults
[1.794s] Level 5:colcon.colcon_core.verb:set package 'diffdrive_arduino' build argument 'cmake_args' from command line to 'None'
[1.795s] Level 5:colcon.colcon_core.verb:set package 'diffdrive_arduino' build argument 'cmake_target' from command line to 'None'
[1.795s] Level 5:colcon.colcon_core.verb:set package 'diffdrive_arduino' build argument 'cmake_target_skip_unavailable' from command line to 'False'
[1.795s] Level 5:colcon.colcon_core.verb:set package 'diffdrive_arduino' build argument 'cmake_clean_cache' from command line to 'False'
[1.795s] Level 5:colcon.colcon_core.verb:set package 'diffdrive_arduino' build argument 'cmake_clean_first' from command line to 'False'
[1.795s] Level 5:colcon.colcon_core.verb:set package 'diffdrive_arduino' build argument 'cmake_force_configure' from command line to 'False'
[1.795s] Level 5:colcon.colcon_core.verb:set package 'diffdrive_arduino' build argument 'ament_cmake_args' from command line to 'None'
[1.795s] Level 5:colcon.colcon_core.verb:set package 'diffdrive_arduino' build argument 'catkin_cmake_args' from command line to 'None'
[1.796s] Level 5:colcon.colcon_core.verb:set package 'diffdrive_arduino' build argument 'catkin_skip_building_tests' from command line to 'False'
[1.796s] DEBUG:colcon.colcon_core.verb:Building package 'diffdrive_arduino' with the following arguments: {'ament_cmake_args': None, 'build_base': '/home/winicon/smilebot_ws/build/diffdrive_arduino', 'catkin_cmake_args': None, 'catkin_skip_building_tests': False, 'cmake_args': None, 'cmake_clean_cache': False, 'cmake_clean_first': False, 'cmake_force_configure': False, 'cmake_target': None, 'cmake_target_skip_unavailable': False, 'install_base': '/home/winicon/smilebot_ws/install/diffdrive_arduino', 'merge_install': False, 'path': '/home/winicon/smilebot_ws/src/diffdrive_arduino', 'symlink_install': True, 'test_result_base': None}
[1.797s] Level 5:colcon.colcon_core.verb:set package 'my_bot' build argument 'cmake_args' from command line to 'None'
[1.798s] Level 5:colcon.colcon_core.verb:set package 'my_bot' build argument 'cmake_target' from command line to 'None'
[1.798s] Level 5:colcon.colcon_core.verb:set package 'my_bot' build argument 'cmake_target_skip_unavailable' from command line to 'False'
[1.798s] Level 5:colcon.colcon_core.verb:set package 'my_bot' build argument 'cmake_clean_cache' from command line to 'False'
[1.798s] Level 5:colcon.colcon_core.verb:set package 'my_bot' build argument 'cmake_clean_first' from command line to 'False'
[1.798s] Level 5:colcon.colcon_core.verb:set package 'my_bot' build argument 'cmake_force_configure' from command line to 'False'
[1.798s] Level 5:colcon.colcon_core.verb:set package 'my_bot' build argument 'ament_cmake_args' from command line to 'None'
[1.798s] Level 5:colcon.colcon_core.verb:set package 'my_bot' build argument 'catkin_cmake_args' from command line to 'None'
[1.798s] Level 5:colcon.colcon_core.verb:set package 'my_bot' build argument 'catkin_skip_building_tests' from command line to 'False'
[1.799s] DEBUG:colcon.colcon_core.verb:Building package 'my_bot' with the following arguments: {'ament_cmake_args': None, 'build_base': '/home/winicon/smilebot_ws/build/my_bot', 'catkin_cmake_args': None, 'catkin_skip_building_tests': False, 'cmake_args': None, 'cmake_clean_cache': False, 'cmake_clean_first': False, 'cmake_force_configure': False, 'cmake_target': None, 'cmake_target_skip_unavailable': False, 'install_base': '/home/winicon/smilebot_ws/install/my_bot', 'merge_install': False, 'path': '/home/winicon/smilebot_ws/src/my_bot', 'symlink_install': True, 'test_result_base': None}
[1.800s] Level 5:colcon.colcon_core.verb:set package 'serial' build argument 'cmake_args' from command line to 'None'
[1.800s] Level 5:colcon.colcon_core.verb:set package 'serial' build argument 'cmake_target' from command line to 'None'
[1.800s] Level 5:colcon.colcon_core.verb:set package 'serial' build argument 'cmake_target_skip_unavailable' from command line to 'False'
[1.801s] Level 5:colcon.colcon_core.verb:set package 'serial' build argument 'cmake_clean_cache' from command line to 'False'
[1.801s] Level 5:colcon.colcon_core.verb:set package 'serial' build argument 'cmake_clean_first' from command line to 'False'
[1.801s] Level 5:colcon.colcon_core.verb:set package 'serial' build argument 'cmake_force_configure' from command line to 'False'
[1.801s] Level 5:colcon.colcon_core.verb:set package 'serial' build argument 'ament_cmake_args' from command line to 'None'
[1.801s] Level 5:colcon.colcon_core.verb:set package 'serial' build argument 'catkin_cmake_args' from command line to 'None'
[1.801s] Level 5:colcon.colcon_core.verb:set package 'serial' build argument 'catkin_skip_building_tests' from command line to 'False'
[1.801s] DEBUG:colcon.colcon_core.verb:Building package 'serial' with the following arguments: {'ament_cmake_args': None, 'build_base': '/home/winicon/smilebot_ws/build/serial', 'catkin_cmake_args': None, 'catkin_skip_building_tests': False, 'cmake_args': None, 'cmake_clean_cache': False, 'cmake_clean_first': False, 'cmake_force_configure': False, 'cmake_target': None, 'cmake_target_skip_unavailable': False, 'install_base': '/home/winicon/smilebot_ws/install/serial', 'merge_install': False, 'path': '/home/winicon/smilebot_ws/src/serial', 'symlink_install': True, 'test_result_base': None}
[1.803s] Level 5:colcon.colcon_core.verb:set package 'serial_motor_demo_msgs' build argument 'cmake_args' from command line to 'None'
[1.803s] Level 5:colcon.colcon_core.verb:set package 'serial_motor_demo_msgs' build argument 'cmake_target' from command line to 'None'
[1.803s] Level 5:colcon.colcon_core.verb:set package 'serial_motor_demo_msgs' build argument 'cmake_target_skip_unavailable' from command line to 'False'
[1.803s] Level 5:colcon.colcon_core.verb:set package 'serial_motor_demo_msgs' build argument 'cmake_clean_cache' from command line to 'False'
[1.803s] Level 5:colcon.colcon_core.verb:set package 'serial_motor_demo_msgs' build argument 'cmake_clean_first' from command line to 'False'
[1.804s] Level 5:colcon.colcon_core.verb:set package 'serial_motor_demo_msgs' build argument 'cmake_force_configure' from command line to 'False'
[1.804s] Level 5:colcon.colcon_core.verb:set package 'serial_motor_demo_msgs' build argument 'ament_cmake_args' from command line to 'None'
[1.804s] Level 5:colcon.colcon_core.verb:set package 'serial_motor_demo_msgs' build argument 'catkin_cmake_args' from command line to 'None'
[1.804s] Level 5:colcon.colcon_core.verb:set package 'serial_motor_demo_msgs' build argument 'catkin_skip_building_tests' from command line to 'False'
[1.804s] DEBUG:colcon.colcon_core.verb:Building package 'serial_motor_demo_msgs' with the following arguments: {'ament_cmake_args': None, 'build_base': '/home/winicon/smilebot_ws/build/serial_motor_demo_msgs', 'catkin_cmake_args': None, 'catkin_skip_building_tests': False, 'cmake_args': None, 'cmake_clean_cache': False, 'cmake_clean_first': False, 'cmake_force_configure': False, 'cmake_target': None, 'cmake_target_skip_unavailable': False, 'install_base': '/home/winicon/smilebot_ws/install/serial_motor_demo_msgs', 'merge_install': False, 'path': '/home/winicon/smilebot_ws/src/serial_motor_demo/serial_motor_demo_msgs', 'symlink_install': True, 'test_result_base': None}
[1.806s] Level 5:colcon.colcon_core.verb:set package 'serial_motor_demo' build argument 'cmake_args' from command line to 'None'
[1.806s] Level 5:colcon.colcon_core.verb:set package 'serial_motor_demo' build argument 'cmake_target' from command line to 'None'
[1.806s] Level 5:colcon.colcon_core.verb:set package 'serial_motor_demo' build argument 'cmake_target_skip_unavailable' from command line to 'False'
[1.806s] Level 5:colcon.colcon_core.verb:set package 'serial_motor_demo' build argument 'cmake_clean_cache' from command line to 'False'
[1.806s] Level 5:colcon.colcon_core.verb:set package 'serial_motor_demo' build argument 'cmake_clean_first' from command line to 'False'
[1.806s] Level 5:colcon.colcon_core.verb:set package 'serial_motor_demo' build argument 'cmake_force_configure' from command line to 'False'
[1.806s] Level 5:colcon.colcon_core.verb:set package 'serial_motor_demo' build argument 'ament_cmake_args' from command line to 'None'
[1.807s] Level 5:colcon.colcon_core.verb:set package 'serial_motor_demo' build argument 'catkin_cmake_args' from command line to 'None'
[1.807s] Level 5:colcon.colcon_core.verb:set package 'serial_motor_demo' build argument 'catkin_skip_building_tests' from command line to 'False'
[1.807s] DEBUG:colcon.colcon_core.verb:Building package 'serial_motor_demo' with the following arguments: {'ament_cmake_args': None, 'build_base': '/home/winicon/smilebot_ws/build/serial_motor_demo', 'catkin_cmake_args': None, 'catkin_skip_building_tests': False, 'cmake_args': None, 'cmake_clean_cache': False, 'cmake_clean_first': False, 'cmake_force_configure': False, 'cmake_target': None, 'cmake_target_skip_unavailable': False, 'install_base': '/home/winicon/smilebot_ws/install/serial_motor_demo', 'merge_install': False, 'path': '/home/winicon/smilebot_ws/src/serial_motor_demo/serial_motor_demo', 'symlink_install': True, 'test_result_base': None}
[1.807s] INFO:colcon.colcon_core.executor:Executing jobs using 'parallel' executor
[1.811s] DEBUG:colcon.colcon_parallel_executor.executor.parallel:run_until_complete
[1.812s] INFO:colcon.colcon_ros.task.ament_cmake.build:Building ROS package in '/home/winicon/smilebot_ws/src/serial_motor_demo/serial_motor_demo_msgs' with build type 'ament_cmake'
[1.813s] INFO:colcon.colcon_cmake.task.cmake.build:Building CMake package in '/home/winicon/smilebot_ws/src/serial_motor_demo/serial_motor_demo_msgs'
[1.824s] INFO:colcon.colcon_core.plugin_system:Skipping extension 'colcon_core.shell.bat': Not used on non-Windows systems
[1.825s] INFO:colcon.colcon_core.shell:Skip shell extension 'powershell' for command environment: Not usable outside of PowerShell
[1.825s] DEBUG:colcon.colcon_core.shell:Skip shell extension 'dsv' for command environment
[1.846s] INFO:colcon.colcon_ros.task.ament_cmake.build:Building ROS package in '/home/winicon/smilebot_ws/src/diffdrive_arduino' with build type 'ament_cmake'
[1.847s] INFO:colcon.colcon_cmake.task.cmake.build:Building CMake package in '/home/winicon/smilebot_ws/src/diffdrive_arduino'
[1.848s] INFO:colcon.colcon_core.shell:Skip shell extension 'powershell' for command environment: Not usable outside of PowerShell
[1.849s] DEBUG:colcon.colcon_core.shell:Skip shell extension 'dsv' for command environment
[1.872s] INFO:colcon.colcon_ros.task.ament_cmake.build:Building ROS package in '/home/winicon/smilebot_ws/src/my_bot' with build type 'ament_cmake'
[1.873s] INFO:colcon.colcon_cmake.task.cmake.build:Building CMake package in '/home/winicon/smilebot_ws/src/my_bot'
[1.874s] INFO:colcon.colcon_core.shell:Skip shell extension 'powershell' for command environment: Not usable outside of PowerShell
[1.875s] DEBUG:colcon.colcon_core.shell:Skip shell extension 'dsv' for command environment
[1.897s] INFO:colcon.colcon_ros.task.ament_cmake.build:Building ROS package in '/home/winicon/smilebot_ws/src/serial' with build type 'ament_cmake'
[1.898s] INFO:colcon.colcon_cmake.task.cmake.build:Building CMake package in '/home/winicon/smilebot_ws/src/serial'
[1.899s] INFO:colcon.colcon_core.shell:Skip shell extension 'powershell' for command environment: Not usable outside of PowerShell
[1.900s] DEBUG:colcon.colcon_core.shell:Skip shell extension 'dsv' for command environment
[1.941s] DEBUG:colcon.colcon_core.event_handler.log_command:Invoking command in '/home/winicon/smilebot_ws/build/serial_motor_demo_msgs': CMAKE_PREFIX_PATH=${CMAKE_PREFIX_PATH}:/home/winicon/smilebot_ws/install/serial_motor_demo:/opt/ros/humble /usr/bin/cmake --build /home/winicon/smilebot_ws/build/serial_motor_demo_msgs -- -j4 -l4
[1.978s] DEBUG:colcon.colcon_core.event_handler.log_command:Invoking command in '/home/winicon/smilebot_ws/build/diffdrive_arduino': CMAKE_PREFIX_PATH=${CMAKE_PREFIX_PATH}:/home/winicon/smilebot_ws/install/serial_motor_demo:/opt/ros/humble /usr/bin/cmake --build /home/winicon/smilebot_ws/build/diffdrive_arduino -- -j4 -l4
[1.994s] DEBUG:colcon.colcon_core.event_handler.log_command:Invoking command in '/home/winicon/smilebot_ws/build/my_bot': CMAKE_PREFIX_PATH=${CMAKE_PREFIX_PATH}:/home/winicon/smilebot_ws/install/serial_motor_demo:/opt/ros/humble /usr/bin/cmake --build /home/winicon/smilebot_ws/build/my_bot -- -j4 -l4
[2.031s] DEBUG:colcon.colcon_core.event_handler.log_command:Invoking command in '/home/winicon/smilebot_ws/build/serial': CMAKE_PREFIX_PATH=${CMAKE_PREFIX_PATH}:/home/winicon/smilebot_ws/install/serial_motor_demo:/opt/ros/humble /usr/bin/cmake --build /home/winicon/smilebot_ws/build/serial -- -j4 -l4
[2.237s] DEBUG:colcon.colcon_core.event_handler.log_command:Invoked command in '/home/winicon/smilebot_ws/build/my_bot' returned '0': CMAKE_PREFIX_PATH=${CMAKE_PREFIX_PATH}:/home/winicon/smilebot_ws/install/serial_motor_demo:/opt/ros/humble /usr/bin/cmake --build /home/winicon/smilebot_ws/build/my_bot -- -j4 -l4
[2.495s] DEBUG:colcon.colcon_core.event_handler.log_command:Invoked command in '/home/winicon/smilebot_ws/build/diffdrive_arduino' returned '0': CMAKE_PREFIX_PATH=${CMAKE_PREFIX_PATH}:/home/winicon/smilebot_ws/install/serial_motor_demo:/opt/ros/humble /usr/bin/cmake --build /home/winicon/smilebot_ws/build/diffdrive_arduino -- -j4 -l4
[2.687s] DEBUG:colcon.colcon_core.event_handler.log_command:Invoking command in '/home/winicon/smilebot_ws/build/my_bot': CMAKE_PREFIX_PATH=${CMAKE_PREFIX_PATH}:/home/winicon/smilebot_ws/install/serial_motor_demo:/opt/ros/humble /usr/bin/cmake --install /home/winicon/smilebot_ws/build/my_bot
[2.936s] Level 1:colcon.colcon_core.environment:create_environment_scripts_only(my_bot)
[2.967s] DEBUG:colcon.colcon_core.event_handler.log_command:Invoked command in '/home/winicon/smilebot_ws/build/my_bot' returned '0': CMAKE_PREFIX_PATH=${CMAKE_PREFIX_PATH}:/home/winicon/smilebot_ws/install/serial_motor_demo:/opt/ros/humble /usr/bin/cmake --install /home/winicon/smilebot_ws/build/my_bot
[2.970s] Level 1:colcon.colcon_core.environment:checking '/home/winicon/smilebot_ws/install/my_bot' for CMake module files
[2.973s] Level 1:colcon.colcon_core.environment:checking '/home/winicon/smilebot_ws/install/my_bot' for CMake config files
[2.976s] Level 1:colcon.colcon_core.shell:create_environment_hook('my_bot', 'cmake_prefix_path')
[2.978s] INFO:colcon.colcon_core.shell:Creating environment hook '/home/winicon/smilebot_ws/install/my_bot/share/my_bot/hook/cmake_prefix_path.ps1'
[2.982s] INFO:colcon.colcon_core.shell:Creating environment descriptor '/home/winicon/smilebot_ws/install/my_bot/share/my_bot/hook/cmake_prefix_path.dsv'
[2.985s] INFO:colcon.colcon_core.shell:Creating environment hook '/home/winicon/smilebot_ws/install/my_bot/share/my_bot/hook/cmake_prefix_path.sh'
[2.991s] Level 1:colcon.colcon_core.environment:checking '/home/winicon/smilebot_ws/install/my_bot/bin'
[2.992s] Level 1:colcon.colcon_core.environment:checking '/home/winicon/smilebot_ws/install/my_bot/lib/pkgconfig/my_bot.pc'
[2.994s] Level 1:colcon.colcon_core.environment:checking '/home/winicon/smilebot_ws/install/my_bot/lib/python3.10/site-packages'
[2.996s] Level 1:colcon.colcon_core.environment:checking '/home/winicon/smilebot_ws/install/my_bot/bin'
[2.997s] INFO:colcon.colcon_core.shell:Creating package script '/home/winicon/smilebot_ws/install/my_bot/share/my_bot/package.ps1'
[3.002s] INFO:colcon.colcon_core.shell:Creating package descriptor '/home/winicon/smilebot_ws/install/my_bot/share/my_bot/package.dsv'
[3.005s] INFO:colcon.colcon_core.shell:Creating package script '/home/winicon/smilebot_ws/install/my_bot/share/my_bot/package.sh'
[3.009s] INFO:colcon.colcon_core.shell:Creating package script '/home/winicon/smilebot_ws/install/my_bot/share/my_bot/package.bash'
[3.013s] INFO:colcon.colcon_core.shell:Creating package script '/home/winicon/smilebot_ws/install/my_bot/share/my_bot/package.zsh'
[3.017s] Level 1:colcon.colcon_core.environment:create_file_with_runtime_dependencies(/home/winicon/smilebot_ws/install/my_bot/share/colcon-core/packages/my_bot)
[3.030s] DEBUG:colcon.colcon_core.event_handler.log_command:Invoking command in '/home/winicon/smilebot_ws/build/diffdrive_arduino': CMAKE_PREFIX_PATH=${CMAKE_PREFIX_PATH}:/home/winicon/smilebot_ws/install/serial_motor_demo:/opt/ros/humble /usr/bin/cmake --install /home/winicon/smilebot_ws/build/diffdrive_arduino
[3.048s] DEBUG:colcon.colcon_core.event_handler.log_command:Invoked command in '/home/winicon/smilebot_ws/build/serial' returned '0': CMAKE_PREFIX_PATH=${CMAKE_PREFIX_PATH}:/home/winicon/smilebot_ws/install/serial_motor_demo:/opt/ros/humble /usr/bin/cmake --build /home/winicon/smilebot_ws/build/serial -- -j4 -l4
[3.251s] Level 1:colcon.colcon_core.environment:create_environment_scripts_only(diffdrive_arduino)
[3.253s] Level 1:colcon.colcon_core.environment:checking '/home/winicon/smilebot_ws/install/diffdrive_arduino' for CMake module files
[3.254s] DEBUG:colcon.colcon_core.event_handler.log_command:Invoked command in '/home/winicon/smilebot_ws/build/diffdrive_arduino' returned '0': CMAKE_PREFIX_PATH=${CMAKE_PREFIX_PATH}:/home/winicon/smilebot_ws/install/serial_motor_demo:/opt/ros/humble /usr/bin/cmake --install /home/winicon/smilebot_ws/build/diffdrive_arduino
[3.261s] Level 1:colcon.colcon_core.environment:checking '/home/winicon/smilebot_ws/install/diffdrive_arduino' for CMake config files
[3.272s] Level 1:colcon.colcon_core.shell:create_environment_hook('diffdrive_arduino', 'cmake_prefix_path')
[3.274s] INFO:colcon.colcon_core.shell:Creating environment hook '/home/winicon/smilebot_ws/install/diffdrive_arduino/share/diffdrive_arduino/hook/cmake_prefix_path.ps1'
[3.277s] INFO:colcon.colcon_core.shell:Creating environment descriptor '/home/winicon/smilebot_ws/install/diffdrive_arduino/share/diffdrive_arduino/hook/cmake_prefix_path.dsv'
[3.279s] INFO:colcon.colcon_core.shell:Creating environment hook '/home/winicon/smilebot_ws/install/diffdrive_arduino/share/diffdrive_arduino/hook/cmake_prefix_path.sh'
[3.284s] Level 1:colcon.colcon_core.environment:checking '/home/winicon/smilebot_ws/install/diffdrive_arduino/lib'
[3.285s] Level 1:colcon.colcon_core.shell:create_environment_hook('diffdrive_arduino', 'ld_library_path_lib')
[3.286s] INFO:colcon.colcon_core.shell:Creating environment hook '/home/winicon/smilebot_ws/install/diffdrive_arduino/share/diffdrive_arduino/hook/ld_library_path_lib.ps1'
[3.289s] INFO:colcon.colcon_core.shell:Creating environment descriptor '/home/winicon/smilebot_ws/install/diffdrive_arduino/share/diffdrive_arduino/hook/ld_library_path_lib.dsv'
[3.291s] INFO:colcon.colcon_core.shell:Creating environment hook '/home/winicon/smilebot_ws/install/diffdrive_arduino/share/diffdrive_arduino/hook/ld_library_path_lib.sh'
[3.294s] Level 1:colcon.colcon_core.environment:checking '/home/winicon/smilebot_ws/install/diffdrive_arduino/bin'
[3.294s] Level 1:colcon.colcon_core.environment:checking '/home/winicon/smilebot_ws/install/diffdrive_arduino/lib/pkgconfig/diffdrive_arduino.pc'
[3.295s] Level 1:colcon.colcon_core.environment:checking '/home/winicon/smilebot_ws/install/diffdrive_arduino/lib/python3.10/site-packages'
[3.297s] Level 1:colcon.colcon_core.environment:checking '/home/winicon/smilebot_ws/install/diffdrive_arduino/bin'
[3.299s] INFO:colcon.colcon_core.shell:Creating package script '/home/winicon/smilebot_ws/install/diffdrive_arduino/share/diffdrive_arduino/package.ps1'
[3.305s] INFO:colcon.colcon_core.shell:Creating package descriptor '/home/winicon/smilebot_ws/install/diffdrive_arduino/share/diffdrive_arduino/package.dsv'
[3.308s] INFO:colcon.colcon_core.shell:Creating package script '/home/winicon/smilebot_ws/install/diffdrive_arduino/share/diffdrive_arduino/package.sh'
[3.311s] INFO:colcon.colcon_core.shell:Creating package script '/home/winicon/smilebot_ws/install/diffdrive_arduino/share/diffdrive_arduino/package.bash'
[3.314s] INFO:colcon.colcon_core.shell:Creating package script '/home/winicon/smilebot_ws/install/diffdrive_arduino/share/diffdrive_arduino/package.zsh'
[3.317s] Level 1:colcon.colcon_core.environment:create_file_with_runtime_dependencies(/home/winicon/smilebot_ws/install/diffdrive_arduino/share/colcon-core/packages/diffdrive_arduino)
[3.331s] Level 1:colcon.colcon_core.environment:create_environment_scripts_only(my_bot)
[3.334s] Level 1:colcon.colcon_core.environment:checking '/home/winicon/smilebot_ws/install/my_bot' for CMake module files
[3.338s] Level 1:colcon.colcon_core.environment:checking '/home/winicon/smilebot_ws/install/my_bot' for CMake config files
[3.342s] Level 1:colcon.colcon_core.shell:create_environment_hook('my_bot', 'cmake_prefix_path')
[3.345s] INFO:colcon.colcon_core.shell:Creating environment hook '/home/winicon/smilebot_ws/install/my_bot/share/my_bot/hook/cmake_prefix_path.ps1'
[3.351s] INFO:colcon.colcon_core.shell:Creating environment descriptor '/home/winicon/smilebot_ws/install/my_bot/share/my_bot/hook/cmake_prefix_path.dsv'
[3.357s] INFO:colcon.colcon_core.shell:Creating environment hook '/home/winicon/smilebot_ws/install/my_bot/share/my_bot/hook/cmake_prefix_path.sh'
[3.363s] Level 1:colcon.colcon_core.environment:checking '/home/winicon/smilebot_ws/install/my_bot/bin'
[3.365s] Level 1:colcon.colcon_core.environment:checking '/home/winicon/smilebot_ws/install/my_bot/lib/pkgconfig/my_bot.pc'
[3.367s] Level 1:colcon.colcon_core.environment:checking '/home/winicon/smilebot_ws/install/my_bot/lib/python3.10/site-packages'
[3.369s] Level 1:colcon.colcon_core.environment:checking '/home/winicon/smilebot_ws/install/my_bot/bin'
[3.372s] INFO:colcon.colcon_core.shell:Creating package script '/home/winicon/smilebot_ws/install/my_bot/share/my_bot/package.ps1'
[3.375s] INFO:colcon.colcon_core.shell:Creating package descriptor '/home/winicon/smilebot_ws/install/my_bot/share/my_bot/package.dsv'
[3.379s] INFO:colcon.colcon_core.shell:Creating package script '/home/winicon/smilebot_ws/install/my_bot/share/my_bot/package.sh'
[3.382s] INFO:colcon.colcon_core.shell:Creating package script '/home/winicon/smilebot_ws/install/my_bot/share/my_bot/package.bash'
[3.385s] INFO:colcon.colcon_core.shell:Creating package script '/home/winicon/smilebot_ws/install/my_bot/share/my_bot/package.zsh'
[3.387s] Level 1:colcon.colcon_core.environment:create_file_with_runtime_dependencies(/home/winicon/smilebot_ws/install/my_bot/share/colcon-core/packages/my_bot)
[3.551s] DEBUG:colcon.colcon_core.event_handler.log_command:Invoking command in '/home/winicon/smilebot_ws/build/serial': CMAKE_PREFIX_PATH=${CMAKE_PREFIX_PATH}:/home/winicon/smilebot_ws/install/serial_motor_demo:/opt/ros/humble /usr/bin/cmake --install /home/winicon/smilebot_ws/build/serial
[3.638s] Level 1:colcon.colcon_core.environment:create_environment_scripts_only(diffdrive_arduino)
[3.639s] Level 1:colcon.colcon_core.environment:checking '/home/winicon/smilebot_ws/install/diffdrive_arduino' for CMake module files
[3.643s] Level 1:colcon.colcon_core.environment:checking '/home/winicon/smilebot_ws/install/diffdrive_arduino' for CMake config files
[3.654s] Level 1:colcon.colcon_core.shell:create_environment_hook('diffdrive_arduino', 'cmake_prefix_path')
[3.663s] INFO:colcon.colcon_core.shell:Creating environment hook '/home/winicon/smilebot_ws/install/diffdrive_arduino/share/diffdrive_arduino/hook/cmake_prefix_path.ps1'
[3.665s] INFO:colcon.colcon_core.shell:Creating environment descriptor '/home/winicon/smilebot_ws/install/diffdrive_arduino/share/diffdrive_arduino/hook/cmake_prefix_path.dsv'
[3.668s] INFO:colcon.colcon_core.shell:Creating environment hook '/home/winicon/smilebot_ws/install/diffdrive_arduino/share/diffdrive_arduino/hook/cmake_prefix_path.sh'
[3.680s] Level 1:colcon.colcon_core.environment:checking '/home/winicon/smilebot_ws/install/diffdrive_arduino/lib'
[3.681s] Level 1:colcon.colcon_core.shell:create_environment_hook('diffdrive_arduino', 'ld_library_path_lib')
[3.685s] INFO:colcon.colcon_core.shell:Creating environment hook '/home/winicon/smilebot_ws/install/diffdrive_arduino/share/diffdrive_arduino/hook/ld_library_path_lib.ps1'
[3.700s] INFO:colcon.colcon_core.shell:Creating environment descriptor '/home/winicon/smilebot_ws/install/diffdrive_arduino/share/diffdrive_arduino/hook/ld_library_path_lib.dsv'
[3.709s] INFO:colcon.colcon_core.shell:Creating environment hook '/home/winicon/smilebot_ws/install/diffdrive_arduino/share/diffdrive_arduino/hook/ld_library_path_lib.sh'
[3.714s] Level 1:colcon.colcon_core.environment:checking '/home/winicon/smilebot_ws/install/diffdrive_arduino/bin'
[3.715s] Level 1:colcon.colcon_core.environment:checking '/home/winicon/smilebot_ws/install/diffdrive_arduino/lib/pkgconfig/diffdrive_arduino.pc'
[3.717s] Level 1:colcon.colcon_core.environment:checking '/home/winicon/smilebot_ws/install/diffdrive_arduino/lib/python3.10/site-packages'
[3.718s] Level 1:colcon.colcon_core.environment:checking '/home/winicon/smilebot_ws/install/diffdrive_arduino/bin'
[3.720s] INFO:colcon.colcon_core.shell:Creating package script '/home/winicon/smilebot_ws/install/diffdrive_arduino/share/diffdrive_arduino/package.ps1'
[3.735s] INFO:colcon.colcon_core.shell:Creating package descriptor '/home/winicon/smilebot_ws/install/diffdrive_arduino/share/diffdrive_arduino/package.dsv'
[3.743s] INFO:colcon.colcon_core.shell:Creating package script '/home/winicon/smilebot_ws/install/diffdrive_arduino/share/diffdrive_arduino/package.sh'
[3.747s] INFO:colcon.colcon_core.shell:Creating package script '/home/winicon/smilebot_ws/install/diffdrive_arduino/share/diffdrive_arduino/package.bash'
[3.749s] INFO:colcon.colcon_core.shell:Creating package script '/home/winicon/smilebot_ws/install/diffdrive_arduino/share/diffdrive_arduino/package.zsh'
[3.753s] Level 1:colcon.colcon_core.environment:create_file_with_runtime_dependencies(/home/winicon/smilebot_ws/install/diffdrive_arduino/share/colcon-core/packages/diffdrive_arduino)
[3.778s] Level 1:colcon.colcon_core.environment:create_environment_scripts_only(serial)
[3.779s] Level 1:colcon.colcon_core.environment:checking '/home/winicon/smilebot_ws/install/serial' for CMake module files
[3.783s] DEBUG:colcon.colcon_core.event_handler.log_command:Invoked command in '/home/winicon/smilebot_ws/build/serial' returned '0': CMAKE_PREFIX_PATH=${CMAKE_PREFIX_PATH}:/home/winicon/smilebot_ws/install/serial_motor_demo:/opt/ros/humble /usr/bin/cmake --install /home/winicon/smilebot_ws/build/serial
[3.786s] Level 1:colcon.colcon_core.environment:checking '/home/winicon/smilebot_ws/install/serial' for CMake config files
[3.789s] Level 1:colcon.colcon_core.shell:create_environment_hook('serial', 'cmake_prefix_path')
[3.791s] INFO:colcon.colcon_core.shell:Creating environment hook '/home/winicon/smilebot_ws/install/serial/share/serial/hook/cmake_prefix_path.ps1'
[3.794s] INFO:colcon.colcon_core.shell:Creating environment descriptor '/home/winicon/smilebot_ws/install/serial/share/serial/hook/cmake_prefix_path.dsv'
[3.797s] INFO:colcon.colcon_core.shell:Creating environment hook '/home/winicon/smilebot_ws/install/serial/share/serial/hook/cmake_prefix_path.sh'
[3.801s] Level 1:colcon.colcon_core.environment:checking '/home/winicon/smilebot_ws/install/serial/lib'
[3.802s] Level 1:colcon.colcon_core.environment:checking '/home/winicon/smilebot_ws/install/serial/bin'
[3.803s] Level 1:colcon.colcon_core.environment:checking '/home/winicon/smilebot_ws/install/serial/lib/pkgconfig/serial.pc'
[3.805s] Level 1:colcon.colcon_core.environment:checking '/home/winicon/smilebot_ws/install/serial/lib/python3.10/site-packages'
[3.806s] Level 1:colcon.colcon_core.environment:checking '/home/winicon/smilebot_ws/install/serial/bin'
[3.808s] INFO:colcon.colcon_core.shell:Creating package script '/home/winicon/smilebot_ws/install/serial/share/serial/package.ps1'
[3.811s] INFO:colcon.colcon_core.shell:Creating package descriptor '/home/winicon/smilebot_ws/install/serial/share/serial/package.dsv'
[3.815s] INFO:colcon.colcon_core.shell:Creating package script '/home/winicon/smilebot_ws/install/serial/share/serial/package.sh'
[3.818s] INFO:colcon.colcon_core.shell:Creating package script '/home/winicon/smilebot_ws/install/serial/share/serial/package.bash'
[3.822s] INFO:colcon.colcon_core.shell:Creating package script '/home/winicon/smilebot_ws/install/serial/share/serial/package.zsh'
[3.825s] Level 1:colcon.colcon_core.environment:create_file_with_runtime_dependencies(/home/winicon/smilebot_ws/install/serial/share/colcon-core/packages/serial)
[4.046s] Level 1:colcon.colcon_core.environment:create_environment_scripts_only(serial)
[4.048s] Level 1:colcon.colcon_core.environment:checking '/home/winicon/smilebot_ws/install/serial' for CMake module files
[4.050s] Level 1:colcon.colcon_core.environment:checking '/home/winicon/smilebot_ws/install/serial' for CMake config files
[4.054s] Level 1:colcon.colcon_core.shell:create_environment_hook('serial', 'cmake_prefix_path')
[4.055s] INFO:colcon.colcon_core.shell:Creating environment hook '/home/winicon/smilebot_ws/install/serial/share/serial/hook/cmake_prefix_path.ps1'
[4.057s] INFO:colcon.colcon_core.shell:Creating environment descriptor '/home/winicon/smilebot_ws/install/serial/share/serial/hook/cmake_prefix_path.dsv'
[4.059s] INFO:colcon.colcon_core.shell:Creating environment hook '/home/winicon/smilebot_ws/install/serial/share/serial/hook/cmake_prefix_path.sh'
[4.062s] Level 1:colcon.colcon_core.environment:checking '/home/winicon/smilebot_ws/install/serial/lib'
[4.063s] Level 1:colcon.colcon_core.environment:checking '/home/winicon/smilebot_ws/install/serial/bin'
[4.063s] Level 1:colcon.colcon_core.environment:checking '/home/winicon/smilebot_ws/install/serial/lib/pkgconfig/serial.pc'
[4.064s] Level 1:colcon.colcon_core.environment:checking '/home/winicon/smilebot_ws/install/serial/lib/python3.10/site-packages'
[4.065s] Level 1:colcon.colcon_core.environment:checking '/home/winicon/smilebot_ws/install/serial/bin'
[4.067s] INFO:colcon.colcon_core.shell:Creating package script '/home/winicon/smilebot_ws/install/serial/share/serial/package.ps1'
[4.069s] INFO:colcon.colcon_core.shell:Creating package descriptor '/home/winicon/smilebot_ws/install/serial/share/serial/package.dsv'
[4.072s] INFO:colcon.colcon_core.shell:Creating package script '/home/winicon/smilebot_ws/install/serial/share/serial/package.sh'
[4.074s] INFO:colcon.colcon_core.shell:Creating package script '/home/winicon/smilebot_ws/install/serial/share/serial/package.bash'
[4.076s] INFO:colcon.colcon_core.shell:Creating package script '/home/winicon/smilebot_ws/install/serial/share/serial/package.zsh'
[4.079s] Level 1:colcon.colcon_core.environment:create_file_with_runtime_dependencies(/home/winicon/smilebot_ws/install/serial/share/colcon-core/packages/serial)
[4.679s] DEBUG:colcon.colcon_core.event_handler.log_command:Invoked command in '/home/winicon/smilebot_ws/build/serial_motor_demo_msgs' returned '0': CMAKE_PREFIX_PATH=${CMAKE_PREFIX_PATH}:/home/winicon/smilebot_ws/install/serial_motor_demo:/opt/ros/humble /usr/bin/cmake --build /home/winicon/smilebot_ws/build/serial_motor_demo_msgs -- -j4 -l4
[5.323s] DEBUG:colcon.colcon_core.event_handler.log_command:Invoking command in '/home/winicon/smilebot_ws/build/serial_motor_demo_msgs': CMAKE_PREFIX_PATH=${CMAKE_PREFIX_PATH}:/home/winicon/smilebot_ws/install/serial_motor_demo:/opt/ros/humble /usr/bin/cmake --install /home/winicon/smilebot_ws/build/serial_motor_demo_msgs
[5.728s] Level 1:colcon.colcon_core.environment:create_environment_scripts_only(serial_motor_demo_msgs)
[5.729s] Level 1:colcon.colcon_core.environment:checking '/home/winicon/smilebot_ws/install/serial_motor_demo_msgs' for CMake module files
[5.731s] DEBUG:colcon.colcon_core.event_handler.log_command:Invoked command in '/home/winicon/smilebot_ws/build/serial_motor_demo_msgs' returned '0': CMAKE_PREFIX_PATH=${CMAKE_PREFIX_PATH}:/home/winicon/smilebot_ws/install/serial_motor_demo:/opt/ros/humble /usr/bin/cmake --install /home/winicon/smilebot_ws/build/serial_motor_demo_msgs
[5.735s] Level 1:colcon.colcon_core.environment:checking '/home/winicon/smilebot_ws/install/serial_motor_demo_msgs' for CMake config files
[5.745s] Level 1:colcon.colcon_core.shell:create_environment_hook('serial_motor_demo_msgs', 'cmake_prefix_path')
[5.746s] INFO:colcon.colcon_core.shell:Creating environment hook '/home/winicon/smilebot_ws/install/serial_motor_demo_msgs/share/serial_motor_demo_msgs/hook/cmake_prefix_path.ps1'
[5.748s] INFO:colcon.colcon_core.shell:Creating environment descriptor '/home/winicon/smilebot_ws/install/serial_motor_demo_msgs/share/serial_motor_demo_msgs/hook/cmake_prefix_path.dsv'
[5.750s] INFO:colcon.colcon_core.shell:Creating environment hook '/home/winicon/smilebot_ws/install/serial_motor_demo_msgs/share/serial_motor_demo_msgs/hook/cmake_prefix_path.sh'
[5.753s] Level 1:colcon.colcon_core.environment:checking '/home/winicon/smilebot_ws/install/serial_motor_demo_msgs/lib'
[5.753s] Level 1:colcon.colcon_core.shell:create_environment_hook('serial_motor_demo_msgs', 'ld_library_path_lib')
[5.754s] INFO:colcon.colcon_core.shell:Creating environment hook '/home/winicon/smilebot_ws/install/serial_motor_demo_msgs/share/serial_motor_demo_msgs/hook/ld_library_path_lib.ps1'
[5.757s] INFO:colcon.colcon_core.shell:Creating environment descriptor '/home/winicon/smilebot_ws/install/serial_motor_demo_msgs/share/serial_motor_demo_msgs/hook/ld_library_path_lib.dsv'
[5.759s] INFO:colcon.colcon_core.shell:Creating environment hook '/home/winicon/smilebot_ws/install/serial_motor_demo_msgs/share/serial_motor_demo_msgs/hook/ld_library_path_lib.sh'
[5.761s] Level 1:colcon.colcon_core.environment:checking '/home/winicon/smilebot_ws/install/serial_motor_demo_msgs/bin'
[5.762s] Level 1:colcon.colcon_core.environment:checking '/home/winicon/smilebot_ws/install/serial_motor_demo_msgs/lib/pkgconfig/serial_motor_demo_msgs.pc'
[5.763s] Level 1:colcon.colcon_core.environment:checking '/home/winicon/smilebot_ws/install/serial_motor_demo_msgs/lib/python3.10/site-packages'
[5.764s] Level 1:colcon.colcon_core.environment:checking '/home/winicon/smilebot_ws/install/serial_motor_demo_msgs/bin'
[5.765s] INFO:colcon.colcon_core.shell:Creating package script '/home/winicon/smilebot_ws/install/serial_motor_demo_msgs/share/serial_motor_demo_msgs/package.ps1'
[5.767s] INFO:colcon.colcon_core.shell:Creating package descriptor '/home/winicon/smilebot_ws/install/serial_motor_demo_msgs/share/serial_motor_demo_msgs/package.dsv'
[5.770s] INFO:colcon.colcon_core.shell:Creating package script '/home/winicon/smilebot_ws/install/serial_motor_demo_msgs/share/serial_motor_demo_msgs/package.sh'
[5.772s] INFO:colcon.colcon_core.shell:Creating package script '/home/winicon/smilebot_ws/install/serial_motor_demo_msgs/share/serial_motor_demo_msgs/package.bash'
[5.774s] INFO:colcon.colcon_core.shell:Creating package script '/home/winicon/smilebot_ws/install/serial_motor_demo_msgs/share/serial_motor_demo_msgs/package.zsh'
[5.776s] Level 1:colcon.colcon_core.environment:create_file_with_runtime_dependencies(/home/winicon/smilebot_ws/install/serial_motor_demo_msgs/share/colcon-core/packages/serial_motor_demo_msgs)
[6.453s] Level 1:colcon.colcon_core.environment:create_environment_scripts_only(serial_motor_demo_msgs)
[6.454s] Level 1:colcon.colcon_core.environment:checking '/home/winicon/smilebot_ws/install/serial_motor_demo_msgs' for CMake module files
[6.460s] Level 1:colcon.colcon_core.environment:checking '/home/winicon/smilebot_ws/install/serial_motor_demo_msgs' for CMake config files
[6.471s] Level 1:colcon.colcon_core.shell:create_environment_hook('serial_motor_demo_msgs', 'cmake_prefix_path')
[6.472s] INFO:colcon.colcon_core.shell:Creating environment hook '/home/winicon/smilebot_ws/install/serial_motor_demo_msgs/share/serial_motor_demo_msgs/hook/cmake_prefix_path.ps1'
[6.474s] INFO:colcon.colcon_core.shell:Creating environment descriptor '/home/winicon/smilebot_ws/install/serial_motor_demo_msgs/share/serial_motor_demo_msgs/hook/cmake_prefix_path.dsv'
[6.476s] INFO:colcon.colcon_core.shell:Creating environment hook '/home/winicon/smilebot_ws/install/serial_motor_demo_msgs/share/serial_motor_demo_msgs/hook/cmake_prefix_path.sh'
[6.478s] Level 1:colcon.colcon_core.environment:checking '/home/winicon/smilebot_ws/install/serial_motor_demo_msgs/lib'
[6.479s] Level 1:colcon.colcon_core.shell:create_environment_hook('serial_motor_demo_msgs', 'ld_library_path_lib')
[6.480s] INFO:colcon.colcon_core.shell:Creating environment hook '/home/winicon/smilebot_ws/install/serial_motor_demo_msgs/share/serial_motor_demo_msgs/hook/ld_library_path_lib.ps1'
[6.482s] INFO:colcon.colcon_core.shell:Creating environment descriptor '/home/winicon/smilebot_ws/install/serial_motor_demo_msgs/share/serial_motor_demo_msgs/hook/ld_library_path_lib.dsv'
[6.484s] INFO:colcon.colcon_core.shell:Creating environment hook '/home/winicon/smilebot_ws/install/serial_motor_demo_msgs/share/serial_motor_demo_msgs/hook/ld_library_path_lib.sh'
[6.486s] Level 1:colcon.colcon_core.environment:checking '/home/winicon/smilebot_ws/install/serial_motor_demo_msgs/bin'
[6.486s] Level 1:colcon.colcon_core.environment:checking '/home/winicon/smilebot_ws/install/serial_motor_demo_msgs/lib/pkgconfig/serial_motor_demo_msgs.pc'
[6.487s] Level 1:colcon.colcon_core.environment:checking '/home/winicon/smilebot_ws/install/serial_motor_demo_msgs/lib/python3.10/site-packages'
[6.488s] Level 1:colcon.colcon_core.environment:checking '/home/winicon/smilebot_ws/install/serial_motor_demo_msgs/bin'
[6.489s] INFO:colcon.colcon_core.shell:Creating package script '/home/winicon/smilebot_ws/install/serial_motor_demo_msgs/share/serial_motor_demo_msgs/package.ps1'
[6.492s] INFO:colcon.colcon_core.shell:Creating package descriptor '/home/winicon/smilebot_ws/install/serial_motor_demo_msgs/share/serial_motor_demo_msgs/package.dsv'
[6.495s] INFO:colcon.colcon_core.shell:Creating package script '/home/winicon/smilebot_ws/install/serial_motor_demo_msgs/share/serial_motor_demo_msgs/package.sh'
[6.497s] INFO:colcon.colcon_core.shell:Creating package script '/home/winicon/smilebot_ws/install/serial_motor_demo_msgs/share/serial_motor_demo_msgs/package.bash'
[6.500s] INFO:colcon.colcon_core.shell:Creating package script '/home/winicon/smilebot_ws/install/serial_motor_demo_msgs/share/serial_motor_demo_msgs/package.zsh'
[6.502s] Level 1:colcon.colcon_core.environment:create_file_with_runtime_dependencies(/home/winicon/smilebot_ws/install/serial_motor_demo_msgs/share/colcon-core/packages/serial_motor_demo_msgs)
[6.504s] INFO:colcon.colcon_ros.task.ament_python.build:Building ROS package in '/home/winicon/smilebot_ws/src/serial_motor_demo/serial_motor_demo' with build type 'ament_python'
[6.505s] Level 1:colcon.colcon_core.shell:create_environment_hook('serial_motor_demo', 'ament_prefix_path')
[6.508s] INFO:colcon.colcon_core.shell:Creating environment hook '/home/winicon/smilebot_ws/install/serial_motor_demo/share/serial_motor_demo/hook/ament_prefix_path.ps1'
[6.510s] INFO:colcon.colcon_core.shell:Creating environment descriptor '/home/winicon/smilebot_ws/install/serial_motor_demo/share/serial_motor_demo/hook/ament_prefix_path.dsv'
[6.512s] INFO:colcon.colcon_core.shell:Creating environment hook '/home/winicon/smilebot_ws/install/serial_motor_demo/share/serial_motor_demo/hook/ament_prefix_path.sh'
[6.515s] INFO:colcon.colcon_core.shell:Skip shell extension 'powershell' for command environment: Not usable outside of PowerShell
[6.515s] DEBUG:colcon.colcon_core.shell:Skip shell extension 'dsv' for command environment
[7.858s] INFO:colcon.colcon_core.task.python.build:Building Python package in '/home/winicon/smilebot_ws/src/serial_motor_demo/serial_motor_demo'
[7.859s] INFO:colcon.colcon_core.shell:Skip shell extension 'powershell' for command environment: Not usable outside of PowerShell
[7.859s] DEBUG:colcon.colcon_core.shell:Skip shell extension 'dsv' for command environment
[9.686s] DEBUG:colcon.colcon_core.event_handler.log_command:Invoking command in '/home/winicon/smilebot_ws/build/serial_motor_demo': PYTHONPATH=/home/winicon/smilebot_ws/build/serial_motor_demo/prefix_override:/usr/lib/python3/dist-packages/colcon_core/task/python/colcon_distutils_commands:/home/winicon/smilebot_ws/install/serial_motor_demo/lib/python3.10/site-packages:${PYTHONPATH} /usr/bin/python3 -W ignore:setup.py install is deprecated setup.py develop --editable --build-directory /home/winicon/smilebot_ws/build/serial_motor_demo/build --no-deps symlink_data
[12.087s] Level 1:colcon.colcon_core.shell:create_environment_hook('serial_motor_demo', 'pythonpath_develop')
[12.088s] INFO:colcon.colcon_core.shell:Creating environment hook '/home/winicon/smilebot_ws/build/serial_motor_demo/share/serial_motor_demo/hook/pythonpath_develop.ps1'
[12.090s] DEBUG:colcon.colcon_core.event_handler.log_command:Invoked command in '/home/winicon/smilebot_ws/build/serial_motor_demo' returned '0': PYTHONPATH=/home/winicon/smilebot_ws/build/serial_motor_demo/prefix_override:/usr/lib/python3/dist-packages/colcon_core/task/python/colcon_distutils_commands:/home/winicon/smilebot_ws/install/serial_motor_demo/lib/python3.10/site-packages:${PYTHONPATH} /usr/bin/python3 -W ignore:setup.py install is deprecated setup.py develop --editable --build-directory /home/winicon/smilebot_ws/build/serial_motor_demo/build --no-deps symlink_data
[12.093s] INFO:colcon.colcon_core.shell:Creating environment descriptor '/home/winicon/smilebot_ws/build/serial_motor_demo/share/serial_motor_demo/hook/pythonpath_develop.dsv'
[12.095s] INFO:colcon.colcon_core.shell:Creating environment hook '/home/winicon/smilebot_ws/build/serial_motor_demo/share/serial_motor_demo/hook/pythonpath_develop.sh'
[12.098s] Level 1:colcon.colcon_core.environment:checking '/home/winicon/smilebot_ws/install/serial_motor_demo' for CMake module files
[12.100s] Level 1:colcon.colcon_core.environment:checking '/home/winicon/smilebot_ws/install/serial_motor_demo' for CMake config files
[12.104s] Level 1:colcon.colcon_core.environment:checking '/home/winicon/smilebot_ws/install/serial_motor_demo/lib'
[12.104s] Level 1:colcon.colcon_core.environment:checking '/home/winicon/smilebot_ws/install/serial_motor_demo/bin'
[12.105s] Level 1:colcon.colcon_core.environment:checking '/home/winicon/smilebot_ws/install/serial_motor_demo/lib/pkgconfig/serial_motor_demo.pc'
[12.106s] Level 1:colcon.colcon_core.environment:checking '/home/winicon/smilebot_ws/install/serial_motor_demo/lib/python3.10/site-packages'
[12.106s] Level 1:colcon.colcon_core.shell:create_environment_hook('serial_motor_demo', 'pythonpath')
[12.107s] INFO:colcon.colcon_core.shell:Creating environment hook '/home/winicon/smilebot_ws/install/serial_motor_demo/share/serial_motor_demo/hook/pythonpath.ps1'
[12.109s] INFO:colcon.colcon_core.shell:Creating environment descriptor '/home/winicon/smilebot_ws/install/serial_motor_demo/share/serial_motor_demo/hook/pythonpath.dsv'
[12.111s] INFO:colcon.colcon_core.shell:Creating environment hook '/home/winicon/smilebot_ws/install/serial_motor_demo/share/serial_motor_demo/hook/pythonpath.sh'
[12.114s] Level 1:colcon.colcon_core.environment:checking '/home/winicon/smilebot_ws/install/serial_motor_demo/bin'
[12.114s] Level 1:colcon.colcon_core.environment:create_environment_scripts_only(serial_motor_demo)
[12.116s] INFO:colcon.colcon_core.shell:Creating package script '/home/winicon/smilebot_ws/install/serial_motor_demo/share/serial_motor_demo/package.ps1'
[12.118s] INFO:colcon.colcon_core.shell:Creating package descriptor '/home/winicon/smilebot_ws/install/serial_motor_demo/share/serial_motor_demo/package.dsv'
[12.121s] INFO:colcon.colcon_core.shell:Creating package script '/home/winicon/smilebot_ws/install/serial_motor_demo/share/serial_motor_demo/package.sh'
[12.123s] INFO:colcon.colcon_core.shell:Creating package script '/home/winicon/smilebot_ws/install/serial_motor_demo/share/serial_motor_demo/package.bash'
[12.125s] INFO:colcon.colcon_core.shell:Creating package script '/home/winicon/smilebot_ws/install/serial_motor_demo/share/serial_motor_demo/package.zsh'
[12.127s] Level 1:colcon.colcon_core.environment:create_file_with_runtime_dependencies(/home/winicon/smilebot_ws/install/serial_motor_demo/share/colcon-core/packages/serial_motor_demo)
[12.129s] DEBUG:colcon.colcon_parallel_executor.executor.parallel:closing loop
[12.130s] DEBUG:colcon.colcon_parallel_executor.executor.parallel:loop closed
[12.130s] DEBUG:colcon.colcon_parallel_executor.executor.parallel:run_until_complete finished with '0'
[12.131s] DEBUG:colcon.colcon_core.event_reactor:joining thread
[12.156s] INFO:colcon.colcon_core.plugin_system:Skipping extension 'colcon_notification.desktop_notification.terminal_notifier': Not used on non-Darwin systems
[12.157s] INFO:colcon.colcon_core.plugin_system:Skipping extension 'colcon_notification.desktop_notification.win32': Not used on non-Windows systems
[12.157s] INFO:colcon.colcon_notification.desktop_notification:Sending desktop notification using 'notify2'
[12.573s] DEBUG:colcon.colcon_core.event_reactor:joined thread
[12.575s] INFO:colcon.colcon_core.shell:Creating prefix script '/home/winicon/smilebot_ws/install/local_setup.ps1'
[12.580s] INFO:colcon.colcon_core.shell:Creating prefix util module '/home/winicon/smilebot_ws/install/_local_setup_util_ps1.py'
[12.587s] INFO:colcon.colcon_core.shell:Creating prefix chain script '/home/winicon/smilebot_ws/install/setup.ps1'
[12.593s] INFO:colcon.colcon_core.shell:Creating prefix script '/home/winicon/smilebot_ws/install/local_setup.sh'
[12.596s] INFO:colcon.colcon_core.shell:Creating prefix util module '/home/winicon/smilebot_ws/install/_local_setup_util_sh.py'
[12.599s] INFO:colcon.colcon_core.shell:Creating prefix chain script '/home/winicon/smilebot_ws/install/setup.sh'
[12.605s] INFO:colcon.colcon_core.shell:Creating prefix script '/home/winicon/smilebot_ws/install/local_setup.bash'
[12.607s] INFO:colcon.colcon_core.shell:Creating prefix chain script '/home/winicon/smilebot_ws/install/setup.bash'
[12.613s] INFO:colcon.colcon_core.shell:Creating prefix script '/home/winicon/smilebot_ws/install/local_setup.zsh'
[12.615s] INFO:colcon.colcon_core.shell:Creating prefix chain script '/home/winicon/smilebot_ws/install/setup.zsh'
