-- Found ament_cmake: 1.3.9 (/opt/ros/humble/share/ament_cmake/cmake)
-- Override CMake install command with custom implementation using symlinks instead of copying resources
-- Found hardware_interface: 2.41.0 (/opt/ros/humble/share/hardware_interface/cmake)
-- Found rosidl_generator_c: 3.1.5 (/opt/ros/humble/share/rosidl_generator_c/cmake)
-- Found rosidl_adapter: 3.1.5 (/opt/ros/humble/share/rosidl_adapter/cmake)
-- Found rosidl_generator_cpp: 3.1.5 (/opt/ros/humble/share/rosidl_generator_cpp/cmake)
-- Using all available rosidl_typesupport_c: rosidl_typesupport_fastrtps_c;rosidl_typesupport_introspection_c
-- Using all available rosidl_typesupport_cpp: rosidl_typesupport_fastrtps_cpp;rosidl_typesupport_introspection_cpp
-- Found rmw_implementation_cmake: 6.1.2 (/opt/ros/humble/share/rmw_implementation_cmake/cmake)
-- Found rmw_fastrtps_cpp: 6.2.6 (/opt/ros/humble/share/rmw_fastrtps_cpp/cmake)
-- Found TinyXML2 via Config file: TinyXML2_DIR-NOTFOUND
-- Found TinyXML2 via Config file: TinyXML2_DIR-NOTFOUND
-- Found TinyXML2 via Config file: TinyXML2_DIR-NOTFOUND
-- Found TinyXML2 via Config file: TinyXML2_DIR-NOTFOUND
-- Using RMW implementation 'rmw_fastrtps_cpp' as default
-- Found ament_cmake_gtest: 1.3.9 (/opt/ros/humble/share/ament_cmake_gtest/cmake)
-- Configuring done
-- Generating done
-- Build files have been written to: /home/winicon/smilebot_ws/build/diffdrive_arduino
[ 50%] [32mBuilding CXX object CMakeFiles/diffdrive_arduino.dir/hardware/diffbot_system.cpp.o[0m
In file included from [01m[K/home/winicon/smilebot_ws/src/diffdrive_arduino/hardware/include/diffdrive_arduino/diffbot_system.hpp:34[m[K,
                 from [01m[K/home/winicon/smilebot_ws/src/diffdrive_arduino/hardware/diffbot_system.cpp:15[m[K:
[01m[K/home/winicon/smilebot_ws/src/diffdrive_arduino/hardware/include/diffdrive_arduino/arduino_comms.hpp:7:10:[m[K [01;31m[Kfatal error: [m[Klibserial/SerialPort.h: No such file or directory
    7 | #include [01;31m[K<libserial/SerialPort.h>[m[K
      |          [01;31m[K^~~~~~~~~~~~~~~~~~~~~~~~[m[K
compilation terminated.
gmake[2]: *** [CMakeFiles/diffdrive_arduino.dir/build.make:76: CMakeFiles/diffdrive_arduino.dir/hardware/diffbot_system.cpp.o] Error 1
gmake[1]: *** [CMakeFiles/Makefile2:137: CMakeFiles/diffdrive_arduino.dir/all] Error 2
gmake: *** [Makefile:146: all] Error 2
