[0.112s] Invoking command in '/home/winicon/smilebot_ws/build/diffdrive_arduino': CMAKE_PREFIX_PATH=/opt/ros/humble /usr/bin/cmake --build /home/winicon/smilebot_ws/build/diffdrive_arduino -- -j4 -l4
[2.352s] -- Found ament_cmake: 1.3.9 (/opt/ros/humble/share/ament_cmake/cmake)
[2.353s] -- Override CMake install command with custom implementation using symlinks instead of copying resources
[2.354s] -- Found hardware_interface: 2.41.0 (/opt/ros/humble/share/hardware_interface/cmake)
[2.355s] -- Found rosidl_generator_c: 3.1.5 (/opt/ros/humble/share/rosidl_generator_c/cmake)
[2.355s] -- Found rosidl_adapter: 3.1.5 (/opt/ros/humble/share/rosidl_adapter/cmake)
[2.356s] -- Found rosidl_generator_cpp: 3.1.5 (/opt/ros/humble/share/rosidl_generator_cpp/cmake)
[2.356s] -- Using all available rosidl_typesupport_c: rosidl_typesupport_fastrtps_c;rosidl_typesupport_introspection_c
[2.357s] -- Using all available rosidl_typesupport_cpp: rosidl_typesupport_fastrtps_cpp;rosidl_typesupport_introspection_cpp
[5.608s] -- Found rmw_implementation_cmake: 6.1.2 (/opt/ros/humble/share/rmw_implementation_cmake/cmake)
[5.624s] -- Found rmw_fastrtps_cpp: 6.2.6 (/opt/ros/humble/share/rmw_fastrtps_cpp/cmake)
[5.830s] -- Found TinyXML2 via Config file: TinyXML2_DIR-NOTFOUND
[5.880s] -- Found TinyXML2 via Config file: TinyXML2_DIR-NOTFOUND
[6.039s] -- Found TinyXML2 via Config file: TinyXML2_DIR-NOTFOUND
[6.078s] -- Found TinyXML2 via Config file: TinyXML2_DIR-NOTFOUND
[6.126s] -- Using RMW implementation 'rmw_fastrtps_cpp' as default
[7.185s] -- Found ament_cmake_gtest: 1.3.9 (/opt/ros/humble/share/ament_cmake_gtest/cmake)
[7.597s] -- Configuring done
[7.973s] -- Generating done
[7.984s] -- Build files have been written to: /home/winicon/smilebot_ws/build/diffdrive_arduino
[8.212s] [ 50%] [32mBuilding CXX object CMakeFiles/diffdrive_arduino.dir/hardware/diffbot_system.cpp.o[0m
[9.783s] In file included from [01m[K/home/winicon/smilebot_ws/src/diffdrive_arduino/hardware/include/diffdrive_arduino/diffbot_system.hpp:34[m[K,
[9.783s]                  from [01m[K/home/winicon/smilebot_ws/src/diffdrive_arduino/hardware/diffbot_system.cpp:15[m[K:
[9.784s] [01m[K/home/winicon/smilebot_ws/src/diffdrive_arduino/hardware/include/diffdrive_arduino/arduino_comms.hpp:7:10:[m[K [01;31m[Kfatal error: [m[Klibserial/SerialPort.h: No such file or directory
[9.785s]     7 | #include [01;31m[K<libserial/SerialPort.h>[m[K
[9.785s]       |          [01;31m[K^~~~~~~~~~~~~~~~~~~~~~~~[m[K
[9.786s] compilation terminated.
[9.792s] gmake[2]: *** [CMakeFiles/diffdrive_arduino.dir/build.make:76: CMakeFiles/diffdrive_arduino.dir/hardware/diffbot_system.cpp.o] Error 1
[9.794s] gmake[1]: *** [CMakeFiles/Makefile2:137: CMakeFiles/diffdrive_arduino.dir/all] Error 2
[9.795s] gmake: *** [Makefile:146: all] Error 2
[9.800s] Invoked command in '/home/winicon/smilebot_ws/build/diffdrive_arduino' returned '2': CMAKE_PREFIX_PATH=/opt/ros/humble /usr/bin/cmake --build /home/winicon/smilebot_ws/build/diffdrive_arduino -- -j4 -l4
