[0.120s] Invoking command in '/home/winicon/smilebot_ws/build/diffdrive_arduino': CMAKE_PREFIX_PATH=${CMAKE_PREFIX_PATH}:/home/winicon/smilebot_ws/install/serial_motor_demo:/opt/ros/humble /usr/bin/cmake --build /home/winicon/smilebot_ws/build/diffdrive_arduino -- -j4 -l4
[0.539s] [100%] Built target diffdrive_arduino
[0.657s] Invoked command in '/home/winicon/smilebot_ws/build/diffdrive_arduino' returned '0': CMAKE_PREFIX_PATH=${CMAKE_PREFIX_PATH}:/home/winicon/smilebot_ws/install/serial_motor_demo:/opt/ros/humble /usr/bin/cmake --build /home/winicon/smilebot_ws/build/diffdrive_arduino -- -j4 -l4
[1.251s] Invoking command in '/home/winicon/smilebot_ws/build/diffdrive_arduino': CMAKE_PREFIX_PATH=${CMAKE_PREFIX_PATH}:/home/winicon/smilebot_ws/install/serial_motor_demo:/opt/ros/humble /usr/bin/cmake --install /home/winicon/smilebot_ws/build/diffdrive_arduino
[1.294s] -- Install configuration: ""
[1.301s] -- Execute custom install script
[1.304s] -- Up-to-date symlink: /home/winicon/smilebot_ws/install/diffdrive_arduino/share/diffdrive_arduino//diffdrive_arduino.xml
[1.312s] -- Up-to-date symlink: /home/winicon/smilebot_ws/install/diffdrive_arduino/include/diffdrive_arduino/diffdrive_arduino/arduino_comms.hpp
[1.315s] -- Up-to-date symlink: /home/winicon/smilebot_ws/install/diffdrive_arduino/include/diffdrive_arduino/diffdrive_arduino/diffbot_system.hpp
[1.320s] -- Up-to-date symlink: /home/winicon/smilebot_ws/install/diffdrive_arduino/include/diffdrive_arduino/diffdrive_arduino/visibility_control.h
[1.322s] -- Up-to-date symlink: /home/winicon/smilebot_ws/install/diffdrive_arduino/include/diffdrive_arduino/diffdrive_arduino/wheel.hpp
[1.325s] -- Up-to-date symlink: /home/winicon/smilebot_ws/install/diffdrive_arduino/share/diffdrive_arduino/launch/view_robot.launch.py
[1.329s] -- Up-to-date symlink: /home/winicon/smilebot_ws/install/diffdrive_arduino/share/diffdrive_arduino/ros2_control/diffbot.ros2_control.xacro
[1.338s] -- Up-to-date symlink: /home/winicon/smilebot_ws/install/diffdrive_arduino/share/diffdrive_arduino/urdf/diffbot.materials.xacro
[1.341s] -- Up-to-date symlink: /home/winicon/smilebot_ws/install/diffdrive_arduino/share/diffdrive_arduino/urdf/diffbot.urdf.xacro
[1.345s] -- Up-to-date symlink: /home/winicon/smilebot_ws/install/diffdrive_arduino/share/diffdrive_arduino/urdf/diffbot_description.urdf.xacro
[1.348s] -- Up-to-date symlink: /home/winicon/smilebot_ws/install/diffdrive_arduino/share/diffdrive_arduino/rviz/diffbot.rviz
[1.350s] -- Up-to-date symlink: /home/winicon/smilebot_ws/install/diffdrive_arduino/share/diffdrive_arduino/rviz/diffbot_view.rviz
[1.353s] -- Up-to-date symlink: /home/winicon/smilebot_ws/install/diffdrive_arduino/share/diffdrive_arduino/launch/diffbot.launch.py
[1.357s] -- Up-to-date symlink: /home/winicon/smilebot_ws/install/diffdrive_arduino/share/diffdrive_arduino/config/diffbot_controllers.yaml
[1.359s] -- Up-to-date symlink: /home/winicon/smilebot_ws/install/diffdrive_arduino/share/diffdrive_arduino/environment/library_path.sh
[1.361s] -- Up-to-date symlink: /home/winicon/smilebot_ws/install/diffdrive_arduino/share/diffdrive_arduino/environment/library_path.dsv
[1.366s] -- Up-to-date symlink: /home/winicon/smilebot_ws/install/diffdrive_arduino/share/ament_index/resource_index/package_run_dependencies/diffdrive_arduino
[1.369s] -- Up-to-date symlink: /home/winicon/smilebot_ws/install/diffdrive_arduino/share/ament_index/resource_index/parent_prefix_path/diffdrive_arduino
[1.374s] -- Up-to-date symlink: /home/winicon/smilebot_ws/install/diffdrive_arduino/share/diffdrive_arduino/environment/ament_prefix_path.sh
[1.384s] -- Up-to-date symlink: /home/winicon/smilebot_ws/install/diffdrive_arduino/share/diffdrive_arduino/environment/ament_prefix_path.dsv
[1.387s] -- Up-to-date symlink: /home/winicon/smilebot_ws/install/diffdrive_arduino/share/diffdrive_arduino/environment/path.sh
[1.390s] -- Up-to-date symlink: /home/winicon/smilebot_ws/install/diffdrive_arduino/share/diffdrive_arduino/environment/path.dsv
[1.402s] -- Up-to-date symlink: /home/winicon/smilebot_ws/install/diffdrive_arduino/share/diffdrive_arduino/local_setup.bash
[1.416s] -- Up-to-date symlink: /home/winicon/smilebot_ws/install/diffdrive_arduino/share/diffdrive_arduino/local_setup.sh
[1.422s] -- Up-to-date symlink: /home/winicon/smilebot_ws/install/diffdrive_arduino/share/diffdrive_arduino/local_setup.zsh
[1.434s] -- Up-to-date symlink: /home/winicon/smilebot_ws/install/diffdrive_arduino/share/diffdrive_arduino/local_setup.dsv
[1.436s] -- Symlinking: /home/winicon/smilebot_ws/install/diffdrive_arduino/share/diffdrive_arduino/package.dsv
[1.526s] -- Up-to-date symlink: /home/winicon/smilebot_ws/install/diffdrive_arduino/share/ament_index/resource_index/packages/diffdrive_arduino
[1.527s] -- Up-to-date symlink: /home/winicon/smilebot_ws/install/diffdrive_arduino/share/ament_index/resource_index/hardware_interface__pluginlib__plugin/diffdrive_arduino
[1.529s] -- Up-to-date symlink: /home/winicon/smilebot_ws/install/diffdrive_arduino/share/diffdrive_arduino/cmake/ament_cmake_export_targets-extras.cmake
[1.530s] -- Up-to-date symlink: /home/winicon/smilebot_ws/install/diffdrive_arduino/share/diffdrive_arduino/cmake/ament_cmake_export_dependencies-extras.cmake
[1.532s] -- Up-to-date symlink: /home/winicon/smilebot_ws/install/diffdrive_arduino/share/diffdrive_arduino/cmake/diffdrive_arduinoConfig.cmake
[1.533s] -- Up-to-date symlink: /home/winicon/smilebot_ws/install/diffdrive_arduino/share/diffdrive_arduino/cmake/diffdrive_arduinoConfig-version.cmake
[1.534s] -- Up-to-date symlink: /home/winicon/smilebot_ws/install/diffdrive_arduino/share/diffdrive_arduino/package.xml
[1.535s] -- Up-to-date: /home/winicon/smilebot_ws/install/diffdrive_arduino/lib/libdiffdrive_arduino.so
[1.538s] -- Up-to-date: /home/winicon/smilebot_ws/install/diffdrive_arduino/share/diffdrive_arduino/cmake/export_diffdrive_arduinoExport.cmake
[1.538s] -- Up-to-date: /home/winicon/smilebot_ws/install/diffdrive_arduino/share/diffdrive_arduino/cmake/export_diffdrive_arduinoExport-noconfig.cmake
[1.566s] Invoked command in '/home/winicon/smilebot_ws/build/diffdrive_arduino' returned '0': CMAKE_PREFIX_PATH=${CMAKE_PREFIX_PATH}:/home/winicon/smilebot_ws/install/serial_motor_demo:/opt/ros/humble /usr/bin/cmake --install /home/winicon/smilebot_ws/build/diffdrive_arduino
