[0.120s] Invoking command in '/home/winicon/smilebot_ws/build/my_bot': CMAKE_PREFIX_PATH=/opt/ros/humble /usr/bin/cmake --build /home/winicon/smilebot_ws/build/my_bot -- -j4 -l4
[2.039s] Invoked command in '/home/winicon/smilebot_ws/build/my_bot' returned '0': CMAKE_PREFIX_PATH=/opt/ros/humble /usr/bin/cmake --build /home/winicon/smilebot_ws/build/my_bot -- -j4 -l4
[2.216s] Invoking command in '/home/winicon/smilebot_ws/build/my_bot': CMAKE_PREFIX_PATH=/opt/ros/humble /usr/bin/cmake --install /home/winicon/smilebot_ws/build/my_bot
[2.254s] -- Install configuration: ""
[2.259s] -- Execute custom install script
[2.267s] -- Up-to-date symlink: /home/winicon/smilebot_ws/install/my_bot/share/my_bot/config/empty.yaml
[2.271s] -- Up-to-date symlink: /home/winicon/smilebot_ws/install/my_bot/share/my_bot/config/my_controllers.yaml
[2.275s] -- Up-to-date symlink: /home/winicon/smilebot_ws/install/my_bot/share/my_bot/config/rvis_config01.rviz
[2.278s] -- Up-to-date symlink: /home/winicon/smilebot_ws/install/my_bot/share/my_bot/config/rviz_config02.rviz
[2.281s] -- Up-to-date symlink: /home/winicon/smilebot_ws/install/my_bot/share/my_bot/description/camera.xacro
[2.283s] -- Up-to-date symlink: /home/winicon/smilebot_ws/install/my_bot/share/my_bot/description/gazebo_control.xacro
[2.287s] -- Up-to-date symlink: /home/winicon/smilebot_ws/install/my_bot/share/my_bot/description/inertial_macros.xacro
[2.290s] -- Up-to-date symlink: /home/winicon/smilebot_ws/install/my_bot/share/my_bot/description/lidar.xacro
[2.294s] -- Up-to-date symlink: /home/winicon/smilebot_ws/install/my_bot/share/my_bot/description/robot.urdf.xacro
[2.295s] -- Up-to-date symlink: /home/winicon/smilebot_ws/install/my_bot/share/my_bot/description/robot_core.xacro
[2.296s] -- Up-to-date symlink: /home/winicon/smilebot_ws/install/my_bot/share/my_bot/description/ros2_control.xacro
[2.298s] -- Up-to-date symlink: /home/winicon/smilebot_ws/install/my_bot/share/my_bot/launch/__pycache__/rplidar.launch.cpython-310.pyc
[2.299s] -- Up-to-date symlink: /home/winicon/smilebot_ws/install/my_bot/share/my_bot/launch/launch_sim.launch.py
[2.300s] -- Up-to-date symlink: /home/winicon/smilebot_ws/install/my_bot/share/my_bot/launch/launch_smilebot.launch.py
[2.301s] -- Symlinking: /home/winicon/smilebot_ws/install/my_bot/share/my_bot/launch/raspberry_arduinoSerial_18082024_V2.py
[2.342s] -- Up-to-date symlink: /home/winicon/smilebot_ws/install/my_bot/share/my_bot/launch/rplidar.launch.py
[2.343s] -- Up-to-date symlink: /home/winicon/smilebot_ws/install/my_bot/share/my_bot/launch/rsp.launch.py
[2.344s] -- Up-to-date symlink: /home/winicon/smilebot_ws/install/my_bot/share/my_bot/worlds/cafe.world
[2.345s] -- Up-to-date symlink: /home/winicon/smilebot_ws/install/my_bot/share/my_bot/worlds/construction.world
[2.346s] -- Up-to-date symlink: /home/winicon/smilebot_ws/install/my_bot/share/my_bot/worlds/empty.world
[2.347s] -- Up-to-date symlink: /home/winicon/smilebot_ws/install/my_bot/share/my_bot/worlds/robotSpace.world
[2.348s] -- Up-to-date symlink: /home/winicon/smilebot_ws/install/my_bot/share/ament_index/resource_index/package_run_dependencies/my_bot
[2.349s] -- Up-to-date symlink: /home/winicon/smilebot_ws/install/my_bot/share/ament_index/resource_index/parent_prefix_path/my_bot
[2.351s] -- Up-to-date symlink: /home/winicon/smilebot_ws/install/my_bot/share/my_bot/environment/ament_prefix_path.sh
[2.352s] -- Up-to-date symlink: /home/winicon/smilebot_ws/install/my_bot/share/my_bot/environment/ament_prefix_path.dsv
[2.353s] -- Up-to-date symlink: /home/winicon/smilebot_ws/install/my_bot/share/my_bot/environment/path.sh
[2.358s] -- Up-to-date symlink: /home/winicon/smilebot_ws/install/my_bot/share/my_bot/environment/path.dsv
[2.362s] -- Up-to-date symlink: /home/winicon/smilebot_ws/install/my_bot/share/my_bot/local_setup.bash
[2.363s] -- Up-to-date symlink: /home/winicon/smilebot_ws/install/my_bot/share/my_bot/local_setup.sh
[2.364s] -- Up-to-date symlink: /home/winicon/smilebot_ws/install/my_bot/share/my_bot/local_setup.zsh
[2.383s] -- Up-to-date symlink: /home/winicon/smilebot_ws/install/my_bot/share/my_bot/local_setup.dsv
[2.384s] -- Symlinking: /home/winicon/smilebot_ws/install/my_bot/share/my_bot/package.dsv
[2.489s] -- Up-to-date symlink: /home/winicon/smilebot_ws/install/my_bot/share/ament_index/resource_index/packages/my_bot
[2.492s] -- Up-to-date symlink: /home/winicon/smilebot_ws/install/my_bot/share/my_bot/cmake/my_botConfig.cmake
[2.494s] -- Up-to-date symlink: /home/winicon/smilebot_ws/install/my_bot/share/my_bot/cmake/my_botConfig-version.cmake
[2.494s] -- Up-to-date symlink: /home/winicon/smilebot_ws/install/my_bot/share/my_bot/package.xml
[2.626s] Invoked command in '/home/winicon/smilebot_ws/build/my_bot' returned '0': CMAKE_PREFIX_PATH=/opt/ros/humble /usr/bin/cmake --install /home/winicon/smilebot_ws/build/my_bot
