[0.127s] Invoking command in '/home/winicon/smilebot_ws/build/serial': CMAKE_PREFIX_PATH=${CMAKE_PREFIX_PATH}:/home/winicon/smilebot_ws/install/serial_motor_demo:/opt/ros/humble /usr/bin/cmake --build /home/winicon/smilebot_ws/build/serial -- -j4 -l4
[0.518s] [ 14%] Built target gtest_main
[0.556s] [ 42%] Built target serial
[0.583s] [ 57%] Built target gtest
[0.809s] [ 71%] Built target serial_example
[0.837s] [ 85%] Built target serial-test-timer
[0.850s] [100%] Built target serial-test
[0.983s] Invoked command in '/home/winicon/smilebot_ws/build/serial' returned '0': CMAKE_PREFIX_PATH=${CMAKE_PREFIX_PATH}:/home/winicon/smilebot_ws/install/serial_motor_demo:/opt/ros/humble /usr/bin/cmake --build /home/winicon/smilebot_ws/build/serial -- -j4 -l4
[1.615s] Invoking command in '/home/winicon/smilebot_ws/build/serial': CMAKE_PREFIX_PATH=${CMAKE_PREFIX_PATH}:/home/winicon/smilebot_ws/install/serial_motor_demo:/opt/ros/humble /usr/bin/cmake --install /home/winicon/smilebot_ws/build/serial
[1.764s] -- Install configuration: ""
[1.765s] -- Execute custom install script
[1.766s] -- Up-to-date symlink: /home/winicon/smilebot_ws/install/serial/lib/libserial.a
[1.766s] -- Up-to-date symlink: /home/winicon/smilebot_ws/install/serial/include/serial/serial.h
[1.767s] -- Up-to-date symlink: /home/winicon/smilebot_ws/install/serial/include/serial/v8stdint.h
[1.767s] -- Up-to-date symlink: /home/winicon/smilebot_ws/install/serial/share/serial/environment/library_path.sh
[1.768s] -- Up-to-date symlink: /home/winicon/smilebot_ws/install/serial/share/serial/environment/library_path.dsv
[1.768s] -- Up-to-date symlink: /home/winicon/smilebot_ws/install/serial/share/ament_index/resource_index/package_run_dependencies/serial
[1.769s] -- Up-to-date symlink: /home/winicon/smilebot_ws/install/serial/share/ament_index/resource_index/parent_prefix_path/serial
[1.782s] -- Up-to-date symlink: /home/winicon/smilebot_ws/install/serial/share/serial/environment/ament_prefix_path.sh
[1.782s] -- Up-to-date symlink: /home/winicon/smilebot_ws/install/serial/share/serial/environment/ament_prefix_path.dsv
[1.783s] -- Up-to-date symlink: /home/winicon/smilebot_ws/install/serial/share/serial/environment/path.sh
[1.783s] -- Up-to-date symlink: /home/winicon/smilebot_ws/install/serial/share/serial/environment/path.dsv
[1.784s] -- Up-to-date symlink: /home/winicon/smilebot_ws/install/serial/share/serial/local_setup.bash
[1.784s] -- Up-to-date symlink: /home/winicon/smilebot_ws/install/serial/share/serial/local_setup.sh
[1.784s] -- Up-to-date symlink: /home/winicon/smilebot_ws/install/serial/share/serial/local_setup.zsh
[1.785s] -- Up-to-date symlink: /home/winicon/smilebot_ws/install/serial/share/serial/local_setup.dsv
[1.785s] -- Symlinking: /home/winicon/smilebot_ws/install/serial/share/serial/package.dsv
[1.794s] -- Up-to-date symlink: /home/winicon/smilebot_ws/install/serial/share/ament_index/resource_index/packages/serial
[1.800s] -- Up-to-date symlink: /home/winicon/smilebot_ws/install/serial/share/serial/cmake/ament_cmake_export_include_directories-extras.cmake
[1.800s] -- Up-to-date symlink: /home/winicon/smilebot_ws/install/serial/share/serial/cmake/ament_cmake_export_libraries-extras.cmake
[1.801s] -- Up-to-date symlink: /home/winicon/smilebot_ws/install/serial/share/serial/cmake/serialConfig.cmake
[1.806s] -- Up-to-date symlink: /home/winicon/smilebot_ws/install/serial/share/serial/cmake/serialConfig-version.cmake
[1.806s] -- Up-to-date symlink: /home/winicon/smilebot_ws/install/serial/share/serial/package.xml
[1.838s] Invoked command in '/home/winicon/smilebot_ws/build/serial' returned '0': CMAKE_PREFIX_PATH=${CMAKE_PREFIX_PATH}:/home/winicon/smilebot_ws/install/serial_motor_demo:/opt/ros/humble /usr/bin/cmake --install /home/winicon/smilebot_ws/build/serial
