[3.575s] Invoking command in '/home/winicon/smilebot_ws/build/serial_motor_demo': PYTHONPATH=/home/winicon/smilebot_ws/build/serial_motor_demo/prefix_override:/usr/lib/python3/dist-packages/colcon_core/task/python/colcon_distutils_commands:/home/winicon/smilebot_ws/install/serial_motor_demo/lib/python3.10/site-packages:${PYTHONPATH} /usr/bin/python3 -W ignore:setup.py install is deprecated setup.py develop --editable --build-directory /home/winicon/smilebot_ws/build/serial_motor_demo/build --no-deps symlink_data
[4.745s] /usr/lib/python3/dist-packages/setuptools/dist.py:723: UserWarning: Usage of dash-separated 'script-dir' will not be supported in future versions. Please use the underscore name 'script_dir' instead
[4.745s]   warnings.warn(
[4.863s] running develop
[4.864s] /usr/lib/python3/dist-packages/setuptools/command/easy_install.py:158: EasyInstallDeprecationWarning: easy_install command is deprecated. Use build and pip and other standards-based tools.
[4.865s]   warnings.warn(
[5.830s] running egg_info
[5.831s] writing serial_motor_demo.egg-info/PKG-INFO
[5.833s] writing dependency_links to serial_motor_demo.egg-info/dependency_links.txt
[5.834s] writing entry points to serial_motor_demo.egg-info/entry_points.txt
[5.836s] writing requirements to serial_motor_demo.egg-info/requires.txt
[5.837s] writing top-level names to serial_motor_demo.egg-info/top_level.txt
[5.852s] reading manifest file 'serial_motor_demo.egg-info/SOURCES.txt'
[5.856s] writing manifest file 'serial_motor_demo.egg-info/SOURCES.txt'
[5.862s] running build_ext
[5.863s] Creating /home/winicon/smilebot_ws/install/serial_motor_demo/lib/python3.10/site-packages/serial-motor-demo.egg-link (link to .)
[5.868s] Installing driver script to /home/winicon/smilebot_ws/install/serial_motor_demo/lib/serial_motor_demo
[5.869s] Installing gui script to /home/winicon/smilebot_ws/install/serial_motor_demo/lib/serial_motor_demo
[5.870s] 
[5.871s] Installed /home/winicon/smilebot_ws/build/serial_motor_demo
[5.872s] running symlink_data
[6.011s] Invoked command in '/home/winicon/smilebot_ws/build/serial_motor_demo' returned '0': PYTHONPATH=/home/winicon/smilebot_ws/build/serial_motor_demo/prefix_override:/usr/lib/python3/dist-packages/colcon_core/task/python/colcon_distutils_commands:/home/winicon/smilebot_ws/install/serial_motor_demo/lib/python3.10/site-packages:${PYTHONPATH} /usr/bin/python3 -W ignore:setup.py install is deprecated setup.py develop --editable --build-directory /home/winicon/smilebot_ws/build/serial_motor_demo/build --no-deps symlink_data
