[3.698s] Invoking command in '/home/winicon/smilebot_ws/build/serial_motor_demo': PYTHONPATH=/home/winicon/smilebot_ws/build/serial_motor_demo/prefix_override:/usr/lib/python3/dist-packages/colcon_core/task/python/colcon_distutils_commands:/home/winicon/smilebot_ws/install/serial_motor_demo/lib/python3.10/site-packages:${PYTHONPATH} /usr/bin/python3 -W ignore:setup.py install is deprecated setup.py develop --editable --build-directory /home/winicon/smilebot_ws/build/serial_motor_demo/build --no-deps symlink_data
[4.883s] /usr/lib/python3/dist-packages/setuptools/dist.py:723: UserWarning: Usage of dash-separated 'script-dir' will not be supported in future versions. Please use the underscore name 'script_dir' instead
[4.883s]   warnings.warn(
[5.001s] running develop
[5.002s] /usr/lib/python3/dist-packages/setuptools/command/easy_install.py:158: EasyInstallDeprecationWarning: easy_install command is deprecated. Use build and pip and other standards-based tools.
[5.002s]   warnings.warn(
[5.952s] running egg_info
[5.953s] writing serial_motor_demo.egg-info/PKG-INFO
[5.954s] writing dependency_links to serial_motor_demo.egg-info/dependency_links.txt
[5.955s] writing entry points to serial_motor_demo.egg-info/entry_points.txt
[5.955s] writing requirements to serial_motor_demo.egg-info/requires.txt
[5.956s] writing top-level names to serial_motor_demo.egg-info/top_level.txt
[5.971s] reading manifest file 'serial_motor_demo.egg-info/SOURCES.txt'
[5.974s] writing manifest file 'serial_motor_demo.egg-info/SOURCES.txt'
[5.980s] running build_ext
[5.981s] Creating /home/winicon/smilebot_ws/install/serial_motor_demo/lib/python3.10/site-packages/serial-motor-demo.egg-link (link to .)
[5.987s] Installing driver script to /home/winicon/smilebot_ws/install/serial_motor_demo/lib/serial_motor_demo
[5.988s] Installing gui script to /home/winicon/smilebot_ws/install/serial_motor_demo/lib/serial_motor_demo
[5.989s] 
[5.990s] Installed /home/winicon/smilebot_ws/build/serial_motor_demo
[5.990s] running symlink_data
[6.129s] Invoked command in '/home/winicon/smilebot_ws/build/serial_motor_demo' returned '0': PYTHONPATH=/home/winicon/smilebot_ws/build/serial_motor_demo/prefix_override:/usr/lib/python3/dist-packages/colcon_core/task/python/colcon_distutils_commands:/home/winicon/smilebot_ws/install/serial_motor_demo/lib/python3.10/site-packages:${PYTHONPATH} /usr/bin/python3 -W ignore:setup.py install is deprecated setup.py develop --editable --build-directory /home/winicon/smilebot_ws/build/serial_motor_demo/build --no-deps symlink_data
