[3.451s] Invoking command in '/home/winicon/smilebot_ws/build/serial_motor_demo': PYTHONPATH=/home/winicon/smilebot_ws/build/serial_motor_demo/prefix_override:/usr/lib/python3/dist-packages/colcon_core/task/python/colcon_distutils_commands:/home/winicon/smilebot_ws/install/serial_motor_demo/lib/python3.10/site-packages:${PYTHONPATH} /usr/bin/python3 -W ignore:setup.py install is deprecated setup.py develop --editable --build-directory /home/winicon/smilebot_ws/build/serial_motor_demo/build --no-deps symlink_data
[4.633s] /usr/lib/python3/dist-packages/setuptools/dist.py:723: UserWarning: Usage of dash-separated 'script-dir' will not be supported in future versions. Please use the underscore name 'script_dir' instead
[4.634s]   warnings.warn(
[4.745s] running develop
[4.747s] /usr/lib/python3/dist-packages/setuptools/command/easy_install.py:158: EasyInstallDeprecationWarning: easy_install command is deprecated. Use build and pip and other standards-based tools.
[4.747s]   warnings.warn(
[5.677s] running egg_info
[5.677s] writing serial_motor_demo.egg-info/PKG-INFO
[5.679s] writing dependency_links to serial_motor_demo.egg-info/dependency_links.txt
[5.680s] writing entry points to serial_motor_demo.egg-info/entry_points.txt
[5.681s] writing requirements to serial_motor_demo.egg-info/requires.txt
[5.682s] writing top-level names to serial_motor_demo.egg-info/top_level.txt
[5.695s] reading manifest file 'serial_motor_demo.egg-info/SOURCES.txt'
[5.698s] writing manifest file 'serial_motor_demo.egg-info/SOURCES.txt'
[5.704s] running build_ext
[5.705s] Creating /home/winicon/smilebot_ws/install/serial_motor_demo/lib/python3.10/site-packages/serial-motor-demo.egg-link (link to .)
[5.710s] Installing driver script to /home/winicon/smilebot_ws/install/serial_motor_demo/lib/serial_motor_demo
[5.711s] Installing gui script to /home/winicon/smilebot_ws/install/serial_motor_demo/lib/serial_motor_demo
[5.712s] 
[5.712s] Installed /home/winicon/smilebot_ws/build/serial_motor_demo
[5.713s] running symlink_data
[5.851s] Invoked command in '/home/winicon/smilebot_ws/build/serial_motor_demo' returned '0': PYTHONPATH=/home/winicon/smilebot_ws/build/serial_motor_demo/prefix_override:/usr/lib/python3/dist-packages/colcon_core/task/python/colcon_distutils_commands:/home/winicon/smilebot_ws/install/serial_motor_demo/lib/python3.10/site-packages:${PYTHONPATH} /usr/bin/python3 -W ignore:setup.py install is deprecated setup.py develop --editable --build-directory /home/winicon/smilebot_ws/build/serial_motor_demo/build --no-deps symlink_data
