[0.126s] Invoking command in '/home/winicon/smilebot_ws/build/my_bot': CMAKE_PREFIX_PATH=${CMAKE_PREFIX_PATH}:/home/winicon/smilebot_ws/install/serial_motor_demo:/opt/ros/humble /usr/bin/cmake --build /home/winicon/smilebot_ws/build/my_bot -- -j4 -l4
[0.506s] Invoked command in '/home/winicon/smilebot_ws/build/my_bot' returned '0': CMAKE_PREFIX_PATH=${CMAKE_PREFIX_PATH}:/home/winicon/smilebot_ws/install/serial_motor_demo:/opt/ros/humble /usr/bin/cmake --build /home/winicon/smilebot_ws/build/my_bot -- -j4 -l4
[1.040s] Invoking command in '/home/winicon/smilebot_ws/build/my_bot': CMAKE_PREFIX_PATH=${CMAKE_PREFIX_PATH}:/home/winicon/smilebot_ws/install/serial_motor_demo:/opt/ros/humble /usr/bin/cmake --install /home/winicon/smilebot_ws/build/my_bot
[1.146s] -- Install configuration: ""
[1.153s] -- Execute custom install script
[1.162s] -- Up-to-date symlink: /home/winicon/smilebot_ws/install/my_bot/share/my_bot/config/empty.yaml
[1.165s] -- Up-to-date symlink: /home/winicon/smilebot_ws/install/my_bot/share/my_bot/config/my_controllers.yaml
[1.175s] -- Up-to-date symlink: /home/winicon/smilebot_ws/install/my_bot/share/my_bot/config/rvis_config01.rviz
[1.176s] -- Up-to-date symlink: /home/winicon/smilebot_ws/install/my_bot/share/my_bot/config/rviz_config02.rviz
[1.178s] -- Up-to-date symlink: /home/winicon/smilebot_ws/install/my_bot/share/my_bot/description/camera.xacro
[1.179s] -- Up-to-date symlink: /home/winicon/smilebot_ws/install/my_bot/share/my_bot/description/gazebo_control.xacro
[1.180s] -- Up-to-date symlink: /home/winicon/smilebot_ws/install/my_bot/share/my_bot/description/inertial_macros.xacro
[1.181s] -- Up-to-date symlink: /home/winicon/smilebot_ws/install/my_bot/share/my_bot/description/lidar.xacro
[1.182s] -- Up-to-date symlink: /home/winicon/smilebot_ws/install/my_bot/share/my_bot/description/robot.urdf.xacro
[1.182s] -- Up-to-date symlink: /home/winicon/smilebot_ws/install/my_bot/share/my_bot/description/robot_core.xacro
[1.183s] -- Up-to-date symlink: /home/winicon/smilebot_ws/install/my_bot/share/my_bot/description/ros2_control.xacro
[1.185s] -- Symlinking: /home/winicon/smilebot_ws/install/my_bot/share/my_bot/launch/__pycache__/rplidar.launch.cpython-310.pyc
[1.228s] -- Up-to-date symlink: /home/winicon/smilebot_ws/install/my_bot/share/my_bot/launch/launch_sim.launch.py
[1.228s] -- Up-to-date symlink: /home/winicon/smilebot_ws/install/my_bot/share/my_bot/launch/launch_smilebot.launch.py
[1.229s] -- Up-to-date symlink: /home/winicon/smilebot_ws/install/my_bot/share/my_bot/launch/rplidar.launch.py
[1.231s] -- Up-to-date symlink: /home/winicon/smilebot_ws/install/my_bot/share/my_bot/launch/rsp.launch.py
[1.233s] -- Up-to-date symlink: /home/winicon/smilebot_ws/install/my_bot/share/my_bot/worlds/cafe.world
[1.234s] -- Up-to-date symlink: /home/winicon/smilebot_ws/install/my_bot/share/my_bot/worlds/construction.world
[1.234s] -- Up-to-date symlink: /home/winicon/smilebot_ws/install/my_bot/share/my_bot/worlds/empty.world
[1.235s] -- Up-to-date symlink: /home/winicon/smilebot_ws/install/my_bot/share/my_bot/worlds/robotSpace.world
[1.237s] -- Up-to-date symlink: /home/winicon/smilebot_ws/install/my_bot/share/ament_index/resource_index/package_run_dependencies/my_bot
[1.239s] -- Up-to-date symlink: /home/winicon/smilebot_ws/install/my_bot/share/ament_index/resource_index/parent_prefix_path/my_bot
[1.241s] -- Up-to-date symlink: /home/winicon/smilebot_ws/install/my_bot/share/my_bot/environment/ament_prefix_path.sh
[1.242s] -- Up-to-date symlink: /home/winicon/smilebot_ws/install/my_bot/share/my_bot/environment/ament_prefix_path.dsv
[1.243s] -- Up-to-date symlink: /home/winicon/smilebot_ws/install/my_bot/share/my_bot/environment/path.sh
[1.244s] -- Up-to-date symlink: /home/winicon/smilebot_ws/install/my_bot/share/my_bot/environment/path.dsv
[1.245s] -- Up-to-date symlink: /home/winicon/smilebot_ws/install/my_bot/share/my_bot/local_setup.bash
[1.246s] -- Up-to-date symlink: /home/winicon/smilebot_ws/install/my_bot/share/my_bot/local_setup.sh
[1.248s] -- Up-to-date symlink: /home/winicon/smilebot_ws/install/my_bot/share/my_bot/local_setup.zsh
[1.249s] -- Up-to-date symlink: /home/winicon/smilebot_ws/install/my_bot/share/my_bot/local_setup.dsv
[1.254s] -- Symlinking: /home/winicon/smilebot_ws/install/my_bot/share/my_bot/package.dsv
[1.299s] -- Up-to-date symlink: /home/winicon/smilebot_ws/install/my_bot/share/ament_index/resource_index/packages/my_bot
[1.299s] -- Up-to-date symlink: /home/winicon/smilebot_ws/install/my_bot/share/my_bot/cmake/my_botConfig.cmake
[1.300s] -- Up-to-date symlink: /home/winicon/smilebot_ws/install/my_bot/share/my_bot/cmake/my_botConfig-version.cmake
[1.302s] -- Up-to-date symlink: /home/winicon/smilebot_ws/install/my_bot/share/my_bot/package.xml
[1.310s] Invoked command in '/home/winicon/smilebot_ws/build/my_bot' returned '0': CMAKE_PREFIX_PATH=${CMAKE_PREFIX_PATH}:/home/winicon/smilebot_ws/install/serial_motor_demo:/opt/ros/humble /usr/bin/cmake --install /home/winicon/smilebot_ws/build/my_bot
