[3.916s] Invoking command in '/home/winicon/smilebot_ws/build/serial_motor_demo': AMENT_PREFIX_PATH=/home/winicon/smilebot_ws/install/serial_motor_demo_msgs:${AMENT_PREFIX_PATH} CMAKE_PREFIX_PATH=/home/winicon/smilebot_ws/install/serial_motor_demo_msgs LD_LIBRARY_PATH=/home/winicon/smilebot_ws/install/serial_motor_demo_msgs/lib:${LD_LIBRARY_PATH} PYTHONPATH=/home/winicon/smilebot_ws/build/serial_motor_demo/prefix_override:/usr/lib/python3/dist-packages/colcon_core/task/python/colcon_distutils_commands:/home/winicon/smilebot_ws/install/serial_motor_demo/lib/python3.10/site-packages:/home/winicon/smilebot_ws/install/serial_motor_demo_msgs/local/lib/python3.10/dist-packages:${PYTHONPATH} /usr/bin/python3 -W ignore:setup.py install is deprecated setup.py develop --editable --build-directory /home/winicon/smilebot_ws/build/serial_motor_demo/build --no-deps symlink_data
[5.052s] /usr/lib/python3/dist-packages/setuptools/dist.py:723: UserWarning: Usage of dash-separated 'script-dir' will not be supported in future versions. Please use the underscore name 'script_dir' instead
[5.053s]   warnings.warn(
[5.168s] running develop
[5.172s] /usr/lib/python3/dist-packages/setuptools/command/easy_install.py:158: EasyInstallDeprecationWarning: easy_install command is deprecated. Use build and pip and other standards-based tools.
[5.173s]   warnings.warn(
[6.102s] running egg_info
[6.103s] writing serial_motor_demo.egg-info/PKG-INFO
[6.104s] writing dependency_links to serial_motor_demo.egg-info/dependency_links.txt
[6.105s] writing entry points to serial_motor_demo.egg-info/entry_points.txt
[6.106s] writing requirements to serial_motor_demo.egg-info/requires.txt
[6.107s] writing top-level names to serial_motor_demo.egg-info/top_level.txt
[6.119s] reading manifest file 'serial_motor_demo.egg-info/SOURCES.txt'
[6.123s] writing manifest file 'serial_motor_demo.egg-info/SOURCES.txt'
[6.129s] running build_ext
[6.130s] Creating /home/winicon/smilebot_ws/install/serial_motor_demo/lib/python3.10/site-packages/serial-motor-demo.egg-link (link to .)
[6.134s] Installing driver script to /home/winicon/smilebot_ws/install/serial_motor_demo/lib/serial_motor_demo
[6.135s] Installing gui script to /home/winicon/smilebot_ws/install/serial_motor_demo/lib/serial_motor_demo
[6.136s] 
[6.137s] Installed /home/winicon/smilebot_ws/build/serial_motor_demo
[6.137s] running symlink_data
[6.274s] Invoked command in '/home/winicon/smilebot_ws/build/serial_motor_demo' returned '0': AMENT_PREFIX_PATH=/home/winicon/smilebot_ws/install/serial_motor_demo_msgs:${AMENT_PREFIX_PATH} CMAKE_PREFIX_PATH=/home/winicon/smilebot_ws/install/serial_motor_demo_msgs LD_LIBRARY_PATH=/home/winicon/smilebot_ws/install/serial_motor_demo_msgs/lib:${LD_LIBRARY_PATH} PYTHONPATH=/home/winicon/smilebot_ws/build/serial_motor_demo/prefix_override:/usr/lib/python3/dist-packages/colcon_core/task/python/colcon_distutils_commands:/home/winicon/smilebot_ws/install/serial_motor_demo/lib/python3.10/site-packages:/home/winicon/smilebot_ws/install/serial_motor_demo_msgs/local/lib/python3.10/dist-packages:${PYTHONPATH} /usr/bin/python3 -W ignore:setup.py install is deprecated setup.py develop --editable --build-directory /home/winicon/smilebot_ws/build/serial_motor_demo/build --no-deps symlink_data
