[0.127s] Invoking command in '/home/winicon/smilebot_ws/build/diffdrive_arduino': CMAKE_PREFIX_PATH=${CMAKE_PREFIX_PATH}:/home/winicon/smilebot_ws/install/serial_motor_demo:/opt/ros/humble /usr/bin/cmake --build /home/winicon/smilebot_ws/build/diffdrive_arduino -- -j4 -l4
[0.844s] [100%] Built target diffdrive_arduino
[1.073s] Invoked command in '/home/winicon/smilebot_ws/build/diffdrive_arduino' returned '0': CMAKE_PREFIX_PATH=${CMAKE_PREFIX_PATH}:/home/winicon/smilebot_ws/install/serial_motor_demo:/opt/ros/humble /usr/bin/cmake --build /home/winicon/smilebot_ws/build/diffdrive_arduino -- -j4 -l4
[1.415s] Invoking command in '/home/winicon/smilebot_ws/build/diffdrive_arduino': CMAKE_PREFIX_PATH=${CMAKE_PREFIX_PATH}:/home/winicon/smilebot_ws/install/serial_motor_demo:/opt/ros/humble /usr/bin/cmake --install /home/winicon/smilebot_ws/build/diffdrive_arduino
[1.575s] -- Install configuration: ""
[1.582s] -- Execute custom install script
[1.587s] -- Up-to-date symlink: /home/winicon/smilebot_ws/install/diffdrive_arduino/share/diffdrive_arduino//diffdrive_arduino.xml
[1.592s] -- Up-to-date symlink: /home/winicon/smilebot_ws/install/diffdrive_arduino/include/diffdrive_arduino/diffdrive_arduino/arduino_comms.hpp
[1.593s] -- Up-to-date symlink: /home/winicon/smilebot_ws/install/diffdrive_arduino/include/diffdrive_arduino/diffdrive_arduino/diffbot_system.hpp
[1.594s] -- Up-to-date symlink: /home/winicon/smilebot_ws/install/diffdrive_arduino/include/diffdrive_arduino/diffdrive_arduino/visibility_control.h
[1.595s] -- Up-to-date symlink: /home/winicon/smilebot_ws/install/diffdrive_arduino/include/diffdrive_arduino/diffdrive_arduino/wheel.hpp
[1.598s] -- Up-to-date symlink: /home/winicon/smilebot_ws/install/diffdrive_arduino/share/diffdrive_arduino/launch/view_robot.launch.py
[1.599s] -- Up-to-date symlink: /home/winicon/smilebot_ws/install/diffdrive_arduino/share/diffdrive_arduino/ros2_control/diffbot.ros2_control.xacro
[1.601s] -- Up-to-date symlink: /home/winicon/smilebot_ws/install/diffdrive_arduino/share/diffdrive_arduino/urdf/diffbot.materials.xacro
[1.602s] -- Up-to-date symlink: /home/winicon/smilebot_ws/install/diffdrive_arduino/share/diffdrive_arduino/urdf/diffbot.urdf.xacro
[1.603s] -- Up-to-date symlink: /home/winicon/smilebot_ws/install/diffdrive_arduino/share/diffdrive_arduino/urdf/diffbot_description.urdf.xacro
[1.606s] -- Up-to-date symlink: /home/winicon/smilebot_ws/install/diffdrive_arduino/share/diffdrive_arduino/rviz/diffbot.rviz
[1.607s] -- Up-to-date symlink: /home/winicon/smilebot_ws/install/diffdrive_arduino/share/diffdrive_arduino/rviz/diffbot_view.rviz
[1.608s] -- Up-to-date symlink: /home/winicon/smilebot_ws/install/diffdrive_arduino/share/diffdrive_arduino/launch/diffbot.launch.py
[1.614s] -- Up-to-date symlink: /home/winicon/smilebot_ws/install/diffdrive_arduino/share/diffdrive_arduino/config/diffbot_controllers.yaml
[1.615s] -- Up-to-date symlink: /home/winicon/smilebot_ws/install/diffdrive_arduino/share/diffdrive_arduino/environment/library_path.sh
[1.616s] -- Up-to-date symlink: /home/winicon/smilebot_ws/install/diffdrive_arduino/share/diffdrive_arduino/environment/library_path.dsv
[1.618s] -- Up-to-date symlink: /home/winicon/smilebot_ws/install/diffdrive_arduino/share/ament_index/resource_index/package_run_dependencies/diffdrive_arduino
[1.619s] -- Up-to-date symlink: /home/winicon/smilebot_ws/install/diffdrive_arduino/share/ament_index/resource_index/parent_prefix_path/diffdrive_arduino
[1.621s] -- Up-to-date symlink: /home/winicon/smilebot_ws/install/diffdrive_arduino/share/diffdrive_arduino/environment/ament_prefix_path.sh
[1.623s] -- Up-to-date symlink: /home/winicon/smilebot_ws/install/diffdrive_arduino/share/diffdrive_arduino/environment/ament_prefix_path.dsv
[1.626s] -- Up-to-date symlink: /home/winicon/smilebot_ws/install/diffdrive_arduino/share/diffdrive_arduino/environment/path.sh
[1.627s] -- Up-to-date symlink: /home/winicon/smilebot_ws/install/diffdrive_arduino/share/diffdrive_arduino/environment/path.dsv
[1.627s] -- Up-to-date symlink: /home/winicon/smilebot_ws/install/diffdrive_arduino/share/diffdrive_arduino/local_setup.bash
[1.629s] -- Up-to-date symlink: /home/winicon/smilebot_ws/install/diffdrive_arduino/share/diffdrive_arduino/local_setup.sh
[1.634s] -- Up-to-date symlink: /home/winicon/smilebot_ws/install/diffdrive_arduino/share/diffdrive_arduino/local_setup.zsh
[1.634s] -- Up-to-date symlink: /home/winicon/smilebot_ws/install/diffdrive_arduino/share/diffdrive_arduino/local_setup.dsv
[1.636s] -- Symlinking: /home/winicon/smilebot_ws/install/diffdrive_arduino/share/diffdrive_arduino/package.dsv
[1.686s] -- Up-to-date symlink: /home/winicon/smilebot_ws/install/diffdrive_arduino/share/ament_index/resource_index/packages/diffdrive_arduino
[1.695s] -- Up-to-date symlink: /home/winicon/smilebot_ws/install/diffdrive_arduino/share/ament_index/resource_index/hardware_interface__pluginlib__plugin/diffdrive_arduino
[1.707s] -- Up-to-date symlink: /home/winicon/smilebot_ws/install/diffdrive_arduino/share/diffdrive_arduino/cmake/ament_cmake_export_targets-extras.cmake
[1.716s] -- Up-to-date symlink: /home/winicon/smilebot_ws/install/diffdrive_arduino/share/diffdrive_arduino/cmake/ament_cmake_export_dependencies-extras.cmake
[1.717s] -- Up-to-date symlink: /home/winicon/smilebot_ws/install/diffdrive_arduino/share/diffdrive_arduino/cmake/diffdrive_arduinoConfig.cmake
[1.718s] -- Up-to-date symlink: /home/winicon/smilebot_ws/install/diffdrive_arduino/share/diffdrive_arduino/cmake/diffdrive_arduinoConfig-version.cmake
[1.718s] -- Up-to-date symlink: /home/winicon/smilebot_ws/install/diffdrive_arduino/share/diffdrive_arduino/package.xml
[1.732s] -- Up-to-date: /home/winicon/smilebot_ws/install/diffdrive_arduino/lib/libdiffdrive_arduino.so
[1.742s] -- Up-to-date: /home/winicon/smilebot_ws/install/diffdrive_arduino/share/diffdrive_arduino/cmake/export_diffdrive_arduinoExport.cmake
[1.745s] -- Up-to-date: /home/winicon/smilebot_ws/install/diffdrive_arduino/share/diffdrive_arduino/cmake/export_diffdrive_arduinoExport-noconfig.cmake
[1.783s] Invoked command in '/home/winicon/smilebot_ws/build/diffdrive_arduino' returned '0': CMAKE_PREFIX_PATH=${CMAKE_PREFIX_PATH}:/home/winicon/smilebot_ws/install/serial_motor_demo:/opt/ros/humble /usr/bin/cmake --install /home/winicon/smilebot_ws/build/diffdrive_arduino
