[0.602s] DEBUG:colcon:Command line arguments: ['/usr/bin/colcon', 'build', '--symlink-install']
[0.603s] DEBUG:colcon:Parsed command line arguments: Namespace(log_base=None, log_level=None, verb_name='build', build_base='build', install_base='install', merge_install=False, symlink_install=True, test_result_base=None, continue_on_error=False, executor='parallel', parallel_workers=4, event_handlers=None, ignore_user_meta=False, metas=['./colcon.meta'], base_paths=['.'], packages_ignore=None, packages_ignore_regex=None, paths=None, packages_up_to=None, packages_up_to_regex=None, packages_above=None, packages_above_and_dependencies=None, packages_above_depth=None, packages_select_by_dep=None, packages_skip_by_dep=None, packages_skip_up_to=None, packages_select_build_failed=False, packages_skip_build_finished=False, packages_select_test_failures=False, packages_skip_test_passed=False, packages_select=None, packages_skip=None, packages_select_regex=None, packages_skip_regex=None, packages_start=None, packages_end=None, allow_overriding=[], cmake_args=None, cmake_target=None, cmake_target_skip_unavailable=False, cmake_clean_cache=False, cmake_clean_first=False, cmake_force_configure=False, ament_cmake_args=None, catkin_cmake_args=None, catkin_skip_building_tests=False, verb_parser=<colcon_defaults.argument_parser.defaults.DefaultArgumentsDecorator object at 0xffffa7875720>, verb_extension=<colcon_core.verb.build.BuildVerb object at 0xffffa7874670>, main=<bound method BuildVerb.main of <colcon_core.verb.build.BuildVerb object at 0xffffa7874670>>)
[1.837s] Level 1:colcon.colcon_core.package_discovery:discover_packages(colcon_meta) check parameters
[1.837s] Level 1:colcon.colcon_core.package_discovery:discover_packages(recursive) check parameters
[1.837s] Level 1:colcon.colcon_core.package_discovery:discover_packages(ignore) check parameters
[1.838s] Level 1:colcon.colcon_core.package_discovery:discover_packages(path) check parameters
[1.838s] Level 1:colcon.colcon_core.package_discovery:discover_packages(colcon_meta) discover
[1.838s] Level 1:colcon.colcon_core.package_discovery:discover_packages(recursive) discover
[1.838s] INFO:colcon.colcon_core.package_discovery:Crawling recursively for packages in '/home/winicon/smilebot_ws'
[1.839s] Level 1:colcon.colcon_core.package_identification:_identify(.) by extensions ['ignore', 'ignore_ament_install']
[1.839s] Level 1:colcon.colcon_core.package_identification:_identify(.) by extension 'ignore'
[1.839s] Level 1:colcon.colcon_core.package_identification:_identify(.) by extension 'ignore_ament_install'
[1.839s] Level 1:colcon.colcon_core.package_identification:_identify(.) by extensions ['colcon_pkg']
[1.840s] Level 1:colcon.colcon_core.package_identification:_identify(.) by extension 'colcon_pkg'
[1.840s] Level 1:colcon.colcon_core.package_identification:_identify(.) by extensions ['colcon_meta']
[1.840s] Level 1:colcon.colcon_core.package_identification:_identify(.) by extension 'colcon_meta'
[1.840s] Level 1:colcon.colcon_core.package_identification:_identify(.) by extensions ['ros']
[1.840s] Level 1:colcon.colcon_core.package_identification:_identify(.) by extension 'ros'
[1.899s] Level 1:colcon.colcon_core.package_identification:_identify(.) by extensions ['cmake', 'python']
[1.899s] Level 1:colcon.colcon_core.package_identification:_identify(.) by extension 'cmake'
[1.899s] Level 1:colcon.colcon_core.package_identification:_identify(.) by extension 'python'
[1.900s] Level 1:colcon.colcon_core.package_identification:_identify(.) by extensions ['python_setup_py']
[1.900s] Level 1:colcon.colcon_core.package_identification:_identify(.) by extension 'python_setup_py'
[1.900s] Level 1:colcon.colcon_core.package_identification:_identify(build) by extensions ['ignore', 'ignore_ament_install']
[1.901s] Level 1:colcon.colcon_core.package_identification:_identify(build) by extension 'ignore'
[1.901s] Level 1:colcon.colcon_core.package_identification:_identify(build) ignored
[1.902s] Level 1:colcon.colcon_core.package_identification:_identify(install) by extensions ['ignore', 'ignore_ament_install']
[1.903s] Level 1:colcon.colcon_core.package_identification:_identify(install) by extension 'ignore'
[1.903s] Level 1:colcon.colcon_core.package_identification:_identify(install) ignored
[1.904s] Level 1:colcon.colcon_core.package_identification:_identify(log) by extensions ['ignore', 'ignore_ament_install']
[1.904s] Level 1:colcon.colcon_core.package_identification:_identify(log) by extension 'ignore'
[1.905s] Level 1:colcon.colcon_core.package_identification:_identify(log) ignored
[1.905s] Level 1:colcon.colcon_core.package_identification:_identify(pictures) by extensions ['ignore', 'ignore_ament_install']
[1.906s] Level 1:colcon.colcon_core.package_identification:_identify(pictures) by extension 'ignore'
[1.906s] Level 1:colcon.colcon_core.package_identification:_identify(pictures) by extension 'ignore_ament_install'
[1.907s] Level 1:colcon.colcon_core.package_identification:_identify(pictures) by extensions ['colcon_pkg']
[1.907s] Level 1:colcon.colcon_core.package_identification:_identify(pictures) by extension 'colcon_pkg'
[1.907s] Level 1:colcon.colcon_core.package_identification:_identify(pictures) by extensions ['colcon_meta']
[1.908s] Level 1:colcon.colcon_core.package_identification:_identify(pictures) by extension 'colcon_meta'
[1.908s] Level 1:colcon.colcon_core.package_identification:_identify(pictures) by extensions ['ros']
[1.908s] Level 1:colcon.colcon_core.package_identification:_identify(pictures) by extension 'ros'
[1.908s] Level 1:colcon.colcon_core.package_identification:_identify(pictures) by extensions ['cmake', 'python']
[1.909s] Level 1:colcon.colcon_core.package_identification:_identify(pictures) by extension 'cmake'
[1.909s] Level 1:colcon.colcon_core.package_identification:_identify(pictures) by extension 'python'
[1.909s] Level 1:colcon.colcon_core.package_identification:_identify(pictures) by extensions ['python_setup_py']
[1.909s] Level 1:colcon.colcon_core.package_identification:_identify(pictures) by extension 'python_setup_py'
[1.910s] Level 1:colcon.colcon_core.package_identification:_identify(src) by extensions ['ignore', 'ignore_ament_install']
[1.911s] Level 1:colcon.colcon_core.package_identification:_identify(src) by extension 'ignore'
[1.911s] Level 1:colcon.colcon_core.package_identification:_identify(src) by extension 'ignore_ament_install'
[1.911s] Level 1:colcon.colcon_core.package_identification:_identify(src) by extensions ['colcon_pkg']
[1.912s] Level 1:colcon.colcon_core.package_identification:_identify(src) by extension 'colcon_pkg'
[1.912s] Level 1:colcon.colcon_core.package_identification:_identify(src) by extensions ['colcon_meta']
[1.912s] Level 1:colcon.colcon_core.package_identification:_identify(src) by extension 'colcon_meta'
[1.912s] Level 1:colcon.colcon_core.package_identification:_identify(src) by extensions ['ros']
[1.912s] Level 1:colcon.colcon_core.package_identification:_identify(src) by extension 'ros'
[1.913s] Level 1:colcon.colcon_core.package_identification:_identify(src) by extensions ['cmake', 'python']
[1.914s] Level 1:colcon.colcon_core.package_identification:_identify(src) by extension 'cmake'
[1.914s] Level 1:colcon.colcon_core.package_identification:_identify(src) by extension 'python'
[1.916s] Level 1:colcon.colcon_core.package_identification:_identify(src) by extensions ['python_setup_py']
[1.916s] Level 1:colcon.colcon_core.package_identification:_identify(src) by extension 'python_setup_py'
[1.917s] Level 1:colcon.colcon_core.package_identification:_identify(src/diffdrive_arduino) by extensions ['ignore', 'ignore_ament_install']
[1.917s] Level 1:colcon.colcon_core.package_identification:_identify(src/diffdrive_arduino) by extension 'ignore'
[1.918s] Level 1:colcon.colcon_core.package_identification:_identify(src/diffdrive_arduino) by extension 'ignore_ament_install'
[1.918s] Level 1:colcon.colcon_core.package_identification:_identify(src/diffdrive_arduino) by extensions ['colcon_pkg']
[1.918s] Level 1:colcon.colcon_core.package_identification:_identify(src/diffdrive_arduino) by extension 'colcon_pkg'
[1.918s] Level 1:colcon.colcon_core.package_identification:_identify(src/diffdrive_arduino) by extensions ['colcon_meta']
[1.918s] Level 1:colcon.colcon_core.package_identification:_identify(src/diffdrive_arduino) by extension 'colcon_meta'
[1.919s] Level 1:colcon.colcon_core.package_identification:_identify(src/diffdrive_arduino) by extensions ['ros']
[1.919s] Level 1:colcon.colcon_core.package_identification:_identify(src/diffdrive_arduino) by extension 'ros'
[1.931s] DEBUG:colcon.colcon_core.package_identification:Package 'src/diffdrive_arduino' with type 'ros.ament_cmake' and name 'diffdrive_arduino'
[1.933s] Level 1:colcon.colcon_core.package_identification:_identify(src/my_bot) by extensions ['ignore', 'ignore_ament_install']
[1.934s] Level 1:colcon.colcon_core.package_identification:_identify(src/my_bot) by extension 'ignore'
[1.935s] Level 1:colcon.colcon_core.package_identification:_identify(src/my_bot) by extension 'ignore_ament_install'
[1.936s] Level 1:colcon.colcon_core.package_identification:_identify(src/my_bot) by extensions ['colcon_pkg']
[1.937s] Level 1:colcon.colcon_core.package_identification:_identify(src/my_bot) by extension 'colcon_pkg'
[1.937s] Level 1:colcon.colcon_core.package_identification:_identify(src/my_bot) by extensions ['colcon_meta']
[1.937s] Level 1:colcon.colcon_core.package_identification:_identify(src/my_bot) by extension 'colcon_meta'
[1.938s] Level 1:colcon.colcon_core.package_identification:_identify(src/my_bot) by extensions ['ros']
[1.938s] Level 1:colcon.colcon_core.package_identification:_identify(src/my_bot) by extension 'ros'
[1.940s] DEBUG:colcon.colcon_core.package_identification:Package 'src/my_bot' with type 'ros.ament_cmake' and name 'my_bot'
[1.941s] Level 1:colcon.colcon_core.package_identification:_identify(src/ros_arduino_bridge) by extensions ['ignore', 'ignore_ament_install']
[1.941s] Level 1:colcon.colcon_core.package_identification:_identify(src/ros_arduino_bridge) by extension 'ignore'
[1.941s] Level 1:colcon.colcon_core.package_identification:_identify(src/ros_arduino_bridge) by extension 'ignore_ament_install'
[1.942s] Level 1:colcon.colcon_core.package_identification:_identify(src/ros_arduino_bridge) by extensions ['colcon_pkg']
[1.942s] Level 1:colcon.colcon_core.package_identification:_identify(src/ros_arduino_bridge) by extension 'colcon_pkg'
[1.942s] Level 1:colcon.colcon_core.package_identification:_identify(src/ros_arduino_bridge) by extensions ['colcon_meta']
[1.942s] Level 1:colcon.colcon_core.package_identification:_identify(src/ros_arduino_bridge) by extension 'colcon_meta'
[1.942s] Level 1:colcon.colcon_core.package_identification:_identify(src/ros_arduino_bridge) by extensions ['ros']
[1.943s] Level 1:colcon.colcon_core.package_identification:_identify(src/ros_arduino_bridge) by extension 'ros'
[1.943s] Level 1:colcon.colcon_core.package_identification:_identify(src/ros_arduino_bridge) by extensions ['cmake', 'python']
[1.943s] Level 1:colcon.colcon_core.package_identification:_identify(src/ros_arduino_bridge) by extension 'cmake'
[1.943s] Level 1:colcon.colcon_core.package_identification:_identify(src/ros_arduino_bridge) by extension 'python'
[1.944s] Level 1:colcon.colcon_core.package_identification:_identify(src/ros_arduino_bridge) by extensions ['python_setup_py']
[1.944s] Level 1:colcon.colcon_core.package_identification:_identify(src/ros_arduino_bridge) by extension 'python_setup_py'
[1.944s] Level 1:colcon.colcon_core.package_identification:_identify(src/ros_arduino_bridge/ROSArduinoBridge) by extensions ['ignore', 'ignore_ament_install']
[1.945s] Level 1:colcon.colcon_core.package_identification:_identify(src/ros_arduino_bridge/ROSArduinoBridge) by extension 'ignore'
[1.945s] Level 1:colcon.colcon_core.package_identification:_identify(src/ros_arduino_bridge/ROSArduinoBridge) by extension 'ignore_ament_install'
[1.946s] Level 1:colcon.colcon_core.package_identification:_identify(src/ros_arduino_bridge/ROSArduinoBridge) by extensions ['colcon_pkg']
[1.946s] Level 1:colcon.colcon_core.package_identification:_identify(src/ros_arduino_bridge/ROSArduinoBridge) by extension 'colcon_pkg'
[1.946s] Level 1:colcon.colcon_core.package_identification:_identify(src/ros_arduino_bridge/ROSArduinoBridge) by extensions ['colcon_meta']
[1.946s] Level 1:colcon.colcon_core.package_identification:_identify(src/ros_arduino_bridge/ROSArduinoBridge) by extension 'colcon_meta'
[1.947s] Level 1:colcon.colcon_core.package_identification:_identify(src/ros_arduino_bridge/ROSArduinoBridge) by extensions ['ros']
[1.948s] Level 1:colcon.colcon_core.package_identification:_identify(src/ros_arduino_bridge/ROSArduinoBridge) by extension 'ros'
[1.949s] Level 1:colcon.colcon_core.package_identification:_identify(src/ros_arduino_bridge/ROSArduinoBridge) by extensions ['cmake', 'python']
[1.949s] Level 1:colcon.colcon_core.package_identification:_identify(src/ros_arduino_bridge/ROSArduinoBridge) by extension 'cmake'
[1.949s] Level 1:colcon.colcon_core.package_identification:_identify(src/ros_arduino_bridge/ROSArduinoBridge) by extension 'python'
[1.949s] Level 1:colcon.colcon_core.package_identification:_identify(src/ros_arduino_bridge/ROSArduinoBridge) by extensions ['python_setup_py']
[1.950s] Level 1:colcon.colcon_core.package_identification:_identify(src/ros_arduino_bridge/ROSArduinoBridge) by extension 'python_setup_py'
[1.950s] Level 1:colcon.colcon_core.package_identification:_identify(src/ros_arduino_bridge_1) by extensions ['ignore', 'ignore_ament_install']
[1.951s] Level 1:colcon.colcon_core.package_identification:_identify(src/ros_arduino_bridge_1) by extension 'ignore'
[1.951s] Level 1:colcon.colcon_core.package_identification:_identify(src/ros_arduino_bridge_1) by extension 'ignore_ament_install'
[1.951s] Level 1:colcon.colcon_core.package_identification:_identify(src/ros_arduino_bridge_1) by extensions ['colcon_pkg']
[1.952s] Level 1:colcon.colcon_core.package_identification:_identify(src/ros_arduino_bridge_1) by extension 'colcon_pkg'
[1.952s] Level 1:colcon.colcon_core.package_identification:_identify(src/ros_arduino_bridge_1) by extensions ['colcon_meta']
[1.952s] Level 1:colcon.colcon_core.package_identification:_identify(src/ros_arduino_bridge_1) by extension 'colcon_meta'
[1.952s] Level 1:colcon.colcon_core.package_identification:_identify(src/ros_arduino_bridge_1) by extensions ['ros']
[1.953s] Level 1:colcon.colcon_core.package_identification:_identify(src/ros_arduino_bridge_1) by extension 'ros'
[1.953s] Level 1:colcon.colcon_core.package_identification:_identify(src/ros_arduino_bridge_1) by extensions ['cmake', 'python']
[1.954s] Level 1:colcon.colcon_core.package_identification:_identify(src/ros_arduino_bridge_1) by extension 'cmake'
[1.954s] Level 1:colcon.colcon_core.package_identification:_identify(src/ros_arduino_bridge_1) by extension 'python'
[1.955s] Level 1:colcon.colcon_core.package_identification:_identify(src/ros_arduino_bridge_1) by extensions ['python_setup_py']
[1.955s] Level 1:colcon.colcon_core.package_identification:_identify(src/ros_arduino_bridge_1) by extension 'python_setup_py'
[1.956s] Level 1:colcon.colcon_core.package_identification:_identify(src/ros_arduino_bridge_1/ROSArduinoBridge) by extensions ['ignore', 'ignore_ament_install']
[1.956s] Level 1:colcon.colcon_core.package_identification:_identify(src/ros_arduino_bridge_1/ROSArduinoBridge) by extension 'ignore'
[1.957s] Level 1:colcon.colcon_core.package_identification:_identify(src/ros_arduino_bridge_1/ROSArduinoBridge) by extension 'ignore_ament_install'
[1.957s] Level 1:colcon.colcon_core.package_identification:_identify(src/ros_arduino_bridge_1/ROSArduinoBridge) by extensions ['colcon_pkg']
[1.957s] Level 1:colcon.colcon_core.package_identification:_identify(src/ros_arduino_bridge_1/ROSArduinoBridge) by extension 'colcon_pkg'
[1.957s] Level 1:colcon.colcon_core.package_identification:_identify(src/ros_arduino_bridge_1/ROSArduinoBridge) by extensions ['colcon_meta']
[1.958s] Level 1:colcon.colcon_core.package_identification:_identify(src/ros_arduino_bridge_1/ROSArduinoBridge) by extension 'colcon_meta'
[1.958s] Level 1:colcon.colcon_core.package_identification:_identify(src/ros_arduino_bridge_1/ROSArduinoBridge) by extensions ['ros']
[1.958s] Level 1:colcon.colcon_core.package_identification:_identify(src/ros_arduino_bridge_1/ROSArduinoBridge) by extension 'ros'
[1.958s] Level 1:colcon.colcon_core.package_identification:_identify(src/ros_arduino_bridge_1/ROSArduinoBridge) by extensions ['cmake', 'python']
[1.958s] Level 1:colcon.colcon_core.package_identification:_identify(src/ros_arduino_bridge_1/ROSArduinoBridge) by extension 'cmake'
[1.959s] Level 1:colcon.colcon_core.package_identification:_identify(src/ros_arduino_bridge_1/ROSArduinoBridge) by extension 'python'
[1.959s] Level 1:colcon.colcon_core.package_identification:_identify(src/ros_arduino_bridge_1/ROSArduinoBridge) by extensions ['python_setup_py']
[1.959s] Level 1:colcon.colcon_core.package_identification:_identify(src/ros_arduino_bridge_1/ROSArduinoBridge) by extension 'python_setup_py'
[1.960s] Level 1:colcon.colcon_core.package_identification:_identify(src/serial) by extensions ['ignore', 'ignore_ament_install']
[1.960s] Level 1:colcon.colcon_core.package_identification:_identify(src/serial) by extension 'ignore'
[1.960s] Level 1:colcon.colcon_core.package_identification:_identify(src/serial) by extension 'ignore_ament_install'
[1.960s] Level 1:colcon.colcon_core.package_identification:_identify(src/serial) by extensions ['colcon_pkg']
[1.961s] Level 1:colcon.colcon_core.package_identification:_identify(src/serial) by extension 'colcon_pkg'
[1.961s] Level 1:colcon.colcon_core.package_identification:_identify(src/serial) by extensions ['colcon_meta']
[1.961s] Level 1:colcon.colcon_core.package_identification:_identify(src/serial) by extension 'colcon_meta'
[1.961s] Level 1:colcon.colcon_core.package_identification:_identify(src/serial) by extensions ['ros']
[1.961s] Level 1:colcon.colcon_core.package_identification:_identify(src/serial) by extension 'ros'
[1.964s] DEBUG:colcon.colcon_core.package_identification:Package 'src/serial' with type 'ros.ament_cmake' and name 'serial'
[1.965s] Level 1:colcon.colcon_core.package_identification:_identify(src/serial_motor_demo) by extensions ['ignore', 'ignore_ament_install']
[1.966s] Level 1:colcon.colcon_core.package_identification:_identify(src/serial_motor_demo) by extension 'ignore'
[1.966s] Level 1:colcon.colcon_core.package_identification:_identify(src/serial_motor_demo) by extension 'ignore_ament_install'
[1.966s] Level 1:colcon.colcon_core.package_identification:_identify(src/serial_motor_demo) by extensions ['colcon_pkg']
[1.966s] Level 1:colcon.colcon_core.package_identification:_identify(src/serial_motor_demo) by extension 'colcon_pkg'
[1.966s] Level 1:colcon.colcon_core.package_identification:_identify(src/serial_motor_demo) by extensions ['colcon_meta']
[1.967s] Level 1:colcon.colcon_core.package_identification:_identify(src/serial_motor_demo) by extension 'colcon_meta'
[1.967s] Level 1:colcon.colcon_core.package_identification:_identify(src/serial_motor_demo) by extensions ['ros']
[1.967s] Level 1:colcon.colcon_core.package_identification:_identify(src/serial_motor_demo) by extension 'ros'
[1.967s] Level 1:colcon.colcon_core.package_identification:_identify(src/serial_motor_demo) by extensions ['cmake', 'python']
[1.967s] Level 1:colcon.colcon_core.package_identification:_identify(src/serial_motor_demo) by extension 'cmake'
[1.968s] Level 1:colcon.colcon_core.package_identification:_identify(src/serial_motor_demo) by extension 'python'
[1.968s] Level 1:colcon.colcon_core.package_identification:_identify(src/serial_motor_demo) by extensions ['python_setup_py']
[1.968s] Level 1:colcon.colcon_core.package_identification:_identify(src/serial_motor_demo) by extension 'python_setup_py'
[1.969s] Level 1:colcon.colcon_core.package_identification:_identify(src/serial_motor_demo/serial_motor_demo) by extensions ['ignore', 'ignore_ament_install']
[1.969s] Level 1:colcon.colcon_core.package_identification:_identify(src/serial_motor_demo/serial_motor_demo) by extension 'ignore'
[1.970s] Level 1:colcon.colcon_core.package_identification:_identify(src/serial_motor_demo/serial_motor_demo) by extension 'ignore_ament_install'
[1.970s] Level 1:colcon.colcon_core.package_identification:_identify(src/serial_motor_demo/serial_motor_demo) by extensions ['colcon_pkg']
[1.971s] Level 1:colcon.colcon_core.package_identification:_identify(src/serial_motor_demo/serial_motor_demo) by extension 'colcon_pkg'
[1.972s] Level 1:colcon.colcon_core.package_identification:_identify(src/serial_motor_demo/serial_motor_demo) by extensions ['colcon_meta']
[1.974s] Level 1:colcon.colcon_core.package_identification:_identify(src/serial_motor_demo/serial_motor_demo) by extension 'colcon_meta'
[1.975s] Level 1:colcon.colcon_core.package_identification:_identify(src/serial_motor_demo/serial_motor_demo) by extensions ['ros']
[1.976s] Level 1:colcon.colcon_core.package_identification:_identify(src/serial_motor_demo/serial_motor_demo) by extension 'ros'
[1.979s] DEBUG:colcon.colcon_core.package_identification:Package 'src/serial_motor_demo/serial_motor_demo' with type 'ros.ament_python' and name 'serial_motor_demo'
[1.980s] Level 1:colcon.colcon_core.package_identification:_identify(src/serial_motor_demo/serial_motor_demo_msgs) by extensions ['ignore', 'ignore_ament_install']
[1.980s] Level 1:colcon.colcon_core.package_identification:_identify(src/serial_motor_demo/serial_motor_demo_msgs) by extension 'ignore'
[1.980s] Level 1:colcon.colcon_core.package_identification:_identify(src/serial_motor_demo/serial_motor_demo_msgs) by extension 'ignore_ament_install'
[1.981s] Level 1:colcon.colcon_core.package_identification:_identify(src/serial_motor_demo/serial_motor_demo_msgs) by extensions ['colcon_pkg']
[1.981s] Level 1:colcon.colcon_core.package_identification:_identify(src/serial_motor_demo/serial_motor_demo_msgs) by extension 'colcon_pkg'
[1.981s] Level 1:colcon.colcon_core.package_identification:_identify(src/serial_motor_demo/serial_motor_demo_msgs) by extensions ['colcon_meta']
[1.981s] Level 1:colcon.colcon_core.package_identification:_identify(src/serial_motor_demo/serial_motor_demo_msgs) by extension 'colcon_meta'
[1.982s] Level 1:colcon.colcon_core.package_identification:_identify(src/serial_motor_demo/serial_motor_demo_msgs) by extensions ['ros']
[1.982s] Level 1:colcon.colcon_core.package_identification:_identify(src/serial_motor_demo/serial_motor_demo_msgs) by extension 'ros'
[1.984s] DEBUG:colcon.colcon_core.package_identification:Package 'src/serial_motor_demo/serial_motor_demo_msgs' with type 'ros.ament_cmake' and name 'serial_motor_demo_msgs'
[1.985s] Level 1:colcon.colcon_core.package_discovery:discover_packages(recursive) using defaults
[1.985s] Level 1:colcon.colcon_core.package_discovery:discover_packages(ignore) discover
[1.985s] Level 1:colcon.colcon_core.package_discovery:discover_packages(ignore) using defaults
[1.985s] Level 1:colcon.colcon_core.package_discovery:discover_packages(path) discover
[1.985s] Level 1:colcon.colcon_core.package_discovery:discover_packages(path) using defaults
[2.131s] Level 1:colcon.colcon_core.package_discovery:discover_packages(prefix_path) check parameters
[2.132s] Level 1:colcon.colcon_core.package_discovery:discover_packages(prefix_path) discover
[2.147s] DEBUG:colcon.colcon_installed_package_information.package_discovery:Found 6 installed packages in /home/winicon/smilebot_ws/install
[2.157s] DEBUG:colcon.colcon_installed_package_information.package_discovery:Found 317 installed packages in /opt/ros/humble
[2.165s] Level 1:colcon.colcon_core.package_discovery:discover_packages(prefix_path) using defaults
[2.400s] Level 5:colcon.colcon_core.verb:set package 'diffdrive_arduino' build argument 'cmake_args' from command line to 'None'
[2.401s] Level 5:colcon.colcon_core.verb:set package 'diffdrive_arduino' build argument 'cmake_target' from command line to 'None'
[2.401s] Level 5:colcon.colcon_core.verb:set package 'diffdrive_arduino' build argument 'cmake_target_skip_unavailable' from command line to 'False'
[2.401s] Level 5:colcon.colcon_core.verb:set package 'diffdrive_arduino' build argument 'cmake_clean_cache' from command line to 'False'
[2.401s] Level 5:colcon.colcon_core.verb:set package 'diffdrive_arduino' build argument 'cmake_clean_first' from command line to 'False'
[2.401s] Level 5:colcon.colcon_core.verb:set package 'diffdrive_arduino' build argument 'cmake_force_configure' from command line to 'False'
[2.401s] Level 5:colcon.colcon_core.verb:set package 'diffdrive_arduino' build argument 'ament_cmake_args' from command line to 'None'
[2.402s] Level 5:colcon.colcon_core.verb:set package 'diffdrive_arduino' build argument 'catkin_cmake_args' from command line to 'None'
[2.402s] Level 5:colcon.colcon_core.verb:set package 'diffdrive_arduino' build argument 'catkin_skip_building_tests' from command line to 'False'
[2.402s] DEBUG:colcon.colcon_core.verb:Building package 'diffdrive_arduino' with the following arguments: {'ament_cmake_args': None, 'build_base': '/home/winicon/smilebot_ws/build/diffdrive_arduino', 'catkin_cmake_args': None, 'catkin_skip_building_tests': False, 'cmake_args': None, 'cmake_clean_cache': False, 'cmake_clean_first': False, 'cmake_force_configure': False, 'cmake_target': None, 'cmake_target_skip_unavailable': False, 'install_base': '/home/winicon/smilebot_ws/install/diffdrive_arduino', 'merge_install': False, 'path': '/home/winicon/smilebot_ws/src/diffdrive_arduino', 'symlink_install': True, 'test_result_base': None}
[2.403s] Level 5:colcon.colcon_core.verb:set package 'my_bot' build argument 'cmake_args' from command line to 'None'
[2.404s] Level 5:colcon.colcon_core.verb:set package 'my_bot' build argument 'cmake_target' from command line to 'None'
[2.404s] Level 5:colcon.colcon_core.verb:set package 'my_bot' build argument 'cmake_target_skip_unavailable' from command line to 'False'
[2.404s] Level 5:colcon.colcon_core.verb:set package 'my_bot' build argument 'cmake_clean_cache' from command line to 'False'
[2.404s] Level 5:colcon.colcon_core.verb:set package 'my_bot' build argument 'cmake_clean_first' from command line to 'False'
[2.404s] Level 5:colcon.colcon_core.verb:set package 'my_bot' build argument 'cmake_force_configure' from command line to 'False'
[2.404s] Level 5:colcon.colcon_core.verb:set package 'my_bot' build argument 'ament_cmake_args' from command line to 'None'
[2.404s] Level 5:colcon.colcon_core.verb:set package 'my_bot' build argument 'catkin_cmake_args' from command line to 'None'
[2.405s] Level 5:colcon.colcon_core.verb:set package 'my_bot' build argument 'catkin_skip_building_tests' from command line to 'False'
[2.405s] DEBUG:colcon.colcon_core.verb:Building package 'my_bot' with the following arguments: {'ament_cmake_args': None, 'build_base': '/home/winicon/smilebot_ws/build/my_bot', 'catkin_cmake_args': None, 'catkin_skip_building_tests': False, 'cmake_args': None, 'cmake_clean_cache': False, 'cmake_clean_first': False, 'cmake_force_configure': False, 'cmake_target': None, 'cmake_target_skip_unavailable': False, 'install_base': '/home/winicon/smilebot_ws/install/my_bot', 'merge_install': False, 'path': '/home/winicon/smilebot_ws/src/my_bot', 'symlink_install': True, 'test_result_base': None}
[2.406s] Level 5:colcon.colcon_core.verb:set package 'serial' build argument 'cmake_args' from command line to 'None'
[2.407s] Level 5:colcon.colcon_core.verb:set package 'serial' build argument 'cmake_target' from command line to 'None'
[2.407s] Level 5:colcon.colcon_core.verb:set package 'serial' build argument 'cmake_target_skip_unavailable' from command line to 'False'
[2.407s] Level 5:colcon.colcon_core.verb:set package 'serial' build argument 'cmake_clean_cache' from command line to 'False'
[2.407s] Level 5:colcon.colcon_core.verb:set package 'serial' build argument 'cmake_clean_first' from command line to 'False'
[2.407s] Level 5:colcon.colcon_core.verb:set package 'serial' build argument 'cmake_force_configure' from command line to 'False'
[2.407s] Level 5:colcon.colcon_core.verb:set package 'serial' build argument 'ament_cmake_args' from command line to 'None'
[2.408s] Level 5:colcon.colcon_core.verb:set package 'serial' build argument 'catkin_cmake_args' from command line to 'None'
[2.408s] Level 5:colcon.colcon_core.verb:set package 'serial' build argument 'catkin_skip_building_tests' from command line to 'False'
[2.408s] DEBUG:colcon.colcon_core.verb:Building package 'serial' with the following arguments: {'ament_cmake_args': None, 'build_base': '/home/winicon/smilebot_ws/build/serial', 'catkin_cmake_args': None, 'catkin_skip_building_tests': False, 'cmake_args': None, 'cmake_clean_cache': False, 'cmake_clean_first': False, 'cmake_force_configure': False, 'cmake_target': None, 'cmake_target_skip_unavailable': False, 'install_base': '/home/winicon/smilebot_ws/install/serial', 'merge_install': False, 'path': '/home/winicon/smilebot_ws/src/serial', 'symlink_install': True, 'test_result_base': None}
[2.410s] Level 5:colcon.colcon_core.verb:set package 'serial_motor_demo_msgs' build argument 'cmake_args' from command line to 'None'
[2.410s] Level 5:colcon.colcon_core.verb:set package 'serial_motor_demo_msgs' build argument 'cmake_target' from command line to 'None'
[2.410s] Level 5:colcon.colcon_core.verb:set package 'serial_motor_demo_msgs' build argument 'cmake_target_skip_unavailable' from command line to 'False'
[2.410s] Level 5:colcon.colcon_core.verb:set package 'serial_motor_demo_msgs' build argument 'cmake_clean_cache' from command line to 'False'
[2.410s] Level 5:colcon.colcon_core.verb:set package 'serial_motor_demo_msgs' build argument 'cmake_clean_first' from command line to 'False'
[2.410s] Level 5:colcon.colcon_core.verb:set package 'serial_motor_demo_msgs' build argument 'cmake_force_configure' from command line to 'False'
[2.411s] Level 5:colcon.colcon_core.verb:set package 'serial_motor_demo_msgs' build argument 'ament_cmake_args' from command line to 'None'
[2.411s] Level 5:colcon.colcon_core.verb:set package 'serial_motor_demo_msgs' build argument 'catkin_cmake_args' from command line to 'None'
[2.411s] Level 5:colcon.colcon_core.verb:set package 'serial_motor_demo_msgs' build argument 'catkin_skip_building_tests' from command line to 'False'
[2.411s] DEBUG:colcon.colcon_core.verb:Building package 'serial_motor_demo_msgs' with the following arguments: {'ament_cmake_args': None, 'build_base': '/home/winicon/smilebot_ws/build/serial_motor_demo_msgs', 'catkin_cmake_args': None, 'catkin_skip_building_tests': False, 'cmake_args': None, 'cmake_clean_cache': False, 'cmake_clean_first': False, 'cmake_force_configure': False, 'cmake_target': None, 'cmake_target_skip_unavailable': False, 'install_base': '/home/winicon/smilebot_ws/install/serial_motor_demo_msgs', 'merge_install': False, 'path': '/home/winicon/smilebot_ws/src/serial_motor_demo/serial_motor_demo_msgs', 'symlink_install': True, 'test_result_base': None}
[2.412s] Level 5:colcon.colcon_core.verb:set package 'serial_motor_demo' build argument 'cmake_args' from command line to 'None'
[2.413s] Level 5:colcon.colcon_core.verb:set package 'serial_motor_demo' build argument 'cmake_target' from command line to 'None'
[2.413s] Level 5:colcon.colcon_core.verb:set package 'serial_motor_demo' build argument 'cmake_target_skip_unavailable' from command line to 'False'
[2.414s] Level 5:colcon.colcon_core.verb:set package 'serial_motor_demo' build argument 'cmake_clean_cache' from command line to 'False'
[2.414s] Level 5:colcon.colcon_core.verb:set package 'serial_motor_demo' build argument 'cmake_clean_first' from command line to 'False'
[2.414s] Level 5:colcon.colcon_core.verb:set package 'serial_motor_demo' build argument 'cmake_force_configure' from command line to 'False'
[2.415s] Level 5:colcon.colcon_core.verb:set package 'serial_motor_demo' build argument 'ament_cmake_args' from command line to 'None'
[2.415s] Level 5:colcon.colcon_core.verb:set package 'serial_motor_demo' build argument 'catkin_cmake_args' from command line to 'None'
[2.416s] Level 5:colcon.colcon_core.verb:set package 'serial_motor_demo' build argument 'catkin_skip_building_tests' from command line to 'False'
[2.416s] DEBUG:colcon.colcon_core.verb:Building package 'serial_motor_demo' with the following arguments: {'ament_cmake_args': None, 'build_base': '/home/winicon/smilebot_ws/build/serial_motor_demo', 'catkin_cmake_args': None, 'catkin_skip_building_tests': False, 'cmake_args': None, 'cmake_clean_cache': False, 'cmake_clean_first': False, 'cmake_force_configure': False, 'cmake_target': None, 'cmake_target_skip_unavailable': False, 'install_base': '/home/winicon/smilebot_ws/install/serial_motor_demo', 'merge_install': False, 'path': '/home/winicon/smilebot_ws/src/serial_motor_demo/serial_motor_demo', 'symlink_install': True, 'test_result_base': None}
[2.416s] INFO:colcon.colcon_core.executor:Executing jobs using 'parallel' executor
[2.419s] DEBUG:colcon.colcon_parallel_executor.executor.parallel:run_until_complete
[2.420s] INFO:colcon.colcon_ros.task.ament_cmake.build:Building ROS package in '/home/winicon/smilebot_ws/src/serial_motor_demo/serial_motor_demo_msgs' with build type 'ament_cmake'
[2.421s] INFO:colcon.colcon_cmake.task.cmake.build:Building CMake package in '/home/winicon/smilebot_ws/src/serial_motor_demo/serial_motor_demo_msgs'
[2.437s] INFO:colcon.colcon_core.plugin_system:Skipping extension 'colcon_core.shell.bat': Not used on non-Windows systems
[2.438s] INFO:colcon.colcon_core.shell:Skip shell extension 'powershell' for command environment: Not usable outside of PowerShell
[2.438s] DEBUG:colcon.colcon_core.shell:Skip shell extension 'dsv' for command environment
[2.461s] INFO:colcon.colcon_ros.task.ament_cmake.build:Building ROS package in '/home/winicon/smilebot_ws/src/diffdrive_arduino' with build type 'ament_cmake'
[2.461s] INFO:colcon.colcon_cmake.task.cmake.build:Building CMake package in '/home/winicon/smilebot_ws/src/diffdrive_arduino'
[2.462s] INFO:colcon.colcon_core.shell:Skip shell extension 'powershell' for command environment: Not usable outside of PowerShell
[2.463s] DEBUG:colcon.colcon_core.shell:Skip shell extension 'dsv' for command environment
[2.490s] INFO:colcon.colcon_ros.task.ament_cmake.build:Building ROS package in '/home/winicon/smilebot_ws/src/my_bot' with build type 'ament_cmake'
[2.491s] INFO:colcon.colcon_cmake.task.cmake.build:Building CMake package in '/home/winicon/smilebot_ws/src/my_bot'
[2.492s] INFO:colcon.colcon_core.shell:Skip shell extension 'powershell' for command environment: Not usable outside of PowerShell
[2.493s] DEBUG:colcon.colcon_core.shell:Skip shell extension 'dsv' for command environment
[2.520s] INFO:colcon.colcon_ros.task.ament_cmake.build:Building ROS package in '/home/winicon/smilebot_ws/src/serial' with build type 'ament_cmake'
[2.521s] INFO:colcon.colcon_cmake.task.cmake.build:Building CMake package in '/home/winicon/smilebot_ws/src/serial'
[2.523s] INFO:colcon.colcon_core.shell:Skip shell extension 'powershell' for command environment: Not usable outside of PowerShell
[2.523s] DEBUG:colcon.colcon_core.shell:Skip shell extension 'dsv' for command environment
[2.572s] DEBUG:colcon.colcon_core.event_handler.log_command:Invoking command in '/home/winicon/smilebot_ws/build/serial_motor_demo_msgs': CMAKE_PREFIX_PATH=${CMAKE_PREFIX_PATH}:/home/winicon/smilebot_ws/install/serial_motor_demo:/opt/ros/humble /usr/bin/cmake --build /home/winicon/smilebot_ws/build/serial_motor_demo_msgs -- -j4 -l4
[2.611s] DEBUG:colcon.colcon_core.event_handler.log_command:Invoking command in '/home/winicon/smilebot_ws/build/diffdrive_arduino': CMAKE_PREFIX_PATH=${CMAKE_PREFIX_PATH}:/home/winicon/smilebot_ws/install/serial_motor_demo:/opt/ros/humble /usr/bin/cmake --build /home/winicon/smilebot_ws/build/diffdrive_arduino -- -j4 -l4
[2.636s] DEBUG:colcon.colcon_core.event_handler.log_command:Invoking command in '/home/winicon/smilebot_ws/build/my_bot': CMAKE_PREFIX_PATH=${CMAKE_PREFIX_PATH}:/home/winicon/smilebot_ws/install/serial_motor_demo:/opt/ros/humble /usr/bin/cmake --build /home/winicon/smilebot_ws/build/my_bot -- -j4 -l4
[2.695s] DEBUG:colcon.colcon_core.event_handler.log_command:Invoking command in '/home/winicon/smilebot_ws/build/serial': CMAKE_PREFIX_PATH=${CMAKE_PREFIX_PATH}:/home/winicon/smilebot_ws/install/serial_motor_demo:/opt/ros/humble /usr/bin/cmake --build /home/winicon/smilebot_ws/build/serial -- -j4 -l4
[3.089s] DEBUG:colcon.colcon_core.event_handler.log_command:Invoked command in '/home/winicon/smilebot_ws/build/my_bot' returned '0': CMAKE_PREFIX_PATH=${CMAKE_PREFIX_PATH}:/home/winicon/smilebot_ws/install/serial_motor_demo:/opt/ros/humble /usr/bin/cmake --build /home/winicon/smilebot_ws/build/my_bot -- -j4 -l4
[3.372s] DEBUG:colcon.colcon_core.event_handler.log_command:Invoked command in '/home/winicon/smilebot_ws/build/diffdrive_arduino' returned '0': CMAKE_PREFIX_PATH=${CMAKE_PREFIX_PATH}:/home/winicon/smilebot_ws/install/serial_motor_demo:/opt/ros/humble /usr/bin/cmake --build /home/winicon/smilebot_ws/build/diffdrive_arduino -- -j4 -l4
[3.663s] DEBUG:colcon.colcon_core.event_handler.log_command:Invoking command in '/home/winicon/smilebot_ws/build/my_bot': CMAKE_PREFIX_PATH=${CMAKE_PREFIX_PATH}:/home/winicon/smilebot_ws/install/serial_motor_demo:/opt/ros/humble /usr/bin/cmake --install /home/winicon/smilebot_ws/build/my_bot
[4.188s] DEBUG:colcon.colcon_core.event_handler.log_command:Invoking command in '/home/winicon/smilebot_ws/build/diffdrive_arduino': CMAKE_PREFIX_PATH=${CMAKE_PREFIX_PATH}:/home/winicon/smilebot_ws/install/serial_motor_demo:/opt/ros/humble /usr/bin/cmake --install /home/winicon/smilebot_ws/build/diffdrive_arduino
[4.232s] Level 1:colcon.colcon_core.environment:create_environment_scripts_only(my_bot)
[4.245s] DEBUG:colcon.colcon_core.event_handler.log_command:Invoked command in '/home/winicon/smilebot_ws/build/my_bot' returned '0': CMAKE_PREFIX_PATH=${CMAKE_PREFIX_PATH}:/home/winicon/smilebot_ws/install/serial_motor_demo:/opt/ros/humble /usr/bin/cmake --install /home/winicon/smilebot_ws/build/my_bot
[4.276s] Level 1:colcon.colcon_core.environment:checking '/home/winicon/smilebot_ws/install/my_bot' for CMake module files
[4.280s] Level 1:colcon.colcon_core.environment:checking '/home/winicon/smilebot_ws/install/my_bot' for CMake config files
[4.297s] Level 1:colcon.colcon_core.shell:create_environment_hook('my_bot', 'cmake_prefix_path')
[4.318s] INFO:colcon.colcon_core.shell:Creating environment hook '/home/winicon/smilebot_ws/install/my_bot/share/my_bot/hook/cmake_prefix_path.ps1'
[4.335s] INFO:colcon.colcon_core.shell:Creating environment descriptor '/home/winicon/smilebot_ws/install/my_bot/share/my_bot/hook/cmake_prefix_path.dsv'
[4.347s] INFO:colcon.colcon_core.shell:Creating environment hook '/home/winicon/smilebot_ws/install/my_bot/share/my_bot/hook/cmake_prefix_path.sh'
[4.382s] Level 1:colcon.colcon_core.environment:checking '/home/winicon/smilebot_ws/install/my_bot/bin'
[4.383s] Level 1:colcon.colcon_core.environment:checking '/home/winicon/smilebot_ws/install/my_bot/lib/pkgconfig/my_bot.pc'
[4.405s] Level 1:colcon.colcon_core.environment:checking '/home/winicon/smilebot_ws/install/my_bot/lib/python3.10/site-packages'
[4.406s] Level 1:colcon.colcon_core.environment:checking '/home/winicon/smilebot_ws/install/my_bot/bin'
[4.408s] INFO:colcon.colcon_core.shell:Creating package script '/home/winicon/smilebot_ws/install/my_bot/share/my_bot/package.ps1'
[4.446s] INFO:colcon.colcon_core.shell:Creating package descriptor '/home/winicon/smilebot_ws/install/my_bot/share/my_bot/package.dsv'
[4.468s] INFO:colcon.colcon_core.shell:Creating package script '/home/winicon/smilebot_ws/install/my_bot/share/my_bot/package.sh'
[4.487s] INFO:colcon.colcon_core.shell:Creating package script '/home/winicon/smilebot_ws/install/my_bot/share/my_bot/package.bash'
[4.508s] INFO:colcon.colcon_core.shell:Creating package script '/home/winicon/smilebot_ws/install/my_bot/share/my_bot/package.zsh'
[4.516s] Level 1:colcon.colcon_core.environment:create_file_with_runtime_dependencies(/home/winicon/smilebot_ws/install/my_bot/share/colcon-core/packages/my_bot)
[4.656s] DEBUG:colcon.colcon_core.event_handler.log_command:Invoked command in '/home/winicon/smilebot_ws/build/serial' returned '0': CMAKE_PREFIX_PATH=${CMAKE_PREFIX_PATH}:/home/winicon/smilebot_ws/install/serial_motor_demo:/opt/ros/humble /usr/bin/cmake --build /home/winicon/smilebot_ws/build/serial -- -j4 -l4
[4.866s] Level 1:colcon.colcon_core.environment:create_environment_scripts_only(diffdrive_arduino)
[4.868s] Level 1:colcon.colcon_core.environment:checking '/home/winicon/smilebot_ws/install/diffdrive_arduino' for CMake module files
[4.878s] DEBUG:colcon.colcon_core.event_handler.log_command:Invoked command in '/home/winicon/smilebot_ws/build/diffdrive_arduino' returned '0': CMAKE_PREFIX_PATH=${CMAKE_PREFIX_PATH}:/home/winicon/smilebot_ws/install/serial_motor_demo:/opt/ros/humble /usr/bin/cmake --install /home/winicon/smilebot_ws/build/diffdrive_arduino
[4.881s] Level 1:colcon.colcon_core.environment:checking '/home/winicon/smilebot_ws/install/diffdrive_arduino' for CMake config files
[4.887s] Level 1:colcon.colcon_core.shell:create_environment_hook('diffdrive_arduino', 'cmake_prefix_path')
[4.902s] INFO:colcon.colcon_core.shell:Creating environment hook '/home/winicon/smilebot_ws/install/diffdrive_arduino/share/diffdrive_arduino/hook/cmake_prefix_path.ps1'
[4.905s] INFO:colcon.colcon_core.shell:Creating environment descriptor '/home/winicon/smilebot_ws/install/diffdrive_arduino/share/diffdrive_arduino/hook/cmake_prefix_path.dsv'
[4.910s] INFO:colcon.colcon_core.shell:Creating environment hook '/home/winicon/smilebot_ws/install/diffdrive_arduino/share/diffdrive_arduino/hook/cmake_prefix_path.sh'
[4.935s] Level 1:colcon.colcon_core.environment:checking '/home/winicon/smilebot_ws/install/diffdrive_arduino/lib'
[4.936s] Level 1:colcon.colcon_core.shell:create_environment_hook('diffdrive_arduino', 'ld_library_path_lib')
[4.937s] INFO:colcon.colcon_core.shell:Creating environment hook '/home/winicon/smilebot_ws/install/diffdrive_arduino/share/diffdrive_arduino/hook/ld_library_path_lib.ps1'
[4.943s] INFO:colcon.colcon_core.shell:Creating environment descriptor '/home/winicon/smilebot_ws/install/diffdrive_arduino/share/diffdrive_arduino/hook/ld_library_path_lib.dsv'
[4.946s] INFO:colcon.colcon_core.shell:Creating environment hook '/home/winicon/smilebot_ws/install/diffdrive_arduino/share/diffdrive_arduino/hook/ld_library_path_lib.sh'
[4.953s] Level 1:colcon.colcon_core.environment:checking '/home/winicon/smilebot_ws/install/diffdrive_arduino/bin'
[4.962s] Level 1:colcon.colcon_core.environment:checking '/home/winicon/smilebot_ws/install/diffdrive_arduino/lib/pkgconfig/diffdrive_arduino.pc'
[4.966s] Level 1:colcon.colcon_core.environment:checking '/home/winicon/smilebot_ws/install/diffdrive_arduino/lib/python3.10/site-packages'
[4.978s] Level 1:colcon.colcon_core.environment:checking '/home/winicon/smilebot_ws/install/diffdrive_arduino/bin'
[4.982s] INFO:colcon.colcon_core.shell:Creating package script '/home/winicon/smilebot_ws/install/diffdrive_arduino/share/diffdrive_arduino/package.ps1'
[5.001s] INFO:colcon.colcon_core.shell:Creating package descriptor '/home/winicon/smilebot_ws/install/diffdrive_arduino/share/diffdrive_arduino/package.dsv'
[5.008s] INFO:colcon.colcon_core.shell:Creating package script '/home/winicon/smilebot_ws/install/diffdrive_arduino/share/diffdrive_arduino/package.sh'
[5.013s] INFO:colcon.colcon_core.shell:Creating package script '/home/winicon/smilebot_ws/install/diffdrive_arduino/share/diffdrive_arduino/package.bash'
[5.017s] INFO:colcon.colcon_core.shell:Creating package script '/home/winicon/smilebot_ws/install/diffdrive_arduino/share/diffdrive_arduino/package.zsh'
[5.021s] Level 1:colcon.colcon_core.environment:create_file_with_runtime_dependencies(/home/winicon/smilebot_ws/install/diffdrive_arduino/share/colcon-core/packages/diffdrive_arduino)
[5.070s] Level 1:colcon.colcon_core.environment:create_environment_scripts_only(my_bot)
[5.071s] Level 1:colcon.colcon_core.environment:checking '/home/winicon/smilebot_ws/install/my_bot' for CMake module files
[5.076s] Level 1:colcon.colcon_core.environment:checking '/home/winicon/smilebot_ws/install/my_bot' for CMake config files
[5.087s] Level 1:colcon.colcon_core.shell:create_environment_hook('my_bot', 'cmake_prefix_path')
[5.095s] INFO:colcon.colcon_core.shell:Creating environment hook '/home/winicon/smilebot_ws/install/my_bot/share/my_bot/hook/cmake_prefix_path.ps1'
[5.105s] INFO:colcon.colcon_core.shell:Creating environment descriptor '/home/winicon/smilebot_ws/install/my_bot/share/my_bot/hook/cmake_prefix_path.dsv'
[5.121s] INFO:colcon.colcon_core.shell:Creating environment hook '/home/winicon/smilebot_ws/install/my_bot/share/my_bot/hook/cmake_prefix_path.sh'
[5.134s] Level 1:colcon.colcon_core.environment:checking '/home/winicon/smilebot_ws/install/my_bot/bin'
[5.135s] Level 1:colcon.colcon_core.environment:checking '/home/winicon/smilebot_ws/install/my_bot/lib/pkgconfig/my_bot.pc'
[5.137s] Level 1:colcon.colcon_core.environment:checking '/home/winicon/smilebot_ws/install/my_bot/lib/python3.10/site-packages'
[5.139s] Level 1:colcon.colcon_core.environment:checking '/home/winicon/smilebot_ws/install/my_bot/bin'
[5.141s] INFO:colcon.colcon_core.shell:Creating package script '/home/winicon/smilebot_ws/install/my_bot/share/my_bot/package.ps1'
[5.150s] INFO:colcon.colcon_core.shell:Creating package descriptor '/home/winicon/smilebot_ws/install/my_bot/share/my_bot/package.dsv'
[5.165s] INFO:colcon.colcon_core.shell:Creating package script '/home/winicon/smilebot_ws/install/my_bot/share/my_bot/package.sh'
[5.182s] INFO:colcon.colcon_core.shell:Creating package script '/home/winicon/smilebot_ws/install/my_bot/share/my_bot/package.bash'
[5.194s] INFO:colcon.colcon_core.shell:Creating package script '/home/winicon/smilebot_ws/install/my_bot/share/my_bot/package.zsh'
[5.222s] Level 1:colcon.colcon_core.environment:create_file_with_runtime_dependencies(/home/winicon/smilebot_ws/install/my_bot/share/colcon-core/packages/my_bot)
[5.591s] Level 1:colcon.colcon_core.environment:create_environment_scripts_only(diffdrive_arduino)
[5.592s] Level 1:colcon.colcon_core.environment:checking '/home/winicon/smilebot_ws/install/diffdrive_arduino' for CMake module files
[5.600s] Level 1:colcon.colcon_core.environment:checking '/home/winicon/smilebot_ws/install/diffdrive_arduino' for CMake config files
[5.624s] Level 1:colcon.colcon_core.shell:create_environment_hook('diffdrive_arduino', 'cmake_prefix_path')
[5.625s] INFO:colcon.colcon_core.shell:Creating environment hook '/home/winicon/smilebot_ws/install/diffdrive_arduino/share/diffdrive_arduino/hook/cmake_prefix_path.ps1'
[5.636s] INFO:colcon.colcon_core.shell:Creating environment descriptor '/home/winicon/smilebot_ws/install/diffdrive_arduino/share/diffdrive_arduino/hook/cmake_prefix_path.dsv'
[5.639s] INFO:colcon.colcon_core.shell:Creating environment hook '/home/winicon/smilebot_ws/install/diffdrive_arduino/share/diffdrive_arduino/hook/cmake_prefix_path.sh'
[5.647s] Level 1:colcon.colcon_core.environment:checking '/home/winicon/smilebot_ws/install/diffdrive_arduino/lib'
[5.649s] Level 1:colcon.colcon_core.shell:create_environment_hook('diffdrive_arduino', 'ld_library_path_lib')
[5.654s] INFO:colcon.colcon_core.shell:Creating environment hook '/home/winicon/smilebot_ws/install/diffdrive_arduino/share/diffdrive_arduino/hook/ld_library_path_lib.ps1'
[5.658s] INFO:colcon.colcon_core.shell:Creating environment descriptor '/home/winicon/smilebot_ws/install/diffdrive_arduino/share/diffdrive_arduino/hook/ld_library_path_lib.dsv'
[5.662s] INFO:colcon.colcon_core.shell:Creating environment hook '/home/winicon/smilebot_ws/install/diffdrive_arduino/share/diffdrive_arduino/hook/ld_library_path_lib.sh'
[5.669s] Level 1:colcon.colcon_core.environment:checking '/home/winicon/smilebot_ws/install/diffdrive_arduino/bin'
[5.670s] Level 1:colcon.colcon_core.environment:checking '/home/winicon/smilebot_ws/install/diffdrive_arduino/lib/pkgconfig/diffdrive_arduino.pc'
[5.671s] Level 1:colcon.colcon_core.environment:checking '/home/winicon/smilebot_ws/install/diffdrive_arduino/lib/python3.10/site-packages'
[5.672s] Level 1:colcon.colcon_core.environment:checking '/home/winicon/smilebot_ws/install/diffdrive_arduino/bin'
[5.675s] INFO:colcon.colcon_core.shell:Creating package script '/home/winicon/smilebot_ws/install/diffdrive_arduino/share/diffdrive_arduino/package.ps1'
[5.686s] INFO:colcon.colcon_core.shell:Creating package descriptor '/home/winicon/smilebot_ws/install/diffdrive_arduino/share/diffdrive_arduino/package.dsv'
[5.691s] INFO:colcon.colcon_core.shell:Creating package script '/home/winicon/smilebot_ws/install/diffdrive_arduino/share/diffdrive_arduino/package.sh'
[5.694s] INFO:colcon.colcon_core.shell:Creating package script '/home/winicon/smilebot_ws/install/diffdrive_arduino/share/diffdrive_arduino/package.bash'
[5.698s] INFO:colcon.colcon_core.shell:Creating package script '/home/winicon/smilebot_ws/install/diffdrive_arduino/share/diffdrive_arduino/package.zsh'
[5.702s] Level 1:colcon.colcon_core.environment:create_file_with_runtime_dependencies(/home/winicon/smilebot_ws/install/diffdrive_arduino/share/colcon-core/packages/diffdrive_arduino)
[5.730s] DEBUG:colcon.colcon_core.event_handler.log_command:Invoking command in '/home/winicon/smilebot_ws/build/serial': CMAKE_PREFIX_PATH=${CMAKE_PREFIX_PATH}:/home/winicon/smilebot_ws/install/serial_motor_demo:/opt/ros/humble /usr/bin/cmake --install /home/winicon/smilebot_ws/build/serial
[5.951s] Level 1:colcon.colcon_core.environment:create_environment_scripts_only(serial)
[5.952s] Level 1:colcon.colcon_core.environment:checking '/home/winicon/smilebot_ws/install/serial' for CMake module files
[5.955s] DEBUG:colcon.colcon_core.event_handler.log_command:Invoked command in '/home/winicon/smilebot_ws/build/serial' returned '0': CMAKE_PREFIX_PATH=${CMAKE_PREFIX_PATH}:/home/winicon/smilebot_ws/install/serial_motor_demo:/opt/ros/humble /usr/bin/cmake --install /home/winicon/smilebot_ws/build/serial
[5.957s] Level 1:colcon.colcon_core.environment:checking '/home/winicon/smilebot_ws/install/serial' for CMake config files
[5.961s] Level 1:colcon.colcon_core.shell:create_environment_hook('serial', 'cmake_prefix_path')
[5.962s] INFO:colcon.colcon_core.shell:Creating environment hook '/home/winicon/smilebot_ws/install/serial/share/serial/hook/cmake_prefix_path.ps1'
[5.969s] INFO:colcon.colcon_core.shell:Creating environment descriptor '/home/winicon/smilebot_ws/install/serial/share/serial/hook/cmake_prefix_path.dsv'
[5.973s] INFO:colcon.colcon_core.shell:Creating environment hook '/home/winicon/smilebot_ws/install/serial/share/serial/hook/cmake_prefix_path.sh'
[5.976s] Level 1:colcon.colcon_core.environment:checking '/home/winicon/smilebot_ws/install/serial/lib'
[5.979s] Level 1:colcon.colcon_core.environment:checking '/home/winicon/smilebot_ws/install/serial/bin'
[5.979s] Level 1:colcon.colcon_core.environment:checking '/home/winicon/smilebot_ws/install/serial/lib/pkgconfig/serial.pc'
[5.982s] Level 1:colcon.colcon_core.environment:checking '/home/winicon/smilebot_ws/install/serial/lib/python3.10/site-packages'
[5.984s] Level 1:colcon.colcon_core.environment:checking '/home/winicon/smilebot_ws/install/serial/bin'
[5.986s] INFO:colcon.colcon_core.shell:Creating package script '/home/winicon/smilebot_ws/install/serial/share/serial/package.ps1'
[5.990s] INFO:colcon.colcon_core.shell:Creating package descriptor '/home/winicon/smilebot_ws/install/serial/share/serial/package.dsv'
[5.993s] INFO:colcon.colcon_core.shell:Creating package script '/home/winicon/smilebot_ws/install/serial/share/serial/package.sh'
[5.996s] INFO:colcon.colcon_core.shell:Creating package script '/home/winicon/smilebot_ws/install/serial/share/serial/package.bash'
[6.000s] INFO:colcon.colcon_core.shell:Creating package script '/home/winicon/smilebot_ws/install/serial/share/serial/package.zsh'
[6.003s] Level 1:colcon.colcon_core.environment:create_file_with_runtime_dependencies(/home/winicon/smilebot_ws/install/serial/share/colcon-core/packages/serial)
[6.345s] Level 1:colcon.colcon_core.environment:create_environment_scripts_only(serial)
[6.347s] Level 1:colcon.colcon_core.environment:checking '/home/winicon/smilebot_ws/install/serial' for CMake module files
[6.351s] Level 1:colcon.colcon_core.environment:checking '/home/winicon/smilebot_ws/install/serial' for CMake config files
[6.359s] Level 1:colcon.colcon_core.shell:create_environment_hook('serial', 'cmake_prefix_path')
[6.360s] INFO:colcon.colcon_core.shell:Creating environment hook '/home/winicon/smilebot_ws/install/serial/share/serial/hook/cmake_prefix_path.ps1'
[6.368s] INFO:colcon.colcon_core.shell:Creating environment descriptor '/home/winicon/smilebot_ws/install/serial/share/serial/hook/cmake_prefix_path.dsv'
[6.372s] INFO:colcon.colcon_core.shell:Creating environment hook '/home/winicon/smilebot_ws/install/serial/share/serial/hook/cmake_prefix_path.sh'
[6.385s] Level 1:colcon.colcon_core.environment:checking '/home/winicon/smilebot_ws/install/serial/lib'
[6.386s] Level 1:colcon.colcon_core.environment:checking '/home/winicon/smilebot_ws/install/serial/bin'
[6.387s] Level 1:colcon.colcon_core.environment:checking '/home/winicon/smilebot_ws/install/serial/lib/pkgconfig/serial.pc'
[6.388s] Level 1:colcon.colcon_core.environment:checking '/home/winicon/smilebot_ws/install/serial/lib/python3.10/site-packages'
[6.394s] Level 1:colcon.colcon_core.environment:checking '/home/winicon/smilebot_ws/install/serial/bin'
[6.396s] INFO:colcon.colcon_core.shell:Creating package script '/home/winicon/smilebot_ws/install/serial/share/serial/package.ps1'
[6.407s] INFO:colcon.colcon_core.shell:Creating package descriptor '/home/winicon/smilebot_ws/install/serial/share/serial/package.dsv'
[6.413s] INFO:colcon.colcon_core.shell:Creating package script '/home/winicon/smilebot_ws/install/serial/share/serial/package.sh'
[6.421s] INFO:colcon.colcon_core.shell:Creating package script '/home/winicon/smilebot_ws/install/serial/share/serial/package.bash'
[6.427s] INFO:colcon.colcon_core.shell:Creating package script '/home/winicon/smilebot_ws/install/serial/share/serial/package.zsh'
[6.431s] Level 1:colcon.colcon_core.environment:create_file_with_runtime_dependencies(/home/winicon/smilebot_ws/install/serial/share/colcon-core/packages/serial)
[7.398s] DEBUG:colcon.colcon_core.event_handler.log_command:Invoked command in '/home/winicon/smilebot_ws/build/serial_motor_demo_msgs' returned '0': CMAKE_PREFIX_PATH=${CMAKE_PREFIX_PATH}:/home/winicon/smilebot_ws/install/serial_motor_demo:/opt/ros/humble /usr/bin/cmake --build /home/winicon/smilebot_ws/build/serial_motor_demo_msgs -- -j4 -l4
[8.441s] DEBUG:colcon.colcon_core.event_handler.log_command:Invoking command in '/home/winicon/smilebot_ws/build/serial_motor_demo_msgs': CMAKE_PREFIX_PATH=${CMAKE_PREFIX_PATH}:/home/winicon/smilebot_ws/install/serial_motor_demo:/opt/ros/humble /usr/bin/cmake --install /home/winicon/smilebot_ws/build/serial_motor_demo_msgs
[9.192s] Level 1:colcon.colcon_core.environment:create_environment_scripts_only(serial_motor_demo_msgs)
[9.194s] Level 1:colcon.colcon_core.environment:checking '/home/winicon/smilebot_ws/install/serial_motor_demo_msgs' for CMake module files
[9.196s] DEBUG:colcon.colcon_core.event_handler.log_command:Invoked command in '/home/winicon/smilebot_ws/build/serial_motor_demo_msgs' returned '0': CMAKE_PREFIX_PATH=${CMAKE_PREFIX_PATH}:/home/winicon/smilebot_ws/install/serial_motor_demo:/opt/ros/humble /usr/bin/cmake --install /home/winicon/smilebot_ws/build/serial_motor_demo_msgs
[9.201s] Level 1:colcon.colcon_core.environment:checking '/home/winicon/smilebot_ws/install/serial_motor_demo_msgs' for CMake config files
[9.217s] Level 1:colcon.colcon_core.shell:create_environment_hook('serial_motor_demo_msgs', 'cmake_prefix_path')
[9.218s] INFO:colcon.colcon_core.shell:Creating environment hook '/home/winicon/smilebot_ws/install/serial_motor_demo_msgs/share/serial_motor_demo_msgs/hook/cmake_prefix_path.ps1'
[9.221s] INFO:colcon.colcon_core.shell:Creating environment descriptor '/home/winicon/smilebot_ws/install/serial_motor_demo_msgs/share/serial_motor_demo_msgs/hook/cmake_prefix_path.dsv'
[9.225s] INFO:colcon.colcon_core.shell:Creating environment hook '/home/winicon/smilebot_ws/install/serial_motor_demo_msgs/share/serial_motor_demo_msgs/hook/cmake_prefix_path.sh'
[9.232s] Level 1:colcon.colcon_core.environment:checking '/home/winicon/smilebot_ws/install/serial_motor_demo_msgs/lib'
[9.234s] Level 1:colcon.colcon_core.shell:create_environment_hook('serial_motor_demo_msgs', 'ld_library_path_lib')
[9.236s] INFO:colcon.colcon_core.shell:Creating environment hook '/home/winicon/smilebot_ws/install/serial_motor_demo_msgs/share/serial_motor_demo_msgs/hook/ld_library_path_lib.ps1'
[9.239s] INFO:colcon.colcon_core.shell:Creating environment descriptor '/home/winicon/smilebot_ws/install/serial_motor_demo_msgs/share/serial_motor_demo_msgs/hook/ld_library_path_lib.dsv'
[9.243s] INFO:colcon.colcon_core.shell:Creating environment hook '/home/winicon/smilebot_ws/install/serial_motor_demo_msgs/share/serial_motor_demo_msgs/hook/ld_library_path_lib.sh'
[9.246s] Level 1:colcon.colcon_core.environment:checking '/home/winicon/smilebot_ws/install/serial_motor_demo_msgs/bin'
[9.249s] Level 1:colcon.colcon_core.environment:checking '/home/winicon/smilebot_ws/install/serial_motor_demo_msgs/lib/pkgconfig/serial_motor_demo_msgs.pc'
[9.251s] Level 1:colcon.colcon_core.environment:checking '/home/winicon/smilebot_ws/install/serial_motor_demo_msgs/lib/python3.10/site-packages'
[9.254s] Level 1:colcon.colcon_core.environment:checking '/home/winicon/smilebot_ws/install/serial_motor_demo_msgs/bin'
[9.257s] INFO:colcon.colcon_core.shell:Creating package script '/home/winicon/smilebot_ws/install/serial_motor_demo_msgs/share/serial_motor_demo_msgs/package.ps1'
[9.262s] INFO:colcon.colcon_core.shell:Creating package descriptor '/home/winicon/smilebot_ws/install/serial_motor_demo_msgs/share/serial_motor_demo_msgs/package.dsv'
[9.265s] INFO:colcon.colcon_core.shell:Creating package script '/home/winicon/smilebot_ws/install/serial_motor_demo_msgs/share/serial_motor_demo_msgs/package.sh'
[9.269s] INFO:colcon.colcon_core.shell:Creating package script '/home/winicon/smilebot_ws/install/serial_motor_demo_msgs/share/serial_motor_demo_msgs/package.bash'
[9.273s] INFO:colcon.colcon_core.shell:Creating package script '/home/winicon/smilebot_ws/install/serial_motor_demo_msgs/share/serial_motor_demo_msgs/package.zsh'
[9.276s] Level 1:colcon.colcon_core.environment:create_file_with_runtime_dependencies(/home/winicon/smilebot_ws/install/serial_motor_demo_msgs/share/colcon-core/packages/serial_motor_demo_msgs)
[10.359s] Level 1:colcon.colcon_core.environment:create_environment_scripts_only(serial_motor_demo_msgs)
[10.361s] Level 1:colcon.colcon_core.environment:checking '/home/winicon/smilebot_ws/install/serial_motor_demo_msgs' for CMake module files
[10.368s] Level 1:colcon.colcon_core.environment:checking '/home/winicon/smilebot_ws/install/serial_motor_demo_msgs' for CMake config files
[10.384s] Level 1:colcon.colcon_core.shell:create_environment_hook('serial_motor_demo_msgs', 'cmake_prefix_path')
[10.387s] INFO:colcon.colcon_core.shell:Creating environment hook '/home/winicon/smilebot_ws/install/serial_motor_demo_msgs/share/serial_motor_demo_msgs/hook/cmake_prefix_path.ps1'
[10.392s] INFO:colcon.colcon_core.shell:Creating environment descriptor '/home/winicon/smilebot_ws/install/serial_motor_demo_msgs/share/serial_motor_demo_msgs/hook/cmake_prefix_path.dsv'
[10.399s] INFO:colcon.colcon_core.shell:Creating environment hook '/home/winicon/smilebot_ws/install/serial_motor_demo_msgs/share/serial_motor_demo_msgs/hook/cmake_prefix_path.sh'
[10.406s] Level 1:colcon.colcon_core.environment:checking '/home/winicon/smilebot_ws/install/serial_motor_demo_msgs/lib'
[10.407s] Level 1:colcon.colcon_core.shell:create_environment_hook('serial_motor_demo_msgs', 'ld_library_path_lib')
[10.409s] INFO:colcon.colcon_core.shell:Creating environment hook '/home/winicon/smilebot_ws/install/serial_motor_demo_msgs/share/serial_motor_demo_msgs/hook/ld_library_path_lib.ps1'
[10.417s] INFO:colcon.colcon_core.shell:Creating environment descriptor '/home/winicon/smilebot_ws/install/serial_motor_demo_msgs/share/serial_motor_demo_msgs/hook/ld_library_path_lib.dsv'
[10.421s] INFO:colcon.colcon_core.shell:Creating environment hook '/home/winicon/smilebot_ws/install/serial_motor_demo_msgs/share/serial_motor_demo_msgs/hook/ld_library_path_lib.sh'
[10.425s] Level 1:colcon.colcon_core.environment:checking '/home/winicon/smilebot_ws/install/serial_motor_demo_msgs/bin'
[10.425s] Level 1:colcon.colcon_core.environment:checking '/home/winicon/smilebot_ws/install/serial_motor_demo_msgs/lib/pkgconfig/serial_motor_demo_msgs.pc'
[10.427s] Level 1:colcon.colcon_core.environment:checking '/home/winicon/smilebot_ws/install/serial_motor_demo_msgs/lib/python3.10/site-packages'
[10.429s] Level 1:colcon.colcon_core.environment:checking '/home/winicon/smilebot_ws/install/serial_motor_demo_msgs/bin'
[10.433s] INFO:colcon.colcon_core.shell:Creating package script '/home/winicon/smilebot_ws/install/serial_motor_demo_msgs/share/serial_motor_demo_msgs/package.ps1'
[10.438s] INFO:colcon.colcon_core.shell:Creating package descriptor '/home/winicon/smilebot_ws/install/serial_motor_demo_msgs/share/serial_motor_demo_msgs/package.dsv'
[10.444s] INFO:colcon.colcon_core.shell:Creating package script '/home/winicon/smilebot_ws/install/serial_motor_demo_msgs/share/serial_motor_demo_msgs/package.sh'
[10.449s] INFO:colcon.colcon_core.shell:Creating package script '/home/winicon/smilebot_ws/install/serial_motor_demo_msgs/share/serial_motor_demo_msgs/package.bash'
[10.454s] INFO:colcon.colcon_core.shell:Creating package script '/home/winicon/smilebot_ws/install/serial_motor_demo_msgs/share/serial_motor_demo_msgs/package.zsh'
[10.459s] Level 1:colcon.colcon_core.environment:create_file_with_runtime_dependencies(/home/winicon/smilebot_ws/install/serial_motor_demo_msgs/share/colcon-core/packages/serial_motor_demo_msgs)
[10.466s] INFO:colcon.colcon_ros.task.ament_python.build:Building ROS package in '/home/winicon/smilebot_ws/src/serial_motor_demo/serial_motor_demo' with build type 'ament_python'
[10.467s] Level 1:colcon.colcon_core.shell:create_environment_hook('serial_motor_demo', 'ament_prefix_path')
[10.469s] INFO:colcon.colcon_core.shell:Creating environment hook '/home/winicon/smilebot_ws/install/serial_motor_demo/share/serial_motor_demo/hook/ament_prefix_path.ps1'
[10.473s] INFO:colcon.colcon_core.shell:Creating environment descriptor '/home/winicon/smilebot_ws/install/serial_motor_demo/share/serial_motor_demo/hook/ament_prefix_path.dsv'
[10.475s] INFO:colcon.colcon_core.shell:Creating environment hook '/home/winicon/smilebot_ws/install/serial_motor_demo/share/serial_motor_demo/hook/ament_prefix_path.sh'
[10.481s] INFO:colcon.colcon_core.shell:Skip shell extension 'powershell' for command environment: Not usable outside of PowerShell
[10.482s] DEBUG:colcon.colcon_core.shell:Skip shell extension 'dsv' for command environment
[12.882s] INFO:colcon.colcon_core.task.python.build:Building Python package in '/home/winicon/smilebot_ws/src/serial_motor_demo/serial_motor_demo'
[12.884s] INFO:colcon.colcon_core.shell:Skip shell extension 'powershell' for command environment: Not usable outside of PowerShell
[12.885s] DEBUG:colcon.colcon_core.shell:Skip shell extension 'dsv' for command environment
[15.012s] DEBUG:colcon.colcon_core.event_handler.log_command:Invoking command in '/home/winicon/smilebot_ws/build/serial_motor_demo': PYTHONPATH=/home/winicon/smilebot_ws/build/serial_motor_demo/prefix_override:/usr/lib/python3/dist-packages/colcon_core/task/python/colcon_distutils_commands:/home/winicon/smilebot_ws/install/serial_motor_demo/lib/python3.10/site-packages:${PYTHONPATH} /usr/bin/python3 -W ignore:setup.py install is deprecated setup.py develop --editable --build-directory /home/winicon/smilebot_ws/build/serial_motor_demo/build --no-deps symlink_data
[18.176s] Level 1:colcon.colcon_core.shell:create_environment_hook('serial_motor_demo', 'pythonpath_develop')
[18.177s] INFO:colcon.colcon_core.shell:Creating environment hook '/home/winicon/smilebot_ws/build/serial_motor_demo/share/serial_motor_demo/hook/pythonpath_develop.ps1'
[18.179s] DEBUG:colcon.colcon_core.event_handler.log_command:Invoked command in '/home/winicon/smilebot_ws/build/serial_motor_demo' returned '0': PYTHONPATH=/home/winicon/smilebot_ws/build/serial_motor_demo/prefix_override:/usr/lib/python3/dist-packages/colcon_core/task/python/colcon_distutils_commands:/home/winicon/smilebot_ws/install/serial_motor_demo/lib/python3.10/site-packages:${PYTHONPATH} /usr/bin/python3 -W ignore:setup.py install is deprecated setup.py develop --editable --build-directory /home/winicon/smilebot_ws/build/serial_motor_demo/build --no-deps symlink_data
[18.181s] INFO:colcon.colcon_core.shell:Creating environment descriptor '/home/winicon/smilebot_ws/build/serial_motor_demo/share/serial_motor_demo/hook/pythonpath_develop.dsv'
[18.183s] INFO:colcon.colcon_core.shell:Creating environment hook '/home/winicon/smilebot_ws/build/serial_motor_demo/share/serial_motor_demo/hook/pythonpath_develop.sh'
[18.188s] Level 1:colcon.colcon_core.environment:checking '/home/winicon/smilebot_ws/install/serial_motor_demo' for CMake module files
[18.191s] Level 1:colcon.colcon_core.environment:checking '/home/winicon/smilebot_ws/install/serial_motor_demo' for CMake config files
[18.195s] Level 1:colcon.colcon_core.environment:checking '/home/winicon/smilebot_ws/install/serial_motor_demo/lib'
[18.195s] Level 1:colcon.colcon_core.environment:checking '/home/winicon/smilebot_ws/install/serial_motor_demo/bin'
[18.196s] Level 1:colcon.colcon_core.environment:checking '/home/winicon/smilebot_ws/install/serial_motor_demo/lib/pkgconfig/serial_motor_demo.pc'
[18.197s] Level 1:colcon.colcon_core.environment:checking '/home/winicon/smilebot_ws/install/serial_motor_demo/lib/python3.10/site-packages'
[18.198s] Level 1:colcon.colcon_core.shell:create_environment_hook('serial_motor_demo', 'pythonpath')
[18.199s] INFO:colcon.colcon_core.shell:Creating environment hook '/home/winicon/smilebot_ws/install/serial_motor_demo/share/serial_motor_demo/hook/pythonpath.ps1'
[18.201s] INFO:colcon.colcon_core.shell:Creating environment descriptor '/home/winicon/smilebot_ws/install/serial_motor_demo/share/serial_motor_demo/hook/pythonpath.dsv'
[18.203s] INFO:colcon.colcon_core.shell:Creating environment hook '/home/winicon/smilebot_ws/install/serial_motor_demo/share/serial_motor_demo/hook/pythonpath.sh'
[18.207s] Level 1:colcon.colcon_core.environment:checking '/home/winicon/smilebot_ws/install/serial_motor_demo/bin'
[18.208s] Level 1:colcon.colcon_core.environment:create_environment_scripts_only(serial_motor_demo)
[18.210s] INFO:colcon.colcon_core.shell:Creating package script '/home/winicon/smilebot_ws/install/serial_motor_demo/share/serial_motor_demo/package.ps1'
[18.212s] INFO:colcon.colcon_core.shell:Creating package descriptor '/home/winicon/smilebot_ws/install/serial_motor_demo/share/serial_motor_demo/package.dsv'
[18.216s] INFO:colcon.colcon_core.shell:Creating package script '/home/winicon/smilebot_ws/install/serial_motor_demo/share/serial_motor_demo/package.sh'
[18.221s] INFO:colcon.colcon_core.shell:Creating package script '/home/winicon/smilebot_ws/install/serial_motor_demo/share/serial_motor_demo/package.bash'
[18.224s] INFO:colcon.colcon_core.shell:Creating package script '/home/winicon/smilebot_ws/install/serial_motor_demo/share/serial_motor_demo/package.zsh'
[18.229s] Level 1:colcon.colcon_core.environment:create_file_with_runtime_dependencies(/home/winicon/smilebot_ws/install/serial_motor_demo/share/colcon-core/packages/serial_motor_demo)
[18.234s] DEBUG:colcon.colcon_parallel_executor.executor.parallel:closing loop
[18.235s] DEBUG:colcon.colcon_parallel_executor.executor.parallel:loop closed
[18.235s] DEBUG:colcon.colcon_parallel_executor.executor.parallel:run_until_complete finished with '0'
[18.237s] DEBUG:colcon.colcon_core.event_reactor:joining thread
[18.265s] INFO:colcon.colcon_core.plugin_system:Skipping extension 'colcon_notification.desktop_notification.terminal_notifier': Not used on non-Darwin systems
[18.265s] INFO:colcon.colcon_core.plugin_system:Skipping extension 'colcon_notification.desktop_notification.win32': Not used on non-Windows systems
[18.266s] INFO:colcon.colcon_notification.desktop_notification:Sending desktop notification using 'notify2'
[18.738s] DEBUG:colcon.colcon_core.event_reactor:joined thread
[18.740s] INFO:colcon.colcon_core.shell:Creating prefix script '/home/winicon/smilebot_ws/install/local_setup.ps1'
[18.743s] INFO:colcon.colcon_core.shell:Creating prefix util module '/home/winicon/smilebot_ws/install/_local_setup_util_ps1.py'
[18.751s] INFO:colcon.colcon_core.shell:Creating prefix chain script '/home/winicon/smilebot_ws/install/setup.ps1'
[18.760s] INFO:colcon.colcon_core.shell:Creating prefix script '/home/winicon/smilebot_ws/install/local_setup.sh'
[18.764s] INFO:colcon.colcon_core.shell:Creating prefix util module '/home/winicon/smilebot_ws/install/_local_setup_util_sh.py'
[18.769s] INFO:colcon.colcon_core.shell:Creating prefix chain script '/home/winicon/smilebot_ws/install/setup.sh'
[18.778s] INFO:colcon.colcon_core.shell:Creating prefix script '/home/winicon/smilebot_ws/install/local_setup.bash'
[18.781s] INFO:colcon.colcon_core.shell:Creating prefix chain script '/home/winicon/smilebot_ws/install/setup.bash'
[18.789s] INFO:colcon.colcon_core.shell:Creating prefix script '/home/winicon/smilebot_ws/install/local_setup.zsh'
[18.793s] INFO:colcon.colcon_core.shell:Creating prefix chain script '/home/winicon/smilebot_ws/install/setup.zsh'
