[12.172s] Invoking command in '/home/winicon/smilebot_ws/build/robots_nav_contr': PYTHONPATH=/home/winicon/smilebot_ws/build/robots_nav_contr/prefix_override:/usr/lib/python3/dist-packages/colcon_core/task/python/colcon_distutils_commands:/home/winicon/smilebot_ws/install/robots_nav_contr/lib/python3.10/site-packages:${PYTHONPATH} /usr/bin/python3 -W ignore:setup.py install is deprecated setup.py develop --editable --build-directory /home/winicon/smilebot_ws/build/robots_nav_contr/build --no-deps symlink_data
[15.820s] running develop
[15.825s] /usr/lib/python3/dist-packages/setuptools/command/easy_install.py:158: EasyInstallDeprecationWarning: easy_install command is deprecated. Use build and pip and other standards-based tools.
[15.825s]   warnings.warn(
[18.030s] running egg_info
[18.047s] writing robots_nav_contr.egg-info/PKG-INFO
[18.052s] writing dependency_links to robots_nav_contr.egg-info/dependency_links.txt
[18.055s] writing entry points to robots_nav_contr.egg-info/entry_points.txt
[18.058s] writing requirements to robots_nav_contr.egg-info/requires.txt
[18.060s] writing top-level names to robots_nav_contr.egg-info/top_level.txt
[18.094s] reading manifest file 'robots_nav_contr.egg-info/SOURCES.txt'
[18.107s] writing manifest file 'robots_nav_contr.egg-info/SOURCES.txt'
[18.129s] running build_ext
[18.129s] Creating /home/winicon/smilebot_ws/install/robots_nav_contr/lib/python3.10/site-packages/robots-nav-contr.egg-link (link to .)
[18.135s] Installing robot_command_receiver script to /home/winicon/smilebot_ws/install/robots_nav_contr/lib/robots_nav_contr
[18.137s] Installing robots_nav_controller script to /home/winicon/smilebot_ws/install/robots_nav_contr/lib/robots_nav_contr
[18.138s] Installing robots_serial_commands script to /home/winicon/smilebot_ws/install/robots_nav_contr/lib/robots_nav_contr
[18.138s] 
[18.148s] Installed /home/winicon/smilebot_ws/build/robots_nav_contr
[18.149s] running symlink_data
[18.407s] Invoked command in '/home/winicon/smilebot_ws/build/robots_nav_contr' returned '0': PYTHONPATH=/home/winicon/smilebot_ws/build/robots_nav_contr/prefix_override:/usr/lib/python3/dist-packages/colcon_core/task/python/colcon_distutils_commands:/home/winicon/smilebot_ws/install/robots_nav_contr/lib/python3.10/site-packages:${PYTHONPATH} /usr/bin/python3 -W ignore:setup.py install is deprecated setup.py develop --editable --build-directory /home/winicon/smilebot_ws/build/robots_nav_contr/build --no-deps symlink_data
