[0.112s] Invoking command in '/home/winicon/smilebot_ws/build/my_bot': CMAKE_PREFIX_PATH=${CMAKE_PREFIX_PATH}:/home/winicon/smilebot_ws/install/serial_motor_demo:/opt/ros/humble /usr/bin/cmake --build /home/winicon/smilebot_ws/build/my_bot -- -j4 -l4
[0.336s] Invoked command in '/home/winicon/smilebot_ws/build/my_bot' returned '0': CMAKE_PREFIX_PATH=${CMAKE_PREFIX_PATH}:/home/winicon/smilebot_ws/install/serial_motor_demo:/opt/ros/humble /usr/bin/cmake --build /home/winicon/smilebot_ws/build/my_bot -- -j4 -l4
[0.779s] Invoking command in '/home/winicon/smilebot_ws/build/my_bot': CMAKE_PREFIX_PATH=${CMAKE_PREFIX_PATH}:/home/winicon/smilebot_ws/install/serial_motor_demo:/opt/ros/humble /usr/bin/cmake --install /home/winicon/smilebot_ws/build/my_bot
[0.881s] -- Install configuration: ""
[0.884s] -- Execute custom install script
[0.887s] -- Up-to-date symlink: /home/winicon/smilebot_ws/install/my_bot/share/my_bot/config/empty.yaml
[0.893s] -- Up-to-date symlink: /home/winicon/smilebot_ws/install/my_bot/share/my_bot/config/my_controllers.yaml
[0.896s] -- Up-to-date symlink: /home/winicon/smilebot_ws/install/my_bot/share/my_bot/config/rvis_config01.rviz
[0.899s] -- Up-to-date symlink: /home/winicon/smilebot_ws/install/my_bot/share/my_bot/config/rviz_config02.rviz
[0.902s] -- Up-to-date symlink: /home/winicon/smilebot_ws/install/my_bot/share/my_bot/description/camera.xacro
[0.904s] -- Up-to-date symlink: /home/winicon/smilebot_ws/install/my_bot/share/my_bot/description/gazebo_control.xacro
[0.907s] -- Up-to-date symlink: /home/winicon/smilebot_ws/install/my_bot/share/my_bot/description/inertial_macros.xacro
[0.910s] -- Up-to-date symlink: /home/winicon/smilebot_ws/install/my_bot/share/my_bot/description/lidar.xacro
[0.914s] -- Up-to-date symlink: /home/winicon/smilebot_ws/install/my_bot/share/my_bot/description/robot.urdf.xacro
[0.926s] -- Up-to-date symlink: /home/winicon/smilebot_ws/install/my_bot/share/my_bot/description/robot_core.xacro
[0.928s] -- Up-to-date symlink: /home/winicon/smilebot_ws/install/my_bot/share/my_bot/description/ros2_control.xacro
[0.932s] -- Symlinking: /home/winicon/smilebot_ws/install/my_bot/share/my_bot/launch/__pycache__/rplidar.launch.cpython-310.pyc
[0.965s] -- Up-to-date symlink: /home/winicon/smilebot_ws/install/my_bot/share/my_bot/launch/launch_sim.launch.py
[0.970s] -- Up-to-date symlink: /home/winicon/smilebot_ws/install/my_bot/share/my_bot/launch/launch_smilebot.launch.py
[0.976s] -- Up-to-date symlink: /home/winicon/smilebot_ws/install/my_bot/share/my_bot/launch/rplidar.launch.py
[0.979s] -- Up-to-date symlink: /home/winicon/smilebot_ws/install/my_bot/share/my_bot/launch/rsp.launch.py
[0.982s] -- Up-to-date symlink: /home/winicon/smilebot_ws/install/my_bot/share/my_bot/worlds/cafe.world
[0.990s] -- Up-to-date symlink: /home/winicon/smilebot_ws/install/my_bot/share/my_bot/worlds/construction.world
[0.996s] -- Up-to-date symlink: /home/winicon/smilebot_ws/install/my_bot/share/my_bot/worlds/empty.world
[0.999s] -- Up-to-date symlink: /home/winicon/smilebot_ws/install/my_bot/share/my_bot/worlds/robotSpace.world
[1.002s] -- Up-to-date symlink: /home/winicon/smilebot_ws/install/my_bot/share/ament_index/resource_index/package_run_dependencies/my_bot
[1.004s] -- Up-to-date symlink: /home/winicon/smilebot_ws/install/my_bot/share/ament_index/resource_index/parent_prefix_path/my_bot
[1.005s] -- Up-to-date symlink: /home/winicon/smilebot_ws/install/my_bot/share/my_bot/environment/ament_prefix_path.sh
[1.006s] -- Up-to-date symlink: /home/winicon/smilebot_ws/install/my_bot/share/my_bot/environment/ament_prefix_path.dsv
[1.006s] -- Up-to-date symlink: /home/winicon/smilebot_ws/install/my_bot/share/my_bot/environment/path.sh
[1.008s] -- Up-to-date symlink: /home/winicon/smilebot_ws/install/my_bot/share/my_bot/environment/path.dsv
[1.009s] -- Up-to-date symlink: /home/winicon/smilebot_ws/install/my_bot/share/my_bot/local_setup.bash
[1.009s] -- Up-to-date symlink: /home/winicon/smilebot_ws/install/my_bot/share/my_bot/local_setup.sh
[1.015s] -- Up-to-date symlink: /home/winicon/smilebot_ws/install/my_bot/share/my_bot/local_setup.zsh
[1.015s] -- Up-to-date symlink: /home/winicon/smilebot_ws/install/my_bot/share/my_bot/local_setup.dsv
[1.016s] -- Symlinking: /home/winicon/smilebot_ws/install/my_bot/share/my_bot/package.dsv
[1.071s] -- Up-to-date symlink: /home/winicon/smilebot_ws/install/my_bot/share/ament_index/resource_index/packages/my_bot
[1.082s] -- Up-to-date symlink: /home/winicon/smilebot_ws/install/my_bot/share/my_bot/cmake/my_botConfig.cmake
[1.083s] -- Up-to-date symlink: /home/winicon/smilebot_ws/install/my_bot/share/my_bot/cmake/my_botConfig-version.cmake
[1.084s] -- Up-to-date symlink: /home/winicon/smilebot_ws/install/my_bot/share/my_bot/package.xml
[1.094s] Invoked command in '/home/winicon/smilebot_ws/build/my_bot' returned '0': CMAKE_PREFIX_PATH=${CMAKE_PREFIX_PATH}:/home/winicon/smilebot_ws/install/serial_motor_demo:/opt/ros/humble /usr/bin/cmake --install /home/winicon/smilebot_ws/build/my_bot
