[0.147s] Invoking command in '/home/winicon/smilebot_ws/build/diffdrive_arduino': CMAKE_PREFIX_PATH=${CMAKE_PREFIX_PATH}:/home/winicon/smilebot_ws/install/serial_motor_demo:/opt/ros/humble /usr/bin/cmake --build /home/winicon/smilebot_ws/build/diffdrive_arduino -- -j4 -l4
[0.834s] [100%] Built target diffdrive_arduino
[1.145s] Invoked command in '/home/winicon/smilebot_ws/build/diffdrive_arduino' returned '0': CMAKE_PREFIX_PATH=${CMAKE_PREFIX_PATH}:/home/winicon/smilebot_ws/install/serial_motor_demo:/opt/ros/humble /usr/bin/cmake --build /home/winicon/smilebot_ws/build/diffdrive_arduino -- -j4 -l4
[1.963s] Invoking command in '/home/winicon/smilebot_ws/build/diffdrive_arduino': CMAKE_PREFIX_PATH=${CMAKE_PREFIX_PATH}:/home/winicon/smilebot_ws/install/serial_motor_demo:/opt/ros/humble /usr/bin/cmake --install /home/winicon/smilebot_ws/build/diffdrive_arduino
[2.052s] -- Install configuration: ""
[2.065s] -- Execute custom install script
[2.068s] -- Up-to-date symlink: /home/winicon/smilebot_ws/install/diffdrive_arduino/share/diffdrive_arduino//diffdrive_arduino.xml
[2.072s] -- Up-to-date symlink: /home/winicon/smilebot_ws/install/diffdrive_arduino/include/diffdrive_arduino/diffdrive_arduino/arduino_comms.hpp
[2.075s] -- Up-to-date symlink: /home/winicon/smilebot_ws/install/diffdrive_arduino/include/diffdrive_arduino/diffdrive_arduino/diffbot_system.hpp
[2.077s] -- Up-to-date symlink: /home/winicon/smilebot_ws/install/diffdrive_arduino/include/diffdrive_arduino/diffdrive_arduino/visibility_control.h
[2.084s] -- Up-to-date symlink: /home/winicon/smilebot_ws/install/diffdrive_arduino/include/diffdrive_arduino/diffdrive_arduino/wheel.hpp
[2.090s] -- Up-to-date symlink: /home/winicon/smilebot_ws/install/diffdrive_arduino/share/diffdrive_arduino/launch/view_robot.launch.py
[2.100s] -- Up-to-date symlink: /home/winicon/smilebot_ws/install/diffdrive_arduino/share/diffdrive_arduino/ros2_control/diffbot.ros2_control.xacro
[2.113s] -- Up-to-date symlink: /home/winicon/smilebot_ws/install/diffdrive_arduino/share/diffdrive_arduino/urdf/camera.xacro
[2.115s] -- Up-to-date symlink: /home/winicon/smilebot_ws/install/diffdrive_arduino/share/diffdrive_arduino/urdf/diffbot.materials.xacro
[2.118s] -- Up-to-date symlink: /home/winicon/smilebot_ws/install/diffdrive_arduino/share/diffdrive_arduino/urdf/diffbot.urdf.xacro
[2.125s] -- Up-to-date symlink: /home/winicon/smilebot_ws/install/diffdrive_arduino/share/diffdrive_arduino/urdf/diffbot_description.urdf.xacro
[2.132s] -- Up-to-date symlink: /home/winicon/smilebot_ws/install/diffdrive_arduino/share/diffdrive_arduino/urdf/inertial_macros.xacro
[2.137s] -- Up-to-date symlink: /home/winicon/smilebot_ws/install/diffdrive_arduino/share/diffdrive_arduino/urdf/lidar copy.xacro
[2.157s] -- Up-to-date symlink: /home/winicon/smilebot_ws/install/diffdrive_arduino/share/diffdrive_arduino/urdf/lidar.xacro
[2.161s] -- Up-to-date symlink: /home/winicon/smilebot_ws/install/diffdrive_arduino/share/diffdrive_arduino/urdf/ros2_control.xacro
[2.164s] -- Up-to-date symlink: /home/winicon/smilebot_ws/install/diffdrive_arduino/share/diffdrive_arduino/rviz/diffbot.rviz
[2.166s] -- Up-to-date symlink: /home/winicon/smilebot_ws/install/diffdrive_arduino/share/diffdrive_arduino/rviz/diffbot_view.rviz
[2.179s] -- Up-to-date symlink: /home/winicon/smilebot_ws/install/diffdrive_arduino/share/diffdrive_arduino/launch/diffbot.launch.py
[2.182s] -- Up-to-date symlink: /home/winicon/smilebot_ws/install/diffdrive_arduino/share/diffdrive_arduino/config/diffbot_controllers.yaml
[2.185s] -- Up-to-date symlink: /home/winicon/smilebot_ws/install/diffdrive_arduino/share/diffdrive_arduino/environment/library_path.sh
[2.193s] -- Up-to-date symlink: /home/winicon/smilebot_ws/install/diffdrive_arduino/share/diffdrive_arduino/environment/library_path.dsv
[2.198s] -- Up-to-date symlink: /home/winicon/smilebot_ws/install/diffdrive_arduino/share/ament_index/resource_index/package_run_dependencies/diffdrive_arduino
[2.201s] -- Up-to-date symlink: /home/winicon/smilebot_ws/install/diffdrive_arduino/share/ament_index/resource_index/parent_prefix_path/diffdrive_arduino
[2.214s] -- Up-to-date symlink: /home/winicon/smilebot_ws/install/diffdrive_arduino/share/diffdrive_arduino/environment/ament_prefix_path.sh
[2.232s] -- Up-to-date symlink: /home/winicon/smilebot_ws/install/diffdrive_arduino/share/diffdrive_arduino/environment/ament_prefix_path.dsv
[2.235s] -- Up-to-date symlink: /home/winicon/smilebot_ws/install/diffdrive_arduino/share/diffdrive_arduino/environment/path.sh
[2.241s] -- Up-to-date symlink: /home/winicon/smilebot_ws/install/diffdrive_arduino/share/diffdrive_arduino/environment/path.dsv
[2.244s] -- Up-to-date symlink: /home/winicon/smilebot_ws/install/diffdrive_arduino/share/diffdrive_arduino/local_setup.bash
[2.263s] -- Up-to-date symlink: /home/winicon/smilebot_ws/install/diffdrive_arduino/share/diffdrive_arduino/local_setup.sh
[2.278s] -- Up-to-date symlink: /home/winicon/smilebot_ws/install/diffdrive_arduino/share/diffdrive_arduino/local_setup.zsh
[2.284s] -- Up-to-date symlink: /home/winicon/smilebot_ws/install/diffdrive_arduino/share/diffdrive_arduino/local_setup.dsv
[2.301s] -- Symlinking: /home/winicon/smilebot_ws/install/diffdrive_arduino/share/diffdrive_arduino/package.dsv
[2.435s] -- Up-to-date symlink: /home/winicon/smilebot_ws/install/diffdrive_arduino/share/ament_index/resource_index/packages/diffdrive_arduino
[2.444s] -- Up-to-date symlink: /home/winicon/smilebot_ws/install/diffdrive_arduino/share/ament_index/resource_index/hardware_interface__pluginlib__plugin/diffdrive_arduino
[2.455s] -- Up-to-date symlink: /home/winicon/smilebot_ws/install/diffdrive_arduino/share/diffdrive_arduino/cmake/ament_cmake_export_targets-extras.cmake
[2.461s] -- Up-to-date symlink: /home/winicon/smilebot_ws/install/diffdrive_arduino/share/diffdrive_arduino/cmake/ament_cmake_export_dependencies-extras.cmake
[2.463s] -- Up-to-date symlink: /home/winicon/smilebot_ws/install/diffdrive_arduino/share/diffdrive_arduino/cmake/diffdrive_arduinoConfig.cmake
[2.471s] -- Up-to-date symlink: /home/winicon/smilebot_ws/install/diffdrive_arduino/share/diffdrive_arduino/cmake/diffdrive_arduinoConfig-version.cmake
[2.476s] -- Up-to-date symlink: /home/winicon/smilebot_ws/install/diffdrive_arduino/share/diffdrive_arduino/package.xml
[2.483s] -- Up-to-date: /home/winicon/smilebot_ws/install/diffdrive_arduino/lib/libdiffdrive_arduino.so
[2.505s] -- Up-to-date: /home/winicon/smilebot_ws/install/diffdrive_arduino/share/diffdrive_arduino/cmake/export_diffdrive_arduinoExport.cmake
[2.509s] -- Up-to-date: /home/winicon/smilebot_ws/install/diffdrive_arduino/share/diffdrive_arduino/cmake/export_diffdrive_arduinoExport-noconfig.cmake
[2.569s] Invoked command in '/home/winicon/smilebot_ws/build/diffdrive_arduino' returned '0': CMAKE_PREFIX_PATH=${CMAKE_PREFIX_PATH}:/home/winicon/smilebot_ws/install/serial_motor_demo:/opt/ros/humble /usr/bin/cmake --install /home/winicon/smilebot_ws/build/diffdrive_arduino
