[6.778s] Invoking command in '/home/winicon/smilebot_ws/build/serial_motor_demo': PYTHONPATH=/home/winicon/smilebot_ws/build/serial_motor_demo/prefix_override:/usr/lib/python3/dist-packages/colcon_core/task/python/colcon_distutils_commands:/home/winicon/smilebot_ws/install/serial_motor_demo/lib/python3.10/site-packages:${PYTHONPATH} /usr/bin/python3 -W ignore:setup.py install is deprecated setup.py develop --editable --build-directory /home/winicon/smilebot_ws/build/serial_motor_demo/build --no-deps symlink_data
[8.918s] /usr/lib/python3/dist-packages/setuptools/dist.py:723: UserWarning: Usage of dash-separated 'script-dir' will not be supported in future versions. Please use the underscore name 'script_dir' instead
[8.923s]   warnings.warn(
[9.142s] running develop
[9.157s] /usr/lib/python3/dist-packages/setuptools/command/easy_install.py:158: EasyInstallDeprecationWarning: easy_install command is deprecated. Use build and pip and other standards-based tools.
[9.158s]   warnings.warn(
[11.200s] running egg_info
[11.204s] writing serial_motor_demo.egg-info/PKG-INFO
[11.208s] writing dependency_links to serial_motor_demo.egg-info/dependency_links.txt
[11.209s] writing entry points to serial_motor_demo.egg-info/entry_points.txt
[11.209s] writing requirements to serial_motor_demo.egg-info/requires.txt
[11.211s] writing top-level names to serial_motor_demo.egg-info/top_level.txt
[11.233s] reading manifest file 'serial_motor_demo.egg-info/SOURCES.txt'
[11.243s] writing manifest file 'serial_motor_demo.egg-info/SOURCES.txt'
[11.249s] running build_ext
[11.251s] Creating /home/winicon/smilebot_ws/install/serial_motor_demo/lib/python3.10/site-packages/serial-motor-demo.egg-link (link to .)
[11.257s] Installing driver script to /home/winicon/smilebot_ws/install/serial_motor_demo/lib/serial_motor_demo
[11.258s] Installing gui script to /home/winicon/smilebot_ws/install/serial_motor_demo/lib/serial_motor_demo
[11.262s] 
[11.264s] Installed /home/winicon/smilebot_ws/build/serial_motor_demo
[11.266s] running symlink_data
[11.537s] Invoked command in '/home/winicon/smilebot_ws/build/serial_motor_demo' returned '0': PYTHONPATH=/home/winicon/smilebot_ws/build/serial_motor_demo/prefix_override:/usr/lib/python3/dist-packages/colcon_core/task/python/colcon_distutils_commands:/home/winicon/smilebot_ws/install/serial_motor_demo/lib/python3.10/site-packages:${PYTHONPATH} /usr/bin/python3 -W ignore:setup.py install is deprecated setup.py develop --editable --build-directory /home/winicon/smilebot_ws/build/serial_motor_demo/build --no-deps symlink_data
