[3.760s] Invoking command in '/home/winicon/smilebot_ws/build/serial_motor_demo': PYTHONPATH=/home/winicon/smilebot_ws/build/serial_motor_demo/prefix_override:/usr/lib/python3/dist-packages/colcon_core/task/python/colcon_distutils_commands:/home/winicon/smilebot_ws/install/serial_motor_demo/lib/python3.10/site-packages:${PYTHONPATH} /usr/bin/python3 -W ignore:setup.py install is deprecated setup.py develop --editable --build-directory /home/winicon/smilebot_ws/build/serial_motor_demo/build --no-deps symlink_data
[5.094s] /usr/lib/python3/dist-packages/setuptools/dist.py:723: UserWarning: Usage of dash-separated 'script-dir' will not be supported in future versions. Please use the underscore name 'script_dir' instead
[5.095s]   warnings.warn(
[5.227s] running develop
[5.228s] /usr/lib/python3/dist-packages/setuptools/command/easy_install.py:158: EasyInstallDeprecationWarning: easy_install command is deprecated. Use build and pip and other standards-based tools.
[5.229s]   warnings.warn(
[6.330s] running egg_info
[6.336s] writing serial_motor_demo.egg-info/PKG-INFO
[6.337s] writing dependency_links to serial_motor_demo.egg-info/dependency_links.txt
[6.337s] writing entry points to serial_motor_demo.egg-info/entry_points.txt
[6.338s] writing requirements to serial_motor_demo.egg-info/requires.txt
[6.338s] writing top-level names to serial_motor_demo.egg-info/top_level.txt
[6.353s] reading manifest file 'serial_motor_demo.egg-info/SOURCES.txt'
[6.357s] writing manifest file 'serial_motor_demo.egg-info/SOURCES.txt'
[6.365s] running build_ext
[6.366s] Creating /home/winicon/smilebot_ws/install/serial_motor_demo/lib/python3.10/site-packages/serial-motor-demo.egg-link (link to .)
[6.376s] Installing driver script to /home/winicon/smilebot_ws/install/serial_motor_demo/lib/serial_motor_demo
[6.376s] Installing gui script to /home/winicon/smilebot_ws/install/serial_motor_demo/lib/serial_motor_demo
[6.376s] 
[6.377s] Installed /home/winicon/smilebot_ws/build/serial_motor_demo
[6.378s] running symlink_data
[6.527s] Invoked command in '/home/winicon/smilebot_ws/build/serial_motor_demo' returned '0': PYTHONPATH=/home/winicon/smilebot_ws/build/serial_motor_demo/prefix_override:/usr/lib/python3/dist-packages/colcon_core/task/python/colcon_distutils_commands:/home/winicon/smilebot_ws/install/serial_motor_demo/lib/python3.10/site-packages:${PYTHONPATH} /usr/bin/python3 -W ignore:setup.py install is deprecated setup.py develop --editable --build-directory /home/winicon/smilebot_ws/build/serial_motor_demo/build --no-deps symlink_data
