[0.576s] DEBUG:colcon:Command line arguments: ['/usr/bin/colcon', 'build', '--symlink-install']
[0.576s] DEBUG:colcon:Parsed command line arguments: Namespace(log_base=None, log_level=None, verb_name='build', build_base='build', install_base='install', merge_install=False, symlink_install=True, test_result_base=None, continue_on_error=False, executor='parallel', parallel_workers=4, event_handlers=None, ignore_user_meta=False, metas=['./colcon.meta'], base_paths=['.'], packages_ignore=None, packages_ignore_regex=None, paths=None, packages_up_to=None, packages_up_to_regex=None, packages_above=None, packages_above_and_dependencies=None, packages_above_depth=None, packages_select_by_dep=None, packages_skip_by_dep=None, packages_skip_up_to=None, packages_select_build_failed=False, packages_skip_build_finished=False, packages_select_test_failures=False, packages_skip_test_passed=False, packages_select=None, packages_skip=None, packages_select_regex=None, packages_skip_regex=None, packages_start=None, packages_end=None, allow_overriding=[], cmake_args=None, cmake_target=None, cmake_target_skip_unavailable=False, cmake_clean_cache=False, cmake_clean_first=False, cmake_force_configure=False, ament_cmake_args=None, catkin_cmake_args=None, catkin_skip_building_tests=False, verb_parser=<colcon_defaults.argument_parser.defaults.DefaultArgumentsDecorator object at 0xffff8f395750>, verb_extension=<colcon_core.verb.build.BuildVerb object at 0xffff8f3946a0>, main=<bound method BuildVerb.main of <colcon_core.verb.build.BuildVerb object at 0xffff8f3946a0>>)
[1.739s] Level 1:colcon.colcon_core.package_discovery:discover_packages(colcon_meta) check parameters
[1.739s] Level 1:colcon.colcon_core.package_discovery:discover_packages(recursive) check parameters
[1.739s] Level 1:colcon.colcon_core.package_discovery:discover_packages(ignore) check parameters
[1.740s] Level 1:colcon.colcon_core.package_discovery:discover_packages(path) check parameters
[1.740s] Level 1:colcon.colcon_core.package_discovery:discover_packages(colcon_meta) discover
[1.740s] Level 1:colcon.colcon_core.package_discovery:discover_packages(recursive) discover
[1.740s] INFO:colcon.colcon_core.package_discovery:Crawling recursively for packages in '/home/winicon/smilebot_ws'
[1.741s] Level 1:colcon.colcon_core.package_identification:_identify(.) by extensions ['ignore', 'ignore_ament_install']
[1.741s] Level 1:colcon.colcon_core.package_identification:_identify(.) by extension 'ignore'
[1.741s] Level 1:colcon.colcon_core.package_identification:_identify(.) by extension 'ignore_ament_install'
[1.742s] Level 1:colcon.colcon_core.package_identification:_identify(.) by extensions ['colcon_pkg']
[1.742s] Level 1:colcon.colcon_core.package_identification:_identify(.) by extension 'colcon_pkg'
[1.742s] Level 1:colcon.colcon_core.package_identification:_identify(.) by extensions ['colcon_meta']
[1.742s] Level 1:colcon.colcon_core.package_identification:_identify(.) by extension 'colcon_meta'
[1.742s] Level 1:colcon.colcon_core.package_identification:_identify(.) by extensions ['ros']
[1.742s] Level 1:colcon.colcon_core.package_identification:_identify(.) by extension 'ros'
[1.801s] Level 1:colcon.colcon_core.package_identification:_identify(.) by extensions ['cmake', 'python']
[1.801s] Level 1:colcon.colcon_core.package_identification:_identify(.) by extension 'cmake'
[1.801s] Level 1:colcon.colcon_core.package_identification:_identify(.) by extension 'python'
[1.802s] Level 1:colcon.colcon_core.package_identification:_identify(.) by extensions ['python_setup_py']
[1.802s] Level 1:colcon.colcon_core.package_identification:_identify(.) by extension 'python_setup_py'
[1.803s] Level 1:colcon.colcon_core.package_identification:_identify(build) by extensions ['ignore', 'ignore_ament_install']
[1.803s] Level 1:colcon.colcon_core.package_identification:_identify(build) by extension 'ignore'
[1.803s] Level 1:colcon.colcon_core.package_identification:_identify(build) ignored
[1.804s] Level 1:colcon.colcon_core.package_identification:_identify(install) by extensions ['ignore', 'ignore_ament_install']
[1.805s] Level 1:colcon.colcon_core.package_identification:_identify(install) by extension 'ignore'
[1.805s] Level 1:colcon.colcon_core.package_identification:_identify(install) ignored
[1.806s] Level 1:colcon.colcon_core.package_identification:_identify(log) by extensions ['ignore', 'ignore_ament_install']
[1.806s] Level 1:colcon.colcon_core.package_identification:_identify(log) by extension 'ignore'
[1.807s] Level 1:colcon.colcon_core.package_identification:_identify(log) ignored
[1.807s] Level 1:colcon.colcon_core.package_identification:_identify(pictures) by extensions ['ignore', 'ignore_ament_install']
[1.807s] Level 1:colcon.colcon_core.package_identification:_identify(pictures) by extension 'ignore'
[1.808s] Level 1:colcon.colcon_core.package_identification:_identify(pictures) by extension 'ignore_ament_install'
[1.808s] Level 1:colcon.colcon_core.package_identification:_identify(pictures) by extensions ['colcon_pkg']
[1.808s] Level 1:colcon.colcon_core.package_identification:_identify(pictures) by extension 'colcon_pkg'
[1.808s] Level 1:colcon.colcon_core.package_identification:_identify(pictures) by extensions ['colcon_meta']
[1.808s] Level 1:colcon.colcon_core.package_identification:_identify(pictures) by extension 'colcon_meta'
[1.809s] Level 1:colcon.colcon_core.package_identification:_identify(pictures) by extensions ['ros']
[1.809s] Level 1:colcon.colcon_core.package_identification:_identify(pictures) by extension 'ros'
[1.809s] Level 1:colcon.colcon_core.package_identification:_identify(pictures) by extensions ['cmake', 'python']
[1.809s] Level 1:colcon.colcon_core.package_identification:_identify(pictures) by extension 'cmake'
[1.809s] Level 1:colcon.colcon_core.package_identification:_identify(pictures) by extension 'python'
[1.810s] Level 1:colcon.colcon_core.package_identification:_identify(pictures) by extensions ['python_setup_py']
[1.810s] Level 1:colcon.colcon_core.package_identification:_identify(pictures) by extension 'python_setup_py'
[1.810s] Level 1:colcon.colcon_core.package_identification:_identify(src) by extensions ['ignore', 'ignore_ament_install']
[1.810s] Level 1:colcon.colcon_core.package_identification:_identify(src) by extension 'ignore'
[1.811s] Level 1:colcon.colcon_core.package_identification:_identify(src) by extension 'ignore_ament_install'
[1.812s] Level 1:colcon.colcon_core.package_identification:_identify(src) by extensions ['colcon_pkg']
[1.813s] Level 1:colcon.colcon_core.package_identification:_identify(src) by extension 'colcon_pkg'
[1.813s] Level 1:colcon.colcon_core.package_identification:_identify(src) by extensions ['colcon_meta']
[1.813s] Level 1:colcon.colcon_core.package_identification:_identify(src) by extension 'colcon_meta'
[1.814s] Level 1:colcon.colcon_core.package_identification:_identify(src) by extensions ['ros']
[1.814s] Level 1:colcon.colcon_core.package_identification:_identify(src) by extension 'ros'
[1.814s] Level 1:colcon.colcon_core.package_identification:_identify(src) by extensions ['cmake', 'python']
[1.815s] Level 1:colcon.colcon_core.package_identification:_identify(src) by extension 'cmake'
[1.815s] Level 1:colcon.colcon_core.package_identification:_identify(src) by extension 'python'
[1.816s] Level 1:colcon.colcon_core.package_identification:_identify(src) by extensions ['python_setup_py']
[1.816s] Level 1:colcon.colcon_core.package_identification:_identify(src) by extension 'python_setup_py'
[1.818s] Level 1:colcon.colcon_core.package_identification:_identify(src/diffdrive_arduino) by extensions ['ignore', 'ignore_ament_install']
[1.819s] Level 1:colcon.colcon_core.package_identification:_identify(src/diffdrive_arduino) by extension 'ignore'
[1.819s] Level 1:colcon.colcon_core.package_identification:_identify(src/diffdrive_arduino) by extension 'ignore_ament_install'
[1.819s] Level 1:colcon.colcon_core.package_identification:_identify(src/diffdrive_arduino) by extensions ['colcon_pkg']
[1.820s] Level 1:colcon.colcon_core.package_identification:_identify(src/diffdrive_arduino) by extension 'colcon_pkg'
[1.820s] Level 1:colcon.colcon_core.package_identification:_identify(src/diffdrive_arduino) by extensions ['colcon_meta']
[1.820s] Level 1:colcon.colcon_core.package_identification:_identify(src/diffdrive_arduino) by extension 'colcon_meta'
[1.820s] Level 1:colcon.colcon_core.package_identification:_identify(src/diffdrive_arduino) by extensions ['ros']
[1.820s] Level 1:colcon.colcon_core.package_identification:_identify(src/diffdrive_arduino) by extension 'ros'
[1.834s] DEBUG:colcon.colcon_core.package_identification:Package 'src/diffdrive_arduino' with type 'ros.ament_cmake' and name 'diffdrive_arduino'
[1.835s] Level 1:colcon.colcon_core.package_identification:_identify(src/my_bot) by extensions ['ignore', 'ignore_ament_install']
[1.835s] Level 1:colcon.colcon_core.package_identification:_identify(src/my_bot) by extension 'ignore'
[1.836s] Level 1:colcon.colcon_core.package_identification:_identify(src/my_bot) by extension 'ignore_ament_install'
[1.836s] Level 1:colcon.colcon_core.package_identification:_identify(src/my_bot) by extensions ['colcon_pkg']
[1.836s] Level 1:colcon.colcon_core.package_identification:_identify(src/my_bot) by extension 'colcon_pkg'
[1.837s] Level 1:colcon.colcon_core.package_identification:_identify(src/my_bot) by extensions ['colcon_meta']
[1.837s] Level 1:colcon.colcon_core.package_identification:_identify(src/my_bot) by extension 'colcon_meta'
[1.837s] Level 1:colcon.colcon_core.package_identification:_identify(src/my_bot) by extensions ['ros']
[1.838s] Level 1:colcon.colcon_core.package_identification:_identify(src/my_bot) by extension 'ros'
[1.841s] DEBUG:colcon.colcon_core.package_identification:Package 'src/my_bot' with type 'ros.ament_cmake' and name 'my_bot'
[1.842s] Level 1:colcon.colcon_core.package_identification:_identify(src/ros_arduino_bridge) by extensions ['ignore', 'ignore_ament_install']
[1.843s] Level 1:colcon.colcon_core.package_identification:_identify(src/ros_arduino_bridge) by extension 'ignore'
[1.843s] Level 1:colcon.colcon_core.package_identification:_identify(src/ros_arduino_bridge) by extension 'ignore_ament_install'
[1.843s] Level 1:colcon.colcon_core.package_identification:_identify(src/ros_arduino_bridge) by extensions ['colcon_pkg']
[1.843s] Level 1:colcon.colcon_core.package_identification:_identify(src/ros_arduino_bridge) by extension 'colcon_pkg'
[1.844s] Level 1:colcon.colcon_core.package_identification:_identify(src/ros_arduino_bridge) by extensions ['colcon_meta']
[1.844s] Level 1:colcon.colcon_core.package_identification:_identify(src/ros_arduino_bridge) by extension 'colcon_meta'
[1.844s] Level 1:colcon.colcon_core.package_identification:_identify(src/ros_arduino_bridge) by extensions ['ros']
[1.844s] Level 1:colcon.colcon_core.package_identification:_identify(src/ros_arduino_bridge) by extension 'ros'
[1.845s] Level 1:colcon.colcon_core.package_identification:_identify(src/ros_arduino_bridge) by extensions ['cmake', 'python']
[1.845s] Level 1:colcon.colcon_core.package_identification:_identify(src/ros_arduino_bridge) by extension 'cmake'
[1.845s] Level 1:colcon.colcon_core.package_identification:_identify(src/ros_arduino_bridge) by extension 'python'
[1.845s] Level 1:colcon.colcon_core.package_identification:_identify(src/ros_arduino_bridge) by extensions ['python_setup_py']
[1.845s] Level 1:colcon.colcon_core.package_identification:_identify(src/ros_arduino_bridge) by extension 'python_setup_py'
[1.846s] Level 1:colcon.colcon_core.package_identification:_identify(src/ros_arduino_bridge/ROSArduinoBridge) by extensions ['ignore', 'ignore_ament_install']
[1.847s] Level 1:colcon.colcon_core.package_identification:_identify(src/ros_arduino_bridge/ROSArduinoBridge) by extension 'ignore'
[1.847s] Level 1:colcon.colcon_core.package_identification:_identify(src/ros_arduino_bridge/ROSArduinoBridge) by extension 'ignore_ament_install'
[1.847s] Level 1:colcon.colcon_core.package_identification:_identify(src/ros_arduino_bridge/ROSArduinoBridge) by extensions ['colcon_pkg']
[1.847s] Level 1:colcon.colcon_core.package_identification:_identify(src/ros_arduino_bridge/ROSArduinoBridge) by extension 'colcon_pkg'
[1.848s] Level 1:colcon.colcon_core.package_identification:_identify(src/ros_arduino_bridge/ROSArduinoBridge) by extensions ['colcon_meta']
[1.848s] Level 1:colcon.colcon_core.package_identification:_identify(src/ros_arduino_bridge/ROSArduinoBridge) by extension 'colcon_meta'
[1.848s] Level 1:colcon.colcon_core.package_identification:_identify(src/ros_arduino_bridge/ROSArduinoBridge) by extensions ['ros']
[1.849s] Level 1:colcon.colcon_core.package_identification:_identify(src/ros_arduino_bridge/ROSArduinoBridge) by extension 'ros'
[1.849s] Level 1:colcon.colcon_core.package_identification:_identify(src/ros_arduino_bridge/ROSArduinoBridge) by extensions ['cmake', 'python']
[1.849s] Level 1:colcon.colcon_core.package_identification:_identify(src/ros_arduino_bridge/ROSArduinoBridge) by extension 'cmake'
[1.849s] Level 1:colcon.colcon_core.package_identification:_identify(src/ros_arduino_bridge/ROSArduinoBridge) by extension 'python'
[1.850s] Level 1:colcon.colcon_core.package_identification:_identify(src/ros_arduino_bridge/ROSArduinoBridge) by extensions ['python_setup_py']
[1.850s] Level 1:colcon.colcon_core.package_identification:_identify(src/ros_arduino_bridge/ROSArduinoBridge) by extension 'python_setup_py'
[1.850s] Level 1:colcon.colcon_core.package_identification:_identify(src/ros_arduino_bridge_1) by extensions ['ignore', 'ignore_ament_install']
[1.851s] Level 1:colcon.colcon_core.package_identification:_identify(src/ros_arduino_bridge_1) by extension 'ignore'
[1.851s] Level 1:colcon.colcon_core.package_identification:_identify(src/ros_arduino_bridge_1) by extension 'ignore_ament_install'
[1.851s] Level 1:colcon.colcon_core.package_identification:_identify(src/ros_arduino_bridge_1) by extensions ['colcon_pkg']
[1.851s] Level 1:colcon.colcon_core.package_identification:_identify(src/ros_arduino_bridge_1) by extension 'colcon_pkg'
[1.851s] Level 1:colcon.colcon_core.package_identification:_identify(src/ros_arduino_bridge_1) by extensions ['colcon_meta']
[1.852s] Level 1:colcon.colcon_core.package_identification:_identify(src/ros_arduino_bridge_1) by extension 'colcon_meta'
[1.852s] Level 1:colcon.colcon_core.package_identification:_identify(src/ros_arduino_bridge_1) by extensions ['ros']
[1.852s] Level 1:colcon.colcon_core.package_identification:_identify(src/ros_arduino_bridge_1) by extension 'ros'
[1.852s] Level 1:colcon.colcon_core.package_identification:_identify(src/ros_arduino_bridge_1) by extensions ['cmake', 'python']
[1.852s] Level 1:colcon.colcon_core.package_identification:_identify(src/ros_arduino_bridge_1) by extension 'cmake'
[1.853s] Level 1:colcon.colcon_core.package_identification:_identify(src/ros_arduino_bridge_1) by extension 'python'
[1.853s] Level 1:colcon.colcon_core.package_identification:_identify(src/ros_arduino_bridge_1) by extensions ['python_setup_py']
[1.853s] Level 1:colcon.colcon_core.package_identification:_identify(src/ros_arduino_bridge_1) by extension 'python_setup_py'
[1.853s] Level 1:colcon.colcon_core.package_identification:_identify(src/ros_arduino_bridge_1/ROSArduinoBridge) by extensions ['ignore', 'ignore_ament_install']
[1.854s] Level 1:colcon.colcon_core.package_identification:_identify(src/ros_arduino_bridge_1/ROSArduinoBridge) by extension 'ignore'
[1.854s] Level 1:colcon.colcon_core.package_identification:_identify(src/ros_arduino_bridge_1/ROSArduinoBridge) by extension 'ignore_ament_install'
[1.855s] Level 1:colcon.colcon_core.package_identification:_identify(src/ros_arduino_bridge_1/ROSArduinoBridge) by extensions ['colcon_pkg']
[1.855s] Level 1:colcon.colcon_core.package_identification:_identify(src/ros_arduino_bridge_1/ROSArduinoBridge) by extension 'colcon_pkg'
[1.855s] Level 1:colcon.colcon_core.package_identification:_identify(src/ros_arduino_bridge_1/ROSArduinoBridge) by extensions ['colcon_meta']
[1.855s] Level 1:colcon.colcon_core.package_identification:_identify(src/ros_arduino_bridge_1/ROSArduinoBridge) by extension 'colcon_meta'
[1.855s] Level 1:colcon.colcon_core.package_identification:_identify(src/ros_arduino_bridge_1/ROSArduinoBridge) by extensions ['ros']
[1.856s] Level 1:colcon.colcon_core.package_identification:_identify(src/ros_arduino_bridge_1/ROSArduinoBridge) by extension 'ros'
[1.856s] Level 1:colcon.colcon_core.package_identification:_identify(src/ros_arduino_bridge_1/ROSArduinoBridge) by extensions ['cmake', 'python']
[1.856s] Level 1:colcon.colcon_core.package_identification:_identify(src/ros_arduino_bridge_1/ROSArduinoBridge) by extension 'cmake'
[1.857s] Level 1:colcon.colcon_core.package_identification:_identify(src/ros_arduino_bridge_1/ROSArduinoBridge) by extension 'python'
[1.857s] Level 1:colcon.colcon_core.package_identification:_identify(src/ros_arduino_bridge_1/ROSArduinoBridge) by extensions ['python_setup_py']
[1.857s] Level 1:colcon.colcon_core.package_identification:_identify(src/ros_arduino_bridge_1/ROSArduinoBridge) by extension 'python_setup_py'
[1.858s] Level 1:colcon.colcon_core.package_identification:_identify(src/serial) by extensions ['ignore', 'ignore_ament_install']
[1.858s] Level 1:colcon.colcon_core.package_identification:_identify(src/serial) by extension 'ignore'
[1.859s] Level 1:colcon.colcon_core.package_identification:_identify(src/serial) by extension 'ignore_ament_install'
[1.859s] Level 1:colcon.colcon_core.package_identification:_identify(src/serial) by extensions ['colcon_pkg']
[1.859s] Level 1:colcon.colcon_core.package_identification:_identify(src/serial) by extension 'colcon_pkg'
[1.859s] Level 1:colcon.colcon_core.package_identification:_identify(src/serial) by extensions ['colcon_meta']
[1.859s] Level 1:colcon.colcon_core.package_identification:_identify(src/serial) by extension 'colcon_meta'
[1.860s] Level 1:colcon.colcon_core.package_identification:_identify(src/serial) by extensions ['ros']
[1.860s] Level 1:colcon.colcon_core.package_identification:_identify(src/serial) by extension 'ros'
[1.863s] DEBUG:colcon.colcon_core.package_identification:Package 'src/serial' with type 'ros.ament_cmake' and name 'serial'
[1.865s] Level 1:colcon.colcon_core.package_identification:_identify(src/serial_motor_demo) by extensions ['ignore', 'ignore_ament_install']
[1.866s] Level 1:colcon.colcon_core.package_identification:_identify(src/serial_motor_demo) by extension 'ignore'
[1.866s] Level 1:colcon.colcon_core.package_identification:_identify(src/serial_motor_demo) by extension 'ignore_ament_install'
[1.866s] Level 1:colcon.colcon_core.package_identification:_identify(src/serial_motor_demo) by extensions ['colcon_pkg']
[1.866s] Level 1:colcon.colcon_core.package_identification:_identify(src/serial_motor_demo) by extension 'colcon_pkg'
[1.867s] Level 1:colcon.colcon_core.package_identification:_identify(src/serial_motor_demo) by extensions ['colcon_meta']
[1.867s] Level 1:colcon.colcon_core.package_identification:_identify(src/serial_motor_demo) by extension 'colcon_meta'
[1.867s] Level 1:colcon.colcon_core.package_identification:_identify(src/serial_motor_demo) by extensions ['ros']
[1.867s] Level 1:colcon.colcon_core.package_identification:_identify(src/serial_motor_demo) by extension 'ros'
[1.867s] Level 1:colcon.colcon_core.package_identification:_identify(src/serial_motor_demo) by extensions ['cmake', 'python']
[1.868s] Level 1:colcon.colcon_core.package_identification:_identify(src/serial_motor_demo) by extension 'cmake'
[1.868s] Level 1:colcon.colcon_core.package_identification:_identify(src/serial_motor_demo) by extension 'python'
[1.868s] Level 1:colcon.colcon_core.package_identification:_identify(src/serial_motor_demo) by extensions ['python_setup_py']
[1.868s] Level 1:colcon.colcon_core.package_identification:_identify(src/serial_motor_demo) by extension 'python_setup_py'
[1.869s] Level 1:colcon.colcon_core.package_identification:_identify(src/serial_motor_demo/serial_motor_demo) by extensions ['ignore', 'ignore_ament_install']
[1.869s] Level 1:colcon.colcon_core.package_identification:_identify(src/serial_motor_demo/serial_motor_demo) by extension 'ignore'
[1.869s] Level 1:colcon.colcon_core.package_identification:_identify(src/serial_motor_demo/serial_motor_demo) by extension 'ignore_ament_install'
[1.869s] Level 1:colcon.colcon_core.package_identification:_identify(src/serial_motor_demo/serial_motor_demo) by extensions ['colcon_pkg']
[1.871s] Level 1:colcon.colcon_core.package_identification:_identify(src/serial_motor_demo/serial_motor_demo) by extension 'colcon_pkg'
[1.871s] Level 1:colcon.colcon_core.package_identification:_identify(src/serial_motor_demo/serial_motor_demo) by extensions ['colcon_meta']
[1.872s] Level 1:colcon.colcon_core.package_identification:_identify(src/serial_motor_demo/serial_motor_demo) by extension 'colcon_meta'
[1.872s] Level 1:colcon.colcon_core.package_identification:_identify(src/serial_motor_demo/serial_motor_demo) by extensions ['ros']
[1.872s] Level 1:colcon.colcon_core.package_identification:_identify(src/serial_motor_demo/serial_motor_demo) by extension 'ros'
[1.875s] DEBUG:colcon.colcon_core.package_identification:Package 'src/serial_motor_demo/serial_motor_demo' with type 'ros.ament_python' and name 'serial_motor_demo'
[1.876s] Level 1:colcon.colcon_core.package_identification:_identify(src/serial_motor_demo/serial_motor_demo_msgs) by extensions ['ignore', 'ignore_ament_install']
[1.876s] Level 1:colcon.colcon_core.package_identification:_identify(src/serial_motor_demo/serial_motor_demo_msgs) by extension 'ignore'
[1.877s] Level 1:colcon.colcon_core.package_identification:_identify(src/serial_motor_demo/serial_motor_demo_msgs) by extension 'ignore_ament_install'
[1.877s] Level 1:colcon.colcon_core.package_identification:_identify(src/serial_motor_demo/serial_motor_demo_msgs) by extensions ['colcon_pkg']
[1.877s] Level 1:colcon.colcon_core.package_identification:_identify(src/serial_motor_demo/serial_motor_demo_msgs) by extension 'colcon_pkg'
[1.878s] Level 1:colcon.colcon_core.package_identification:_identify(src/serial_motor_demo/serial_motor_demo_msgs) by extensions ['colcon_meta']
[1.878s] Level 1:colcon.colcon_core.package_identification:_identify(src/serial_motor_demo/serial_motor_demo_msgs) by extension 'colcon_meta'
[1.879s] Level 1:colcon.colcon_core.package_identification:_identify(src/serial_motor_demo/serial_motor_demo_msgs) by extensions ['ros']
[1.880s] Level 1:colcon.colcon_core.package_identification:_identify(src/serial_motor_demo/serial_motor_demo_msgs) by extension 'ros'
[1.884s] DEBUG:colcon.colcon_core.package_identification:Package 'src/serial_motor_demo/serial_motor_demo_msgs' with type 'ros.ament_cmake' and name 'serial_motor_demo_msgs'
[1.884s] Level 1:colcon.colcon_core.package_discovery:discover_packages(recursive) using defaults
[1.885s] Level 1:colcon.colcon_core.package_discovery:discover_packages(ignore) discover
[1.885s] Level 1:colcon.colcon_core.package_discovery:discover_packages(ignore) using defaults
[1.885s] Level 1:colcon.colcon_core.package_discovery:discover_packages(path) discover
[1.885s] Level 1:colcon.colcon_core.package_discovery:discover_packages(path) using defaults
[2.035s] Level 1:colcon.colcon_core.package_discovery:discover_packages(prefix_path) check parameters
[2.035s] Level 1:colcon.colcon_core.package_discovery:discover_packages(prefix_path) discover
[2.050s] DEBUG:colcon.colcon_installed_package_information.package_discovery:Found 6 installed packages in /home/winicon/smilebot_ws/install
[2.060s] DEBUG:colcon.colcon_installed_package_information.package_discovery:Found 317 installed packages in /opt/ros/humble
[2.069s] Level 1:colcon.colcon_core.package_discovery:discover_packages(prefix_path) using defaults
[2.303s] Level 5:colcon.colcon_core.verb:set package 'diffdrive_arduino' build argument 'cmake_args' from command line to 'None'
[2.304s] Level 5:colcon.colcon_core.verb:set package 'diffdrive_arduino' build argument 'cmake_target' from command line to 'None'
[2.304s] Level 5:colcon.colcon_core.verb:set package 'diffdrive_arduino' build argument 'cmake_target_skip_unavailable' from command line to 'False'
[2.304s] Level 5:colcon.colcon_core.verb:set package 'diffdrive_arduino' build argument 'cmake_clean_cache' from command line to 'False'
[2.304s] Level 5:colcon.colcon_core.verb:set package 'diffdrive_arduino' build argument 'cmake_clean_first' from command line to 'False'
[2.304s] Level 5:colcon.colcon_core.verb:set package 'diffdrive_arduino' build argument 'cmake_force_configure' from command line to 'False'
[2.304s] Level 5:colcon.colcon_core.verb:set package 'diffdrive_arduino' build argument 'ament_cmake_args' from command line to 'None'
[2.304s] Level 5:colcon.colcon_core.verb:set package 'diffdrive_arduino' build argument 'catkin_cmake_args' from command line to 'None'
[2.305s] Level 5:colcon.colcon_core.verb:set package 'diffdrive_arduino' build argument 'catkin_skip_building_tests' from command line to 'False'
[2.305s] DEBUG:colcon.colcon_core.verb:Building package 'diffdrive_arduino' with the following arguments: {'ament_cmake_args': None, 'build_base': '/home/winicon/smilebot_ws/build/diffdrive_arduino', 'catkin_cmake_args': None, 'catkin_skip_building_tests': False, 'cmake_args': None, 'cmake_clean_cache': False, 'cmake_clean_first': False, 'cmake_force_configure': False, 'cmake_target': None, 'cmake_target_skip_unavailable': False, 'install_base': '/home/winicon/smilebot_ws/install/diffdrive_arduino', 'merge_install': False, 'path': '/home/winicon/smilebot_ws/src/diffdrive_arduino', 'symlink_install': True, 'test_result_base': None}
[2.306s] Level 5:colcon.colcon_core.verb:set package 'my_bot' build argument 'cmake_args' from command line to 'None'
[2.306s] Level 5:colcon.colcon_core.verb:set package 'my_bot' build argument 'cmake_target' from command line to 'None'
[2.307s] Level 5:colcon.colcon_core.verb:set package 'my_bot' build argument 'cmake_target_skip_unavailable' from command line to 'False'
[2.307s] Level 5:colcon.colcon_core.verb:set package 'my_bot' build argument 'cmake_clean_cache' from command line to 'False'
[2.307s] Level 5:colcon.colcon_core.verb:set package 'my_bot' build argument 'cmake_clean_first' from command line to 'False'
[2.307s] Level 5:colcon.colcon_core.verb:set package 'my_bot' build argument 'cmake_force_configure' from command line to 'False'
[2.307s] Level 5:colcon.colcon_core.verb:set package 'my_bot' build argument 'ament_cmake_args' from command line to 'None'
[2.307s] Level 5:colcon.colcon_core.verb:set package 'my_bot' build argument 'catkin_cmake_args' from command line to 'None'
[2.307s] Level 5:colcon.colcon_core.verb:set package 'my_bot' build argument 'catkin_skip_building_tests' from command line to 'False'
[2.307s] DEBUG:colcon.colcon_core.verb:Building package 'my_bot' with the following arguments: {'ament_cmake_args': None, 'build_base': '/home/winicon/smilebot_ws/build/my_bot', 'catkin_cmake_args': None, 'catkin_skip_building_tests': False, 'cmake_args': None, 'cmake_clean_cache': False, 'cmake_clean_first': False, 'cmake_force_configure': False, 'cmake_target': None, 'cmake_target_skip_unavailable': False, 'install_base': '/home/winicon/smilebot_ws/install/my_bot', 'merge_install': False, 'path': '/home/winicon/smilebot_ws/src/my_bot', 'symlink_install': True, 'test_result_base': None}
[2.309s] Level 5:colcon.colcon_core.verb:set package 'serial' build argument 'cmake_args' from command line to 'None'
[2.309s] Level 5:colcon.colcon_core.verb:set package 'serial' build argument 'cmake_target' from command line to 'None'
[2.309s] Level 5:colcon.colcon_core.verb:set package 'serial' build argument 'cmake_target_skip_unavailable' from command line to 'False'
[2.309s] Level 5:colcon.colcon_core.verb:set package 'serial' build argument 'cmake_clean_cache' from command line to 'False'
[2.309s] Level 5:colcon.colcon_core.verb:set package 'serial' build argument 'cmake_clean_first' from command line to 'False'
[2.309s] Level 5:colcon.colcon_core.verb:set package 'serial' build argument 'cmake_force_configure' from command line to 'False'
[2.309s] Level 5:colcon.colcon_core.verb:set package 'serial' build argument 'ament_cmake_args' from command line to 'None'
[2.310s] Level 5:colcon.colcon_core.verb:set package 'serial' build argument 'catkin_cmake_args' from command line to 'None'
[2.310s] Level 5:colcon.colcon_core.verb:set package 'serial' build argument 'catkin_skip_building_tests' from command line to 'False'
[2.310s] DEBUG:colcon.colcon_core.verb:Building package 'serial' with the following arguments: {'ament_cmake_args': None, 'build_base': '/home/winicon/smilebot_ws/build/serial', 'catkin_cmake_args': None, 'catkin_skip_building_tests': False, 'cmake_args': None, 'cmake_clean_cache': False, 'cmake_clean_first': False, 'cmake_force_configure': False, 'cmake_target': None, 'cmake_target_skip_unavailable': False, 'install_base': '/home/winicon/smilebot_ws/install/serial', 'merge_install': False, 'path': '/home/winicon/smilebot_ws/src/serial', 'symlink_install': True, 'test_result_base': None}
[2.312s] Level 5:colcon.colcon_core.verb:set package 'serial_motor_demo_msgs' build argument 'cmake_args' from command line to 'None'
[2.312s] Level 5:colcon.colcon_core.verb:set package 'serial_motor_demo_msgs' build argument 'cmake_target' from command line to 'None'
[2.312s] Level 5:colcon.colcon_core.verb:set package 'serial_motor_demo_msgs' build argument 'cmake_target_skip_unavailable' from command line to 'False'
[2.312s] Level 5:colcon.colcon_core.verb:set package 'serial_motor_demo_msgs' build argument 'cmake_clean_cache' from command line to 'False'
[2.312s] Level 5:colcon.colcon_core.verb:set package 'serial_motor_demo_msgs' build argument 'cmake_clean_first' from command line to 'False'
[2.312s] Level 5:colcon.colcon_core.verb:set package 'serial_motor_demo_msgs' build argument 'cmake_force_configure' from command line to 'False'
[2.312s] Level 5:colcon.colcon_core.verb:set package 'serial_motor_demo_msgs' build argument 'ament_cmake_args' from command line to 'None'
[2.313s] Level 5:colcon.colcon_core.verb:set package 'serial_motor_demo_msgs' build argument 'catkin_cmake_args' from command line to 'None'
[2.313s] Level 5:colcon.colcon_core.verb:set package 'serial_motor_demo_msgs' build argument 'catkin_skip_building_tests' from command line to 'False'
[2.313s] DEBUG:colcon.colcon_core.verb:Building package 'serial_motor_demo_msgs' with the following arguments: {'ament_cmake_args': None, 'build_base': '/home/winicon/smilebot_ws/build/serial_motor_demo_msgs', 'catkin_cmake_args': None, 'catkin_skip_building_tests': False, 'cmake_args': None, 'cmake_clean_cache': False, 'cmake_clean_first': False, 'cmake_force_configure': False, 'cmake_target': None, 'cmake_target_skip_unavailable': False, 'install_base': '/home/winicon/smilebot_ws/install/serial_motor_demo_msgs', 'merge_install': False, 'path': '/home/winicon/smilebot_ws/src/serial_motor_demo/serial_motor_demo_msgs', 'symlink_install': True, 'test_result_base': None}
[2.317s] Level 5:colcon.colcon_core.verb:set package 'serial_motor_demo' build argument 'cmake_args' from command line to 'None'
[2.317s] Level 5:colcon.colcon_core.verb:set package 'serial_motor_demo' build argument 'cmake_target' from command line to 'None'
[2.318s] Level 5:colcon.colcon_core.verb:set package 'serial_motor_demo' build argument 'cmake_target_skip_unavailable' from command line to 'False'
[2.319s] Level 5:colcon.colcon_core.verb:set package 'serial_motor_demo' build argument 'cmake_clean_cache' from command line to 'False'
[2.319s] Level 5:colcon.colcon_core.verb:set package 'serial_motor_demo' build argument 'cmake_clean_first' from command line to 'False'
[2.319s] Level 5:colcon.colcon_core.verb:set package 'serial_motor_demo' build argument 'cmake_force_configure' from command line to 'False'
[2.319s] Level 5:colcon.colcon_core.verb:set package 'serial_motor_demo' build argument 'ament_cmake_args' from command line to 'None'
[2.320s] Level 5:colcon.colcon_core.verb:set package 'serial_motor_demo' build argument 'catkin_cmake_args' from command line to 'None'
[2.320s] Level 5:colcon.colcon_core.verb:set package 'serial_motor_demo' build argument 'catkin_skip_building_tests' from command line to 'False'
[2.320s] DEBUG:colcon.colcon_core.verb:Building package 'serial_motor_demo' with the following arguments: {'ament_cmake_args': None, 'build_base': '/home/winicon/smilebot_ws/build/serial_motor_demo', 'catkin_cmake_args': None, 'catkin_skip_building_tests': False, 'cmake_args': None, 'cmake_clean_cache': False, 'cmake_clean_first': False, 'cmake_force_configure': False, 'cmake_target': None, 'cmake_target_skip_unavailable': False, 'install_base': '/home/winicon/smilebot_ws/install/serial_motor_demo', 'merge_install': False, 'path': '/home/winicon/smilebot_ws/src/serial_motor_demo/serial_motor_demo', 'symlink_install': True, 'test_result_base': None}
[2.321s] INFO:colcon.colcon_core.executor:Executing jobs using 'parallel' executor
[2.324s] DEBUG:colcon.colcon_parallel_executor.executor.parallel:run_until_complete
[2.325s] INFO:colcon.colcon_ros.task.ament_cmake.build:Building ROS package in '/home/winicon/smilebot_ws/src/serial_motor_demo/serial_motor_demo_msgs' with build type 'ament_cmake'
[2.326s] INFO:colcon.colcon_cmake.task.cmake.build:Building CMake package in '/home/winicon/smilebot_ws/src/serial_motor_demo/serial_motor_demo_msgs'
[2.339s] INFO:colcon.colcon_core.plugin_system:Skipping extension 'colcon_core.shell.bat': Not used on non-Windows systems
[2.340s] INFO:colcon.colcon_core.shell:Skip shell extension 'powershell' for command environment: Not usable outside of PowerShell
[2.341s] DEBUG:colcon.colcon_core.shell:Skip shell extension 'dsv' for command environment
[2.365s] INFO:colcon.colcon_ros.task.ament_cmake.build:Building ROS package in '/home/winicon/smilebot_ws/src/diffdrive_arduino' with build type 'ament_cmake'
[2.367s] INFO:colcon.colcon_cmake.task.cmake.build:Building CMake package in '/home/winicon/smilebot_ws/src/diffdrive_arduino'
[2.368s] INFO:colcon.colcon_core.shell:Skip shell extension 'powershell' for command environment: Not usable outside of PowerShell
[2.369s] DEBUG:colcon.colcon_core.shell:Skip shell extension 'dsv' for command environment
[2.391s] INFO:colcon.colcon_ros.task.ament_cmake.build:Building ROS package in '/home/winicon/smilebot_ws/src/my_bot' with build type 'ament_cmake'
[2.391s] INFO:colcon.colcon_cmake.task.cmake.build:Building CMake package in '/home/winicon/smilebot_ws/src/my_bot'
[2.393s] INFO:colcon.colcon_core.shell:Skip shell extension 'powershell' for command environment: Not usable outside of PowerShell
[2.393s] DEBUG:colcon.colcon_core.shell:Skip shell extension 'dsv' for command environment
[2.420s] INFO:colcon.colcon_ros.task.ament_cmake.build:Building ROS package in '/home/winicon/smilebot_ws/src/serial' with build type 'ament_cmake'
[2.421s] INFO:colcon.colcon_cmake.task.cmake.build:Building CMake package in '/home/winicon/smilebot_ws/src/serial'
[2.423s] INFO:colcon.colcon_core.shell:Skip shell extension 'powershell' for command environment: Not usable outside of PowerShell
[2.424s] DEBUG:colcon.colcon_core.shell:Skip shell extension 'dsv' for command environment
[2.474s] DEBUG:colcon.colcon_core.event_handler.log_command:Invoking command in '/home/winicon/smilebot_ws/build/serial_motor_demo_msgs': CMAKE_PREFIX_PATH=${CMAKE_PREFIX_PATH}:/home/winicon/smilebot_ws/install/serial_motor_demo:/opt/ros/humble /usr/bin/cmake --build /home/winicon/smilebot_ws/build/serial_motor_demo_msgs -- -j4 -l4
[2.510s] DEBUG:colcon.colcon_core.event_handler.log_command:Invoking command in '/home/winicon/smilebot_ws/build/diffdrive_arduino': CMAKE_PREFIX_PATH=${CMAKE_PREFIX_PATH}:/home/winicon/smilebot_ws/install/serial_motor_demo:/opt/ros/humble /usr/bin/cmake --build /home/winicon/smilebot_ws/build/diffdrive_arduino -- -j4 -l4
[2.535s] DEBUG:colcon.colcon_core.event_handler.log_command:Invoking command in '/home/winicon/smilebot_ws/build/my_bot': CMAKE_PREFIX_PATH=${CMAKE_PREFIX_PATH}:/home/winicon/smilebot_ws/install/serial_motor_demo:/opt/ros/humble /usr/bin/cmake --build /home/winicon/smilebot_ws/build/my_bot -- -j4 -l4
[2.602s] DEBUG:colcon.colcon_core.event_handler.log_command:Invoking command in '/home/winicon/smilebot_ws/build/serial': CMAKE_PREFIX_PATH=${CMAKE_PREFIX_PATH}:/home/winicon/smilebot_ws/install/serial_motor_demo:/opt/ros/humble /usr/bin/cmake --build /home/winicon/smilebot_ws/build/serial -- -j4 -l4
[2.904s] DEBUG:colcon.colcon_core.event_handler.log_command:Invoked command in '/home/winicon/smilebot_ws/build/my_bot' returned '0': CMAKE_PREFIX_PATH=${CMAKE_PREFIX_PATH}:/home/winicon/smilebot_ws/install/serial_motor_demo:/opt/ros/humble /usr/bin/cmake --build /home/winicon/smilebot_ws/build/my_bot -- -j4 -l4
[3.184s] DEBUG:colcon.colcon_core.event_handler.log_command:Invoked command in '/home/winicon/smilebot_ws/build/diffdrive_arduino' returned '0': CMAKE_PREFIX_PATH=${CMAKE_PREFIX_PATH}:/home/winicon/smilebot_ws/install/serial_motor_demo:/opt/ros/humble /usr/bin/cmake --build /home/winicon/smilebot_ws/build/diffdrive_arduino -- -j4 -l4
[3.786s] DEBUG:colcon.colcon_core.event_handler.log_command:Invoking command in '/home/winicon/smilebot_ws/build/my_bot': CMAKE_PREFIX_PATH=${CMAKE_PREFIX_PATH}:/home/winicon/smilebot_ws/install/serial_motor_demo:/opt/ros/humble /usr/bin/cmake --install /home/winicon/smilebot_ws/build/my_bot
[3.832s] DEBUG:colcon.colcon_core.event_handler.log_command:Invoking command in '/home/winicon/smilebot_ws/build/diffdrive_arduino': CMAKE_PREFIX_PATH=${CMAKE_PREFIX_PATH}:/home/winicon/smilebot_ws/install/serial_motor_demo:/opt/ros/humble /usr/bin/cmake --install /home/winicon/smilebot_ws/build/diffdrive_arduino
[3.949s] DEBUG:colcon.colcon_core.event_handler.log_command:Invoked command in '/home/winicon/smilebot_ws/build/serial' returned '0': CMAKE_PREFIX_PATH=${CMAKE_PREFIX_PATH}:/home/winicon/smilebot_ws/install/serial_motor_demo:/opt/ros/humble /usr/bin/cmake --build /home/winicon/smilebot_ws/build/serial -- -j4 -l4
[4.069s] Level 1:colcon.colcon_core.environment:create_environment_scripts_only(my_bot)
[4.075s] DEBUG:colcon.colcon_core.event_handler.log_command:Invoked command in '/home/winicon/smilebot_ws/build/my_bot' returned '0': CMAKE_PREFIX_PATH=${CMAKE_PREFIX_PATH}:/home/winicon/smilebot_ws/install/serial_motor_demo:/opt/ros/humble /usr/bin/cmake --install /home/winicon/smilebot_ws/build/my_bot
[4.103s] Level 1:colcon.colcon_core.environment:checking '/home/winicon/smilebot_ws/install/my_bot' for CMake module files
[4.124s] Level 1:colcon.colcon_core.environment:checking '/home/winicon/smilebot_ws/install/my_bot' for CMake config files
[4.147s] Level 1:colcon.colcon_core.shell:create_environment_hook('my_bot', 'cmake_prefix_path')
[4.155s] INFO:colcon.colcon_core.shell:Creating environment hook '/home/winicon/smilebot_ws/install/my_bot/share/my_bot/hook/cmake_prefix_path.ps1'
[4.162s] INFO:colcon.colcon_core.shell:Creating environment descriptor '/home/winicon/smilebot_ws/install/my_bot/share/my_bot/hook/cmake_prefix_path.dsv'
[4.168s] INFO:colcon.colcon_core.shell:Creating environment hook '/home/winicon/smilebot_ws/install/my_bot/share/my_bot/hook/cmake_prefix_path.sh'
[4.174s] Level 1:colcon.colcon_core.environment:checking '/home/winicon/smilebot_ws/install/my_bot/bin'
[4.175s] Level 1:colcon.colcon_core.environment:checking '/home/winicon/smilebot_ws/install/my_bot/lib/pkgconfig/my_bot.pc'
[4.177s] Level 1:colcon.colcon_core.environment:checking '/home/winicon/smilebot_ws/install/my_bot/lib/python3.10/site-packages'
[4.180s] Level 1:colcon.colcon_core.environment:checking '/home/winicon/smilebot_ws/install/my_bot/bin'
[4.183s] INFO:colcon.colcon_core.shell:Creating package script '/home/winicon/smilebot_ws/install/my_bot/share/my_bot/package.ps1'
[4.190s] INFO:colcon.colcon_core.shell:Creating package descriptor '/home/winicon/smilebot_ws/install/my_bot/share/my_bot/package.dsv'
[4.196s] INFO:colcon.colcon_core.shell:Creating package script '/home/winicon/smilebot_ws/install/my_bot/share/my_bot/package.sh'
[4.204s] INFO:colcon.colcon_core.shell:Creating package script '/home/winicon/smilebot_ws/install/my_bot/share/my_bot/package.bash'
[4.211s] INFO:colcon.colcon_core.shell:Creating package script '/home/winicon/smilebot_ws/install/my_bot/share/my_bot/package.zsh'
[4.216s] Level 1:colcon.colcon_core.environment:create_file_with_runtime_dependencies(/home/winicon/smilebot_ws/install/my_bot/share/colcon-core/packages/my_bot)
[4.231s] Level 1:colcon.colcon_core.environment:create_environment_scripts_only(diffdrive_arduino)
[4.233s] Level 1:colcon.colcon_core.environment:checking '/home/winicon/smilebot_ws/install/diffdrive_arduino' for CMake module files
[4.236s] DEBUG:colcon.colcon_core.event_handler.log_command:Invoked command in '/home/winicon/smilebot_ws/build/diffdrive_arduino' returned '0': CMAKE_PREFIX_PATH=${CMAKE_PREFIX_PATH}:/home/winicon/smilebot_ws/install/serial_motor_demo:/opt/ros/humble /usr/bin/cmake --install /home/winicon/smilebot_ws/build/diffdrive_arduino
[4.239s] Level 1:colcon.colcon_core.environment:checking '/home/winicon/smilebot_ws/install/diffdrive_arduino' for CMake config files
[4.246s] Level 1:colcon.colcon_core.shell:create_environment_hook('diffdrive_arduino', 'cmake_prefix_path')
[4.267s] INFO:colcon.colcon_core.shell:Creating environment hook '/home/winicon/smilebot_ws/install/diffdrive_arduino/share/diffdrive_arduino/hook/cmake_prefix_path.ps1'
[4.272s] INFO:colcon.colcon_core.shell:Creating environment descriptor '/home/winicon/smilebot_ws/install/diffdrive_arduino/share/diffdrive_arduino/hook/cmake_prefix_path.dsv'
[4.276s] INFO:colcon.colcon_core.shell:Creating environment hook '/home/winicon/smilebot_ws/install/diffdrive_arduino/share/diffdrive_arduino/hook/cmake_prefix_path.sh'
[4.288s] Level 1:colcon.colcon_core.environment:checking '/home/winicon/smilebot_ws/install/diffdrive_arduino/lib'
[4.292s] Level 1:colcon.colcon_core.shell:create_environment_hook('diffdrive_arduino', 'ld_library_path_lib')
[4.294s] INFO:colcon.colcon_core.shell:Creating environment hook '/home/winicon/smilebot_ws/install/diffdrive_arduino/share/diffdrive_arduino/hook/ld_library_path_lib.ps1'
[4.298s] INFO:colcon.colcon_core.shell:Creating environment descriptor '/home/winicon/smilebot_ws/install/diffdrive_arduino/share/diffdrive_arduino/hook/ld_library_path_lib.dsv'
[4.304s] INFO:colcon.colcon_core.shell:Creating environment hook '/home/winicon/smilebot_ws/install/diffdrive_arduino/share/diffdrive_arduino/hook/ld_library_path_lib.sh'
[4.309s] Level 1:colcon.colcon_core.environment:checking '/home/winicon/smilebot_ws/install/diffdrive_arduino/bin'
[4.311s] Level 1:colcon.colcon_core.environment:checking '/home/winicon/smilebot_ws/install/diffdrive_arduino/lib/pkgconfig/diffdrive_arduino.pc'
[4.313s] Level 1:colcon.colcon_core.environment:checking '/home/winicon/smilebot_ws/install/diffdrive_arduino/lib/python3.10/site-packages'
[4.315s] Level 1:colcon.colcon_core.environment:checking '/home/winicon/smilebot_ws/install/diffdrive_arduino/bin'
[4.322s] INFO:colcon.colcon_core.shell:Creating package script '/home/winicon/smilebot_ws/install/diffdrive_arduino/share/diffdrive_arduino/package.ps1'
[4.327s] INFO:colcon.colcon_core.shell:Creating package descriptor '/home/winicon/smilebot_ws/install/diffdrive_arduino/share/diffdrive_arduino/package.dsv'
[4.337s] INFO:colcon.colcon_core.shell:Creating package script '/home/winicon/smilebot_ws/install/diffdrive_arduino/share/diffdrive_arduino/package.sh'
[4.341s] INFO:colcon.colcon_core.shell:Creating package script '/home/winicon/smilebot_ws/install/diffdrive_arduino/share/diffdrive_arduino/package.bash'
[4.345s] INFO:colcon.colcon_core.shell:Creating package script '/home/winicon/smilebot_ws/install/diffdrive_arduino/share/diffdrive_arduino/package.zsh'
[4.352s] Level 1:colcon.colcon_core.environment:create_file_with_runtime_dependencies(/home/winicon/smilebot_ws/install/diffdrive_arduino/share/colcon-core/packages/diffdrive_arduino)
[4.519s] Level 1:colcon.colcon_core.environment:create_environment_scripts_only(my_bot)
[4.520s] Level 1:colcon.colcon_core.environment:checking '/home/winicon/smilebot_ws/install/my_bot' for CMake module files
[4.525s] Level 1:colcon.colcon_core.environment:checking '/home/winicon/smilebot_ws/install/my_bot' for CMake config files
[4.543s] Level 1:colcon.colcon_core.shell:create_environment_hook('my_bot', 'cmake_prefix_path')
[4.547s] INFO:colcon.colcon_core.shell:Creating environment hook '/home/winicon/smilebot_ws/install/my_bot/share/my_bot/hook/cmake_prefix_path.ps1'
[4.560s] INFO:colcon.colcon_core.shell:Creating environment descriptor '/home/winicon/smilebot_ws/install/my_bot/share/my_bot/hook/cmake_prefix_path.dsv'
[4.564s] INFO:colcon.colcon_core.shell:Creating environment hook '/home/winicon/smilebot_ws/install/my_bot/share/my_bot/hook/cmake_prefix_path.sh'
[4.575s] Level 1:colcon.colcon_core.environment:checking '/home/winicon/smilebot_ws/install/my_bot/bin'
[4.576s] Level 1:colcon.colcon_core.environment:checking '/home/winicon/smilebot_ws/install/my_bot/lib/pkgconfig/my_bot.pc'
[4.582s] Level 1:colcon.colcon_core.environment:checking '/home/winicon/smilebot_ws/install/my_bot/lib/python3.10/site-packages'
[4.587s] Level 1:colcon.colcon_core.environment:checking '/home/winicon/smilebot_ws/install/my_bot/bin'
[4.589s] INFO:colcon.colcon_core.shell:Creating package script '/home/winicon/smilebot_ws/install/my_bot/share/my_bot/package.ps1'
[4.608s] INFO:colcon.colcon_core.shell:Creating package descriptor '/home/winicon/smilebot_ws/install/my_bot/share/my_bot/package.dsv'
[4.622s] INFO:colcon.colcon_core.shell:Creating package script '/home/winicon/smilebot_ws/install/my_bot/share/my_bot/package.sh'
[4.625s] INFO:colcon.colcon_core.shell:Creating package script '/home/winicon/smilebot_ws/install/my_bot/share/my_bot/package.bash'
[4.631s] INFO:colcon.colcon_core.shell:Creating package script '/home/winicon/smilebot_ws/install/my_bot/share/my_bot/package.zsh'
[4.642s] Level 1:colcon.colcon_core.environment:create_file_with_runtime_dependencies(/home/winicon/smilebot_ws/install/my_bot/share/colcon-core/packages/my_bot)
[4.656s] DEBUG:colcon.colcon_core.event_handler.log_command:Invoking command in '/home/winicon/smilebot_ws/build/serial': CMAKE_PREFIX_PATH=${CMAKE_PREFIX_PATH}:/home/winicon/smilebot_ws/install/serial_motor_demo:/opt/ros/humble /usr/bin/cmake --install /home/winicon/smilebot_ws/build/serial
[4.856s] Level 1:colcon.colcon_core.environment:create_environment_scripts_only(diffdrive_arduino)
[4.858s] Level 1:colcon.colcon_core.environment:checking '/home/winicon/smilebot_ws/install/diffdrive_arduino' for CMake module files
[4.865s] Level 1:colcon.colcon_core.environment:checking '/home/winicon/smilebot_ws/install/diffdrive_arduino' for CMake config files
[4.894s] Level 1:colcon.colcon_core.shell:create_environment_hook('diffdrive_arduino', 'cmake_prefix_path')
[4.898s] INFO:colcon.colcon_core.shell:Creating environment hook '/home/winicon/smilebot_ws/install/diffdrive_arduino/share/diffdrive_arduino/hook/cmake_prefix_path.ps1'
[4.902s] INFO:colcon.colcon_core.shell:Creating environment descriptor '/home/winicon/smilebot_ws/install/diffdrive_arduino/share/diffdrive_arduino/hook/cmake_prefix_path.dsv'
[4.904s] INFO:colcon.colcon_core.shell:Creating environment hook '/home/winicon/smilebot_ws/install/diffdrive_arduino/share/diffdrive_arduino/hook/cmake_prefix_path.sh'
[4.915s] Level 1:colcon.colcon_core.environment:checking '/home/winicon/smilebot_ws/install/diffdrive_arduino/lib'
[4.915s] Level 1:colcon.colcon_core.shell:create_environment_hook('diffdrive_arduino', 'ld_library_path_lib')
[4.916s] INFO:colcon.colcon_core.shell:Creating environment hook '/home/winicon/smilebot_ws/install/diffdrive_arduino/share/diffdrive_arduino/hook/ld_library_path_lib.ps1'
[4.921s] INFO:colcon.colcon_core.shell:Creating environment descriptor '/home/winicon/smilebot_ws/install/diffdrive_arduino/share/diffdrive_arduino/hook/ld_library_path_lib.dsv'
[4.923s] INFO:colcon.colcon_core.shell:Creating environment hook '/home/winicon/smilebot_ws/install/diffdrive_arduino/share/diffdrive_arduino/hook/ld_library_path_lib.sh'
[4.926s] Level 1:colcon.colcon_core.environment:checking '/home/winicon/smilebot_ws/install/diffdrive_arduino/bin'
[4.928s] Level 1:colcon.colcon_core.environment:checking '/home/winicon/smilebot_ws/install/diffdrive_arduino/lib/pkgconfig/diffdrive_arduino.pc'
[4.934s] Level 1:colcon.colcon_core.environment:checking '/home/winicon/smilebot_ws/install/diffdrive_arduino/lib/python3.10/site-packages'
[4.935s] Level 1:colcon.colcon_core.environment:checking '/home/winicon/smilebot_ws/install/diffdrive_arduino/bin'
[4.937s] INFO:colcon.colcon_core.shell:Creating package script '/home/winicon/smilebot_ws/install/diffdrive_arduino/share/diffdrive_arduino/package.ps1'
[4.940s] INFO:colcon.colcon_core.shell:Creating package descriptor '/home/winicon/smilebot_ws/install/diffdrive_arduino/share/diffdrive_arduino/package.dsv'
[4.943s] INFO:colcon.colcon_core.shell:Creating package script '/home/winicon/smilebot_ws/install/diffdrive_arduino/share/diffdrive_arduino/package.sh'
[4.949s] INFO:colcon.colcon_core.shell:Creating package script '/home/winicon/smilebot_ws/install/diffdrive_arduino/share/diffdrive_arduino/package.bash'
[4.953s] INFO:colcon.colcon_core.shell:Creating package script '/home/winicon/smilebot_ws/install/diffdrive_arduino/share/diffdrive_arduino/package.zsh'
[4.957s] Level 1:colcon.colcon_core.environment:create_file_with_runtime_dependencies(/home/winicon/smilebot_ws/install/diffdrive_arduino/share/colcon-core/packages/diffdrive_arduino)
[4.968s] Level 1:colcon.colcon_core.environment:create_environment_scripts_only(serial)
[4.971s] Level 1:colcon.colcon_core.environment:checking '/home/winicon/smilebot_ws/install/serial' for CMake module files
[4.972s] DEBUG:colcon.colcon_core.event_handler.log_command:Invoked command in '/home/winicon/smilebot_ws/build/serial' returned '0': CMAKE_PREFIX_PATH=${CMAKE_PREFIX_PATH}:/home/winicon/smilebot_ws/install/serial_motor_demo:/opt/ros/humble /usr/bin/cmake --install /home/winicon/smilebot_ws/build/serial
[4.977s] Level 1:colcon.colcon_core.environment:checking '/home/winicon/smilebot_ws/install/serial' for CMake config files
[4.985s] Level 1:colcon.colcon_core.shell:create_environment_hook('serial', 'cmake_prefix_path')
[4.989s] INFO:colcon.colcon_core.shell:Creating environment hook '/home/winicon/smilebot_ws/install/serial/share/serial/hook/cmake_prefix_path.ps1'
[4.994s] INFO:colcon.colcon_core.shell:Creating environment descriptor '/home/winicon/smilebot_ws/install/serial/share/serial/hook/cmake_prefix_path.dsv'
[4.999s] INFO:colcon.colcon_core.shell:Creating environment hook '/home/winicon/smilebot_ws/install/serial/share/serial/hook/cmake_prefix_path.sh'
[5.007s] Level 1:colcon.colcon_core.environment:checking '/home/winicon/smilebot_ws/install/serial/lib'
[5.008s] Level 1:colcon.colcon_core.environment:checking '/home/winicon/smilebot_ws/install/serial/bin'
[5.009s] Level 1:colcon.colcon_core.environment:checking '/home/winicon/smilebot_ws/install/serial/lib/pkgconfig/serial.pc'
[5.010s] Level 1:colcon.colcon_core.environment:checking '/home/winicon/smilebot_ws/install/serial/lib/python3.10/site-packages'
[5.013s] Level 1:colcon.colcon_core.environment:checking '/home/winicon/smilebot_ws/install/serial/bin'
[5.015s] INFO:colcon.colcon_core.shell:Creating package script '/home/winicon/smilebot_ws/install/serial/share/serial/package.ps1'
[5.022s] INFO:colcon.colcon_core.shell:Creating package descriptor '/home/winicon/smilebot_ws/install/serial/share/serial/package.dsv'
[5.025s] INFO:colcon.colcon_core.shell:Creating package script '/home/winicon/smilebot_ws/install/serial/share/serial/package.sh'
[5.030s] INFO:colcon.colcon_core.shell:Creating package script '/home/winicon/smilebot_ws/install/serial/share/serial/package.bash'
[5.033s] INFO:colcon.colcon_core.shell:Creating package script '/home/winicon/smilebot_ws/install/serial/share/serial/package.zsh'
[5.036s] Level 1:colcon.colcon_core.environment:create_file_with_runtime_dependencies(/home/winicon/smilebot_ws/install/serial/share/colcon-core/packages/serial)
[5.348s] Level 1:colcon.colcon_core.environment:create_environment_scripts_only(serial)
[5.350s] Level 1:colcon.colcon_core.environment:checking '/home/winicon/smilebot_ws/install/serial' for CMake module files
[5.353s] Level 1:colcon.colcon_core.environment:checking '/home/winicon/smilebot_ws/install/serial' for CMake config files
[5.358s] Level 1:colcon.colcon_core.shell:create_environment_hook('serial', 'cmake_prefix_path')
[5.360s] INFO:colcon.colcon_core.shell:Creating environment hook '/home/winicon/smilebot_ws/install/serial/share/serial/hook/cmake_prefix_path.ps1'
[5.363s] INFO:colcon.colcon_core.shell:Creating environment descriptor '/home/winicon/smilebot_ws/install/serial/share/serial/hook/cmake_prefix_path.dsv'
[5.368s] INFO:colcon.colcon_core.shell:Creating environment hook '/home/winicon/smilebot_ws/install/serial/share/serial/hook/cmake_prefix_path.sh'
[5.373s] Level 1:colcon.colcon_core.environment:checking '/home/winicon/smilebot_ws/install/serial/lib'
[5.374s] Level 1:colcon.colcon_core.environment:checking '/home/winicon/smilebot_ws/install/serial/bin'
[5.375s] Level 1:colcon.colcon_core.environment:checking '/home/winicon/smilebot_ws/install/serial/lib/pkgconfig/serial.pc'
[5.376s] Level 1:colcon.colcon_core.environment:checking '/home/winicon/smilebot_ws/install/serial/lib/python3.10/site-packages'
[5.379s] Level 1:colcon.colcon_core.environment:checking '/home/winicon/smilebot_ws/install/serial/bin'
[5.382s] INFO:colcon.colcon_core.shell:Creating package script '/home/winicon/smilebot_ws/install/serial/share/serial/package.ps1'
[5.385s] INFO:colcon.colcon_core.shell:Creating package descriptor '/home/winicon/smilebot_ws/install/serial/share/serial/package.dsv'
[5.389s] INFO:colcon.colcon_core.shell:Creating package script '/home/winicon/smilebot_ws/install/serial/share/serial/package.sh'
[5.392s] INFO:colcon.colcon_core.shell:Creating package script '/home/winicon/smilebot_ws/install/serial/share/serial/package.bash'
[5.398s] INFO:colcon.colcon_core.shell:Creating package script '/home/winicon/smilebot_ws/install/serial/share/serial/package.zsh'
[5.401s] Level 1:colcon.colcon_core.environment:create_file_with_runtime_dependencies(/home/winicon/smilebot_ws/install/serial/share/colcon-core/packages/serial)
[6.149s] DEBUG:colcon.colcon_core.event_handler.log_command:Invoked command in '/home/winicon/smilebot_ws/build/serial_motor_demo_msgs' returned '0': CMAKE_PREFIX_PATH=${CMAKE_PREFIX_PATH}:/home/winicon/smilebot_ws/install/serial_motor_demo:/opt/ros/humble /usr/bin/cmake --build /home/winicon/smilebot_ws/build/serial_motor_demo_msgs -- -j4 -l4
[6.878s] DEBUG:colcon.colcon_core.event_handler.log_command:Invoking command in '/home/winicon/smilebot_ws/build/serial_motor_demo_msgs': CMAKE_PREFIX_PATH=${CMAKE_PREFIX_PATH}:/home/winicon/smilebot_ws/install/serial_motor_demo:/opt/ros/humble /usr/bin/cmake --install /home/winicon/smilebot_ws/build/serial_motor_demo_msgs
[7.372s] Level 1:colcon.colcon_core.environment:create_environment_scripts_only(serial_motor_demo_msgs)
[7.373s] Level 1:colcon.colcon_core.environment:checking '/home/winicon/smilebot_ws/install/serial_motor_demo_msgs' for CMake module files
[7.375s] DEBUG:colcon.colcon_core.event_handler.log_command:Invoked command in '/home/winicon/smilebot_ws/build/serial_motor_demo_msgs' returned '0': CMAKE_PREFIX_PATH=${CMAKE_PREFIX_PATH}:/home/winicon/smilebot_ws/install/serial_motor_demo:/opt/ros/humble /usr/bin/cmake --install /home/winicon/smilebot_ws/build/serial_motor_demo_msgs
[7.381s] Level 1:colcon.colcon_core.environment:checking '/home/winicon/smilebot_ws/install/serial_motor_demo_msgs' for CMake config files
[7.392s] Level 1:colcon.colcon_core.shell:create_environment_hook('serial_motor_demo_msgs', 'cmake_prefix_path')
[7.393s] INFO:colcon.colcon_core.shell:Creating environment hook '/home/winicon/smilebot_ws/install/serial_motor_demo_msgs/share/serial_motor_demo_msgs/hook/cmake_prefix_path.ps1'
[7.396s] INFO:colcon.colcon_core.shell:Creating environment descriptor '/home/winicon/smilebot_ws/install/serial_motor_demo_msgs/share/serial_motor_demo_msgs/hook/cmake_prefix_path.dsv'
[7.398s] INFO:colcon.colcon_core.shell:Creating environment hook '/home/winicon/smilebot_ws/install/serial_motor_demo_msgs/share/serial_motor_demo_msgs/hook/cmake_prefix_path.sh'
[7.402s] Level 1:colcon.colcon_core.environment:checking '/home/winicon/smilebot_ws/install/serial_motor_demo_msgs/lib'
[7.403s] Level 1:colcon.colcon_core.shell:create_environment_hook('serial_motor_demo_msgs', 'ld_library_path_lib')
[7.404s] INFO:colcon.colcon_core.shell:Creating environment hook '/home/winicon/smilebot_ws/install/serial_motor_demo_msgs/share/serial_motor_demo_msgs/hook/ld_library_path_lib.ps1'
[7.405s] INFO:colcon.colcon_core.shell:Creating environment descriptor '/home/winicon/smilebot_ws/install/serial_motor_demo_msgs/share/serial_motor_demo_msgs/hook/ld_library_path_lib.dsv'
[7.408s] INFO:colcon.colcon_core.shell:Creating environment hook '/home/winicon/smilebot_ws/install/serial_motor_demo_msgs/share/serial_motor_demo_msgs/hook/ld_library_path_lib.sh'
[7.410s] Level 1:colcon.colcon_core.environment:checking '/home/winicon/smilebot_ws/install/serial_motor_demo_msgs/bin'
[7.410s] Level 1:colcon.colcon_core.environment:checking '/home/winicon/smilebot_ws/install/serial_motor_demo_msgs/lib/pkgconfig/serial_motor_demo_msgs.pc'
[7.412s] Level 1:colcon.colcon_core.environment:checking '/home/winicon/smilebot_ws/install/serial_motor_demo_msgs/lib/python3.10/site-packages'
[7.413s] Level 1:colcon.colcon_core.environment:checking '/home/winicon/smilebot_ws/install/serial_motor_demo_msgs/bin'
[7.415s] INFO:colcon.colcon_core.shell:Creating package script '/home/winicon/smilebot_ws/install/serial_motor_demo_msgs/share/serial_motor_demo_msgs/package.ps1'
[7.417s] INFO:colcon.colcon_core.shell:Creating package descriptor '/home/winicon/smilebot_ws/install/serial_motor_demo_msgs/share/serial_motor_demo_msgs/package.dsv'
[7.419s] INFO:colcon.colcon_core.shell:Creating package script '/home/winicon/smilebot_ws/install/serial_motor_demo_msgs/share/serial_motor_demo_msgs/package.sh'
[7.423s] INFO:colcon.colcon_core.shell:Creating package script '/home/winicon/smilebot_ws/install/serial_motor_demo_msgs/share/serial_motor_demo_msgs/package.bash'
[7.426s] INFO:colcon.colcon_core.shell:Creating package script '/home/winicon/smilebot_ws/install/serial_motor_demo_msgs/share/serial_motor_demo_msgs/package.zsh'
[7.428s] Level 1:colcon.colcon_core.environment:create_file_with_runtime_dependencies(/home/winicon/smilebot_ws/install/serial_motor_demo_msgs/share/colcon-core/packages/serial_motor_demo_msgs)
[8.176s] Level 1:colcon.colcon_core.environment:create_environment_scripts_only(serial_motor_demo_msgs)
[8.178s] Level 1:colcon.colcon_core.environment:checking '/home/winicon/smilebot_ws/install/serial_motor_demo_msgs' for CMake module files
[8.193s] Level 1:colcon.colcon_core.environment:checking '/home/winicon/smilebot_ws/install/serial_motor_demo_msgs' for CMake config files
[8.205s] Level 1:colcon.colcon_core.shell:create_environment_hook('serial_motor_demo_msgs', 'cmake_prefix_path')
[8.207s] INFO:colcon.colcon_core.shell:Creating environment hook '/home/winicon/smilebot_ws/install/serial_motor_demo_msgs/share/serial_motor_demo_msgs/hook/cmake_prefix_path.ps1'
[8.209s] INFO:colcon.colcon_core.shell:Creating environment descriptor '/home/winicon/smilebot_ws/install/serial_motor_demo_msgs/share/serial_motor_demo_msgs/hook/cmake_prefix_path.dsv'
[8.213s] INFO:colcon.colcon_core.shell:Creating environment hook '/home/winicon/smilebot_ws/install/serial_motor_demo_msgs/share/serial_motor_demo_msgs/hook/cmake_prefix_path.sh'
[8.217s] Level 1:colcon.colcon_core.environment:checking '/home/winicon/smilebot_ws/install/serial_motor_demo_msgs/lib'
[8.218s] Level 1:colcon.colcon_core.shell:create_environment_hook('serial_motor_demo_msgs', 'ld_library_path_lib')
[8.219s] INFO:colcon.colcon_core.shell:Creating environment hook '/home/winicon/smilebot_ws/install/serial_motor_demo_msgs/share/serial_motor_demo_msgs/hook/ld_library_path_lib.ps1'
[8.221s] INFO:colcon.colcon_core.shell:Creating environment descriptor '/home/winicon/smilebot_ws/install/serial_motor_demo_msgs/share/serial_motor_demo_msgs/hook/ld_library_path_lib.dsv'
[8.222s] INFO:colcon.colcon_core.shell:Creating environment hook '/home/winicon/smilebot_ws/install/serial_motor_demo_msgs/share/serial_motor_demo_msgs/hook/ld_library_path_lib.sh'
[8.224s] Level 1:colcon.colcon_core.environment:checking '/home/winicon/smilebot_ws/install/serial_motor_demo_msgs/bin'
[8.224s] Level 1:colcon.colcon_core.environment:checking '/home/winicon/smilebot_ws/install/serial_motor_demo_msgs/lib/pkgconfig/serial_motor_demo_msgs.pc'
[8.226s] Level 1:colcon.colcon_core.environment:checking '/home/winicon/smilebot_ws/install/serial_motor_demo_msgs/lib/python3.10/site-packages'
[8.227s] Level 1:colcon.colcon_core.environment:checking '/home/winicon/smilebot_ws/install/serial_motor_demo_msgs/bin'
[8.229s] INFO:colcon.colcon_core.shell:Creating package script '/home/winicon/smilebot_ws/install/serial_motor_demo_msgs/share/serial_motor_demo_msgs/package.ps1'
[8.236s] INFO:colcon.colcon_core.shell:Creating package descriptor '/home/winicon/smilebot_ws/install/serial_motor_demo_msgs/share/serial_motor_demo_msgs/package.dsv'
[8.238s] INFO:colcon.colcon_core.shell:Creating package script '/home/winicon/smilebot_ws/install/serial_motor_demo_msgs/share/serial_motor_demo_msgs/package.sh'
[8.241s] INFO:colcon.colcon_core.shell:Creating package script '/home/winicon/smilebot_ws/install/serial_motor_demo_msgs/share/serial_motor_demo_msgs/package.bash'
[8.243s] INFO:colcon.colcon_core.shell:Creating package script '/home/winicon/smilebot_ws/install/serial_motor_demo_msgs/share/serial_motor_demo_msgs/package.zsh'
[8.247s] Level 1:colcon.colcon_core.environment:create_file_with_runtime_dependencies(/home/winicon/smilebot_ws/install/serial_motor_demo_msgs/share/colcon-core/packages/serial_motor_demo_msgs)
[8.249s] INFO:colcon.colcon_ros.task.ament_python.build:Building ROS package in '/home/winicon/smilebot_ws/src/serial_motor_demo/serial_motor_demo' with build type 'ament_python'
[8.251s] Level 1:colcon.colcon_core.shell:create_environment_hook('serial_motor_demo', 'ament_prefix_path')
[8.254s] INFO:colcon.colcon_core.shell:Creating environment hook '/home/winicon/smilebot_ws/install/serial_motor_demo/share/serial_motor_demo/hook/ament_prefix_path.ps1'
[8.256s] INFO:colcon.colcon_core.shell:Creating environment descriptor '/home/winicon/smilebot_ws/install/serial_motor_demo/share/serial_motor_demo/hook/ament_prefix_path.dsv'
[8.258s] INFO:colcon.colcon_core.shell:Creating environment hook '/home/winicon/smilebot_ws/install/serial_motor_demo/share/serial_motor_demo/hook/ament_prefix_path.sh'
[8.261s] INFO:colcon.colcon_core.shell:Skip shell extension 'powershell' for command environment: Not usable outside of PowerShell
[8.262s] DEBUG:colcon.colcon_core.shell:Skip shell extension 'dsv' for command environment
[10.012s] INFO:colcon.colcon_core.task.python.build:Building Python package in '/home/winicon/smilebot_ws/src/serial_motor_demo/serial_motor_demo'
[10.013s] INFO:colcon.colcon_core.shell:Skip shell extension 'powershell' for command environment: Not usable outside of PowerShell
[10.014s] DEBUG:colcon.colcon_core.shell:Skip shell extension 'dsv' for command environment
[12.353s] DEBUG:colcon.colcon_core.event_handler.log_command:Invoking command in '/home/winicon/smilebot_ws/build/serial_motor_demo': PYTHONPATH=/home/winicon/smilebot_ws/build/serial_motor_demo/prefix_override:/usr/lib/python3/dist-packages/colcon_core/task/python/colcon_distutils_commands:/home/winicon/smilebot_ws/install/serial_motor_demo/lib/python3.10/site-packages:${PYTHONPATH} /usr/bin/python3 -W ignore:setup.py install is deprecated setup.py develop --editable --build-directory /home/winicon/smilebot_ws/build/serial_motor_demo/build --no-deps symlink_data
[15.506s] Level 1:colcon.colcon_core.shell:create_environment_hook('serial_motor_demo', 'pythonpath_develop')
[15.507s] INFO:colcon.colcon_core.shell:Creating environment hook '/home/winicon/smilebot_ws/build/serial_motor_demo/share/serial_motor_demo/hook/pythonpath_develop.ps1'
[15.508s] DEBUG:colcon.colcon_core.event_handler.log_command:Invoked command in '/home/winicon/smilebot_ws/build/serial_motor_demo' returned '0': PYTHONPATH=/home/winicon/smilebot_ws/build/serial_motor_demo/prefix_override:/usr/lib/python3/dist-packages/colcon_core/task/python/colcon_distutils_commands:/home/winicon/smilebot_ws/install/serial_motor_demo/lib/python3.10/site-packages:${PYTHONPATH} /usr/bin/python3 -W ignore:setup.py install is deprecated setup.py develop --editable --build-directory /home/winicon/smilebot_ws/build/serial_motor_demo/build --no-deps symlink_data
[15.510s] INFO:colcon.colcon_core.shell:Creating environment descriptor '/home/winicon/smilebot_ws/build/serial_motor_demo/share/serial_motor_demo/hook/pythonpath_develop.dsv'
[15.514s] INFO:colcon.colcon_core.shell:Creating environment hook '/home/winicon/smilebot_ws/build/serial_motor_demo/share/serial_motor_demo/hook/pythonpath_develop.sh'
[15.517s] Level 1:colcon.colcon_core.environment:checking '/home/winicon/smilebot_ws/install/serial_motor_demo' for CMake module files
[15.520s] Level 1:colcon.colcon_core.environment:checking '/home/winicon/smilebot_ws/install/serial_motor_demo' for CMake config files
[15.524s] Level 1:colcon.colcon_core.environment:checking '/home/winicon/smilebot_ws/install/serial_motor_demo/lib'
[15.524s] Level 1:colcon.colcon_core.environment:checking '/home/winicon/smilebot_ws/install/serial_motor_demo/bin'
[15.525s] Level 1:colcon.colcon_core.environment:checking '/home/winicon/smilebot_ws/install/serial_motor_demo/lib/pkgconfig/serial_motor_demo.pc'
[15.526s] Level 1:colcon.colcon_core.environment:checking '/home/winicon/smilebot_ws/install/serial_motor_demo/lib/python3.10/site-packages'
[15.526s] Level 1:colcon.colcon_core.shell:create_environment_hook('serial_motor_demo', 'pythonpath')
[15.527s] INFO:colcon.colcon_core.shell:Creating environment hook '/home/winicon/smilebot_ws/install/serial_motor_demo/share/serial_motor_demo/hook/pythonpath.ps1'
[15.532s] INFO:colcon.colcon_core.shell:Creating environment descriptor '/home/winicon/smilebot_ws/install/serial_motor_demo/share/serial_motor_demo/hook/pythonpath.dsv'
[15.534s] INFO:colcon.colcon_core.shell:Creating environment hook '/home/winicon/smilebot_ws/install/serial_motor_demo/share/serial_motor_demo/hook/pythonpath.sh'
[15.537s] Level 1:colcon.colcon_core.environment:checking '/home/winicon/smilebot_ws/install/serial_motor_demo/bin'
[15.537s] Level 1:colcon.colcon_core.environment:create_environment_scripts_only(serial_motor_demo)
[15.539s] INFO:colcon.colcon_core.shell:Creating package script '/home/winicon/smilebot_ws/install/serial_motor_demo/share/serial_motor_demo/package.ps1'
[15.542s] INFO:colcon.colcon_core.shell:Creating package descriptor '/home/winicon/smilebot_ws/install/serial_motor_demo/share/serial_motor_demo/package.dsv'
[15.544s] INFO:colcon.colcon_core.shell:Creating package script '/home/winicon/smilebot_ws/install/serial_motor_demo/share/serial_motor_demo/package.sh'
[15.549s] INFO:colcon.colcon_core.shell:Creating package script '/home/winicon/smilebot_ws/install/serial_motor_demo/share/serial_motor_demo/package.bash'
[15.551s] INFO:colcon.colcon_core.shell:Creating package script '/home/winicon/smilebot_ws/install/serial_motor_demo/share/serial_motor_demo/package.zsh'
[15.553s] Level 1:colcon.colcon_core.environment:create_file_with_runtime_dependencies(/home/winicon/smilebot_ws/install/serial_motor_demo/share/colcon-core/packages/serial_motor_demo)
[15.554s] DEBUG:colcon.colcon_parallel_executor.executor.parallel:closing loop
[15.555s] DEBUG:colcon.colcon_parallel_executor.executor.parallel:loop closed
[15.556s] DEBUG:colcon.colcon_parallel_executor.executor.parallel:run_until_complete finished with '0'
[15.556s] DEBUG:colcon.colcon_core.event_reactor:joining thread
[15.586s] INFO:colcon.colcon_core.plugin_system:Skipping extension 'colcon_notification.desktop_notification.terminal_notifier': Not used on non-Darwin systems
[15.587s] INFO:colcon.colcon_core.plugin_system:Skipping extension 'colcon_notification.desktop_notification.win32': Not used on non-Windows systems
[15.587s] INFO:colcon.colcon_notification.desktop_notification:Sending desktop notification using 'notify2'
[16.095s] DEBUG:colcon.colcon_core.event_reactor:joined thread
[16.096s] INFO:colcon.colcon_core.shell:Creating prefix script '/home/winicon/smilebot_ws/install/local_setup.ps1'
[16.103s] INFO:colcon.colcon_core.shell:Creating prefix util module '/home/winicon/smilebot_ws/install/_local_setup_util_ps1.py'
[16.108s] INFO:colcon.colcon_core.shell:Creating prefix chain script '/home/winicon/smilebot_ws/install/setup.ps1'
[16.115s] INFO:colcon.colcon_core.shell:Creating prefix script '/home/winicon/smilebot_ws/install/local_setup.sh'
[16.118s] INFO:colcon.colcon_core.shell:Creating prefix util module '/home/winicon/smilebot_ws/install/_local_setup_util_sh.py'
[16.121s] INFO:colcon.colcon_core.shell:Creating prefix chain script '/home/winicon/smilebot_ws/install/setup.sh'
[16.129s] INFO:colcon.colcon_core.shell:Creating prefix script '/home/winicon/smilebot_ws/install/local_setup.bash'
[16.131s] INFO:colcon.colcon_core.shell:Creating prefix chain script '/home/winicon/smilebot_ws/install/setup.bash'
[16.138s] INFO:colcon.colcon_core.shell:Creating prefix script '/home/winicon/smilebot_ws/install/local_setup.zsh'
[16.141s] INFO:colcon.colcon_core.shell:Creating prefix chain script '/home/winicon/smilebot_ws/install/setup.zsh'
