[0.190s] Invoking command in '/home/winicon/smilebot_ws/build/diffdrive_arduino': CMAKE_PREFIX_PATH=${CMAKE_PREFIX_PATH}:/home/winicon/smilebot_ws/install/serial_motor_demo:/opt/ros/humble /usr/bin/cmake --build /home/winicon/smilebot_ws/build/diffdrive_arduino -- -j4 -l4
[1.317s] [100%] Built target diffdrive_arduino
[1.494s] Invoked command in '/home/winicon/smilebot_ws/build/diffdrive_arduino' returned '0': CMAKE_PREFIX_PATH=${CMAKE_PREFIX_PATH}:/home/winicon/smilebot_ws/install/serial_motor_demo:/opt/ros/humble /usr/bin/cmake --build /home/winicon/smilebot_ws/build/diffdrive_arduino -- -j4 -l4
[2.062s] Invoking command in '/home/winicon/smilebot_ws/build/diffdrive_arduino': CMAKE_PREFIX_PATH=${CMAKE_PREFIX_PATH}:/home/winicon/smilebot_ws/install/serial_motor_demo:/opt/ros/humble /usr/bin/cmake --install /home/winicon/smilebot_ws/build/diffdrive_arduino
[2.230s] -- Install configuration: ""
[2.268s] -- Execute custom install script
[2.290s] -- Up-to-date symlink: /home/winicon/smilebot_ws/install/diffdrive_arduino/share/diffdrive_arduino//diffdrive_arduino.xml
[2.301s] -- Up-to-date symlink: /home/winicon/smilebot_ws/install/diffdrive_arduino/include/diffdrive_arduino/diffdrive_arduino/arduino_comms.hpp
[2.316s] -- Up-to-date symlink: /home/winicon/smilebot_ws/install/diffdrive_arduino/include/diffdrive_arduino/diffdrive_arduino/diffbot_system.hpp
[2.333s] -- Up-to-date symlink: /home/winicon/smilebot_ws/install/diffdrive_arduino/include/diffdrive_arduino/diffdrive_arduino/visibility_control.h
[2.338s] -- Up-to-date symlink: /home/winicon/smilebot_ws/install/diffdrive_arduino/include/diffdrive_arduino/diffdrive_arduino/wheel.hpp
[2.338s] -- Up-to-date symlink: /home/winicon/smilebot_ws/install/diffdrive_arduino/share/diffdrive_arduino/launch/view_robot.launch.py
[2.339s] -- Up-to-date symlink: /home/winicon/smilebot_ws/install/diffdrive_arduino/share/diffdrive_arduino/ros2_control/diffbot.ros2_control.xacro
[2.339s] -- Up-to-date symlink: /home/winicon/smilebot_ws/install/diffdrive_arduino/share/diffdrive_arduino/urdf/diffbot.materials.xacro
[2.340s] -- Up-to-date symlink: /home/winicon/smilebot_ws/install/diffdrive_arduino/share/diffdrive_arduino/urdf/diffbot.urdf.xacro
[2.341s] -- Up-to-date symlink: /home/winicon/smilebot_ws/install/diffdrive_arduino/share/diffdrive_arduino/urdf/diffbot_description.urdf.xacro
[2.344s] -- Up-to-date symlink: /home/winicon/smilebot_ws/install/diffdrive_arduino/share/diffdrive_arduino/rviz/diffbot.rviz
[2.345s] -- Up-to-date symlink: /home/winicon/smilebot_ws/install/diffdrive_arduino/share/diffdrive_arduino/rviz/diffbot_view.rviz
[2.347s] -- Up-to-date symlink: /home/winicon/smilebot_ws/install/diffdrive_arduino/share/diffdrive_arduino/launch/diffbot.launch.py
[2.363s] -- Up-to-date symlink: /home/winicon/smilebot_ws/install/diffdrive_arduino/share/diffdrive_arduino/config/diffbot_controllers.yaml
[2.370s] -- Up-to-date symlink: /home/winicon/smilebot_ws/install/diffdrive_arduino/share/diffdrive_arduino/environment/library_path.sh
[2.370s] -- Up-to-date symlink: /home/winicon/smilebot_ws/install/diffdrive_arduino/share/diffdrive_arduino/environment/library_path.dsv
[2.371s] -- Up-to-date symlink: /home/winicon/smilebot_ws/install/diffdrive_arduino/share/ament_index/resource_index/package_run_dependencies/diffdrive_arduino
[2.376s] -- Up-to-date symlink: /home/winicon/smilebot_ws/install/diffdrive_arduino/share/ament_index/resource_index/parent_prefix_path/diffdrive_arduino
[2.377s] -- Up-to-date symlink: /home/winicon/smilebot_ws/install/diffdrive_arduino/share/diffdrive_arduino/environment/ament_prefix_path.sh
[2.378s] -- Up-to-date symlink: /home/winicon/smilebot_ws/install/diffdrive_arduino/share/diffdrive_arduino/environment/ament_prefix_path.dsv
[2.378s] -- Up-to-date symlink: /home/winicon/smilebot_ws/install/diffdrive_arduino/share/diffdrive_arduino/environment/path.sh
[2.389s] -- Up-to-date symlink: /home/winicon/smilebot_ws/install/diffdrive_arduino/share/diffdrive_arduino/environment/path.dsv
[2.390s] -- Up-to-date symlink: /home/winicon/smilebot_ws/install/diffdrive_arduino/share/diffdrive_arduino/local_setup.bash
[2.390s] -- Up-to-date symlink: /home/winicon/smilebot_ws/install/diffdrive_arduino/share/diffdrive_arduino/local_setup.sh
[2.391s] -- Up-to-date symlink: /home/winicon/smilebot_ws/install/diffdrive_arduino/share/diffdrive_arduino/local_setup.zsh
[2.393s] -- Up-to-date symlink: /home/winicon/smilebot_ws/install/diffdrive_arduino/share/diffdrive_arduino/local_setup.dsv
[2.400s] -- Symlinking: /home/winicon/smilebot_ws/install/diffdrive_arduino/share/diffdrive_arduino/package.dsv
[2.492s] -- Up-to-date symlink: /home/winicon/smilebot_ws/install/diffdrive_arduino/share/ament_index/resource_index/packages/diffdrive_arduino
[2.495s] -- Up-to-date symlink: /home/winicon/smilebot_ws/install/diffdrive_arduino/share/ament_index/resource_index/hardware_interface__pluginlib__plugin/diffdrive_arduino
[2.503s] -- Up-to-date symlink: /home/winicon/smilebot_ws/install/diffdrive_arduino/share/diffdrive_arduino/cmake/ament_cmake_export_targets-extras.cmake
[2.505s] -- Up-to-date symlink: /home/winicon/smilebot_ws/install/diffdrive_arduino/share/diffdrive_arduino/cmake/ament_cmake_export_dependencies-extras.cmake
[2.506s] -- Up-to-date symlink: /home/winicon/smilebot_ws/install/diffdrive_arduino/share/diffdrive_arduino/cmake/diffdrive_arduinoConfig.cmake
[2.523s] -- Up-to-date symlink: /home/winicon/smilebot_ws/install/diffdrive_arduino/share/diffdrive_arduino/cmake/diffdrive_arduinoConfig-version.cmake
[2.526s] -- Up-to-date symlink: /home/winicon/smilebot_ws/install/diffdrive_arduino/share/diffdrive_arduino/package.xml
[2.540s] -- Up-to-date: /home/winicon/smilebot_ws/install/diffdrive_arduino/lib/libdiffdrive_arduino.so
[2.566s] -- Up-to-date: /home/winicon/smilebot_ws/install/diffdrive_arduino/share/diffdrive_arduino/cmake/export_diffdrive_arduinoExport.cmake
[2.567s] -- Up-to-date: /home/winicon/smilebot_ws/install/diffdrive_arduino/share/diffdrive_arduino/cmake/export_diffdrive_arduinoExport-noconfig.cmake
[2.617s] Invoked command in '/home/winicon/smilebot_ws/build/diffdrive_arduino' returned '0': CMAKE_PREFIX_PATH=${CMAKE_PREFIX_PATH}:/home/winicon/smilebot_ws/install/serial_motor_demo:/opt/ros/humble /usr/bin/cmake --install /home/winicon/smilebot_ws/build/diffdrive_arduino
