[0.085s] Invoking command in '/home/winicon/smilebot_ws/build/diffdrive_arduino': AMENT_PREFIX_PATH=/home/winicon/smilebot_ws/install/serial:${AMENT_PREFIX_PATH} CMAKE_PREFIX_PATH=/home/winicon/smilebot_ws/install/serial:/opt/ros/humble LD_LIBRARY_PATH=/home/winicon/smilebot_ws/install/serial/lib:${LD_LIBRARY_PATH} /usr/bin/cmake /home/winicon/smilebot_ws/src/diffdrive_arduino -DAMENT_CMAKE_SYMLINK_INSTALL=1 -DCMAKE_INSTALL_PREFIX=/home/winicon/smilebot_ws/install/diffdrive_arduino
[0.497s] -- The C compiler identification is GNU 11.4.0
[0.845s] -- The CXX compiler identification is GNU 11.4.0
[0.880s] -- Detecting C compiler ABI info
[1.449s] -- Detecting C compiler ABI info - done
[1.491s] -- Check for working C compiler: /usr/bin/cc - skipped
[1.497s] -- Detecting C compile features
[1.500s] -- Detecting C compile features - done
[1.529s] -- Detecting CXX compiler ABI info
[2.163s] -- Detecting CXX compiler ABI info - done
[2.204s] -- Check for working CXX compiler: /usr/bin/c++ - skipped
[2.205s] -- Detecting CXX compile features
[2.205s] -- Detecting CXX compile features - done
[2.238s] -- Found ament_cmake: 1.3.9 (/opt/ros/humble/share/ament_cmake/cmake)
[3.431s] -- Found Python3: /usr/bin/python3 (found version "3.10.12") found components: Interpreter 
[3.863s] -- Override CMake install command with custom implementation using symlinks instead of copying resources
[4.285s] -- Found serial: 1.2.1 (/home/winicon/smilebot_ws/install/serial/share/serial/cmake)
[4.305s] -- Found hardware_interface: 2.41.0 (/opt/ros/humble/share/hardware_interface/cmake)
[4.869s] -- Found rosidl_generator_c: 3.1.5 (/opt/ros/humble/share/rosidl_generator_c/cmake)
[4.930s] -- Found rosidl_adapter: 3.1.5 (/opt/ros/humble/share/rosidl_adapter/cmake)
[5.041s] -- Found rosidl_generator_cpp: 3.1.5 (/opt/ros/humble/share/rosidl_generator_cpp/cmake)
[5.193s] -- Using all available rosidl_typesupport_c: rosidl_typesupport_fastrtps_c;rosidl_typesupport_introspection_c
[5.419s] -- Using all available rosidl_typesupport_cpp: rosidl_typesupport_fastrtps_cpp;rosidl_typesupport_introspection_cpp
[9.802s] -- Found rmw_implementation_cmake: 6.1.2 (/opt/ros/humble/share/rmw_implementation_cmake/cmake)
[9.837s] -- Found rmw_fastrtps_cpp: 6.2.6 (/opt/ros/humble/share/rmw_fastrtps_cpp/cmake)
[10.150s] -- Found TinyXML2 via Config file: TinyXML2_DIR-NOTFOUND
[10.448s] -- Found OpenSSL: /usr/lib/aarch64-linux-gnu/libcrypto.so (found version "3.0.2")  
[10.466s] -- Found TinyXML2 via Config file: TinyXML2_DIR-NOTFOUND
[10.572s] -- Found FastRTPS: /opt/ros/humble/include  
[10.622s] -- Found TinyXML2 via Config file: TinyXML2_DIR-NOTFOUND
[10.657s] -- Found TinyXML2 via Config file: TinyXML2_DIR-NOTFOUND
[10.710s] -- Using RMW implementation 'rmw_fastrtps_cpp' as default
[10.837s] -- Looking for pthread.h
[11.252s] -- Looking for pthread.h - found
[11.254s] -- Performing Test CMAKE_HAVE_LIBC_PTHREAD
[11.745s] -- Performing Test CMAKE_HAVE_LIBC_PTHREAD - Success
[11.755s] -- Found Threads: TRUE  
[12.589s] -- Found controller_manager: 2.41.0 (/opt/ros/humble/share/controller_manager/cmake)
[18.519s] -- Configuring done
[19.064s] -- Generating done
[19.077s] -- Build files have been written to: /home/winicon/smilebot_ws/build/diffdrive_arduino
[19.132s] Invoked command in '/home/winicon/smilebot_ws/build/diffdrive_arduino' returned '0': AMENT_PREFIX_PATH=/home/winicon/smilebot_ws/install/serial:${AMENT_PREFIX_PATH} CMAKE_PREFIX_PATH=/home/winicon/smilebot_ws/install/serial:/opt/ros/humble LD_LIBRARY_PATH=/home/winicon/smilebot_ws/install/serial/lib:${LD_LIBRARY_PATH} /usr/bin/cmake /home/winicon/smilebot_ws/src/diffdrive_arduino -DAMENT_CMAKE_SYMLINK_INSTALL=1 -DCMAKE_INSTALL_PREFIX=/home/winicon/smilebot_ws/install/diffdrive_arduino
[19.141s] Invoking command in '/home/winicon/smilebot_ws/build/diffdrive_arduino': AMENT_PREFIX_PATH=/home/winicon/smilebot_ws/install/serial:${AMENT_PREFIX_PATH} CMAKE_PREFIX_PATH=/home/winicon/smilebot_ws/install/serial:/opt/ros/humble LD_LIBRARY_PATH=/home/winicon/smilebot_ws/install/serial/lib:${LD_LIBRARY_PATH} /usr/bin/cmake --build /home/winicon/smilebot_ws/build/diffdrive_arduino -- -j4 -l4
[19.405s] [ 14%] [32mBuilding CXX object CMakeFiles/fake_robot.dir/src/fake_robot.cpp.o[0m
[19.416s] [ 28%] [32mBuilding CXX object CMakeFiles/fake_robot.dir/src/wheel.cpp.o[0m
[19.437s] [ 42%] [32mBuilding CXX object CMakeFiles/diffdrive_arduino.dir/src/diffdrive_arduino.cpp.o[0m
[19.447s] [ 57%] [32mBuilding CXX object CMakeFiles/diffdrive_arduino.dir/src/wheel.cpp.o[0m
[21.609s] [ 71%] [32mBuilding CXX object CMakeFiles/diffdrive_arduino.dir/src/arduino_comms.cpp.o[0m
[22.538s] In file included from [01m[K/home/winicon/smilebot_ws/src/diffdrive_arduino/src/fake_robot.cpp:1[m[K:
[22.538s] [01m[K/home/winicon/smilebot_ws/src/diffdrive_arduino/include/diffdrive_arduino/fake_robot.h:7:10:[m[K [01;31m[Kfatal error: [m[Khardware_interface/base_interface.hpp: No such file or directory
[22.539s]     7 | #include [01;31m[K"hardware_interface/base_interface.hpp"[m[K
[22.539s]       |          [01;31m[K^~~~~~~~~~~~~~~~~~~~~~~~~~~~~~~~~~~~~~~[m[K
[22.540s] compilation terminated.
[22.549s] In file included from [01m[K/home/winicon/smilebot_ws/src/diffdrive_arduino/src/diffdrive_arduino.cpp:1[m[K:
[22.550s] [01m[K/home/winicon/smilebot_ws/src/diffdrive_arduino/include/diffdrive_arduino/diffdrive_arduino.h:7:10:[m[K [01;31m[Kfatal error: [m[Khardware_interface/base_interface.hpp: No such file or directory
[22.550s]     7 | #include [01;31m[K"hardware_interface/base_interface.hpp"[m[K
[22.551s]       |          [01;31m[K^~~~~~~~~~~~~~~~~~~~~~~~~~~~~~~~~~~~~~~[m[K
[22.551s] compilation terminated.
[22.559s] gmake[2]: *** [CMakeFiles/fake_robot.dir/build.make:76: CMakeFiles/fake_robot.dir/src/fake_robot.cpp.o] Error 1
[22.560s] gmake[1]: *** [CMakeFiles/Makefile2:165: CMakeFiles/fake_robot.dir/all] Error 2
[22.560s] gmake[1]: *** Waiting for unfinished jobs....
[22.560s] gmake[2]: *** [CMakeFiles/diffdrive_arduino.dir/build.make:76: CMakeFiles/diffdrive_arduino.dir/src/diffdrive_arduino.cpp.o] Error 1
[22.561s] gmake[2]: *** Waiting for unfinished jobs....
[35.786s] gmake[1]: *** [CMakeFiles/Makefile2:139: CMakeFiles/diffdrive_arduino.dir/all] Error 2
[35.786s] gmake: *** [Makefile:146: all] Error 2
[35.797s] Invoked command in '/home/winicon/smilebot_ws/build/diffdrive_arduino' returned '2': AMENT_PREFIX_PATH=/home/winicon/smilebot_ws/install/serial:${AMENT_PREFIX_PATH} CMAKE_PREFIX_PATH=/home/winicon/smilebot_ws/install/serial:/opt/ros/humble LD_LIBRARY_PATH=/home/winicon/smilebot_ws/install/serial/lib:${LD_LIBRARY_PATH} /usr/bin/cmake --build /home/winicon/smilebot_ws/build/diffdrive_arduino -- -j4 -l4
