[0.118s] Invoking command in '/home/winicon/smilebot_ws/build/serial': CMAKE_PREFIX_PATH=${CMAKE_PREFIX_PATH}:/home/winicon/smilebot_ws/install/serial_motor_demo:/opt/ros/humble /usr/bin/cmake --build /home/winicon/smilebot_ws/build/serial -- -j4 -l4
[0.510s] [ 28%] Built target serial
[0.536s] [ 42%] Built target gtest_main
[0.647s] [ 57%] Built target gtest
[0.817s] [ 71%] Built target serial_example
[0.978s] [ 85%] Built target serial-test
[0.984s] [100%] Built target serial-test-timer
[1.059s] Invoked command in '/home/winicon/smilebot_ws/build/serial' returned '0': CMAKE_PREFIX_PATH=${CMAKE_PREFIX_PATH}:/home/winicon/smilebot_ws/install/serial_motor_demo:/opt/ros/humble /usr/bin/cmake --build /home/winicon/smilebot_ws/build/serial -- -j4 -l4
[1.647s] Invoking command in '/home/winicon/smilebot_ws/build/serial': CMAKE_PREFIX_PATH=${CMAKE_PREFIX_PATH}:/home/winicon/smilebot_ws/install/serial_motor_demo:/opt/ros/humble /usr/bin/cmake --install /home/winicon/smilebot_ws/build/serial
[1.694s] -- Install configuration: ""
[1.696s] -- Execute custom install script
[1.698s] -- Up-to-date symlink: /home/winicon/smilebot_ws/install/serial/lib/libserial.a
[1.699s] -- Up-to-date symlink: /home/winicon/smilebot_ws/install/serial/include/serial/serial.h
[1.700s] -- Up-to-date symlink: /home/winicon/smilebot_ws/install/serial/include/serial/v8stdint.h
[1.701s] -- Up-to-date symlink: /home/winicon/smilebot_ws/install/serial/share/serial/environment/library_path.sh
[1.702s] -- Up-to-date symlink: /home/winicon/smilebot_ws/install/serial/share/serial/environment/library_path.dsv
[1.704s] -- Up-to-date symlink: /home/winicon/smilebot_ws/install/serial/share/ament_index/resource_index/package_run_dependencies/serial
[1.705s] -- Up-to-date symlink: /home/winicon/smilebot_ws/install/serial/share/ament_index/resource_index/parent_prefix_path/serial
[1.712s] -- Up-to-date symlink: /home/winicon/smilebot_ws/install/serial/share/serial/environment/ament_prefix_path.sh
[1.713s] -- Up-to-date symlink: /home/winicon/smilebot_ws/install/serial/share/serial/environment/ament_prefix_path.dsv
[1.718s] -- Up-to-date symlink: /home/winicon/smilebot_ws/install/serial/share/serial/environment/path.sh
[1.720s] -- Up-to-date symlink: /home/winicon/smilebot_ws/install/serial/share/serial/environment/path.dsv
[1.720s] -- Up-to-date symlink: /home/winicon/smilebot_ws/install/serial/share/serial/local_setup.bash
[1.721s] -- Up-to-date symlink: /home/winicon/smilebot_ws/install/serial/share/serial/local_setup.sh
[1.722s] -- Up-to-date symlink: /home/winicon/smilebot_ws/install/serial/share/serial/local_setup.zsh
[1.722s] -- Up-to-date symlink: /home/winicon/smilebot_ws/install/serial/share/serial/local_setup.dsv
[1.723s] -- Symlinking: /home/winicon/smilebot_ws/install/serial/share/serial/package.dsv
[1.801s] -- Up-to-date symlink: /home/winicon/smilebot_ws/install/serial/share/ament_index/resource_index/packages/serial
[1.804s] -- Up-to-date symlink: /home/winicon/smilebot_ws/install/serial/share/serial/cmake/ament_cmake_export_include_directories-extras.cmake
[1.807s] -- Up-to-date symlink: /home/winicon/smilebot_ws/install/serial/share/serial/cmake/ament_cmake_export_libraries-extras.cmake
[1.810s] -- Up-to-date symlink: /home/winicon/smilebot_ws/install/serial/share/serial/cmake/serialConfig.cmake
[1.812s] -- Up-to-date symlink: /home/winicon/smilebot_ws/install/serial/share/serial/cmake/serialConfig-version.cmake
[1.814s] -- Up-to-date symlink: /home/winicon/smilebot_ws/install/serial/share/serial/package.xml
[1.842s] Invoked command in '/home/winicon/smilebot_ws/build/serial' returned '0': CMAKE_PREFIX_PATH=${CMAKE_PREFIX_PATH}:/home/winicon/smilebot_ws/install/serial_motor_demo:/opt/ros/humble /usr/bin/cmake --install /home/winicon/smilebot_ws/build/serial
