[0.128s] Invoking command in '/home/winicon/smilebot_ws/build/serial': CMAKE_PREFIX_PATH=/opt/ros/humble /usr/bin/cmake --build /home/winicon/smilebot_ws/build/serial -- -j4 -l4
[0.530s] [ 28%] Built target serial
[0.533s] [ 42%] Built target gtest_main
[0.552s] [ 57%] Built target gtest
[0.768s] [ 71%] Built target serial_example
[0.828s] [ 85%] Built target serial-test-timer
[0.840s] [100%] Built target serial-test
[0.979s] Invoked command in '/home/winicon/smilebot_ws/build/serial' returned '0': CMAKE_PREFIX_PATH=/opt/ros/humble /usr/bin/cmake --build /home/winicon/smilebot_ws/build/serial -- -j4 -l4
[1.768s] Invoking command in '/home/winicon/smilebot_ws/build/serial': CMAKE_PREFIX_PATH=/opt/ros/humble /usr/bin/cmake --install /home/winicon/smilebot_ws/build/serial
[1.830s] -- Install configuration: ""
[1.837s] -- Execute custom install script
[1.842s] -- Up-to-date symlink: /home/winicon/smilebot_ws/install/serial/lib/libserial.a
[1.848s] -- Up-to-date symlink: /home/winicon/smilebot_ws/install/serial/include/serial/serial.h
[1.859s] -- Up-to-date symlink: /home/winicon/smilebot_ws/install/serial/include/serial/v8stdint.h
[1.861s] -- Up-to-date symlink: /home/winicon/smilebot_ws/install/serial/share/serial/environment/library_path.sh
[1.866s] -- Up-to-date symlink: /home/winicon/smilebot_ws/install/serial/share/serial/environment/library_path.dsv
[1.872s] -- Up-to-date symlink: /home/winicon/smilebot_ws/install/serial/share/ament_index/resource_index/package_run_dependencies/serial
[1.873s] -- Up-to-date symlink: /home/winicon/smilebot_ws/install/serial/share/ament_index/resource_index/parent_prefix_path/serial
[1.874s] -- Up-to-date symlink: /home/winicon/smilebot_ws/install/serial/share/serial/environment/ament_prefix_path.sh
[1.874s] -- Up-to-date symlink: /home/winicon/smilebot_ws/install/serial/share/serial/environment/ament_prefix_path.dsv
[1.875s] -- Up-to-date symlink: /home/winicon/smilebot_ws/install/serial/share/serial/environment/path.sh
[1.876s] -- Up-to-date symlink: /home/winicon/smilebot_ws/install/serial/share/serial/environment/path.dsv
[1.876s] -- Up-to-date symlink: /home/winicon/smilebot_ws/install/serial/share/serial/local_setup.bash
[1.877s] -- Up-to-date symlink: /home/winicon/smilebot_ws/install/serial/share/serial/local_setup.sh
[1.878s] -- Up-to-date symlink: /home/winicon/smilebot_ws/install/serial/share/serial/local_setup.zsh
[1.878s] -- Up-to-date symlink: /home/winicon/smilebot_ws/install/serial/share/serial/local_setup.dsv
[1.884s] -- Symlinking: /home/winicon/smilebot_ws/install/serial/share/serial/package.dsv
[1.913s] -- Up-to-date symlink: /home/winicon/smilebot_ws/install/serial/share/ament_index/resource_index/packages/serial
[1.914s] -- Up-to-date symlink: /home/winicon/smilebot_ws/install/serial/share/serial/cmake/ament_cmake_export_include_directories-extras.cmake
[1.916s] -- Up-to-date symlink: /home/winicon/smilebot_ws/install/serial/share/serial/cmake/ament_cmake_export_libraries-extras.cmake
[1.917s] -- Up-to-date symlink: /home/winicon/smilebot_ws/install/serial/share/serial/cmake/serialConfig.cmake
[1.923s] -- Up-to-date symlink: /home/winicon/smilebot_ws/install/serial/share/serial/cmake/serialConfig-version.cmake
[1.924s] -- Up-to-date symlink: /home/winicon/smilebot_ws/install/serial/share/serial/package.xml
[1.939s] Invoked command in '/home/winicon/smilebot_ws/build/serial' returned '0': CMAKE_PREFIX_PATH=/opt/ros/humble /usr/bin/cmake --install /home/winicon/smilebot_ws/build/serial
