[3.429s] Invoking command in '/home/winicon/smilebot_ws/build/serial_motor_demo': AMENT_PREFIX_PATH=/home/winicon/smilebot_ws/install/serial_motor_demo_msgs:${AMENT_PREFIX_PATH} CMAKE_PREFIX_PATH=/home/winicon/smilebot_ws/install/serial_motor_demo_msgs LD_LIBRARY_PATH=/home/winicon/smilebot_ws/install/serial_motor_demo_msgs/lib:${LD_LIBRARY_PATH} PYTHONPATH=/home/winicon/smilebot_ws/build/serial_motor_demo/prefix_override:/usr/lib/python3/dist-packages/colcon_core/task/python/colcon_distutils_commands:/home/winicon/smilebot_ws/install/serial_motor_demo/lib/python3.10/site-packages:/home/winicon/smilebot_ws/install/serial_motor_demo_msgs/local/lib/python3.10/dist-packages:${PYTHONPATH} /usr/bin/python3 -W ignore:setup.py install is deprecated setup.py develop --editable --build-directory /home/winicon/smilebot_ws/build/serial_motor_demo/build --no-deps symlink_data
[4.573s] /usr/lib/python3/dist-packages/setuptools/dist.py:723: UserWarning: Usage of dash-separated 'script-dir' will not be supported in future versions. Please use the underscore name 'script_dir' instead
[4.574s]   warnings.warn(
[4.689s] running develop
[4.693s] /usr/lib/python3/dist-packages/setuptools/command/easy_install.py:158: EasyInstallDeprecationWarning: easy_install command is deprecated. Use build and pip and other standards-based tools.
[4.694s]   warnings.warn(
[5.715s] running egg_info
[5.716s] writing serial_motor_demo.egg-info/PKG-INFO
[5.717s] writing dependency_links to serial_motor_demo.egg-info/dependency_links.txt
[5.718s] writing entry points to serial_motor_demo.egg-info/entry_points.txt
[5.719s] writing requirements to serial_motor_demo.egg-info/requires.txt
[5.720s] writing top-level names to serial_motor_demo.egg-info/top_level.txt
[5.733s] reading manifest file 'serial_motor_demo.egg-info/SOURCES.txt'
[5.737s] writing manifest file 'serial_motor_demo.egg-info/SOURCES.txt'
[5.743s] running build_ext
[5.744s] Creating /home/winicon/smilebot_ws/install/serial_motor_demo/lib/python3.10/site-packages/serial-motor-demo.egg-link (link to .)
[5.748s] Installing driver script to /home/winicon/smilebot_ws/install/serial_motor_demo/lib/serial_motor_demo
[5.749s] Installing gui script to /home/winicon/smilebot_ws/install/serial_motor_demo/lib/serial_motor_demo
[5.750s] 
[5.751s] Installed /home/winicon/smilebot_ws/build/serial_motor_demo
[5.751s] running symlink_data
[5.883s] Invoked command in '/home/winicon/smilebot_ws/build/serial_motor_demo' returned '0': AMENT_PREFIX_PATH=/home/winicon/smilebot_ws/install/serial_motor_demo_msgs:${AMENT_PREFIX_PATH} CMAKE_PREFIX_PATH=/home/winicon/smilebot_ws/install/serial_motor_demo_msgs LD_LIBRARY_PATH=/home/winicon/smilebot_ws/install/serial_motor_demo_msgs/lib:${LD_LIBRARY_PATH} PYTHONPATH=/home/winicon/smilebot_ws/build/serial_motor_demo/prefix_override:/usr/lib/python3/dist-packages/colcon_core/task/python/colcon_distutils_commands:/home/winicon/smilebot_ws/install/serial_motor_demo/lib/python3.10/site-packages:/home/winicon/smilebot_ws/install/serial_motor_demo_msgs/local/lib/python3.10/dist-packages:${PYTHONPATH} /usr/bin/python3 -W ignore:setup.py install is deprecated setup.py develop --editable --build-directory /home/winicon/smilebot_ws/build/serial_motor_demo/build --no-deps symlink_data
