[0.130s] Invoking command in '/home/winicon/smilebot_ws/build/diffdrive_arduino': CMAKE_PREFIX_PATH=${CMAKE_PREFIX_PATH}:/home/winicon/smilebot_ws/install/serial_motor_demo:/opt/ros/humble /usr/bin/cmake --build /home/winicon/smilebot_ws/build/diffdrive_arduino -- -j4 -l4
[0.253s] -- Found ament_cmake: 1.3.9 (/opt/ros/humble/share/ament_cmake/cmake)
[1.482s] -- Override CMake install command with custom implementation using symlinks instead of copying resources
[1.570s] -- Found hardware_interface: 2.41.0 (/opt/ros/humble/share/hardware_interface/cmake)
[1.856s] -- Found rosidl_generator_c: 3.1.5 (/opt/ros/humble/share/rosidl_generator_c/cmake)
[1.973s] -- Found rosidl_adapter: 3.1.5 (/opt/ros/humble/share/rosidl_adapter/cmake)
[2.090s] -- Found rosidl_generator_cpp: 3.1.5 (/opt/ros/humble/share/rosidl_generator_cpp/cmake)
[2.234s] -- Using all available rosidl_typesupport_c: rosidl_typesupport_fastrtps_c;rosidl_typesupport_introspection_c
[2.356s] -- Using all available rosidl_typesupport_cpp: rosidl_typesupport_fastrtps_cpp;rosidl_typesupport_introspection_cpp
[5.874s] -- Found rmw_implementation_cmake: 6.1.2 (/opt/ros/humble/share/rmw_implementation_cmake/cmake)
[5.882s] -- Found rmw_fastrtps_cpp: 6.2.6 (/opt/ros/humble/share/rmw_fastrtps_cpp/cmake)
[6.053s] -- Found TinyXML2 via Config file: TinyXML2_DIR-NOTFOUND
[6.101s] -- Found TinyXML2 via Config file: TinyXML2_DIR-NOTFOUND
[6.241s] -- Found TinyXML2 via Config file: TinyXML2_DIR-NOTFOUND
[6.283s] -- Found TinyXML2 via Config file: TinyXML2_DIR-NOTFOUND
[6.350s] -- Using RMW implementation 'rmw_fastrtps_cpp' as default
[7.335s] -- Found ament_cmake_gtest: 1.3.9 (/opt/ros/humble/share/ament_cmake_gtest/cmake)
[7.659s] -- Configuring done
[7.811s] -- Generating done
[7.821s] -- Build files have been written to: /home/winicon/smilebot_ws/build/diffdrive_arduino
[7.943s] [35m[1mConsolidate compiler generated dependencies of target diffdrive_arduino[0m
[8.047s] [100%] Built target diffdrive_arduino
