[0.136s] Invoking command in '/home/winicon/smilebot_ws/build/serial': CMAKE_PREFIX_PATH=${CMAKE_PREFIX_PATH}:/home/winicon/smilebot_ws/install/serial_motor_demo:/opt/ros/humble /usr/bin/cmake --build /home/winicon/smilebot_ws/build/serial -- -j4 -l4
[0.474s] [ 28%] Built target serial
[0.588s] [ 42%] Built target gtest_main
[0.592s] [ 57%] Built target gtest
[0.739s] [ 71%] Built target serial_example
[0.790s] [ 85%] Built target serial-test
[0.941s] [100%] Built target serial-test-timer
[1.101s] Invoked command in '/home/winicon/smilebot_ws/build/serial' returned '0': CMAKE_PREFIX_PATH=${CMAKE_PREFIX_PATH}:/home/winicon/smilebot_ws/install/serial_motor_demo:/opt/ros/humble /usr/bin/cmake --build /home/winicon/smilebot_ws/build/serial -- -j4 -l4
[1.555s] Invoking command in '/home/winicon/smilebot_ws/build/serial': CMAKE_PREFIX_PATH=${CMAKE_PREFIX_PATH}:/home/winicon/smilebot_ws/install/serial_motor_demo:/opt/ros/humble /usr/bin/cmake --install /home/winicon/smilebot_ws/build/serial
[1.613s] -- Install configuration: ""
[1.614s] -- Execute custom install script
[1.615s] -- Up-to-date symlink: /home/winicon/smilebot_ws/install/serial/lib/libserial.a
[1.616s] -- Up-to-date symlink: /home/winicon/smilebot_ws/install/serial/include/serial/serial.h
[1.616s] -- Up-to-date symlink: /home/winicon/smilebot_ws/install/serial/include/serial/v8stdint.h
[1.617s] -- Up-to-date symlink: /home/winicon/smilebot_ws/install/serial/share/serial/environment/library_path.sh
[1.618s] -- Up-to-date symlink: /home/winicon/smilebot_ws/install/serial/share/serial/environment/library_path.dsv
[1.619s] -- Up-to-date symlink: /home/winicon/smilebot_ws/install/serial/share/ament_index/resource_index/package_run_dependencies/serial
[1.625s] -- Up-to-date symlink: /home/winicon/smilebot_ws/install/serial/share/ament_index/resource_index/parent_prefix_path/serial
[1.626s] -- Up-to-date symlink: /home/winicon/smilebot_ws/install/serial/share/serial/environment/ament_prefix_path.sh
[1.627s] -- Up-to-date symlink: /home/winicon/smilebot_ws/install/serial/share/serial/environment/ament_prefix_path.dsv
[1.627s] -- Up-to-date symlink: /home/winicon/smilebot_ws/install/serial/share/serial/environment/path.sh
[1.628s] -- Up-to-date symlink: /home/winicon/smilebot_ws/install/serial/share/serial/environment/path.dsv
[1.629s] -- Up-to-date symlink: /home/winicon/smilebot_ws/install/serial/share/serial/local_setup.bash
[1.630s] -- Up-to-date symlink: /home/winicon/smilebot_ws/install/serial/share/serial/local_setup.sh
[1.630s] -- Up-to-date symlink: /home/winicon/smilebot_ws/install/serial/share/serial/local_setup.zsh
[1.631s] -- Up-to-date symlink: /home/winicon/smilebot_ws/install/serial/share/serial/local_setup.dsv
[1.631s] -- Symlinking: /home/winicon/smilebot_ws/install/serial/share/serial/package.dsv
[1.679s] -- Up-to-date symlink: /home/winicon/smilebot_ws/install/serial/share/ament_index/resource_index/packages/serial
[1.680s] -- Up-to-date symlink: /home/winicon/smilebot_ws/install/serial/share/serial/cmake/ament_cmake_export_include_directories-extras.cmake
[1.683s] -- Up-to-date symlink: /home/winicon/smilebot_ws/install/serial/share/serial/cmake/ament_cmake_export_libraries-extras.cmake
[1.686s] -- Up-to-date symlink: /home/winicon/smilebot_ws/install/serial/share/serial/cmake/serialConfig.cmake
[1.686s] -- Up-to-date symlink: /home/winicon/smilebot_ws/install/serial/share/serial/cmake/serialConfig-version.cmake
[1.687s] -- Up-to-date symlink: /home/winicon/smilebot_ws/install/serial/share/serial/package.xml
[1.713s] Invoked command in '/home/winicon/smilebot_ws/build/serial' returned '0': CMAKE_PREFIX_PATH=${CMAKE_PREFIX_PATH}:/home/winicon/smilebot_ws/install/serial_motor_demo:/opt/ros/humble /usr/bin/cmake --install /home/winicon/smilebot_ws/build/serial
