[  2%] Built target serial_motor_demo_msgs__cpp
[ 12%] Built target serial_motor_demo_msgs__rosidl_generator_c
[ 12%] Built target ament_cmake_python_symlink_serial_motor_demo_msgs
[ 23%] Built target serial_motor_demo_msgs__rosidl_typesupport_fastrtps_cpp
[ 34%] Built target serial_motor_demo_msgs__rosidl_typesupport_cpp
[ 44%] Built target serial_motor_demo_msgs__rosidl_typesupport_introspection_cpp
[ 55%] Built target serial_motor_demo_msgs__rosidl_typesupport_fastrtps_c
[ 65%] Built target serial_motor_demo_msgs__rosidl_typesupport_introspection_c
[ 76%] Built target serial_motor_demo_msgs__rosidl_typesupport_c
[ 76%] Built target serial_motor_demo_msgs
[ 78%] Built target serial_motor_demo_msgs__py
[ 87%] Built target serial_motor_demo_msgs__rosidl_generator_py
[ 91%] Built target serial_motor_demo_msgs__rosidl_typesupport_c__pyext
[ 95%] Built target serial_motor_demo_msgs__rosidl_typesupport_fastrtps_c__pyext
[100%] Built target serial_motor_demo_msgs__rosidl_typesupport_introspection_c__pyext
running egg_info
writing serial_motor_demo_msgs.egg-info/PKG-INFO
writing dependency_links to serial_motor_demo_msgs.egg-info/dependency_links.txt
writing top-level names to serial_motor_demo_msgs.egg-info/top_level.txt
reading manifest file 'serial_motor_demo_msgs.egg-info/SOURCES.txt'
writing manifest file 'serial_motor_demo_msgs.egg-info/SOURCES.txt'
[100%] Built target ament_cmake_python_build_serial_motor_demo_msgs_egg
