[0.135s] Invoking command in '/home/winicon/smilebot_ws/build/serial_motor_demo_msgs': CMAKE_PREFIX_PATH=${CMAKE_PREFIX_PATH}:/home/winicon/smilebot_ws/install/serial_motor_demo:/opt/ros/humble /usr/bin/cmake --build /home/winicon/smilebot_ws/build/serial_motor_demo_msgs -- -j4 -l4
[0.573s] [  2%] Built target serial_motor_demo_msgs__cpp
[0.661s] [  6%] Built target ament_cmake_python_symlink_serial_motor_demo_msgs
[0.662s] [ 12%] Built target serial_motor_demo_msgs__rosidl_generator_c
[0.860s] [ 23%] Built target serial_motor_demo_msgs__rosidl_typesupport_introspection_cpp
[0.931s] [ 36%] Built target serial_motor_demo_msgs__rosidl_typesupport_cpp
[0.939s] [ 55%] Built target serial_motor_demo_msgs__rosidl_typesupport_fastrtps_c
[0.945s] [ 55%] Built target serial_motor_demo_msgs__rosidl_typesupport_fastrtps_cpp
[1.194s] [ 65%] Built target serial_motor_demo_msgs__rosidl_typesupport_c
[1.232s] [ 76%] Built target serial_motor_demo_msgs__rosidl_typesupport_introspection_c
[1.455s] [ 76%] Built target serial_motor_demo_msgs
[1.691s] [ 78%] Built target serial_motor_demo_msgs__py
[1.941s] [ 87%] Built target serial_motor_demo_msgs__rosidl_generator_py
[2.121s] [ 91%] Built target serial_motor_demo_msgs__rosidl_typesupport_fastrtps_c__pyext
[2.286s] [ 95%] Built target serial_motor_demo_msgs__rosidl_typesupport_c__pyext
[2.298s] [100%] Built target serial_motor_demo_msgs__rosidl_typesupport_introspection_c__pyext
[3.545s] running egg_info
[3.549s] writing serial_motor_demo_msgs.egg-info/PKG-INFO
[3.551s] writing dependency_links to serial_motor_demo_msgs.egg-info/dependency_links.txt
[3.553s] writing top-level names to serial_motor_demo_msgs.egg-info/top_level.txt
[3.578s] reading manifest file 'serial_motor_demo_msgs.egg-info/SOURCES.txt'
[3.582s] writing manifest file 'serial_motor_demo_msgs.egg-info/SOURCES.txt'
[3.805s] [100%] Built target ament_cmake_python_build_serial_motor_demo_msgs_egg
[3.892s] Invoked command in '/home/winicon/smilebot_ws/build/serial_motor_demo_msgs' returned '0': CMAKE_PREFIX_PATH=${CMAKE_PREFIX_PATH}:/home/winicon/smilebot_ws/install/serial_motor_demo:/opt/ros/humble /usr/bin/cmake --build /home/winicon/smilebot_ws/build/serial_motor_demo_msgs -- -j4 -l4
[4.872s] Invoking command in '/home/winicon/smilebot_ws/build/serial_motor_demo_msgs': CMAKE_PREFIX_PATH=${CMAKE_PREFIX_PATH}:/home/winicon/smilebot_ws/install/serial_motor_demo:/opt/ros/humble /usr/bin/cmake --install /home/winicon/smilebot_ws/build/serial_motor_demo_msgs
[4.921s] -- Install configuration: ""
[4.923s] -- Execute custom install script
[4.925s] -- Up-to-date symlink: /home/winicon/smilebot_ws/install/serial_motor_demo_msgs/share/ament_index/resource_index/rosidl_interfaces/serial_motor_demo_msgs
[4.931s] -- Up-to-date symlink: /home/winicon/smilebot_ws/install/serial_motor_demo_msgs/include/serial_motor_demo_msgs/serial_motor_demo_msgs/msg/detail/encoder_vals__functions.h
[4.932s] -- Up-to-date symlink: /home/winicon/smilebot_ws/install/serial_motor_demo_msgs/include/serial_motor_demo_msgs/serial_motor_demo_msgs/msg/detail/encoder_vals__struct.h
[4.934s] -- Up-to-date symlink: /home/winicon/smilebot_ws/install/serial_motor_demo_msgs/include/serial_motor_demo_msgs/serial_motor_demo_msgs/msg/detail/encoder_vals__type_support.h
[4.938s] -- Up-to-date symlink: /home/winicon/smilebot_ws/install/serial_motor_demo_msgs/include/serial_motor_demo_msgs/serial_motor_demo_msgs/msg/detail/motor_command__functions.h
[4.941s] -- Up-to-date symlink: /home/winicon/smilebot_ws/install/serial_motor_demo_msgs/include/serial_motor_demo_msgs/serial_motor_demo_msgs/msg/detail/motor_command__struct.h
[4.943s] -- Up-to-date symlink: /home/winicon/smilebot_ws/install/serial_motor_demo_msgs/include/serial_motor_demo_msgs/serial_motor_demo_msgs/msg/detail/motor_command__type_support.h
[4.945s] -- Up-to-date symlink: /home/winicon/smilebot_ws/install/serial_motor_demo_msgs/include/serial_motor_demo_msgs/serial_motor_demo_msgs/msg/detail/motor_vels__functions.h
[4.946s] -- Up-to-date symlink: /home/winicon/smilebot_ws/install/serial_motor_demo_msgs/include/serial_motor_demo_msgs/serial_motor_demo_msgs/msg/detail/motor_vels__struct.h
[4.948s] -- Up-to-date symlink: /home/winicon/smilebot_ws/install/serial_motor_demo_msgs/include/serial_motor_demo_msgs/serial_motor_demo_msgs/msg/detail/motor_vels__type_support.h
[4.950s] -- Up-to-date symlink: /home/winicon/smilebot_ws/install/serial_motor_demo_msgs/include/serial_motor_demo_msgs/serial_motor_demo_msgs/msg/encoder_vals.h
[4.953s] -- Up-to-date symlink: /home/winicon/smilebot_ws/install/serial_motor_demo_msgs/include/serial_motor_demo_msgs/serial_motor_demo_msgs/msg/motor_command.h
[4.956s] -- Up-to-date symlink: /home/winicon/smilebot_ws/install/serial_motor_demo_msgs/include/serial_motor_demo_msgs/serial_motor_demo_msgs/msg/motor_vels.h
[4.961s] -- Up-to-date symlink: /home/winicon/smilebot_ws/install/serial_motor_demo_msgs/include/serial_motor_demo_msgs/serial_motor_demo_msgs/msg/rosidl_generator_c__visibility_control.h
[4.963s] -- Up-to-date symlink: /home/winicon/smilebot_ws/install/serial_motor_demo_msgs/share/serial_motor_demo_msgs/environment/library_path.sh
[4.967s] -- Up-to-date symlink: /home/winicon/smilebot_ws/install/serial_motor_demo_msgs/share/serial_motor_demo_msgs/environment/library_path.dsv
[4.974s] -- Up-to-date symlink: /home/winicon/smilebot_ws/install/serial_motor_demo_msgs/include/serial_motor_demo_msgs/serial_motor_demo_msgs/msg/detail/encoder_vals__rosidl_typesupport_fastrtps_c.h
[4.978s] -- Up-to-date symlink: /home/winicon/smilebot_ws/install/serial_motor_demo_msgs/include/serial_motor_demo_msgs/serial_motor_demo_msgs/msg/detail/motor_command__rosidl_typesupport_fastrtps_c.h
[4.981s] -- Up-to-date symlink: /home/winicon/smilebot_ws/install/serial_motor_demo_msgs/include/serial_motor_demo_msgs/serial_motor_demo_msgs/msg/detail/motor_vels__rosidl_typesupport_fastrtps_c.h
[4.982s] -- Up-to-date symlink: /home/winicon/smilebot_ws/install/serial_motor_demo_msgs/include/serial_motor_demo_msgs/serial_motor_demo_msgs/msg/rosidl_typesupport_fastrtps_c__visibility_control.h
[4.983s] -- Up-to-date symlink: /home/winicon/smilebot_ws/install/serial_motor_demo_msgs/include/serial_motor_demo_msgs/serial_motor_demo_msgs/msg/detail/encoder_vals__rosidl_typesupport_introspection_c.h
[4.988s] -- Up-to-date symlink: /home/winicon/smilebot_ws/install/serial_motor_demo_msgs/include/serial_motor_demo_msgs/serial_motor_demo_msgs/msg/detail/motor_command__rosidl_typesupport_introspection_c.h
[4.988s] -- Up-to-date symlink: /home/winicon/smilebot_ws/install/serial_motor_demo_msgs/include/serial_motor_demo_msgs/serial_motor_demo_msgs/msg/detail/motor_vels__rosidl_typesupport_introspection_c.h
[4.989s] -- Up-to-date symlink: /home/winicon/smilebot_ws/install/serial_motor_demo_msgs/include/serial_motor_demo_msgs/serial_motor_demo_msgs/msg/rosidl_typesupport_introspection_c__visibility_control.h
[4.992s] -- Up-to-date symlink: /home/winicon/smilebot_ws/install/serial_motor_demo_msgs/include/serial_motor_demo_msgs/serial_motor_demo_msgs/msg/detail/encoder_vals__builder.hpp
[4.993s] -- Up-to-date symlink: /home/winicon/smilebot_ws/install/serial_motor_demo_msgs/include/serial_motor_demo_msgs/serial_motor_demo_msgs/msg/detail/encoder_vals__struct.hpp
[4.994s] -- Up-to-date symlink: /home/winicon/smilebot_ws/install/serial_motor_demo_msgs/include/serial_motor_demo_msgs/serial_motor_demo_msgs/msg/detail/encoder_vals__traits.hpp
[4.997s] -- Up-to-date symlink: /home/winicon/smilebot_ws/install/serial_motor_demo_msgs/include/serial_motor_demo_msgs/serial_motor_demo_msgs/msg/detail/motor_command__builder.hpp
[5.001s] -- Up-to-date symlink: /home/winicon/smilebot_ws/install/serial_motor_demo_msgs/include/serial_motor_demo_msgs/serial_motor_demo_msgs/msg/detail/motor_command__struct.hpp
[5.002s] -- Up-to-date symlink: /home/winicon/smilebot_ws/install/serial_motor_demo_msgs/include/serial_motor_demo_msgs/serial_motor_demo_msgs/msg/detail/motor_command__traits.hpp
[5.003s] -- Up-to-date symlink: /home/winicon/smilebot_ws/install/serial_motor_demo_msgs/include/serial_motor_demo_msgs/serial_motor_demo_msgs/msg/detail/motor_vels__builder.hpp
[5.004s] -- Up-to-date symlink: /home/winicon/smilebot_ws/install/serial_motor_demo_msgs/include/serial_motor_demo_msgs/serial_motor_demo_msgs/msg/detail/motor_vels__struct.hpp
[5.005s] -- Up-to-date symlink: /home/winicon/smilebot_ws/install/serial_motor_demo_msgs/include/serial_motor_demo_msgs/serial_motor_demo_msgs/msg/detail/motor_vels__traits.hpp
[5.006s] -- Up-to-date symlink: /home/winicon/smilebot_ws/install/serial_motor_demo_msgs/include/serial_motor_demo_msgs/serial_motor_demo_msgs/msg/encoder_vals.hpp
[5.008s] -- Up-to-date symlink: /home/winicon/smilebot_ws/install/serial_motor_demo_msgs/include/serial_motor_demo_msgs/serial_motor_demo_msgs/msg/motor_command.hpp
[5.008s] -- Up-to-date symlink: /home/winicon/smilebot_ws/install/serial_motor_demo_msgs/include/serial_motor_demo_msgs/serial_motor_demo_msgs/msg/motor_vels.hpp
[5.016s] -- Up-to-date symlink: /home/winicon/smilebot_ws/install/serial_motor_demo_msgs/include/serial_motor_demo_msgs/serial_motor_demo_msgs/msg/detail/encoder_vals__rosidl_typesupport_fastrtps_cpp.hpp
[5.019s] -- Up-to-date symlink: /home/winicon/smilebot_ws/install/serial_motor_demo_msgs/include/serial_motor_demo_msgs/serial_motor_demo_msgs/msg/detail/motor_command__rosidl_typesupport_fastrtps_cpp.hpp
[5.020s] -- Up-to-date symlink: /home/winicon/smilebot_ws/install/serial_motor_demo_msgs/include/serial_motor_demo_msgs/serial_motor_demo_msgs/msg/detail/motor_vels__rosidl_typesupport_fastrtps_cpp.hpp
[5.021s] -- Up-to-date symlink: /home/winicon/smilebot_ws/install/serial_motor_demo_msgs/include/serial_motor_demo_msgs/serial_motor_demo_msgs/msg/rosidl_typesupport_fastrtps_cpp__visibility_control.h
[5.027s] -- Up-to-date symlink: /home/winicon/smilebot_ws/install/serial_motor_demo_msgs/include/serial_motor_demo_msgs/serial_motor_demo_msgs/msg/detail/encoder_vals__rosidl_typesupport_introspection_cpp.hpp
[5.028s] -- Up-to-date symlink: /home/winicon/smilebot_ws/install/serial_motor_demo_msgs/include/serial_motor_demo_msgs/serial_motor_demo_msgs/msg/detail/motor_command__rosidl_typesupport_introspection_cpp.hpp
[5.029s] -- Up-to-date symlink: /home/winicon/smilebot_ws/install/serial_motor_demo_msgs/include/serial_motor_demo_msgs/serial_motor_demo_msgs/msg/detail/motor_vels__rosidl_typesupport_introspection_cpp.hpp
[5.030s] -- Up-to-date symlink: /home/winicon/smilebot_ws/install/serial_motor_demo_msgs/share/serial_motor_demo_msgs/environment/pythonpath.sh
[5.031s] -- Up-to-date symlink: /home/winicon/smilebot_ws/install/serial_motor_demo_msgs/share/serial_motor_demo_msgs/environment/pythonpath.dsv
[5.037s] -- Up-to-date symlink: /home/winicon/smilebot_ws/install/serial_motor_demo_msgs/local/lib/python3.10/dist-packages/serial_motor_demo_msgs-0.0.0-py3.10.egg-info/PKG-INFO
[5.038s] -- Up-to-date symlink: /home/winicon/smilebot_ws/install/serial_motor_demo_msgs/local/lib/python3.10/dist-packages/serial_motor_demo_msgs-0.0.0-py3.10.egg-info/SOURCES.txt
[5.039s] -- Up-to-date symlink: /home/winicon/smilebot_ws/install/serial_motor_demo_msgs/local/lib/python3.10/dist-packages/serial_motor_demo_msgs-0.0.0-py3.10.egg-info/dependency_links.txt
[5.040s] -- Up-to-date symlink: /home/winicon/smilebot_ws/install/serial_motor_demo_msgs/local/lib/python3.10/dist-packages/serial_motor_demo_msgs-0.0.0-py3.10.egg-info/top_level.txt
[5.045s] -- Up-to-date symlink: /home/winicon/smilebot_ws/install/serial_motor_demo_msgs/local/lib/python3.10/dist-packages/serial_motor_demo_msgs/__init__.py
[5.047s] -- Up-to-date symlink: /home/winicon/smilebot_ws/install/serial_motor_demo_msgs/local/lib/python3.10/dist-packages/serial_motor_demo_msgs/_serial_motor_demo_msgs_s.ep.rosidl_typesupport_c.c
[5.048s] -- Up-to-date symlink: /home/winicon/smilebot_ws/install/serial_motor_demo_msgs/local/lib/python3.10/dist-packages/serial_motor_demo_msgs/_serial_motor_demo_msgs_s.ep.rosidl_typesupport_fastrtps_c.c
[5.049s] -- Up-to-date symlink: /home/winicon/smilebot_ws/install/serial_motor_demo_msgs/local/lib/python3.10/dist-packages/serial_motor_demo_msgs/_serial_motor_demo_msgs_s.ep.rosidl_typesupport_introspection_c.c
[5.050s] -- Up-to-date symlink: /home/winicon/smilebot_ws/install/serial_motor_demo_msgs/local/lib/python3.10/dist-packages/serial_motor_demo_msgs/libserial_motor_demo_msgs__rosidl_generator_py.so
[5.051s] -- Up-to-date symlink: /home/winicon/smilebot_ws/install/serial_motor_demo_msgs/local/lib/python3.10/dist-packages/serial_motor_demo_msgs/msg/__init__.py
[5.054s] -- Up-to-date symlink: /home/winicon/smilebot_ws/install/serial_motor_demo_msgs/local/lib/python3.10/dist-packages/serial_motor_demo_msgs/msg/_encoder_vals.py
[5.054s] -- Up-to-date symlink: /home/winicon/smilebot_ws/install/serial_motor_demo_msgs/local/lib/python3.10/dist-packages/serial_motor_demo_msgs/msg/_encoder_vals_s.c
[5.058s] -- Up-to-date symlink: /home/winicon/smilebot_ws/install/serial_motor_demo_msgs/local/lib/python3.10/dist-packages/serial_motor_demo_msgs/msg/_motor_command.py
[5.059s] -- Up-to-date symlink: /home/winicon/smilebot_ws/install/serial_motor_demo_msgs/local/lib/python3.10/dist-packages/serial_motor_demo_msgs/msg/_motor_command_s.c
[5.063s] -- Up-to-date symlink: /home/winicon/smilebot_ws/install/serial_motor_demo_msgs/local/lib/python3.10/dist-packages/serial_motor_demo_msgs/msg/_motor_vels.py
[5.066s] -- Up-to-date symlink: /home/winicon/smilebot_ws/install/serial_motor_demo_msgs/local/lib/python3.10/dist-packages/serial_motor_demo_msgs/msg/_motor_vels_s.c
[5.068s] -- Up-to-date symlink: /home/winicon/smilebot_ws/install/serial_motor_demo_msgs/local/lib/python3.10/dist-packages/serial_motor_demo_msgs/serial_motor_demo_msgs_s__rosidl_typesupport_c.cpython-310-aarch64-linux-gnu.so
[5.070s] -- Up-to-date symlink: /home/winicon/smilebot_ws/install/serial_motor_demo_msgs/local/lib/python3.10/dist-packages/serial_motor_demo_msgs/serial_motor_demo_msgs_s__rosidl_typesupport_fastrtps_c.cpython-310-aarch64-linux-gnu.so
[5.071s] -- Up-to-date symlink: /home/winicon/smilebot_ws/install/serial_motor_demo_msgs/local/lib/python3.10/dist-packages/serial_motor_demo_msgs/serial_motor_demo_msgs_s__rosidl_typesupport_introspection_c.cpython-310-aarch64-linux-gnu.so
[5.077s] -- Up-to-date symlink: /home/winicon/smilebot_ws/install/serial_motor_demo_msgs/local/lib/python3.10/dist-packages/serial_motor_demo_msgs/serial_motor_demo_msgs_s__rosidl_typesupport_fastrtps_c.cpython-310-aarch64-linux-gnu.so
[5.085s] -- Up-to-date symlink: /home/winicon/smilebot_ws/install/serial_motor_demo_msgs/local/lib/python3.10/dist-packages/serial_motor_demo_msgs/serial_motor_demo_msgs_s__rosidl_typesupport_introspection_c.cpython-310-aarch64-linux-gnu.so
[5.088s] -- Up-to-date symlink: /home/winicon/smilebot_ws/install/serial_motor_demo_msgs/local/lib/python3.10/dist-packages/serial_motor_demo_msgs/serial_motor_demo_msgs_s__rosidl_typesupport_c.cpython-310-aarch64-linux-gnu.so
[5.089s] -- Up-to-date symlink: /home/winicon/smilebot_ws/install/serial_motor_demo_msgs/share/serial_motor_demo_msgs/msg/MotorCommand.idl
[5.093s] -- Up-to-date symlink: /home/winicon/smilebot_ws/install/serial_motor_demo_msgs/share/serial_motor_demo_msgs/msg/MotorVels.idl
[5.094s] -- Up-to-date symlink: /home/winicon/smilebot_ws/install/serial_motor_demo_msgs/share/serial_motor_demo_msgs/msg/EncoderVals.idl
[5.095s] -- Up-to-date symlink: /home/winicon/smilebot_ws/install/serial_motor_demo_msgs/share/serial_motor_demo_msgs/msg/MotorCommand.msg
[5.095s] -- Up-to-date symlink: /home/winicon/smilebot_ws/install/serial_motor_demo_msgs/share/serial_motor_demo_msgs/msg/MotorVels.msg
[5.096s] -- Up-to-date symlink: /home/winicon/smilebot_ws/install/serial_motor_demo_msgs/share/serial_motor_demo_msgs/msg/EncoderVals.msg
[5.096s] -- Up-to-date symlink: /home/winicon/smilebot_ws/install/serial_motor_demo_msgs/share/ament_index/resource_index/package_run_dependencies/serial_motor_demo_msgs
[5.097s] -- Up-to-date symlink: /home/winicon/smilebot_ws/install/serial_motor_demo_msgs/share/ament_index/resource_index/parent_prefix_path/serial_motor_demo_msgs
[5.097s] -- Up-to-date symlink: /home/winicon/smilebot_ws/install/serial_motor_demo_msgs/share/serial_motor_demo_msgs/environment/ament_prefix_path.sh
[5.099s] -- Up-to-date symlink: /home/winicon/smilebot_ws/install/serial_motor_demo_msgs/share/serial_motor_demo_msgs/environment/ament_prefix_path.dsv
[5.100s] -- Up-to-date symlink: /home/winicon/smilebot_ws/install/serial_motor_demo_msgs/share/serial_motor_demo_msgs/environment/path.sh
[5.101s] -- Up-to-date symlink: /home/winicon/smilebot_ws/install/serial_motor_demo_msgs/share/serial_motor_demo_msgs/environment/path.dsv
[5.102s] -- Up-to-date symlink: /home/winicon/smilebot_ws/install/serial_motor_demo_msgs/share/serial_motor_demo_msgs/local_setup.bash
[5.103s] -- Up-to-date symlink: /home/winicon/smilebot_ws/install/serial_motor_demo_msgs/share/serial_motor_demo_msgs/local_setup.sh
[5.104s] -- Up-to-date symlink: /home/winicon/smilebot_ws/install/serial_motor_demo_msgs/share/serial_motor_demo_msgs/local_setup.zsh
[5.104s] -- Up-to-date symlink: /home/winicon/smilebot_ws/install/serial_motor_demo_msgs/share/serial_motor_demo_msgs/local_setup.dsv
[5.105s] -- Symlinking: /home/winicon/smilebot_ws/install/serial_motor_demo_msgs/share/serial_motor_demo_msgs/package.dsv
[5.148s] -- Up-to-date symlink: /home/winicon/smilebot_ws/install/serial_motor_demo_msgs/share/ament_index/resource_index/packages/serial_motor_demo_msgs
[5.149s] -- Up-to-date symlink: /home/winicon/smilebot_ws/install/serial_motor_demo_msgs/share/serial_motor_demo_msgs/cmake/rosidl_cmake-extras.cmake
[5.151s] -- Up-to-date symlink: /home/winicon/smilebot_ws/install/serial_motor_demo_msgs/share/serial_motor_demo_msgs/cmake/ament_cmake_export_include_directories-extras.cmake
[5.152s] -- Up-to-date symlink: /home/winicon/smilebot_ws/install/serial_motor_demo_msgs/share/serial_motor_demo_msgs/cmake/ament_cmake_export_libraries-extras.cmake
[5.154s] -- Up-to-date symlink: /home/winicon/smilebot_ws/install/serial_motor_demo_msgs/share/serial_motor_demo_msgs/cmake/ament_cmake_export_targets-extras.cmake
[5.159s] -- Up-to-date symlink: /home/winicon/smilebot_ws/install/serial_motor_demo_msgs/share/serial_motor_demo_msgs/cmake/rosidl_cmake_export_typesupport_targets-extras.cmake
[5.160s] -- Up-to-date symlink: /home/winicon/smilebot_ws/install/serial_motor_demo_msgs/share/serial_motor_demo_msgs/cmake/ament_cmake_export_dependencies-extras.cmake
[5.160s] -- Up-to-date symlink: /home/winicon/smilebot_ws/install/serial_motor_demo_msgs/share/serial_motor_demo_msgs/cmake/rosidl_cmake_export_typesupport_libraries-extras.cmake
[5.161s] -- Up-to-date symlink: /home/winicon/smilebot_ws/install/serial_motor_demo_msgs/share/serial_motor_demo_msgs/cmake/serial_motor_demo_msgsConfig.cmake
[5.166s] -- Up-to-date symlink: /home/winicon/smilebot_ws/install/serial_motor_demo_msgs/share/serial_motor_demo_msgs/cmake/serial_motor_demo_msgsConfig-version.cmake
[5.167s] -- Up-to-date symlink: /home/winicon/smilebot_ws/install/serial_motor_demo_msgs/share/serial_motor_demo_msgs/package.xml
[5.168s] -- Up-to-date: /home/winicon/smilebot_ws/install/serial_motor_demo_msgs/lib/libserial_motor_demo_msgs__rosidl_generator_c.so
[5.169s] -- Up-to-date: /home/winicon/smilebot_ws/install/serial_motor_demo_msgs/lib/libserial_motor_demo_msgs__rosidl_typesupport_fastrtps_c.so
[5.176s] -- Up-to-date: /home/winicon/smilebot_ws/install/serial_motor_demo_msgs/lib/libserial_motor_demo_msgs__rosidl_typesupport_introspection_c.so
[5.176s] -- Up-to-date: /home/winicon/smilebot_ws/install/serial_motor_demo_msgs/lib/libserial_motor_demo_msgs__rosidl_typesupport_c.so
[5.177s] -- Up-to-date: /home/winicon/smilebot_ws/install/serial_motor_demo_msgs/lib/libserial_motor_demo_msgs__rosidl_typesupport_fastrtps_cpp.so
[5.177s] -- Up-to-date: /home/winicon/smilebot_ws/install/serial_motor_demo_msgs/lib/libserial_motor_demo_msgs__rosidl_typesupport_introspection_cpp.so
[5.180s] -- Up-to-date: /home/winicon/smilebot_ws/install/serial_motor_demo_msgs/lib/libserial_motor_demo_msgs__rosidl_typesupport_cpp.so
[5.400s] Listing '/home/winicon/smilebot_ws/install/serial_motor_demo_msgs/local/lib/python3.10/dist-packages/serial_motor_demo_msgs'...
[5.401s] Listing '/home/winicon/smilebot_ws/install/serial_motor_demo_msgs/local/lib/python3.10/dist-packages/serial_motor_demo_msgs/msg'...
[5.428s] -- Up-to-date: /home/winicon/smilebot_ws/install/serial_motor_demo_msgs/lib/libserial_motor_demo_msgs__rosidl_generator_py.so
[5.430s] -- Up-to-date: /home/winicon/smilebot_ws/install/serial_motor_demo_msgs/share/serial_motor_demo_msgs/cmake/export_serial_motor_demo_msgs__rosidl_generator_cExport.cmake
[5.431s] -- Up-to-date: /home/winicon/smilebot_ws/install/serial_motor_demo_msgs/share/serial_motor_demo_msgs/cmake/export_serial_motor_demo_msgs__rosidl_generator_cExport-noconfig.cmake
[5.432s] -- Up-to-date: /home/winicon/smilebot_ws/install/serial_motor_demo_msgs/share/serial_motor_demo_msgs/cmake/export_serial_motor_demo_msgs__rosidl_typesupport_fastrtps_cExport.cmake
[5.435s] -- Up-to-date: /home/winicon/smilebot_ws/install/serial_motor_demo_msgs/share/serial_motor_demo_msgs/cmake/export_serial_motor_demo_msgs__rosidl_typesupport_fastrtps_cExport-noconfig.cmake
[5.436s] -- Up-to-date: /home/winicon/smilebot_ws/install/serial_motor_demo_msgs/share/serial_motor_demo_msgs/cmake/serial_motor_demo_msgs__rosidl_typesupport_introspection_cExport.cmake
[5.437s] -- Up-to-date: /home/winicon/smilebot_ws/install/serial_motor_demo_msgs/share/serial_motor_demo_msgs/cmake/serial_motor_demo_msgs__rosidl_typesupport_introspection_cExport-noconfig.cmake
[5.438s] -- Up-to-date: /home/winicon/smilebot_ws/install/serial_motor_demo_msgs/share/serial_motor_demo_msgs/cmake/serial_motor_demo_msgs__rosidl_typesupport_cExport.cmake
[5.439s] -- Up-to-date: /home/winicon/smilebot_ws/install/serial_motor_demo_msgs/share/serial_motor_demo_msgs/cmake/serial_motor_demo_msgs__rosidl_typesupport_cExport-noconfig.cmake
[5.444s] -- Up-to-date: /home/winicon/smilebot_ws/install/serial_motor_demo_msgs/share/serial_motor_demo_msgs/cmake/export_serial_motor_demo_msgs__rosidl_generator_cppExport.cmake
[5.445s] -- Up-to-date: /home/winicon/smilebot_ws/install/serial_motor_demo_msgs/share/serial_motor_demo_msgs/cmake/export_serial_motor_demo_msgs__rosidl_typesupport_fastrtps_cppExport.cmake
[5.446s] -- Up-to-date: /home/winicon/smilebot_ws/install/serial_motor_demo_msgs/share/serial_motor_demo_msgs/cmake/export_serial_motor_demo_msgs__rosidl_typesupport_fastrtps_cppExport-noconfig.cmake
[5.447s] -- Up-to-date: /home/winicon/smilebot_ws/install/serial_motor_demo_msgs/share/serial_motor_demo_msgs/cmake/serial_motor_demo_msgs__rosidl_typesupport_introspection_cppExport.cmake
[5.447s] -- Up-to-date: /home/winicon/smilebot_ws/install/serial_motor_demo_msgs/share/serial_motor_demo_msgs/cmake/serial_motor_demo_msgs__rosidl_typesupport_introspection_cppExport-noconfig.cmake
[5.448s] -- Up-to-date: /home/winicon/smilebot_ws/install/serial_motor_demo_msgs/share/serial_motor_demo_msgs/cmake/serial_motor_demo_msgs__rosidl_typesupport_cppExport.cmake
[5.449s] -- Up-to-date: /home/winicon/smilebot_ws/install/serial_motor_demo_msgs/share/serial_motor_demo_msgs/cmake/serial_motor_demo_msgs__rosidl_typesupport_cppExport-noconfig.cmake
[5.450s] -- Up-to-date: /home/winicon/smilebot_ws/install/serial_motor_demo_msgs/share/serial_motor_demo_msgs/cmake/export_serial_motor_demo_msgs__rosidl_generator_pyExport.cmake
[5.451s] -- Up-to-date: /home/winicon/smilebot_ws/install/serial_motor_demo_msgs/share/serial_motor_demo_msgs/cmake/export_serial_motor_demo_msgs__rosidl_generator_pyExport-noconfig.cmake
[5.471s] Invoked command in '/home/winicon/smilebot_ws/build/serial_motor_demo_msgs' returned '0': CMAKE_PREFIX_PATH=${CMAKE_PREFIX_PATH}:/home/winicon/smilebot_ws/install/serial_motor_demo:/opt/ros/humble /usr/bin/cmake --install /home/winicon/smilebot_ws/build/serial_motor_demo_msgs
