[4.412s] Invoking command in '/home/winicon/smilebot_ws/build/serial_motor_demo': PYTHONPATH=/home/winicon/smilebot_ws/build/serial_motor_demo/prefix_override:/usr/lib/python3/dist-packages/colcon_core/task/python/colcon_distutils_commands:/home/winicon/smilebot_ws/install/serial_motor_demo/lib/python3.10/site-packages:${PYTHONPATH} /usr/bin/python3 -W ignore:setup.py install is deprecated setup.py develop --editable --build-directory /home/winicon/smilebot_ws/build/serial_motor_demo/build --no-deps symlink_data
[5.898s] /usr/lib/python3/dist-packages/setuptools/dist.py:723: UserWarning: Usage of dash-separated 'script-dir' will not be supported in future versions. Please use the underscore name 'script_dir' instead
[5.899s]   warnings.warn(
[6.043s] running develop
[6.044s] /usr/lib/python3/dist-packages/setuptools/command/easy_install.py:158: EasyInstallDeprecationWarning: easy_install command is deprecated. Use build and pip and other standards-based tools.
[6.044s]   warnings.warn(
[7.187s] running egg_info
[7.188s] writing serial_motor_demo.egg-info/PKG-INFO
[7.189s] writing dependency_links to serial_motor_demo.egg-info/dependency_links.txt
[7.192s] writing entry points to serial_motor_demo.egg-info/entry_points.txt
[7.193s] writing requirements to serial_motor_demo.egg-info/requires.txt
[7.193s] writing top-level names to serial_motor_demo.egg-info/top_level.txt
[7.207s] reading manifest file 'serial_motor_demo.egg-info/SOURCES.txt'
[7.210s] writing manifest file 'serial_motor_demo.egg-info/SOURCES.txt'
[7.218s] running build_ext
[7.219s] Creating /home/winicon/smilebot_ws/install/serial_motor_demo/lib/python3.10/site-packages/serial-motor-demo.egg-link (link to .)
[7.225s] Installing driver script to /home/winicon/smilebot_ws/install/serial_motor_demo/lib/serial_motor_demo
[7.226s] Installing gui script to /home/winicon/smilebot_ws/install/serial_motor_demo/lib/serial_motor_demo
[7.227s] 
[7.228s] Installed /home/winicon/smilebot_ws/build/serial_motor_demo
[7.228s] running symlink_data
[7.377s] Invoked command in '/home/winicon/smilebot_ws/build/serial_motor_demo' returned '0': PYTHONPATH=/home/winicon/smilebot_ws/build/serial_motor_demo/prefix_override:/usr/lib/python3/dist-packages/colcon_core/task/python/colcon_distutils_commands:/home/winicon/smilebot_ws/install/serial_motor_demo/lib/python3.10/site-packages:${PYTHONPATH} /usr/bin/python3 -W ignore:setup.py install is deprecated setup.py develop --editable --build-directory /home/winicon/smilebot_ws/build/serial_motor_demo/build --no-deps symlink_data
